[  2%] Built target advanced_gamepad
[  6%] Built target test_publisher
[ 10%] Built target test_subscriber
[ 13%] Built target test_jsonize
[ 16%] Built target state_machine_example
[ 20%] Built target go2_sport_client
[ 22%] Built target go2_video_client
[ 24%] Built target go2_robot_state_client
[ 27%] Built target go2_stand_example
[ 29%] Built target go2_low_level
[ 32%] Built target h1_loco_client
[ 35%] Built target go2_vui_client
[ 37%] Built target h1_low_level_example
[ 40%] Built target b2_sport_client
[ 43%] Built target b2_stand_example
[ 45%] Built target h1_27dof_example
[ 48%] Built target h1_2_ankle_track
[ 51%] Built target h1_2_arm_sdk_dds_example
[ 56%] Built target h1_arm_sdk_dds_example
[ 54%] Built target g1_loco_client
[ 59%] Built target g1_ankle_swing_example
[ 62%] Built target g1_arm5_sdk_dds_example
[ 64%] Built target g1_arm7_sdk_dds_example
[ 67%] Built target g1_audio_client_example
[ 70%] Built target g1_dex3_example
[ 72%] Built target g1_dual_arm_example
[ 78%] Built target go2w_sport_client
[ 78%] Built target g1_termination
[ 81%] Built target b2w_sport_client
[ 83%] Built target g1_arm_action_example
[ 87%] Built target g1_agv_client_example
[ 89%] Built target go2w_stand_example
[ 91%] Built target b2w_stand_example
[ 97%] Built target a2_sport_state
[ 97%] Built target a2_sport_client
[100%] Built target a2_audio_client_example
