[0.027s] Invoking command in '/home/issatay/Desktop/unitree_ws/build/unitree_api': CMAKE_PREFIX_PATH=${CMAKE_PREFIX_PATH}:/home/issatay/Desktop/unitree_ws/install/g1_gz_spawn:/home/issatay/Desktop/unitree_ws/install/g1_bringup:/opt/ros/humble /usr/bin/cmake /home/issatay/Desktop/unitree_ws/src/unitree_ros2/cyclonedds_ws/src/unitree/unitree_api -DCMAKE_INSTALL_PREFIX=/home/issatay/Desktop/unitree_ws/install/unitree_api
[0.575s] -- The C compiler identification is GNU 11.4.0
[0.576s] -- The CXX compiler identification is GNU 11.4.0
[0.577s] -- Detecting C compiler ABI info
[0.577s] -- Detecting C compiler ABI info - done
[0.577s] -- Check for working C compiler: /usr/bin/cc - skipped
[0.577s] -- Detecting C compile features
[0.577s] -- Detecting C compile features - done
[0.577s] -- Detecting CXX compiler ABI info
[0.578s] -- Detecting CXX compiler ABI info - done
[0.578s] -- Check for working CXX compiler: /usr/bin/c++ - skipped
[0.580s] -- Detecting CXX compile features
[0.580s] -- Detecting CXX compile features - done
[0.580s] -- Found ament_cmake: 1.3.12 (/opt/ros/humble/share/ament_cmake/cmake)
[0.580s] -- Found Python3: /usr/bin/python3 (found version "3.10.12") found components: Interpreter 
[0.580s] -- Found geometry_msgs: 4.9.0 (/opt/ros/humble/share/geometry_msgs/cmake)
[0.598s] -- Found rosidl_generator_c: 3.1.8 (/opt/ros/humble/share/rosidl_generator_c/cmake)
[0.604s] -- Found rosidl_adapter: 3.1.8 (/opt/ros/humble/share/rosidl_adapter/cmake)
[0.614s] -- Found rosidl_generator_cpp: 3.1.8 (/opt/ros/humble/share/rosidl_generator_cpp/cmake)
[0.627s] -- Using all available rosidl_typesupport_c: rosidl_typesupport_fastrtps_c;rosidl_typesupport_introspection_c
[0.643s] -- Using all available rosidl_typesupport_cpp: rosidl_typesupport_fastrtps_cpp;rosidl_typesupport_introspection_cpp
[0.687s] -- Found rosidl_default_generators: 1.2.0 (/opt/ros/humble/share/rosidl_default_generators/cmake)
[0.701s] -- Found rosidl_generator_dds_idl: 0.8.1 (/opt/ros/humble/share/rosidl_generator_dds_idl/cmake)
[1.137s] -- Found ament_cmake_ros: 0.10.0 (/opt/ros/humble/share/ament_cmake_ros/cmake)
[2.165s] -- Using all available rosidl_typesupport_c: rosidl_typesupport_fastrtps_c;rosidl_typesupport_introspection_c
[2.524s] -- Using all available rosidl_typesupport_cpp: rosidl_typesupport_fastrtps_cpp;rosidl_typesupport_introspection_cpp
[2.565s] -- Found PythonInterp: /usr/bin/python3 (found suitable version "3.10.12", minimum required is "3.6") 
[2.569s] -- Found python_cmake_module: 0.10.0 (/opt/ros/humble/share/python_cmake_module/cmake)
[2.617s] -- Found PythonLibs: /usr/lib/x86_64-linux-gnu/libpython3.10.so (found suitable version "3.10.12", minimum required is "3.5") 
[2.617s] -- Using PYTHON_EXECUTABLE: /usr/bin/python3
[2.617s] -- Using PYTHON_INCLUDE_DIRS: /usr/include/python3.10
[2.617s] -- Using PYTHON_LIBRARIES: /usr/lib/x86_64-linux-gnu/libpython3.10.so
[2.659s] -- Found PythonExtra: .so  
[2.847s] -- Found ament_lint_auto: 0.12.14 (/opt/ros/humble/share/ament_lint_auto/cmake)
[2.905s] -- Added test 'copyright' to check source files copyright and LICENSE
[2.910s] -- Added test 'lint_cmake' to check CMake code style
[2.924s] -- Added test 'xmllint' to check XML markup files
[2.924s] -- Configuring done
[3.054s] -- Generating done
[3.075s] -- Build files have been written to: /home/issatay/Desktop/unitree_ws/build/unitree_api
[3.111s] Invoked command in '/home/issatay/Desktop/unitree_ws/build/unitree_api' returned '0': CMAKE_PREFIX_PATH=${CMAKE_PREFIX_PATH}:/home/issatay/Desktop/unitree_ws/install/g1_gz_spawn:/home/issatay/Desktop/unitree_ws/install/g1_bringup:/opt/ros/humble /usr/bin/cmake /home/issatay/Desktop/unitree_ws/src/unitree_ros2/cyclonedds_ws/src/unitree/unitree_api -DCMAKE_INSTALL_PREFIX=/home/issatay/Desktop/unitree_ws/install/unitree_api
[3.112s] Invoking command in '/home/issatay/Desktop/unitree_ws/build/unitree_api': CMAKE_PREFIX_PATH=${CMAKE_PREFIX_PATH}:/home/issatay/Desktop/unitree_ws/install/g1_gz_spawn:/home/issatay/Desktop/unitree_ws/install/g1_bringup:/opt/ros/humble /usr/bin/cmake --build /home/issatay/Desktop/unitree_ws/build/unitree_api -- -j16 -l16
[3.269s] [  1%] [34m[1mGenerating C code for ROS interfaces[0m
[3.307s] [  2%] [34m[1mGenerating DDS interfaces[0m
[3.317s] [  3%] [34m[1mGenerating C++ code for ROS interfaces[0m
[3.346s] [  3%] Built target ament_cmake_python_copy_unitree_api
[4.159s] running egg_info
[4.160s] creating unitree_api.egg-info
[4.161s] writing unitree_api.egg-info/PKG-INFO
[4.163s] writing dependency_links to unitree_api.egg-info/dependency_links.txt
[4.163s] writing top-level names to unitree_api.egg-info/top_level.txt
[4.165s] writing manifest file 'unitree_api.egg-info/SOURCES.txt'
[4.186s] reading manifest file 'unitree_api.egg-info/SOURCES.txt'
[4.203s] writing manifest file 'unitree_api.egg-info/SOURCES.txt'
[4.316s] [  3%] Built target ament_cmake_python_build_unitree_api_egg
[4.962s] [  3%] Built target unitree_api__dds_connext_idl
[5.199s] [  3%] Built target unitree_api__cpp
[5.238s] [  4%] [34m[1mGenerating C++ type support for eProsima Fast-RTPS[0m
[5.238s] [  5%] [34m[1mGenerating C++ type support dispatch for ROS interfaces[0m
[5.264s] [  6%] [34m[1mGenerating C++ introspection for ROS interfaces[0m
[5.274s] [  7%] [32mBuilding C object CMakeFiles/unitree_api__rosidl_generator_c.dir/rosidl_generator_c/unitree_api/msg/detail/request__functions.c.o[0m
[5.298s] [  9%] [32mBuilding C object CMakeFiles/unitree_api__rosidl_generator_c.dir/rosidl_generator_c/unitree_api/msg/detail/request_lease__functions.c.o[0m
[5.305s] [ 10%] [32mBuilding C object CMakeFiles/unitree_api__rosidl_generator_c.dir/rosidl_generator_c/unitree_api/msg/detail/request_identity__functions.c.o[0m
[5.305s] [ 11%] [32mBuilding C object CMakeFiles/unitree_api__rosidl_generator_c.dir/rosidl_generator_c/unitree_api/msg/detail/request_header__functions.c.o[0m
[5.316s] [ 12%] [32mBuilding C object CMakeFiles/unitree_api__rosidl_generator_c.dir/rosidl_generator_c/unitree_api/msg/detail/request_policy__functions.c.o[0m
[5.353s] [ 13%] [32mBuilding C object CMakeFiles/unitree_api__rosidl_generator_c.dir/rosidl_generator_c/unitree_api/msg/detail/response__functions.c.o[0m
[5.372s] [ 14%] [32mBuilding C object CMakeFiles/unitree_api__rosidl_generator_c.dir/rosidl_generator_c/unitree_api/msg/detail/response_header__functions.c.o[0m
[5.378s] [ 15%] [32mBuilding C object CMakeFiles/unitree_api__rosidl_generator_c.dir/rosidl_generator_c/unitree_api/msg/detail/response_status__functions.c.o[0m
[5.554s] [ 17%] [32m[1mLinking C shared library libunitree_api__rosidl_generator_c.so[0m
[5.792s] [ 17%] Built target unitree_api__rosidl_generator_c
[5.839s] [ 18%] [34m[1mGenerating C type support dispatch for ROS interfaces[0m
[5.842s] [ 19%] [34m[1mGenerating C type support for eProsima Fast-RTPS[0m
[5.864s] [ 20%] [34m[1mGenerating C introspection for ROS interfaces[0m
[6.624s] [ 21%] [32mBuilding CXX object CMakeFiles/unitree_api__rosidl_typesupport_cpp.dir/rosidl_typesupport_cpp/unitree_api/msg/request__type_support.cpp.o[0m
[6.625s] [ 22%] [32mBuilding CXX object CMakeFiles/unitree_api__rosidl_typesupport_cpp.dir/rosidl_typesupport_cpp/unitree_api/msg/request_header__type_support.cpp.o[0m
[6.631s] [ 23%] [32mBuilding CXX object CMakeFiles/unitree_api__rosidl_typesupport_cpp.dir/rosidl_typesupport_cpp/unitree_api/msg/request_identity__type_support.cpp.o[0m
[6.636s] [ 25%] [32mBuilding CXX object CMakeFiles/unitree_api__rosidl_typesupport_cpp.dir/rosidl_typesupport_cpp/unitree_api/msg/request_lease__type_support.cpp.o[0m
[6.652s] [ 26%] [32mBuilding CXX object CMakeFiles/unitree_api__rosidl_typesupport_cpp.dir/rosidl_typesupport_cpp/unitree_api/msg/request_policy__type_support.cpp.o[0m
[6.656s] [ 27%] [32mBuilding CXX object CMakeFiles/unitree_api__rosidl_typesupport_cpp.dir/rosidl_typesupport_cpp/unitree_api/msg/response_status__type_support.cpp.o[0m
[6.658s] [ 28%] [32mBuilding CXX object CMakeFiles/unitree_api__rosidl_typesupport_cpp.dir/rosidl_typesupport_cpp/unitree_api/msg/response_header__type_support.cpp.o[0m
[6.660s] [ 29%] [32mBuilding CXX object CMakeFiles/unitree_api__rosidl_typesupport_cpp.dir/rosidl_typesupport_cpp/unitree_api/msg/response__type_support.cpp.o[0m
[6.890s] [ 30%] [32mBuilding CXX object CMakeFiles/unitree_api__rosidl_typesupport_introspection_cpp.dir/rosidl_typesupport_introspection_cpp/unitree_api/msg/detail/request_header__type_support.cpp.o[0m
[6.891s] [ 31%] [32mBuilding CXX object CMakeFiles/unitree_api__rosidl_typesupport_introspection_cpp.dir/rosidl_typesupport_introspection_cpp/unitree_api/msg/detail/request__type_support.cpp.o[0m
[6.903s] [ 32%] [32mBuilding CXX object CMakeFiles/unitree_api__rosidl_typesupport_introspection_cpp.dir/rosidl_typesupport_introspection_cpp/unitree_api/msg/detail/request_identity__type_support.cpp.o[0m
[6.907s] [ 34%] [32mBuilding CXX object CMakeFiles/unitree_api__rosidl_typesupport_introspection_cpp.dir/rosidl_typesupport_introspection_cpp/unitree_api/msg/detail/request_lease__type_support.cpp.o[0m
[7.285s] [ 35%] [32mBuilding CXX object CMakeFiles/unitree_api__rosidl_typesupport_introspection_cpp.dir/rosidl_typesupport_introspection_cpp/unitree_api/msg/detail/request_policy__type_support.cpp.o[0m
[7.318s] [ 36%] [32mBuilding CXX object CMakeFiles/unitree_api__rosidl_typesupport_c.dir/rosidl_typesupport_c/unitree_api/msg/request__type_support.cpp.o[0m
[7.333s] [ 37%] [32mBuilding CXX object CMakeFiles/unitree_api__rosidl_typesupport_introspection_cpp.dir/rosidl_typesupport_introspection_cpp/unitree_api/msg/detail/response__type_support.cpp.o[0m
[7.453s] [ 38%] [32mBuilding CXX object CMakeFiles/unitree_api__rosidl_typesupport_c.dir/rosidl_typesupport_c/unitree_api/msg/request_header__type_support.cpp.o[0m
[7.598s] [ 39%] [32mBuilding CXX object CMakeFiles/unitree_api__rosidl_typesupport_c.dir/rosidl_typesupport_c/unitree_api/msg/request_identity__type_support.cpp.o[0m
[7.694s] [ 40%] [32mBuilding CXX object CMakeFiles/unitree_api__rosidl_typesupport_c.dir/rosidl_typesupport_c/unitree_api/msg/request_lease__type_support.cpp.o[0m
[7.794s] [ 42%] [32mBuilding CXX object CMakeFiles/unitree_api__rosidl_typesupport_c.dir/rosidl_typesupport_c/unitree_api/msg/request_policy__type_support.cpp.o[0m
[7.841s] [ 43%] [32mBuilding CXX object CMakeFiles/unitree_api__rosidl_typesupport_introspection_cpp.dir/rosidl_typesupport_introspection_cpp/unitree_api/msg/detail/response_header__type_support.cpp.o[0m
[7.846s] [ 44%] [32mBuilding CXX object CMakeFiles/unitree_api__rosidl_typesupport_c.dir/rosidl_typesupport_c/unitree_api/msg/response__type_support.cpp.o[0m
[7.884s] [ 45%] [32mBuilding CXX object CMakeFiles/unitree_api__rosidl_typesupport_introspection_cpp.dir/rosidl_typesupport_introspection_cpp/unitree_api/msg/detail/response_status__type_support.cpp.o[0m
[7.938s] [ 46%] [32mBuilding CXX object CMakeFiles/unitree_api__rosidl_typesupport_c.dir/rosidl_typesupport_c/unitree_api/msg/response_header__type_support.cpp.o[0m
[7.946s] [ 47%] [32mBuilding CXX object CMakeFiles/unitree_api__rosidl_typesupport_c.dir/rosidl_typesupport_c/unitree_api/msg/response_status__type_support.cpp.o[0m
[8.024s] [ 48%] [32mBuilding CXX object CMakeFiles/unitree_api__rosidl_typesupport_fastrtps_cpp.dir/rosidl_typesupport_fastrtps_cpp/unitree_api/msg/detail/dds_fastrtps/request__type_support.cpp.o[0m
[8.057s] [ 50%] [32mBuilding CXX object CMakeFiles/unitree_api__rosidl_typesupport_fastrtps_cpp.dir/rosidl_typesupport_fastrtps_cpp/unitree_api/msg/detail/dds_fastrtps/request_header__type_support.cpp.o[0m
[8.094s] [ 51%] [32mBuilding CXX object CMakeFiles/unitree_api__rosidl_typesupport_fastrtps_cpp.dir/rosidl_typesupport_fastrtps_cpp/unitree_api/msg/detail/dds_fastrtps/request_identity__type_support.cpp.o[0m
[8.105s] [ 52%] [32m[1mLinking CXX shared library libunitree_api__rosidl_typesupport_c.so[0m
[8.112s] [ 53%] [32mBuilding CXX object CMakeFiles/unitree_api__rosidl_typesupport_fastrtps_cpp.dir/rosidl_typesupport_fastrtps_cpp/unitree_api/msg/detail/dds_fastrtps/request_lease__type_support.cpp.o[0m
[8.314s] [ 54%] [32mBuilding CXX object CMakeFiles/unitree_api__rosidl_typesupport_fastrtps_cpp.dir/rosidl_typesupport_fastrtps_cpp/unitree_api/msg/detail/dds_fastrtps/request_policy__type_support.cpp.o[0m
[8.320s] [ 55%] [32mBuilding CXX object CMakeFiles/unitree_api__rosidl_typesupport_fastrtps_cpp.dir/rosidl_typesupport_fastrtps_cpp/unitree_api/msg/detail/dds_fastrtps/response__type_support.cpp.o[0m
[8.411s] [ 55%] Built target unitree_api__rosidl_typesupport_c
[8.599s] [ 56%] [32mBuilding CXX object CMakeFiles/unitree_api__rosidl_typesupport_fastrtps_cpp.dir/rosidl_typesupport_fastrtps_cpp/unitree_api/msg/detail/dds_fastrtps/response_header__type_support.cpp.o[0m
[8.618s] [ 57%] [32mBuilding CXX object CMakeFiles/unitree_api__rosidl_typesupport_fastrtps_c.dir/rosidl_typesupport_fastrtps_c/unitree_api/msg/detail/request__type_support_c.cpp.o[0m
[8.627s] [ 59%] [32m[1mLinking CXX shared library libunitree_api__rosidl_typesupport_cpp.so[0m
[8.631s] [ 60%] [32mBuilding CXX object CMakeFiles/unitree_api__rosidl_typesupport_fastrtps_c.dir/rosidl_typesupport_fastrtps_c/unitree_api/msg/detail/request_header__type_support_c.cpp.o[0m
[8.735s] [ 61%] [32mBuilding CXX object CMakeFiles/unitree_api__rosidl_typesupport_fastrtps_c.dir/rosidl_typesupport_fastrtps_c/unitree_api/msg/detail/request_identity__type_support_c.cpp.o[0m
[8.859s] [ 62%] [32mBuilding C object CMakeFiles/unitree_api__rosidl_typesupport_introspection_c.dir/rosidl_typesupport_introspection_c/unitree_api/msg/detail/request__type_support.c.o[0m
[8.908s] [ 62%] Built target unitree_api__rosidl_typesupport_cpp
[8.962s] [ 63%] [32mBuilding CXX object CMakeFiles/unitree_api__rosidl_typesupport_fastrtps_cpp.dir/rosidl_typesupport_fastrtps_cpp/unitree_api/msg/detail/dds_fastrtps/response_status__type_support.cpp.o[0m
[9.108s] [ 64%] [32mBuilding C object CMakeFiles/unitree_api__rosidl_typesupport_introspection_c.dir/rosidl_typesupport_introspection_c/unitree_api/msg/detail/request_header__type_support.c.o[0m
[9.127s] [ 65%] [32mBuilding CXX object CMakeFiles/unitree_api__rosidl_typesupport_fastrtps_c.dir/rosidl_typesupport_fastrtps_c/unitree_api/msg/detail/request_lease__type_support_c.cpp.o[0m
[9.233s] [ 67%] [32mBuilding C object CMakeFiles/unitree_api__rosidl_typesupport_introspection_c.dir/rosidl_typesupport_introspection_c/unitree_api/msg/detail/request_identity__type_support.c.o[0m
[9.246s] [ 68%] [32mBuilding CXX object CMakeFiles/unitree_api__rosidl_typesupport_fastrtps_c.dir/rosidl_typesupport_fastrtps_c/unitree_api/msg/detail/request_policy__type_support_c.cpp.o[0m
[9.394s] [ 69%] [32mBuilding C object CMakeFiles/unitree_api__rosidl_typesupport_introspection_c.dir/rosidl_typesupport_introspection_c/unitree_api/msg/detail/request_lease__type_support.c.o[0m
[9.446s] [ 70%] [32mBuilding C object CMakeFiles/unitree_api__rosidl_typesupport_introspection_c.dir/rosidl_typesupport_introspection_c/unitree_api/msg/detail/request_policy__type_support.c.o[0m
[9.525s] [ 71%] [32mBuilding C object CMakeFiles/unitree_api__rosidl_typesupport_introspection_c.dir/rosidl_typesupport_introspection_c/unitree_api/msg/detail/response__type_support.c.o[0m
[9.556s] [ 72%] [32mBuilding CXX object CMakeFiles/unitree_api__rosidl_typesupport_fastrtps_c.dir/rosidl_typesupport_fastrtps_c/unitree_api/msg/detail/response__type_support_c.cpp.o[0m
[9.748s] [ 73%] [32mBuilding C object CMakeFiles/unitree_api__rosidl_typesupport_introspection_c.dir/rosidl_typesupport_introspection_c/unitree_api/msg/detail/response_header__type_support.c.o[0m
[9.755s] [ 75%] [32m[1mLinking CXX shared library libunitree_api__rosidl_typesupport_introspection_cpp.so[0m
[9.787s] [ 76%] [32mBuilding CXX object CMakeFiles/unitree_api__rosidl_typesupport_fastrtps_c.dir/rosidl_typesupport_fastrtps_c/unitree_api/msg/detail/response_header__type_support_c.cpp.o[0m
[9.903s] [ 77%] [32mBuilding C object CMakeFiles/unitree_api__rosidl_typesupport_introspection_c.dir/rosidl_typesupport_introspection_c/unitree_api/msg/detail/response_status__type_support.c.o[0m
[10.065s] [ 78%] [32m[1mLinking C shared library libunitree_api__rosidl_typesupport_introspection_c.so[0m
[10.200s] [ 78%] Built target unitree_api__rosidl_typesupport_introspection_c
[10.232s] [ 79%] [32mBuilding CXX object CMakeFiles/unitree_api__rosidl_typesupport_fastrtps_c.dir/rosidl_typesupport_fastrtps_c/unitree_api/msg/detail/response_status__type_support_c.cpp.o[0m
[10.274s] [ 79%] Built target unitree_api__rosidl_typesupport_introspection_cpp
[10.875s] [ 80%] [32m[1mLinking CXX shared library libunitree_api__rosidl_typesupport_fastrtps_cpp.so[0m
[11.207s] [ 80%] Built target unitree_api__rosidl_typesupport_fastrtps_cpp
[11.510s] [ 81%] [32m[1mLinking CXX shared library libunitree_api__rosidl_typesupport_fastrtps_c.so[0m
[11.905s] [ 81%] Built target unitree_api__rosidl_typesupport_fastrtps_c
[12.033s] [ 81%] Built target unitree_api
[12.185s] [ 82%] [34m[1mGenerating Python code for ROS interfaces[0m
[18.392s] [ 82%] Built target unitree_api__py
[18.514s] [ 84%] [32mBuilding C object CMakeFiles/unitree_api__rosidl_generator_py.dir/rosidl_generator_py/unitree_api/msg/_request_s.c.o[0m
[18.514s] [ 85%] [32mBuilding C object CMakeFiles/unitree_api__rosidl_generator_py.dir/rosidl_generator_py/unitree_api/msg/_request_policy_s.c.o[0m
[18.517s] [ 86%] [32mBuilding C object CMakeFiles/unitree_api__rosidl_generator_py.dir/rosidl_generator_py/unitree_api/msg/_request_lease_s.c.o[0m
[18.529s] [ 88%] [32mBuilding C object CMakeFiles/unitree_api__rosidl_generator_py.dir/rosidl_generator_py/unitree_api/msg/_response_status_s.c.o[0m
[18.531s] [ 89%] [32mBuilding C object CMakeFiles/unitree_api__rosidl_generator_py.dir/rosidl_generator_py/unitree_api/msg/_response_s.c.o[0m
[18.545s] [ 89%] [32mBuilding C object CMakeFiles/unitree_api__rosidl_generator_py.dir/rosidl_generator_py/unitree_api/msg/_request_header_s.c.o[0m
[18.545s] [ 90%] [32mBuilding C object CMakeFiles/unitree_api__rosidl_generator_py.dir/rosidl_generator_py/unitree_api/msg/_request_identity_s.c.o[0m
[18.558s] [ 92%] [32mBuilding C object CMakeFiles/unitree_api__rosidl_generator_py.dir/rosidl_generator_py/unitree_api/msg/_response_header_s.c.o[0m
[19.131s] [ 93%] [32m[1mLinking C shared library rosidl_generator_py/unitree_api/libunitree_api__rosidl_generator_py.so[0m
[19.292s] [ 93%] Built target unitree_api__rosidl_generator_py
[19.397s] [ 94%] [32mBuilding C object CMakeFiles/unitree_api__rosidl_typesupport_fastrtps_c__pyext.dir/rosidl_generator_py/unitree_api/_unitree_api_s.ep.rosidl_typesupport_fastrtps_c.c.o[0m
[19.424s] [ 95%] [32mBuilding C object CMakeFiles/unitree_api__rosidl_typesupport_introspection_c__pyext.dir/rosidl_generator_py/unitree_api/_unitree_api_s.ep.rosidl_typesupport_introspection_c.c.o[0m
[19.430s] [ 96%] [32mBuilding C object CMakeFiles/unitree_api__rosidl_typesupport_c__pyext.dir/rosidl_generator_py/unitree_api/_unitree_api_s.ep.rosidl_typesupport_c.c.o[0m
[19.691s] [ 97%] [32m[1mLinking C shared library rosidl_generator_py/unitree_api/unitree_api_s__rosidl_typesupport_fastrtps_c.cpython-310-x86_64-linux-gnu.so[0m
[19.927s] [ 97%] Built target unitree_api__rosidl_typesupport_fastrtps_c__pyext
[19.937s] [ 98%] [32m[1mLinking C shared library rosidl_generator_py/unitree_api/unitree_api_s__rosidl_typesupport_c.cpython-310-x86_64-linux-gnu.so[0m
[20.142s] [100%] [32m[1mLinking C shared library rosidl_generator_py/unitree_api/unitree_api_s__rosidl_typesupport_introspection_c.cpython-310-x86_64-linux-gnu.so[0m
[20.183s] [100%] Built target unitree_api__rosidl_typesupport_c__pyext
[20.362s] [100%] Built target unitree_api__rosidl_typesupport_introspection_c__pyext
[20.392s] Invoked command in '/home/issatay/Desktop/unitree_ws/build/unitree_api' returned '0': CMAKE_PREFIX_PATH=${CMAKE_PREFIX_PATH}:/home/issatay/Desktop/unitree_ws/install/g1_gz_spawn:/home/issatay/Desktop/unitree_ws/install/g1_bringup:/opt/ros/humble /usr/bin/cmake --build /home/issatay/Desktop/unitree_ws/build/unitree_api -- -j16 -l16
[20.393s] Invoking command in '/home/issatay/Desktop/unitree_ws/build/unitree_api': CMAKE_PREFIX_PATH=${CMAKE_PREFIX_PATH}:/home/issatay/Desktop/unitree_ws/install/g1_gz_spawn:/home/issatay/Desktop/unitree_ws/install/g1_bringup:/opt/ros/humble /usr/bin/cmake --install /home/issatay/Desktop/unitree_ws/build/unitree_api
[20.429s] -- Install configuration: ""
[20.429s] -- Installing: /home/issatay/Desktop/unitree_ws/install/unitree_api/share/ament_index/resource_index/rosidl_interfaces/unitree_api
[20.430s] -- Installing: /home/issatay/Desktop/unitree_ws/install/unitree_api/include/unitree_api/unitree_api
[20.431s] -- Installing: /home/issatay/Desktop/unitree_ws/install/unitree_api/include/unitree_api/unitree_api/msg
[20.431s] -- Installing: /home/issatay/Desktop/unitree_ws/install/unitree_api/include/unitree_api/unitree_api/msg/request_header.h
[20.432s] -- Installing: /home/issatay/Desktop/unitree_ws/install/unitree_api/include/unitree_api/unitree_api/msg/rosidl_generator_c__visibility_control.h
[20.432s] -- Installing: /home/issatay/Desktop/unitree_ws/install/unitree_api/include/unitree_api/unitree_api/msg/detail
[20.433s] -- Installing: /home/issatay/Desktop/unitree_ws/install/unitree_api/include/unitree_api/unitree_api/msg/detail/response_header__struct.h
[20.434s] -- Installing: /home/issatay/Desktop/unitree_ws/install/unitree_api/include/unitree_api/unitree_api/msg/detail/response__type_support.h
[20.434s] -- Installing: /home/issatay/Desktop/unitree_ws/install/unitree_api/include/unitree_api/unitree_api/msg/detail/response_status__type_support.h
[20.435s] -- Installing: /home/issatay/Desktop/unitree_ws/install/unitree_api/include/unitree_api/unitree_api/msg/detail/request_identity__type_support.h
[20.436s] -- Installing: /home/issatay/Desktop/unitree_ws/install/unitree_api/include/unitree_api/unitree_api/msg/detail/request_lease__type_support.h
[20.436s] -- Installing: /home/issatay/Desktop/unitree_ws/install/unitree_api/include/unitree_api/unitree_api/msg/detail/response_status__struct.h
[20.436s] -- Installing: /home/issatay/Desktop/unitree_ws/install/unitree_api/include/unitree_api/unitree_api/msg/detail/request_lease__struct.h
[20.436s] -- Installing: /home/issatay/Desktop/unitree_ws/install/unitree_api/include/unitree_api/unitree_api/msg/detail/request__struct.h
[20.445s] -- Installing: /home/issatay/Desktop/unitree_ws/install/unitree_api/include/unitree_api/unitree_api/msg/detail/response_header__functions.h
[20.447s] -- Installing: /home/issatay/Desktop/unitree_ws/install/unitree_api/include/unitree_api/unitree_api/msg/detail/request_policy__functions.h
[20.447s] -- Installing: /home/issatay/Desktop/unitree_ws/install/unitree_api/include/unitree_api/unitree_api/msg/detail/request_identity__struct.h
[20.447s] -- Installing: /home/issatay/Desktop/unitree_ws/install/unitree_api/include/unitree_api/unitree_api/msg/detail/response_status__functions.c
[20.448s] -- Installing: /home/issatay/Desktop/unitree_ws/install/unitree_api/include/unitree_api/unitree_api/msg/detail/response__functions.h
[20.448s] -- Installing: /home/issatay/Desktop/unitree_ws/install/unitree_api/include/unitree_api/unitree_api/msg/detail/request__functions.c
[20.448s] -- Installing: /home/issatay/Desktop/unitree_ws/install/unitree_api/include/unitree_api/unitree_api/msg/detail/request_header__struct.h
[20.448s] -- Installing: /home/issatay/Desktop/unitree_ws/install/unitree_api/include/unitree_api/unitree_api/msg/detail/request_policy__struct.h
[20.448s] -- Installing: /home/issatay/Desktop/unitree_ws/install/unitree_api/include/unitree_api/unitree_api/msg/detail/request_lease__functions.h
[20.448s] -- Installing: /home/issatay/Desktop/unitree_ws/install/unitree_api/include/unitree_api/unitree_api/msg/detail/request_identity__functions.c
[20.448s] -- Installing: /home/issatay/Desktop/unitree_ws/install/unitree_api/include/unitree_api/unitree_api/msg/detail/request_header__type_support.h
[20.448s] -- Installing: /home/issatay/Desktop/unitree_ws/install/unitree_api/include/unitree_api/unitree_api/msg/detail/request_policy__type_support.h
[20.449s] -- Installing: /home/issatay/Desktop/unitree_ws/install/unitree_api/include/unitree_api/unitree_api/msg/detail/request__type_support.h
[20.449s] -- Installing: /home/issatay/Desktop/unitree_ws/install/unitree_api/include/unitree_api/unitree_api/msg/detail/request_header__functions.c
[20.449s] -- Installing: /home/issatay/Desktop/unitree_ws/install/unitree_api/include/unitree_api/unitree_api/msg/detail/response__struct.h
[20.449s] -- Installing: /home/issatay/Desktop/unitree_ws/install/unitree_api/include/unitree_api/unitree_api/msg/detail/request_header__functions.h
[20.449s] -- Installing: /home/issatay/Desktop/unitree_ws/install/unitree_api/include/unitree_api/unitree_api/msg/detail/response_status__functions.h
[20.449s] -- Installing: /home/issatay/Desktop/unitree_ws/install/unitree_api/include/unitree_api/unitree_api/msg/detail/request__functions.h
[20.449s] -- Installing: /home/issatay/Desktop/unitree_ws/install/unitree_api/include/unitree_api/unitree_api/msg/detail/request_policy__functions.c
[20.454s] -- Installing: /home/issatay/Desktop/unitree_ws/install/unitree_api/include/unitree_api/unitree_api/msg/detail/request_lease__functions.c
[20.454s] -- Installing: /home/issatay/Desktop/unitree_ws/install/unitree_api/include/unitree_api/unitree_api/msg/detail/request_identity__functions.h
[20.455s] -- Installing: /home/issatay/Desktop/unitree_ws/install/unitree_api/include/unitree_api/unitree_api/msg/detail/response__functions.c
[20.455s] -- Installing: /home/issatay/Desktop/unitree_ws/install/unitree_api/include/unitree_api/unitree_api/msg/detail/response_header__functions.c
[20.455s] -- Installing: /home/issatay/Desktop/unitree_ws/install/unitree_api/include/unitree_api/unitree_api/msg/detail/response_header__type_support.h
[20.455s] -- Installing: /home/issatay/Desktop/unitree_ws/install/unitree_api/include/unitree_api/unitree_api/msg/request_policy.h
[20.455s] -- Installing: /home/issatay/Desktop/unitree_ws/install/unitree_api/include/unitree_api/unitree_api/msg/request_identity.h
[20.455s] -- Installing: /home/issatay/Desktop/unitree_ws/install/unitree_api/include/unitree_api/unitree_api/msg/response.h
[20.455s] -- Installing: /home/issatay/Desktop/unitree_ws/install/unitree_api/include/unitree_api/unitree_api/msg/request_lease.h
[20.456s] -- Installing: /home/issatay/Desktop/unitree_ws/install/unitree_api/include/unitree_api/unitree_api/msg/response_status.h
[20.456s] -- Installing: /home/issatay/Desktop/unitree_ws/install/unitree_api/include/unitree_api/unitree_api/msg/request.h
[20.456s] -- Installing: /home/issatay/Desktop/unitree_ws/install/unitree_api/include/unitree_api/unitree_api/msg/response_header.h
[20.456s] -- Installing: /home/issatay/Desktop/unitree_ws/install/unitree_api/share/unitree_api/environment/library_path.sh
[20.456s] -- Installing: /home/issatay/Desktop/unitree_ws/install/unitree_api/share/unitree_api/environment/library_path.dsv
[20.456s] -- Installing: /home/issatay/Desktop/unitree_ws/install/unitree_api/lib/libunitree_api__rosidl_generator_c.so
[20.456s] -- Set runtime path of "/home/issatay/Desktop/unitree_ws/install/unitree_api/lib/libunitree_api__rosidl_generator_c.so" to ""
[20.456s] -- Up-to-date: /home/issatay/Desktop/unitree_ws/install/unitree_api/include/unitree_api/unitree_api
[20.456s] -- Up-to-date: /home/issatay/Desktop/unitree_ws/install/unitree_api/include/unitree_api/unitree_api/msg
[20.456s] -- Up-to-date: /home/issatay/Desktop/unitree_ws/install/unitree_api/include/unitree_api/unitree_api/msg/detail
[20.457s] -- Installing: /home/issatay/Desktop/unitree_ws/install/unitree_api/include/unitree_api/unitree_api/msg/detail/response_header__rosidl_typesupport_fastrtps_c.h
[20.457s] -- Installing: /home/issatay/Desktop/unitree_ws/install/unitree_api/include/unitree_api/unitree_api/msg/detail/response__rosidl_typesupport_fastrtps_c.h
[20.472s] -- Installing: /home/issatay/Desktop/unitree_ws/install/unitree_api/include/unitree_api/unitree_api/msg/detail/request_policy__rosidl_typesupport_fastrtps_c.h
[20.472s] -- Installing: /home/issatay/Desktop/unitree_ws/install/unitree_api/include/unitree_api/unitree_api/msg/detail/response_status__rosidl_typesupport_fastrtps_c.h
[20.472s] -- Installing: /home/issatay/Desktop/unitree_ws/install/unitree_api/include/unitree_api/unitree_api/msg/detail/request_identity__rosidl_typesupport_fastrtps_c.h
[20.473s] -- Installing: /home/issatay/Desktop/unitree_ws/install/unitree_api/include/unitree_api/unitree_api/msg/detail/request_header__rosidl_typesupport_fastrtps_c.h
[20.473s] -- Installing: /home/issatay/Desktop/unitree_ws/install/unitree_api/include/unitree_api/unitree_api/msg/detail/request_lease__rosidl_typesupport_fastrtps_c.h
[20.473s] -- Installing: /home/issatay/Desktop/unitree_ws/install/unitree_api/include/unitree_api/unitree_api/msg/detail/request__rosidl_typesupport_fastrtps_c.h
[20.473s] -- Installing: /home/issatay/Desktop/unitree_ws/install/unitree_api/include/unitree_api/unitree_api/msg/rosidl_typesupport_fastrtps_c__visibility_control.h
[20.473s] -- Installing: /home/issatay/Desktop/unitree_ws/install/unitree_api/lib/libunitree_api__rosidl_typesupport_fastrtps_c.so
[20.473s] -- Set runtime path of "/home/issatay/Desktop/unitree_ws/install/unitree_api/lib/libunitree_api__rosidl_typesupport_fastrtps_c.so" to ""
[20.474s] -- Up-to-date: /home/issatay/Desktop/unitree_ws/install/unitree_api/include/unitree_api/unitree_api
[20.474s] -- Up-to-date: /home/issatay/Desktop/unitree_ws/install/unitree_api/include/unitree_api/unitree_api/msg
[20.474s] -- Installing: /home/issatay/Desktop/unitree_ws/install/unitree_api/include/unitree_api/unitree_api/msg/response_status.hpp
[20.474s] -- Installing: /home/issatay/Desktop/unitree_ws/install/unitree_api/include/unitree_api/unitree_api/msg/rosidl_generator_cpp__visibility_control.hpp
[20.474s] -- Up-to-date: /home/issatay/Desktop/unitree_ws/install/unitree_api/include/unitree_api/unitree_api/msg/detail
[20.474s] -- Installing: /home/issatay/Desktop/unitree_ws/install/unitree_api/include/unitree_api/unitree_api/msg/detail/request__struct.hpp
[20.474s] -- Installing: /home/issatay/Desktop/unitree_ws/install/unitree_api/include/unitree_api/unitree_api/msg/detail/request_lease__struct.hpp
[20.474s] -- Installing: /home/issatay/Desktop/unitree_ws/install/unitree_api/include/unitree_api/unitree_api/msg/detail/response_header__traits.hpp
[20.475s] -- Installing: /home/issatay/Desktop/unitree_ws/install/unitree_api/include/unitree_api/unitree_api/msg/detail/request__traits.hpp
[20.475s] -- Installing: /home/issatay/Desktop/unitree_ws/install/unitree_api/include/unitree_api/unitree_api/msg/detail/request_policy__builder.hpp
[20.475s] -- Installing: /home/issatay/Desktop/unitree_ws/install/unitree_api/include/unitree_api/unitree_api/msg/detail/response_status__traits.hpp
[20.475s] -- Installing: /home/issatay/Desktop/unitree_ws/install/unitree_api/include/unitree_api/unitree_api/msg/detail/response__builder.hpp
[20.475s] -- Installing: /home/issatay/Desktop/unitree_ws/install/unitree_api/include/unitree_api/unitree_api/msg/detail/request_lease__traits.hpp
[20.475s] -- Installing: /home/issatay/Desktop/unitree_ws/install/unitree_api/include/unitree_api/unitree_api/msg/detail/request__builder.hpp
[20.475s] -- Installing: /home/issatay/Desktop/unitree_ws/install/unitree_api/include/unitree_api/unitree_api/msg/detail/response_status__builder.hpp
[20.475s] -- Installing: /home/issatay/Desktop/unitree_ws/install/unitree_api/include/unitree_api/unitree_api/msg/detail/request_header__traits.hpp
[20.482s] -- Installing: /home/issatay/Desktop/unitree_ws/install/unitree_api/include/unitree_api/unitree_api/msg/detail/request_header__type_support.hpp
[20.482s] -- Installing: /home/issatay/Desktop/unitree_ws/install/unitree_api/include/unitree_api/unitree_api/msg/detail/request_header__struct.hpp
[20.482s] -- Installing: /home/issatay/Desktop/unitree_ws/install/unitree_api/include/unitree_api/unitree_api/msg/detail/response__type_support.hpp
[20.483s] -- Installing: /home/issatay/Desktop/unitree_ws/install/unitree_api/include/unitree_api/unitree_api/msg/detail/request_header__builder.hpp
[20.483s] -- Installing: /home/issatay/Desktop/unitree_ws/install/unitree_api/include/unitree_api/unitree_api/msg/detail/response_header__builder.hpp
[20.483s] -- Installing: /home/issatay/Desktop/unitree_ws/install/unitree_api/include/unitree_api/unitree_api/msg/detail/request_policy__type_support.hpp
[20.483s] -- Installing: /home/issatay/Desktop/unitree_ws/install/unitree_api/include/unitree_api/unitree_api/msg/detail/response__traits.hpp
[20.483s] -- Installing: /home/issatay/Desktop/unitree_ws/install/unitree_api/include/unitree_api/unitree_api/msg/detail/request_identity__builder.hpp
[20.483s] -- Installing: /home/issatay/Desktop/unitree_ws/install/unitree_api/include/unitree_api/unitree_api/msg/detail/request_policy__traits.hpp
[20.484s] -- Installing: /home/issatay/Desktop/unitree_ws/install/unitree_api/include/unitree_api/unitree_api/msg/detail/request__type_support.hpp
[20.484s] -- Installing: /home/issatay/Desktop/unitree_ws/install/unitree_api/include/unitree_api/unitree_api/msg/detail/request_policy__struct.hpp
[20.484s] -- Installing: /home/issatay/Desktop/unitree_ws/install/unitree_api/include/unitree_api/unitree_api/msg/detail/response_header__struct.hpp
[20.484s] -- Installing: /home/issatay/Desktop/unitree_ws/install/unitree_api/include/unitree_api/unitree_api/msg/detail/response_status__type_support.hpp
[20.484s] -- Installing: /home/issatay/Desktop/unitree_ws/install/unitree_api/include/unitree_api/unitree_api/msg/detail/response_status__struct.hpp
[20.484s] -- Installing: /home/issatay/Desktop/unitree_ws/install/unitree_api/include/unitree_api/unitree_api/msg/detail/request_identity__traits.hpp
[20.484s] -- Installing: /home/issatay/Desktop/unitree_ws/install/unitree_api/include/unitree_api/unitree_api/msg/detail/request_lease__builder.hpp
[20.484s] -- Installing: /home/issatay/Desktop/unitree_ws/install/unitree_api/include/unitree_api/unitree_api/msg/detail/response__struct.hpp
[20.484s] -- Installing: /home/issatay/Desktop/unitree_ws/install/unitree_api/include/unitree_api/unitree_api/msg/detail/request_identity__struct.hpp
[20.485s] -- Installing: /home/issatay/Desktop/unitree_ws/install/unitree_api/include/unitree_api/unitree_api/msg/detail/request_identity__type_support.hpp
[20.485s] -- Installing: /home/issatay/Desktop/unitree_ws/install/unitree_api/include/unitree_api/unitree_api/msg/detail/request_lease__type_support.hpp
[20.485s] -- Installing: /home/issatay/Desktop/unitree_ws/install/unitree_api/include/unitree_api/unitree_api/msg/detail/response_header__type_support.hpp
[20.485s] -- Installing: /home/issatay/Desktop/unitree_ws/install/unitree_api/include/unitree_api/unitree_api/msg/request_header.hpp
[20.485s] -- Installing: /home/issatay/Desktop/unitree_ws/install/unitree_api/include/unitree_api/unitree_api/msg/request.hpp
[20.485s] -- Installing: /home/issatay/Desktop/unitree_ws/install/unitree_api/include/unitree_api/unitree_api/msg/request_identity.hpp
[20.485s] -- Installing: /home/issatay/Desktop/unitree_ws/install/unitree_api/include/unitree_api/unitree_api/msg/request_lease.hpp
[20.485s] -- Installing: /home/issatay/Desktop/unitree_ws/install/unitree_api/include/unitree_api/unitree_api/msg/request_policy.hpp
[20.485s] -- Installing: /home/issatay/Desktop/unitree_ws/install/unitree_api/include/unitree_api/unitree_api/msg/response.hpp
[20.486s] -- Installing: /home/issatay/Desktop/unitree_ws/install/unitree_api/include/unitree_api/unitree_api/msg/response_header.hpp
[20.486s] -- Up-to-date: /home/issatay/Desktop/unitree_ws/install/unitree_api/include/unitree_api/unitree_api
[20.486s] -- Up-to-date: /home/issatay/Desktop/unitree_ws/install/unitree_api/include/unitree_api/unitree_api/msg
[20.486s] -- Up-to-date: /home/issatay/Desktop/unitree_ws/install/unitree_api/include/unitree_api/unitree_api/msg/detail
[20.486s] -- Installing: /home/issatay/Desktop/unitree_ws/install/unitree_api/include/unitree_api/unitree_api/msg/detail/request_policy__rosidl_typesupport_fastrtps_cpp.hpp
[20.486s] -- Installing: /home/issatay/Desktop/unitree_ws/install/unitree_api/include/unitree_api/unitree_api/msg/detail/response_header__rosidl_typesupport_fastrtps_cpp.hpp
[20.486s] -- Installing: /home/issatay/Desktop/unitree_ws/install/unitree_api/include/unitree_api/unitree_api/msg/detail/request_lease__rosidl_typesupport_fastrtps_cpp.hpp
[20.486s] -- Installing: /home/issatay/Desktop/unitree_ws/install/unitree_api/include/unitree_api/unitree_api/msg/detail/request_identity__rosidl_typesupport_fastrtps_cpp.hpp
[20.486s] -- Installing: /home/issatay/Desktop/unitree_ws/install/unitree_api/include/unitree_api/unitree_api/msg/detail/dds_fastrtps
[20.487s] -- Installing: /home/issatay/Desktop/unitree_ws/install/unitree_api/include/unitree_api/unitree_api/msg/detail/request_header__rosidl_typesupport_fastrtps_cpp.hpp
[20.502s] -- Installing: /home/issatay/Desktop/unitree_ws/install/unitree_api/include/unitree_api/unitree_api/msg/detail/request__rosidl_typesupport_fastrtps_cpp.hpp
[20.502s] -- Installing: /home/issatay/Desktop/unitree_ws/install/unitree_api/include/unitree_api/unitree_api/msg/detail/response_status__rosidl_typesupport_fastrtps_cpp.hpp
[20.503s] -- Installing: /home/issatay/Desktop/unitree_ws/install/unitree_api/include/unitree_api/unitree_api/msg/detail/response__rosidl_typesupport_fastrtps_cpp.hpp
[20.503s] -- Installing: /home/issatay/Desktop/unitree_ws/install/unitree_api/include/unitree_api/unitree_api/msg/rosidl_typesupport_fastrtps_cpp__visibility_control.h
[20.503s] -- Installing: /home/issatay/Desktop/unitree_ws/install/unitree_api/lib/libunitree_api__rosidl_typesupport_fastrtps_cpp.so
[20.503s] -- Set runtime path of "/home/issatay/Desktop/unitree_ws/install/unitree_api/lib/libunitree_api__rosidl_typesupport_fastrtps_cpp.so" to ""
[20.503s] -- Up-to-date: /home/issatay/Desktop/unitree_ws/install/unitree_api/include/unitree_api/unitree_api
[20.503s] -- Up-to-date: /home/issatay/Desktop/unitree_ws/install/unitree_api/include/unitree_api/unitree_api/msg
[20.503s] -- Up-to-date: /home/issatay/Desktop/unitree_ws/install/unitree_api/include/unitree_api/unitree_api/msg/detail
[20.503s] -- Installing: /home/issatay/Desktop/unitree_ws/install/unitree_api/include/unitree_api/unitree_api/msg/detail/request_policy__type_support.c
[20.504s] -- Installing: /home/issatay/Desktop/unitree_ws/install/unitree_api/include/unitree_api/unitree_api/msg/detail/request_header__rosidl_typesupport_introspection_c.h
[20.504s] -- Installing: /home/issatay/Desktop/unitree_ws/install/unitree_api/include/unitree_api/unitree_api/msg/detail/request_identity__rosidl_typesupport_introspection_c.h
[20.504s] -- Installing: /home/issatay/Desktop/unitree_ws/install/unitree_api/include/unitree_api/unitree_api/msg/detail/request_header__type_support.c
[20.504s] -- Installing: /home/issatay/Desktop/unitree_ws/install/unitree_api/include/unitree_api/unitree_api/msg/detail/request_identity__type_support.c
[20.504s] -- Installing: /home/issatay/Desktop/unitree_ws/install/unitree_api/include/unitree_api/unitree_api/msg/detail/request_lease__rosidl_typesupport_introspection_c.h
[20.504s] -- Installing: /home/issatay/Desktop/unitree_ws/install/unitree_api/include/unitree_api/unitree_api/msg/detail/response_header__type_support.c
[20.504s] -- Installing: /home/issatay/Desktop/unitree_ws/install/unitree_api/include/unitree_api/unitree_api/msg/detail/response_status__rosidl_typesupport_introspection_c.h
[20.505s] -- Installing: /home/issatay/Desktop/unitree_ws/install/unitree_api/include/unitree_api/unitree_api/msg/detail/response_status__type_support.c
[20.505s] -- Installing: /home/issatay/Desktop/unitree_ws/install/unitree_api/include/unitree_api/unitree_api/msg/detail/response__rosidl_typesupport_introspection_c.h
[20.505s] -- Installing: /home/issatay/Desktop/unitree_ws/install/unitree_api/include/unitree_api/unitree_api/msg/detail/request__rosidl_typesupport_introspection_c.h
[20.505s] -- Installing: /home/issatay/Desktop/unitree_ws/install/unitree_api/include/unitree_api/unitree_api/msg/detail/response_header__rosidl_typesupport_introspection_c.h
[20.505s] -- Installing: /home/issatay/Desktop/unitree_ws/install/unitree_api/include/unitree_api/unitree_api/msg/detail/request__type_support.c
[20.505s] -- Installing: /home/issatay/Desktop/unitree_ws/install/unitree_api/include/unitree_api/unitree_api/msg/detail/request_policy__rosidl_typesupport_introspection_c.h
[20.505s] -- Installing: /home/issatay/Desktop/unitree_ws/install/unitree_api/include/unitree_api/unitree_api/msg/detail/response__type_support.c
[20.505s] -- Installing: /home/issatay/Desktop/unitree_ws/install/unitree_api/include/unitree_api/unitree_api/msg/detail/request_lease__type_support.c
[20.506s] -- Installing: /home/issatay/Desktop/unitree_ws/install/unitree_api/include/unitree_api/unitree_api/msg/rosidl_typesupport_introspection_c__visibility_control.h
[20.521s] -- Installing: /home/issatay/Desktop/unitree_ws/install/unitree_api/lib/libunitree_api__rosidl_typesupport_introspection_c.so
[20.522s] -- Set runtime path of "/home/issatay/Desktop/unitree_ws/install/unitree_api/lib/libunitree_api__rosidl_typesupport_introspection_c.so" to ""
[20.522s] -- Installing: /home/issatay/Desktop/unitree_ws/install/unitree_api/lib/libunitree_api__rosidl_typesupport_c.so
[20.522s] -- Set runtime path of "/home/issatay/Desktop/unitree_ws/install/unitree_api/lib/libunitree_api__rosidl_typesupport_c.so" to ""
[20.522s] -- Up-to-date: /home/issatay/Desktop/unitree_ws/install/unitree_api/include/unitree_api/unitree_api
[20.522s] -- Up-to-date: /home/issatay/Desktop/unitree_ws/install/unitree_api/include/unitree_api/unitree_api/msg
[20.522s] -- Up-to-date: /home/issatay/Desktop/unitree_ws/install/unitree_api/include/unitree_api/unitree_api/msg/detail
[20.522s] -- Installing: /home/issatay/Desktop/unitree_ws/install/unitree_api/include/unitree_api/unitree_api/msg/detail/response__type_support.cpp
[20.522s] -- Installing: /home/issatay/Desktop/unitree_ws/install/unitree_api/include/unitree_api/unitree_api/msg/detail/request_header__type_support.cpp
[20.523s] -- Installing: /home/issatay/Desktop/unitree_ws/install/unitree_api/include/unitree_api/unitree_api/msg/detail/response_status__rosidl_typesupport_introspection_cpp.hpp
[20.523s] -- Installing: /home/issatay/Desktop/unitree_ws/install/unitree_api/include/unitree_api/unitree_api/msg/detail/request_identity__rosidl_typesupport_introspection_cpp.hpp
[20.523s] -- Installing: /home/issatay/Desktop/unitree_ws/install/unitree_api/include/unitree_api/unitree_api/msg/detail/request_lease__rosidl_typesupport_introspection_cpp.hpp
[20.523s] -- Installing: /home/issatay/Desktop/unitree_ws/install/unitree_api/include/unitree_api/unitree_api/msg/detail/request_policy__type_support.cpp
[20.523s] -- Installing: /home/issatay/Desktop/unitree_ws/install/unitree_api/include/unitree_api/unitree_api/msg/detail/response__rosidl_typesupport_introspection_cpp.hpp
[20.523s] -- Installing: /home/issatay/Desktop/unitree_ws/install/unitree_api/include/unitree_api/unitree_api/msg/detail/request__type_support.cpp
[20.523s] -- Installing: /home/issatay/Desktop/unitree_ws/install/unitree_api/include/unitree_api/unitree_api/msg/detail/response_header__type_support.cpp
[20.523s] -- Installing: /home/issatay/Desktop/unitree_ws/install/unitree_api/include/unitree_api/unitree_api/msg/detail/request_header__rosidl_typesupport_introspection_cpp.hpp
[20.524s] -- Installing: /home/issatay/Desktop/unitree_ws/install/unitree_api/include/unitree_api/unitree_api/msg/detail/response_header__rosidl_typesupport_introspection_cpp.hpp
[20.524s] -- Installing: /home/issatay/Desktop/unitree_ws/install/unitree_api/include/unitree_api/unitree_api/msg/detail/request_lease__type_support.cpp
[20.524s] -- Installing: /home/issatay/Desktop/unitree_ws/install/unitree_api/include/unitree_api/unitree_api/msg/detail/request__rosidl_typesupport_introspection_cpp.hpp
[20.524s] -- Installing: /home/issatay/Desktop/unitree_ws/install/unitree_api/include/unitree_api/unitree_api/msg/detail/request_policy__rosidl_typesupport_introspection_cpp.hpp
[20.524s] -- Installing: /home/issatay/Desktop/unitree_ws/install/unitree_api/include/unitree_api/unitree_api/msg/detail/response_status__type_support.cpp
[20.524s] -- Installing: /home/issatay/Desktop/unitree_ws/install/unitree_api/include/unitree_api/unitree_api/msg/detail/request_identity__type_support.cpp
[20.524s] -- Installing: /home/issatay/Desktop/unitree_ws/install/unitree_api/lib/libunitree_api__rosidl_typesupport_introspection_cpp.so
[20.524s] -- Set runtime path of "/home/issatay/Desktop/unitree_ws/install/unitree_api/lib/libunitree_api__rosidl_typesupport_introspection_cpp.so" to ""
[20.525s] -- Installing: /home/issatay/Desktop/unitree_ws/install/unitree_api/lib/libunitree_api__rosidl_typesupport_cpp.so
[20.525s] -- Set runtime path of "/home/issatay/Desktop/unitree_ws/install/unitree_api/lib/libunitree_api__rosidl_typesupport_cpp.so" to ""
[20.545s] -- Installing: /home/issatay/Desktop/unitree_ws/install/unitree_api/share/unitree_api/environment/pythonpath.sh
[20.545s] -- Installing: /home/issatay/Desktop/unitree_ws/install/unitree_api/share/unitree_api/environment/pythonpath.dsv
[20.545s] -- Installing: /home/issatay/Desktop/unitree_ws/install/unitree_api/local/lib/python3.10/dist-packages/unitree_api-0.0.0-py3.10.egg-info
[20.546s] -- Installing: /home/issatay/Desktop/unitree_ws/install/unitree_api/local/lib/python3.10/dist-packages/unitree_api-0.0.0-py3.10.egg-info/SOURCES.txt
[20.546s] -- Installing: /home/issatay/Desktop/unitree_ws/install/unitree_api/local/lib/python3.10/dist-packages/unitree_api-0.0.0-py3.10.egg-info/dependency_links.txt
[20.546s] -- Installing: /home/issatay/Desktop/unitree_ws/install/unitree_api/local/lib/python3.10/dist-packages/unitree_api-0.0.0-py3.10.egg-info/top_level.txt
[20.546s] -- Installing: /home/issatay/Desktop/unitree_ws/install/unitree_api/local/lib/python3.10/dist-packages/unitree_api-0.0.0-py3.10.egg-info/PKG-INFO
[20.546s] -- Installing: /home/issatay/Desktop/unitree_ws/install/unitree_api/local/lib/python3.10/dist-packages/unitree_api
[20.546s] -- Installing: /home/issatay/Desktop/unitree_ws/install/unitree_api/local/lib/python3.10/dist-packages/unitree_api/msg
[20.546s] -- Installing: /home/issatay/Desktop/unitree_ws/install/unitree_api/local/lib/python3.10/dist-packages/unitree_api/msg/_request_policy_s.c
[20.546s] -- Installing: /home/issatay/Desktop/unitree_ws/install/unitree_api/local/lib/python3.10/dist-packages/unitree_api/msg/_request.py
[20.547s] -- Installing: /home/issatay/Desktop/unitree_ws/install/unitree_api/local/lib/python3.10/dist-packages/unitree_api/msg/_request_identity_s.c
[20.547s] -- Installing: /home/issatay/Desktop/unitree_ws/install/unitree_api/local/lib/python3.10/dist-packages/unitree_api/msg/_request_header_s.c
[20.547s] -- Installing: /home/issatay/Desktop/unitree_ws/install/unitree_api/local/lib/python3.10/dist-packages/unitree_api/msg/_request_header.py
[20.547s] -- Installing: /home/issatay/Desktop/unitree_ws/install/unitree_api/local/lib/python3.10/dist-packages/unitree_api/msg/_request_identity.py
[20.547s] -- Installing: /home/issatay/Desktop/unitree_ws/install/unitree_api/local/lib/python3.10/dist-packages/unitree_api/msg/_response_status_s.c
[20.547s] -- Installing: /home/issatay/Desktop/unitree_ws/install/unitree_api/local/lib/python3.10/dist-packages/unitree_api/msg/_response_header_s.c
[20.547s] -- Installing: /home/issatay/Desktop/unitree_ws/install/unitree_api/local/lib/python3.10/dist-packages/unitree_api/msg/_response_header.py
[20.547s] -- Installing: /home/issatay/Desktop/unitree_ws/install/unitree_api/local/lib/python3.10/dist-packages/unitree_api/msg/_response_s.c
[20.548s] -- Installing: /home/issatay/Desktop/unitree_ws/install/unitree_api/local/lib/python3.10/dist-packages/unitree_api/msg/_request_policy.py
[20.548s] -- Installing: /home/issatay/Desktop/unitree_ws/install/unitree_api/local/lib/python3.10/dist-packages/unitree_api/msg/_request_lease.py
[20.548s] -- Installing: /home/issatay/Desktop/unitree_ws/install/unitree_api/local/lib/python3.10/dist-packages/unitree_api/msg/_response_status.py
[20.548s] -- Installing: /home/issatay/Desktop/unitree_ws/install/unitree_api/local/lib/python3.10/dist-packages/unitree_api/msg/_request_lease_s.c
[20.548s] -- Installing: /home/issatay/Desktop/unitree_ws/install/unitree_api/local/lib/python3.10/dist-packages/unitree_api/msg/__init__.py
[20.548s] -- Installing: /home/issatay/Desktop/unitree_ws/install/unitree_api/local/lib/python3.10/dist-packages/unitree_api/msg/_request_s.c
[20.548s] -- Installing: /home/issatay/Desktop/unitree_ws/install/unitree_api/local/lib/python3.10/dist-packages/unitree_api/msg/_response.py
[20.548s] -- Installing: /home/issatay/Desktop/unitree_ws/install/unitree_api/local/lib/python3.10/dist-packages/unitree_api/unitree_api_s__rosidl_typesupport_fastrtps_c.cpython-310-x86_64-linux-gnu.so
[20.549s] -- Installing: /home/issatay/Desktop/unitree_ws/install/unitree_api/local/lib/python3.10/dist-packages/unitree_api/_unitree_api_s.ep.rosidl_typesupport_fastrtps_c.c
[20.549s] -- Installing: /home/issatay/Desktop/unitree_ws/install/unitree_api/local/lib/python3.10/dist-packages/unitree_api/unitree_api_s__rosidl_typesupport_introspection_c.cpython-310-x86_64-linux-gnu.so
[20.549s] -- Installing: /home/issatay/Desktop/unitree_ws/install/unitree_api/local/lib/python3.10/dist-packages/unitree_api/_unitree_api_s.ep.rosidl_typesupport_c.c
[20.549s] -- Installing: /home/issatay/Desktop/unitree_ws/install/unitree_api/local/lib/python3.10/dist-packages/unitree_api/unitree_api_s__rosidl_typesupport_c.cpython-310-x86_64-linux-gnu.so
[20.549s] -- Installing: /home/issatay/Desktop/unitree_ws/install/unitree_api/local/lib/python3.10/dist-packages/unitree_api/_unitree_api_s.ep.rosidl_typesupport_introspection_c.c
[20.550s] -- Installing: /home/issatay/Desktop/unitree_ws/install/unitree_api/local/lib/python3.10/dist-packages/unitree_api/__init__.py
[20.550s] -- Installing: /home/issatay/Desktop/unitree_ws/install/unitree_api/local/lib/python3.10/dist-packages/unitree_api/libunitree_api__rosidl_generator_py.so
[20.620s] Listing '/home/issatay/Desktop/unitree_ws/install/unitree_api/local/lib/python3.10/dist-packages/unitree_api'...
[20.620s] Compiling '/home/issatay/Desktop/unitree_ws/install/unitree_api/local/lib/python3.10/dist-packages/unitree_api/__init__.py'...
[20.620s] Listing '/home/issatay/Desktop/unitree_ws/install/unitree_api/local/lib/python3.10/dist-packages/unitree_api/msg'...
[20.620s] Compiling '/home/issatay/Desktop/unitree_ws/install/unitree_api/local/lib/python3.10/dist-packages/unitree_api/msg/__init__.py'...
[20.620s] Compiling '/home/issatay/Desktop/unitree_ws/install/unitree_api/local/lib/python3.10/dist-packages/unitree_api/msg/_request.py'...
[20.621s] Compiling '/home/issatay/Desktop/unitree_ws/install/unitree_api/local/lib/python3.10/dist-packages/unitree_api/msg/_request_header.py'...
[20.621s] Compiling '/home/issatay/Desktop/unitree_ws/install/unitree_api/local/lib/python3.10/dist-packages/unitree_api/msg/_request_identity.py'...
[20.621s] Compiling '/home/issatay/Desktop/unitree_ws/install/unitree_api/local/lib/python3.10/dist-packages/unitree_api/msg/_request_lease.py'...
[20.623s] Compiling '/home/issatay/Desktop/unitree_ws/install/unitree_api/local/lib/python3.10/dist-packages/unitree_api/msg/_request_policy.py'...
[20.623s] Compiling '/home/issatay/Desktop/unitree_ws/install/unitree_api/local/lib/python3.10/dist-packages/unitree_api/msg/_response.py'...
[20.623s] Compiling '/home/issatay/Desktop/unitree_ws/install/unitree_api/local/lib/python3.10/dist-packages/unitree_api/msg/_response_header.py'...
[20.624s] Compiling '/home/issatay/Desktop/unitree_ws/install/unitree_api/local/lib/python3.10/dist-packages/unitree_api/msg/_response_status.py'...
[20.634s] -- Installing: /home/issatay/Desktop/unitree_ws/install/unitree_api/local/lib/python3.10/dist-packages/unitree_api/unitree_api_s__rosidl_typesupport_fastrtps_c.cpython-310-x86_64-linux-gnu.so
[20.636s] -- Set runtime path of "/home/issatay/Desktop/unitree_ws/install/unitree_api/local/lib/python3.10/dist-packages/unitree_api/unitree_api_s__rosidl_typesupport_fastrtps_c.cpython-310-x86_64-linux-gnu.so" to ""
[20.637s] -- Installing: /home/issatay/Desktop/unitree_ws/install/unitree_api/local/lib/python3.10/dist-packages/unitree_api/unitree_api_s__rosidl_typesupport_introspection_c.cpython-310-x86_64-linux-gnu.so
[20.638s] -- Set runtime path of "/home/issatay/Desktop/unitree_ws/install/unitree_api/local/lib/python3.10/dist-packages/unitree_api/unitree_api_s__rosidl_typesupport_introspection_c.cpython-310-x86_64-linux-gnu.so" to ""
[20.639s] -- Installing: /home/issatay/Desktop/unitree_ws/install/unitree_api/local/lib/python3.10/dist-packages/unitree_api/unitree_api_s__rosidl_typesupport_c.cpython-310-x86_64-linux-gnu.so
[20.640s] -- Set runtime path of "/home/issatay/Desktop/unitree_ws/install/unitree_api/local/lib/python3.10/dist-packages/unitree_api/unitree_api_s__rosidl_typesupport_c.cpython-310-x86_64-linux-gnu.so" to ""
[20.641s] -- Installing: /home/issatay/Desktop/unitree_ws/install/unitree_api/lib/libunitree_api__rosidl_generator_py.so
[20.642s] -- Set runtime path of "/home/issatay/Desktop/unitree_ws/install/unitree_api/lib/libunitree_api__rosidl_generator_py.so" to ""
[20.643s] -- Installing: /home/issatay/Desktop/unitree_ws/install/unitree_api/share/unitree_api/msg/Request.idl
[20.644s] -- Installing: /home/issatay/Desktop/unitree_ws/install/unitree_api/share/unitree_api/msg/RequestHeader.idl
[20.645s] -- Installing: /home/issatay/Desktop/unitree_ws/install/unitree_api/share/unitree_api/msg/RequestIdentity.idl
[20.646s] -- Installing: /home/issatay/Desktop/unitree_ws/install/unitree_api/share/unitree_api/msg/RequestLease.idl
[20.646s] -- Installing: /home/issatay/Desktop/unitree_ws/install/unitree_api/share/unitree_api/msg/RequestPolicy.idl
[20.647s] -- Installing: /home/issatay/Desktop/unitree_ws/install/unitree_api/share/unitree_api/msg/Response.idl
[20.648s] -- Installing: /home/issatay/Desktop/unitree_ws/install/unitree_api/share/unitree_api/msg/ResponseHeader.idl
[20.649s] -- Installing: /home/issatay/Desktop/unitree_ws/install/unitree_api/share/unitree_api/msg/ResponseStatus.idl
[20.650s] -- Installing: /home/issatay/Desktop/unitree_ws/install/unitree_api/share/unitree_api/msg/Request.msg
[20.651s] -- Installing: /home/issatay/Desktop/unitree_ws/install/unitree_api/share/unitree_api/msg/RequestHeader.msg
[20.652s] -- Installing: /home/issatay/Desktop/unitree_ws/install/unitree_api/share/unitree_api/msg/RequestIdentity.msg
[20.653s] -- Installing: /home/issatay/Desktop/unitree_ws/install/unitree_api/share/unitree_api/msg/RequestLease.msg
[20.654s] -- Installing: /home/issatay/Desktop/unitree_ws/install/unitree_api/share/unitree_api/msg/RequestPolicy.msg
[20.655s] -- Installing: /home/issatay/Desktop/unitree_ws/install/unitree_api/share/unitree_api/msg/Response.msg
[20.655s] -- Installing: /home/issatay/Desktop/unitree_ws/install/unitree_api/share/unitree_api/msg/ResponseHeader.msg
[20.657s] -- Installing: /home/issatay/Desktop/unitree_ws/install/unitree_api/share/unitree_api/msg/ResponseStatus.msg
[20.657s] -- Installing: /home/issatay/Desktop/unitree_ws/install/unitree_api/share/unitree_api/msg/dds_connext
[20.657s] -- Installing: /home/issatay/Desktop/unitree_ws/install/unitree_api/share/unitree_api/msg/dds_connext/ResponseHeader_.idl
[20.658s] -- Installing: /home/issatay/Desktop/unitree_ws/install/unitree_api/share/unitree_api/msg/dds_connext/Response_.idl
[20.659s] -- Installing: /home/issatay/Desktop/unitree_ws/install/unitree_api/share/unitree_api/msg/dds_connext/RequestHeader_.idl
[20.660s] -- Installing: /home/issatay/Desktop/unitree_ws/install/unitree_api/share/unitree_api/msg/dds_connext/Request_.idl
[20.660s] -- Installing: /home/issatay/Desktop/unitree_ws/install/unitree_api/share/unitree_api/msg/dds_connext/RequestIdentity_.idl
[20.661s] -- Installing: /home/issatay/Desktop/unitree_ws/install/unitree_api/share/unitree_api/msg/dds_connext/RequestPolicy_.idl
[20.661s] -- Installing: /home/issatay/Desktop/unitree_ws/install/unitree_api/share/unitree_api/msg/dds_connext/RequestLease_.idl
[20.662s] -- Installing: /home/issatay/Desktop/unitree_ws/install/unitree_api/share/unitree_api/msg/dds_connext/ResponseStatus_.idl
[20.663s] -- Installing: /home/issatay/Desktop/unitree_ws/install/unitree_api/share/ament_index/resource_index/package_run_dependencies/unitree_api
[20.663s] -- Installing: /home/issatay/Desktop/unitree_ws/install/unitree_api/share/ament_index/resource_index/parent_prefix_path/unitree_api
[20.665s] -- Installing: /home/issatay/Desktop/unitree_ws/install/unitree_api/share/unitree_api/environment/ament_prefix_path.sh
[20.665s] -- Installing: /home/issatay/Desktop/unitree_ws/install/unitree_api/share/unitree_api/environment/ament_prefix_path.dsv
[20.666s] -- Installing: /home/issatay/Desktop/unitree_ws/install/unitree_api/share/unitree_api/environment/path.sh
[20.667s] -- Installing: /home/issatay/Desktop/unitree_ws/install/unitree_api/share/unitree_api/environment/path.dsv
[20.667s] -- Installing: /home/issatay/Desktop/unitree_ws/install/unitree_api/share/unitree_api/local_setup.bash
[20.668s] -- Installing: /home/issatay/Desktop/unitree_ws/install/unitree_api/share/unitree_api/local_setup.sh
[20.669s] -- Installing: /home/issatay/Desktop/unitree_ws/install/unitree_api/share/unitree_api/local_setup.zsh
[20.670s] -- Installing: /home/issatay/Desktop/unitree_ws/install/unitree_api/share/unitree_api/local_setup.dsv
[20.671s] -- Installing: /home/issatay/Desktop/unitree_ws/install/unitree_api/share/unitree_api/package.dsv
[20.671s] -- Installing: /home/issatay/Desktop/unitree_ws/install/unitree_api/share/ament_index/resource_index/packages/unitree_api
[20.673s] -- Installing: /home/issatay/Desktop/unitree_ws/install/unitree_api/share/unitree_api/cmake/export_unitree_api__rosidl_generator_cExport.cmake
[20.673s] -- Installing: /home/issatay/Desktop/unitree_ws/install/unitree_api/share/unitree_api/cmake/export_unitree_api__rosidl_generator_cExport-noconfig.cmake
[20.674s] -- Installing: /home/issatay/Desktop/unitree_ws/install/unitree_api/share/unitree_api/cmake/export_unitree_api__rosidl_typesupport_fastrtps_cExport.cmake
[20.674s] -- Installing: /home/issatay/Desktop/unitree_ws/install/unitree_api/share/unitree_api/cmake/export_unitree_api__rosidl_typesupport_fastrtps_cExport-noconfig.cmake
[20.675s] -- Installing: /home/issatay/Desktop/unitree_ws/install/unitree_api/share/unitree_api/cmake/export_unitree_api__rosidl_generator_cppExport.cmake
[20.676s] -- Installing: /home/issatay/Desktop/unitree_ws/install/unitree_api/share/unitree_api/cmake/export_unitree_api__rosidl_typesupport_fastrtps_cppExport.cmake
[20.676s] -- Installing: /home/issatay/Desktop/unitree_ws/install/unitree_api/share/unitree_api/cmake/export_unitree_api__rosidl_typesupport_fastrtps_cppExport-noconfig.cmake
[20.678s] -- Installing: /home/issatay/Desktop/unitree_ws/install/unitree_api/share/unitree_api/cmake/unitree_api__rosidl_typesupport_introspection_cExport.cmake
[20.678s] -- Installing: /home/issatay/Desktop/unitree_ws/install/unitree_api/share/unitree_api/cmake/unitree_api__rosidl_typesupport_introspection_cExport-noconfig.cmake
[20.679s] -- Installing: /home/issatay/Desktop/unitree_ws/install/unitree_api/share/unitree_api/cmake/unitree_api__rosidl_typesupport_cExport.cmake
[20.680s] -- Installing: /home/issatay/Desktop/unitree_ws/install/unitree_api/share/unitree_api/cmake/unitree_api__rosidl_typesupport_cExport-noconfig.cmake
[20.680s] -- Installing: /home/issatay/Desktop/unitree_ws/install/unitree_api/share/unitree_api/cmake/unitree_api__rosidl_typesupport_introspection_cppExport.cmake
[20.681s] -- Installing: /home/issatay/Desktop/unitree_ws/install/unitree_api/share/unitree_api/cmake/unitree_api__rosidl_typesupport_introspection_cppExport-noconfig.cmake
[20.682s] -- Installing: /home/issatay/Desktop/unitree_ws/install/unitree_api/share/unitree_api/cmake/unitree_api__rosidl_typesupport_cppExport.cmake
[20.683s] -- Installing: /home/issatay/Desktop/unitree_ws/install/unitree_api/share/unitree_api/cmake/unitree_api__rosidl_typesupport_cppExport-noconfig.cmake
[20.684s] -- Installing: /home/issatay/Desktop/unitree_ws/install/unitree_api/share/unitree_api/cmake/export_unitree_api__rosidl_generator_pyExport.cmake
[20.684s] -- Installing: /home/issatay/Desktop/unitree_ws/install/unitree_api/share/unitree_api/cmake/export_unitree_api__rosidl_generator_pyExport-noconfig.cmake
[20.686s] -- Installing: /home/issatay/Desktop/unitree_ws/install/unitree_api/share/unitree_api/cmake/rosidl_cmake-extras.cmake
[20.687s] -- Installing: /home/issatay/Desktop/unitree_ws/install/unitree_api/share/unitree_api/cmake/ament_cmake_export_dependencies-extras.cmake
[20.687s] -- Installing: /home/issatay/Desktop/unitree_ws/install/unitree_api/share/unitree_api/cmake/ament_cmake_export_include_directories-extras.cmake
[20.688s] -- Installing: /home/issatay/Desktop/unitree_ws/install/unitree_api/share/unitree_api/cmake/ament_cmake_export_libraries-extras.cmake
[20.689s] -- Installing: /home/issatay/Desktop/unitree_ws/install/unitree_api/share/unitree_api/cmake/ament_cmake_export_targets-extras.cmake
[20.689s] -- Installing: /home/issatay/Desktop/unitree_ws/install/unitree_api/share/unitree_api/cmake/rosidl_cmake_export_typesupport_targets-extras.cmake
[20.690s] -- Installing: /home/issatay/Desktop/unitree_ws/install/unitree_api/share/unitree_api/cmake/rosidl_cmake_export_typesupport_libraries-extras.cmake
[20.691s] -- Installing: /home/issatay/Desktop/unitree_ws/install/unitree_api/share/unitree_api/cmake/unitree_apiConfig.cmake
[20.692s] -- Installing: /home/issatay/Desktop/unitree_ws/install/unitree_api/share/unitree_api/cmake/unitree_apiConfig-version.cmake
[20.694s] -- Installing: /home/issatay/Desktop/unitree_ws/install/unitree_api/share/unitree_api/package.xml
[20.707s] Invoked command in '/home/issatay/Desktop/unitree_ws/build/unitree_api' returned '0': CMAKE_PREFIX_PATH=${CMAKE_PREFIX_PATH}:/home/issatay/Desktop/unitree_ws/install/g1_gz_spawn:/home/issatay/Desktop/unitree_ws/install/g1_bringup:/opt/ros/humble /usr/bin/cmake --install /home/issatay/Desktop/unitree_ws/build/unitree_api
