[0.545s] Invoking command in '/home/issatay/Desktop/unitree_ws/src/g1_gz_spawn': PYTHONPATH=/home/issatay/Desktop/unitree_ws/build/g1_gz_spawn/prefix_override:/usr/lib/python3/dist-packages/colcon_core/task/python/colcon_distutils_commands:/home/issatay/Desktop/unitree_ws/install/g1_gz_spawn/lib/python3.10/site-packages:${PYTHONPATH} /usr/bin/python3 -W ignore:setup.py install is deprecated -W ignore:easy_install command is deprecated setup.py egg_info --egg-base ../../build/g1_gz_spawn build --build-base /home/issatay/Desktop/unitree_ws/build/g1_gz_spawn/build install --record /home/issatay/Desktop/unitree_ws/build/g1_gz_spawn/install.log --single-version-externally-managed install_data
[0.721s] running egg_info
[0.721s] writing ../../build/g1_gz_spawn/g1_gz_spawn.egg-info/PKG-INFO
[0.721s] writing dependency_links to ../../build/g1_gz_spawn/g1_gz_spawn.egg-info/dependency_links.txt
[0.722s] writing requirements to ../../build/g1_gz_spawn/g1_gz_spawn.egg-info/requires.txt
[0.722s] writing top-level names to ../../build/g1_gz_spawn/g1_gz_spawn.egg-info/top_level.txt
[0.722s] reading manifest file '../../build/g1_gz_spawn/g1_gz_spawn.egg-info/SOURCES.txt'
[0.723s] writing manifest file '../../build/g1_gz_spawn/g1_gz_spawn.egg-info/SOURCES.txt'
[0.723s] running build
[0.723s] running build_py
[0.723s] running install
[0.724s] running install_lib
[0.724s] running install_data
[0.724s] copying launch/spawn_g1_with_box.launch.py -> /home/issatay/Desktop/unitree_ws/install/g1_gz_spawn/share/g1_gz_spawn/launch
[0.725s] running install_egg_info
[0.726s] removing '/home/issatay/Desktop/unitree_ws/install/g1_gz_spawn/lib/python3.10/site-packages/g1_gz_spawn-0.0.0-py3.10.egg-info' (and everything under it)
[0.726s] Copying ../../build/g1_gz_spawn/g1_gz_spawn.egg-info to /home/issatay/Desktop/unitree_ws/install/g1_gz_spawn/lib/python3.10/site-packages/g1_gz_spawn-0.0.0-py3.10.egg-info
[0.727s] running install_scripts
[0.742s] writing list of installed files to '/home/issatay/Desktop/unitree_ws/build/g1_gz_spawn/install.log'
[0.760s] Invoked command in '/home/issatay/Desktop/unitree_ws/src/g1_gz_spawn' returned '0': PYTHONPATH=/home/issatay/Desktop/unitree_ws/build/g1_gz_spawn/prefix_override:/usr/lib/python3/dist-packages/colcon_core/task/python/colcon_distutils_commands:/home/issatay/Desktop/unitree_ws/install/g1_gz_spawn/lib/python3.10/site-packages:${PYTHONPATH} /usr/bin/python3 -W ignore:setup.py install is deprecated -W ignore:easy_install command is deprecated setup.py egg_info --egg-base ../../build/g1_gz_spawn build --build-base /home/issatay/Desktop/unitree_ws/build/g1_gz_spawn/build install --record /home/issatay/Desktop/unitree_ws/build/g1_gz_spawn/install.log --single-version-externally-managed install_data
