[1.033s] Invoking command in '/home/issatay/Desktop/unitree_ws/build/g1_gz_spawn': PYTHONPATH=/home/issatay/Desktop/unitree_ws/build/g1_gz_spawn/prefix_override:/usr/lib/python3/dist-packages/colcon_core/task/python/colcon_distutils_commands:/home/issatay/Desktop/unitree_ws/install/g1_gz_spawn/lib/python3.10/site-packages:${PYTHONPATH} /usr/bin/python3 -W ignore:setup.py install is deprecated -W ignore:easy_install command is deprecated setup.py develop --editable --build-directory /home/issatay/Desktop/unitree_ws/build/g1_gz_spawn/build --no-deps symlink_data --force
[1.260s] running develop
[1.398s] running egg_info
[1.398s] writing g1_gz_spawn.egg-info/PKG-INFO
[1.398s] writing dependency_links to g1_gz_spawn.egg-info/dependency_links.txt
[1.398s] writing requirements to g1_gz_spawn.egg-info/requires.txt
[1.398s] writing top-level names to g1_gz_spawn.egg-info/top_level.txt
[1.400s] reading manifest file 'g1_gz_spawn.egg-info/SOURCES.txt'
[1.401s] writing manifest file 'g1_gz_spawn.egg-info/SOURCES.txt'
[1.402s] running build_ext
[1.402s] Creating /home/issatay/Desktop/unitree_ws/install/g1_gz_spawn/lib/python3.10/site-packages/g1-gz-spawn.egg-link (link to .)
[1.402s] 
[1.403s] Installed /home/issatay/Desktop/unitree_ws/build/g1_gz_spawn
[1.403s] running symlink_data
[1.403s] symbolically linking /home/issatay/Desktop/unitree_ws/build/g1_gz_spawn/resource/g1_gz_spawn -> /home/issatay/Desktop/unitree_ws/install/g1_gz_spawn/share/ament_index/resource_index/packages
[1.403s] symbolically linking /home/issatay/Desktop/unitree_ws/build/g1_gz_spawn/package.xml -> /home/issatay/Desktop/unitree_ws/install/g1_gz_spawn/share/g1_gz_spawn
[1.403s] symbolically linking /home/issatay/Desktop/unitree_ws/build/g1_gz_spawn/launch/spawn_g1.launch.py -> /home/issatay/Desktop/unitree_ws/install/g1_gz_spawn/share/g1_gz_spawn/launch
[1.403s] symbolically linking /home/issatay/Desktop/unitree_ws/build/g1_gz_spawn/launch/spawn_g1_with_box.launch.py -> /home/issatay/Desktop/unitree_ws/install/g1_gz_spawn/share/g1_gz_spawn/launch
[1.403s] symbolically linking /home/issatay/Desktop/unitree_ws/build/g1_gz_spawn/worlds/room_4x4.sdf -> /home/issatay/Desktop/unitree_ws/install/g1_gz_spawn/share/g1_gz_spawn/worlds
[1.403s] symbolically linking /home/issatay/Desktop/unitree_ws/build/g1_gz_spawn/scripts/publish_box_pose.py -> /home/issatay/Desktop/unitree_ws/install/g1_gz_spawn/share/g1_gz_spawn/scripts
[1.404s] symbolically linking /home/issatay/Desktop/unitree_ws/build/g1_gz_spawn/scripts/check_sim_env.py -> /home/issatay/Desktop/unitree_ws/install/g1_gz_spawn/share/g1_gz_spawn/scripts
[1.404s] symbolically linking /home/issatay/Desktop/unitree_ws/build/g1_gz_spawn/models/box.sdf -> /home/issatay/Desktop/unitree_ws/install/g1_gz_spawn/share/g1_gz_spawn/models
[1.465s] Invoked command in '/home/issatay/Desktop/unitree_ws/build/g1_gz_spawn' returned '0': PYTHONPATH=/home/issatay/Desktop/unitree_ws/build/g1_gz_spawn/prefix_override:/usr/lib/python3/dist-packages/colcon_core/task/python/colcon_distutils_commands:/home/issatay/Desktop/unitree_ws/install/g1_gz_spawn/lib/python3.10/site-packages:${PYTHONPATH} /usr/bin/python3 -W ignore:setup.py install is deprecated -W ignore:easy_install command is deprecated setup.py develop --editable --build-directory /home/issatay/Desktop/unitree_ws/build/g1_gz_spawn/build --no-deps symlink_data --force
