[  4%] Built target test_publisher
[  6%] Built target advanced_gamepad
[  9%] Built target test_jsonize
[ 12%] Built target state_machine_example
[ 14%] Built target go2_sport_client
[ 17%] Built target go2_stand_example
[ 24%] Built target test_subscriber
[ 22%] Built target go2_low_level
[ 27%] Built target go2_video_client
[ 29%] Built target go2_vui_client
[ 32%] Built target h1_loco_client
[ 35%] Built target h1_low_level_example
[ 37%] Built target go2_robot_state_client
[ 40%] Built target h1_27dof_example
[ 43%] Built target b2_sport_client
[ 45%] Built target b2_stand_example
[ 48%] Built target g1_arm7_sdk_dds_example
[ 51%] Built target g1_arm5_sdk_dds_example
[ 54%] Built target g1_audio_client_example
[ 56%] Built target h1_2_ankle_track
[ 59%] Built target g1_termination
[ 62%] Built target h1_2_arm_sdk_dds_example
[ 64%] Built target g1_loco_client
[ 67%] Built target g1_ankle_swing_example
[ 70%] Built target g1_dex3_example
[ 72%] Built target go2w_sport_client
[ 75%] Built target g1_dual_arm_example
[ 78%] Built target g1_agv_client_example
[ 81%] Built target go2w_stand_example
[ 85%] Built target b2w_sport_client
[ 87%] Built target h1_arm_sdk_dds_example
[ 89%] Built target g1_arm_action_example
[ 91%] Built target a2_sport_state
[ 94%] Built target a2_audio_client_example
[ 97%] Built target b2w_stand_example
[100%] Built target a2_sport_client
