[0.027s] Invoking command in '/home/issatay/Desktop/unitree_ws/build/unitree_hg': CMAKE_PREFIX_PATH=${CMAKE_PREFIX_PATH}:/home/issatay/Desktop/unitree_ws/install/g1_gz_spawn:/home/issatay/Desktop/unitree_ws/install/g1_bringup:/opt/ros/humble /usr/bin/cmake --build /home/issatay/Desktop/unitree_ws/build/unitree_hg -- -j16 -l16
[0.555s] [35m[1mConsolidate compiler generated dependencies of target unitree_hg__rosidl_generator_c[0m
[0.555s] [  1%] Built target unitree_hg__dds_connext_idl
[0.555s] [  1%] Built target unitree_hg__cpp
[0.555s] [ 13%] Built target unitree_hg__rosidl_generator_c
[0.555s] [ 13%] Built target ament_cmake_python_copy_unitree_hg
[0.555s] [35m[1mConsolidate compiler generated dependencies of target unitree_hg__rosidl_typesupport_introspection_cpp[0m
[0.555s] [35m[1mConsolidate compiler generated dependencies of target unitree_hg__rosidl_typesupport_fastrtps_cpp[0m
[0.555s] [35m[1mConsolidate compiler generated dependencies of target unitree_hg__rosidl_typesupport_cpp[0m
[0.555s] [35m[1mConsolidate compiler generated dependencies of target unitree_hg__rosidl_typesupport_fastrtps_c[0m
[0.555s] [35m[1mConsolidate compiler generated dependencies of target unitree_hg__rosidl_typesupport_introspection_c[0m
[0.555s] [35m[1mConsolidate compiler generated dependencies of target unitree_hg__rosidl_typesupport_c[0m
[0.555s] [ 24%] Built target unitree_hg__rosidl_typesupport_introspection_c
[0.555s] [ 35%] Built target unitree_hg__rosidl_typesupport_c
[0.555s] [ 53%] Built target unitree_hg__rosidl_typesupport_introspection_cpp
[0.555s] [ 59%] Built target unitree_hg__rosidl_typesupport_cpp
[0.555s] [ 71%] Built target unitree_hg__rosidl_typesupport_fastrtps_cpp
[0.555s] [ 82%] Built target unitree_hg__rosidl_typesupport_fastrtps_c
[0.556s] [ 82%] Built target unitree_hg
[0.556s] [ 83%] Built target unitree_hg__py
[0.556s] [35m[1mConsolidate compiler generated dependencies of target unitree_hg__rosidl_generator_py[0m
[0.556s] [ 94%] Built target unitree_hg__rosidl_generator_py
[0.556s] [35m[1mConsolidate compiler generated dependencies of target unitree_hg__rosidl_typesupport_introspection_c__pyext[0m
[0.556s] [35m[1mConsolidate compiler generated dependencies of target unitree_hg__rosidl_typesupport_c__pyext[0m
[0.556s] [35m[1mConsolidate compiler generated dependencies of target unitree_hg__rosidl_typesupport_fastrtps_c__pyext[0m
[0.556s] [ 96%] Built target unitree_hg__rosidl_typesupport_introspection_c__pyext
[0.556s] [ 98%] Built target unitree_hg__rosidl_typesupport_fastrtps_c__pyext
[0.556s] [100%] Built target unitree_hg__rosidl_typesupport_c__pyext
[0.556s] running egg_info
[0.556s] writing unitree_hg.egg-info/PKG-INFO
[0.556s] writing dependency_links to unitree_hg.egg-info/dependency_links.txt
[0.556s] writing top-level names to unitree_hg.egg-info/top_level.txt
[0.556s] reading manifest file 'unitree_hg.egg-info/SOURCES.txt'
[0.556s] writing manifest file 'unitree_hg.egg-info/SOURCES.txt'
[0.556s] [100%] Built target ament_cmake_python_build_unitree_hg_egg
[0.556s] Invoked command in '/home/issatay/Desktop/unitree_ws/build/unitree_hg' returned '0': CMAKE_PREFIX_PATH=${CMAKE_PREFIX_PATH}:/home/issatay/Desktop/unitree_ws/install/g1_gz_spawn:/home/issatay/Desktop/unitree_ws/install/g1_bringup:/opt/ros/humble /usr/bin/cmake --build /home/issatay/Desktop/unitree_ws/build/unitree_hg -- -j16 -l16
[0.563s] Invoking command in '/home/issatay/Desktop/unitree_ws/build/unitree_hg': CMAKE_PREFIX_PATH=${CMAKE_PREFIX_PATH}:/home/issatay/Desktop/unitree_ws/install/g1_gz_spawn:/home/issatay/Desktop/unitree_ws/install/g1_bringup:/opt/ros/humble /usr/bin/cmake --install /home/issatay/Desktop/unitree_ws/build/unitree_hg
[0.573s] -- Install configuration: ""
[0.575s] -- Up-to-date: /home/issatay/Desktop/unitree_ws/install/unitree_hg/share/ament_index/resource_index/rosidl_interfaces/unitree_hg
[0.575s] -- Up-to-date: /home/issatay/Desktop/unitree_ws/install/unitree_hg/include/unitree_hg/unitree_hg
[0.575s] -- Up-to-date: /home/issatay/Desktop/unitree_ws/install/unitree_hg/include/unitree_hg/unitree_hg/msg
[0.576s] -- Up-to-date: /home/issatay/Desktop/unitree_ws/install/unitree_hg/include/unitree_hg/unitree_hg/msg/rosidl_generator_c__visibility_control.h
[0.577s] -- Up-to-date: /home/issatay/Desktop/unitree_ws/install/unitree_hg/include/unitree_hg/unitree_hg/msg/motor_state.h
[0.578s] -- Up-to-date: /home/issatay/Desktop/unitree_ws/install/unitree_hg/include/unitree_hg/unitree_hg/msg/motor_cmd.h
[0.578s] -- Up-to-date: /home/issatay/Desktop/unitree_ws/install/unitree_hg/include/unitree_hg/unitree_hg/msg/low_cmd.h
[0.578s] -- Up-to-date: /home/issatay/Desktop/unitree_ws/install/unitree_hg/include/unitree_hg/unitree_hg/msg/imu_state.h
[0.578s] -- Up-to-date: /home/issatay/Desktop/unitree_ws/install/unitree_hg/include/unitree_hg/unitree_hg/msg/detail
[0.578s] -- Up-to-date: /home/issatay/Desktop/unitree_ws/install/unitree_hg/include/unitree_hg/unitree_hg/msg/detail/press_sensor_state__functions.h
[0.579s] -- Up-to-date: /home/issatay/Desktop/unitree_ws/install/unitree_hg/include/unitree_hg/unitree_hg/msg/detail/low_cmd__struct.h
[0.579s] -- Up-to-date: /home/issatay/Desktop/unitree_ws/install/unitree_hg/include/unitree_hg/unitree_hg/msg/detail/main_board_state__functions.c
[0.580s] -- Up-to-date: /home/issatay/Desktop/unitree_ws/install/unitree_hg/include/unitree_hg/unitree_hg/msg/detail/low_state__functions.c
[0.581s] -- Up-to-date: /home/issatay/Desktop/unitree_ws/install/unitree_hg/include/unitree_hg/unitree_hg/msg/detail/main_board_state__functions.h
[0.581s] -- Up-to-date: /home/issatay/Desktop/unitree_ws/install/unitree_hg/include/unitree_hg/unitree_hg/msg/detail/press_sensor_state__struct.h
[0.581s] -- Up-to-date: /home/issatay/Desktop/unitree_ws/install/unitree_hg/include/unitree_hg/unitree_hg/msg/detail/low_cmd__type_support.h
[0.581s] -- Up-to-date: /home/issatay/Desktop/unitree_ws/install/unitree_hg/include/unitree_hg/unitree_hg/msg/detail/low_state__functions.h
[0.581s] -- Up-to-date: /home/issatay/Desktop/unitree_ws/install/unitree_hg/include/unitree_hg/unitree_hg/msg/detail/bms_cmd__functions.c
[0.582s] -- Up-to-date: /home/issatay/Desktop/unitree_ws/install/unitree_hg/include/unitree_hg/unitree_hg/msg/detail/imu_state__functions.c
[0.583s] -- Up-to-date: /home/issatay/Desktop/unitree_ws/install/unitree_hg/include/unitree_hg/unitree_hg/msg/detail/hand_cmd__functions.h
[0.583s] -- Up-to-date: /home/issatay/Desktop/unitree_ws/install/unitree_hg/include/unitree_hg/unitree_hg/msg/detail/motor_state__functions.c
[0.584s] -- Up-to-date: /home/issatay/Desktop/unitree_ws/install/unitree_hg/include/unitree_hg/unitree_hg/msg/detail/imu_state__type_support.h
[0.584s] -- Up-to-date: /home/issatay/Desktop/unitree_ws/install/unitree_hg/include/unitree_hg/unitree_hg/msg/detail/low_cmd__functions.c
[0.584s] -- Up-to-date: /home/issatay/Desktop/unitree_ws/install/unitree_hg/include/unitree_hg/unitree_hg/msg/detail/hand_state__functions.c
[0.584s] -- Up-to-date: /home/issatay/Desktop/unitree_ws/install/unitree_hg/include/unitree_hg/unitree_hg/msg/detail/hand_state__struct.h
[0.584s] -- Up-to-date: /home/issatay/Desktop/unitree_ws/install/unitree_hg/include/unitree_hg/unitree_hg/msg/detail/bms_cmd__type_support.h
[0.584s] -- Up-to-date: /home/issatay/Desktop/unitree_ws/install/unitree_hg/include/unitree_hg/unitree_hg/msg/detail/hand_cmd__functions.c
[0.584s] -- Up-to-date: /home/issatay/Desktop/unitree_ws/install/unitree_hg/include/unitree_hg/unitree_hg/msg/detail/bms_cmd__struct.h
[0.585s] -- Up-to-date: /home/issatay/Desktop/unitree_ws/install/unitree_hg/include/unitree_hg/unitree_hg/msg/detail/hand_cmd__struct.h
[0.585s] -- Up-to-date: /home/issatay/Desktop/unitree_ws/install/unitree_hg/include/unitree_hg/unitree_hg/msg/detail/low_state__type_support.h
[0.585s] -- Up-to-date: /home/issatay/Desktop/unitree_ws/install/unitree_hg/include/unitree_hg/unitree_hg/msg/detail/motor_cmd__type_support.h
[0.586s] -- Up-to-date: /home/issatay/Desktop/unitree_ws/install/unitree_hg/include/unitree_hg/unitree_hg/msg/detail/motor_state__struct.h
[0.586s] -- Up-to-date: /home/issatay/Desktop/unitree_ws/install/unitree_hg/include/unitree_hg/unitree_hg/msg/detail/bms_state__functions.h
[0.586s] -- Up-to-date: /home/issatay/Desktop/unitree_ws/install/unitree_hg/include/unitree_hg/unitree_hg/msg/detail/low_cmd__functions.h
[0.587s] -- Up-to-date: /home/issatay/Desktop/unitree_ws/install/unitree_hg/include/unitree_hg/unitree_hg/msg/detail/bms_state__struct.h
[0.587s] -- Up-to-date: /home/issatay/Desktop/unitree_ws/install/unitree_hg/include/unitree_hg/unitree_hg/msg/detail/motor_state__functions.h
[0.588s] -- Up-to-date: /home/issatay/Desktop/unitree_ws/install/unitree_hg/include/unitree_hg/unitree_hg/msg/detail/bms_cmd__functions.h
[0.588s] -- Up-to-date: /home/issatay/Desktop/unitree_ws/install/unitree_hg/include/unitree_hg/unitree_hg/msg/detail/press_sensor_state__type_support.h
[0.588s] -- Up-to-date: /home/issatay/Desktop/unitree_ws/install/unitree_hg/include/unitree_hg/unitree_hg/msg/detail/low_state__struct.h
[0.588s] -- Up-to-date: /home/issatay/Desktop/unitree_ws/install/unitree_hg/include/unitree_hg/unitree_hg/msg/detail/imu_state__struct.h
[0.589s] -- Up-to-date: /home/issatay/Desktop/unitree_ws/install/unitree_hg/include/unitree_hg/unitree_hg/msg/detail/motor_cmd__functions.h
[0.589s] -- Up-to-date: /home/issatay/Desktop/unitree_ws/install/unitree_hg/include/unitree_hg/unitree_hg/msg/detail/bms_state__functions.c
[0.590s] -- Up-to-date: /home/issatay/Desktop/unitree_ws/install/unitree_hg/include/unitree_hg/unitree_hg/msg/detail/hand_state__type_support.h
[0.590s] -- Up-to-date: /home/issatay/Desktop/unitree_ws/install/unitree_hg/include/unitree_hg/unitree_hg/msg/detail/main_board_state__type_support.h
[0.590s] -- Up-to-date: /home/issatay/Desktop/unitree_ws/install/unitree_hg/include/unitree_hg/unitree_hg/msg/detail/press_sensor_state__functions.c
[0.590s] -- Up-to-date: /home/issatay/Desktop/unitree_ws/install/unitree_hg/include/unitree_hg/unitree_hg/msg/detail/imu_state__functions.h
[0.591s] -- Up-to-date: /home/issatay/Desktop/unitree_ws/install/unitree_hg/include/unitree_hg/unitree_hg/msg/detail/hand_cmd__type_support.h
[0.591s] -- Up-to-date: /home/issatay/Desktop/unitree_ws/install/unitree_hg/include/unitree_hg/unitree_hg/msg/detail/motor_cmd__functions.c
[0.591s] -- Up-to-date: /home/issatay/Desktop/unitree_ws/install/unitree_hg/include/unitree_hg/unitree_hg/msg/detail/bms_state__type_support.h
[0.591s] -- Up-to-date: /home/issatay/Desktop/unitree_ws/install/unitree_hg/include/unitree_hg/unitree_hg/msg/detail/motor_cmd__struct.h
[0.591s] -- Up-to-date: /home/issatay/Desktop/unitree_ws/install/unitree_hg/include/unitree_hg/unitree_hg/msg/detail/motor_state__type_support.h
[0.591s] -- Up-to-date: /home/issatay/Desktop/unitree_ws/install/unitree_hg/include/unitree_hg/unitree_hg/msg/detail/hand_state__functions.h
[0.591s] -- Up-to-date: /home/issatay/Desktop/unitree_ws/install/unitree_hg/include/unitree_hg/unitree_hg/msg/detail/main_board_state__struct.h
[0.591s] -- Up-to-date: /home/issatay/Desktop/unitree_ws/install/unitree_hg/include/unitree_hg/unitree_hg/msg/hand_cmd.h
[0.591s] -- Up-to-date: /home/issatay/Desktop/unitree_ws/install/unitree_hg/include/unitree_hg/unitree_hg/msg/bms_state.h
[0.591s] -- Up-to-date: /home/issatay/Desktop/unitree_ws/install/unitree_hg/include/unitree_hg/unitree_hg/msg/hand_state.h
[0.591s] -- Up-to-date: /home/issatay/Desktop/unitree_ws/install/unitree_hg/include/unitree_hg/unitree_hg/msg/press_sensor_state.h
[0.592s] -- Up-to-date: /home/issatay/Desktop/unitree_ws/install/unitree_hg/include/unitree_hg/unitree_hg/msg/bms_cmd.h
[0.592s] -- Up-to-date: /home/issatay/Desktop/unitree_ws/install/unitree_hg/include/unitree_hg/unitree_hg/msg/low_state.h
[0.592s] -- Up-to-date: /home/issatay/Desktop/unitree_ws/install/unitree_hg/include/unitree_hg/unitree_hg/msg/main_board_state.h
[0.592s] -- Up-to-date: /home/issatay/Desktop/unitree_ws/install/unitree_hg/share/unitree_hg/environment/library_path.sh
[0.592s] -- Up-to-date: /home/issatay/Desktop/unitree_ws/install/unitree_hg/share/unitree_hg/environment/library_path.dsv
[0.593s] -- Up-to-date: /home/issatay/Desktop/unitree_ws/install/unitree_hg/lib/libunitree_hg__rosidl_generator_c.so
[0.593s] -- Up-to-date: /home/issatay/Desktop/unitree_ws/install/unitree_hg/include/unitree_hg/unitree_hg
[0.593s] -- Up-to-date: /home/issatay/Desktop/unitree_ws/install/unitree_hg/include/unitree_hg/unitree_hg/msg
[0.593s] -- Up-to-date: /home/issatay/Desktop/unitree_ws/install/unitree_hg/include/unitree_hg/unitree_hg/msg/detail
[0.594s] -- Up-to-date: /home/issatay/Desktop/unitree_ws/install/unitree_hg/include/unitree_hg/unitree_hg/msg/detail/motor_state__rosidl_typesupport_fastrtps_c.h
[0.594s] -- Up-to-date: /home/issatay/Desktop/unitree_ws/install/unitree_hg/include/unitree_hg/unitree_hg/msg/detail/low_cmd__rosidl_typesupport_fastrtps_c.h
[0.594s] -- Up-to-date: /home/issatay/Desktop/unitree_ws/install/unitree_hg/include/unitree_hg/unitree_hg/msg/detail/bms_cmd__rosidl_typesupport_fastrtps_c.h
[0.594s] -- Up-to-date: /home/issatay/Desktop/unitree_ws/install/unitree_hg/include/unitree_hg/unitree_hg/msg/detail/main_board_state__rosidl_typesupport_fastrtps_c.h
[0.594s] -- Up-to-date: /home/issatay/Desktop/unitree_ws/install/unitree_hg/include/unitree_hg/unitree_hg/msg/detail/imu_state__rosidl_typesupport_fastrtps_c.h
[0.594s] -- Up-to-date: /home/issatay/Desktop/unitree_ws/install/unitree_hg/include/unitree_hg/unitree_hg/msg/detail/bms_state__rosidl_typesupport_fastrtps_c.h
[0.594s] -- Up-to-date: /home/issatay/Desktop/unitree_ws/install/unitree_hg/include/unitree_hg/unitree_hg/msg/detail/hand_state__rosidl_typesupport_fastrtps_c.h
[0.594s] -- Up-to-date: /home/issatay/Desktop/unitree_ws/install/unitree_hg/include/unitree_hg/unitree_hg/msg/detail/motor_cmd__rosidl_typesupport_fastrtps_c.h
[0.594s] -- Up-to-date: /home/issatay/Desktop/unitree_ws/install/unitree_hg/include/unitree_hg/unitree_hg/msg/detail/hand_cmd__rosidl_typesupport_fastrtps_c.h
[0.594s] -- Up-to-date: /home/issatay/Desktop/unitree_ws/install/unitree_hg/include/unitree_hg/unitree_hg/msg/detail/low_state__rosidl_typesupport_fastrtps_c.h
[0.594s] -- Up-to-date: /home/issatay/Desktop/unitree_ws/install/unitree_hg/include/unitree_hg/unitree_hg/msg/detail/press_sensor_state__rosidl_typesupport_fastrtps_c.h
[0.594s] -- Up-to-date: /home/issatay/Desktop/unitree_ws/install/unitree_hg/include/unitree_hg/unitree_hg/msg/rosidl_typesupport_fastrtps_c__visibility_control.h
[0.598s] -- Up-to-date: /home/issatay/Desktop/unitree_ws/install/unitree_hg/lib/libunitree_hg__rosidl_typesupport_fastrtps_c.so
[0.601s] -- Up-to-date: /home/issatay/Desktop/unitree_ws/install/unitree_hg/include/unitree_hg/unitree_hg
[0.601s] -- Up-to-date: /home/issatay/Desktop/unitree_ws/install/unitree_hg/include/unitree_hg/unitree_hg/msg
[0.601s] -- Up-to-date: /home/issatay/Desktop/unitree_ws/install/unitree_hg/include/unitree_hg/unitree_hg/msg/rosidl_generator_cpp__visibility_control.hpp
[0.601s] -- Up-to-date: /home/issatay/Desktop/unitree_ws/install/unitree_hg/include/unitree_hg/unitree_hg/msg/hand_state.hpp
[0.601s] -- Up-to-date: /home/issatay/Desktop/unitree_ws/install/unitree_hg/include/unitree_hg/unitree_hg/msg/detail
[0.601s] -- Up-to-date: /home/issatay/Desktop/unitree_ws/install/unitree_hg/include/unitree_hg/unitree_hg/msg/detail/motor_cmd__type_support.hpp
[0.602s] -- Up-to-date: /home/issatay/Desktop/unitree_ws/install/unitree_hg/include/unitree_hg/unitree_hg/msg/detail/bms_cmd__type_support.hpp
[0.602s] -- Up-to-date: /home/issatay/Desktop/unitree_ws/install/unitree_hg/include/unitree_hg/unitree_hg/msg/detail/motor_cmd__builder.hpp
[0.602s] -- Up-to-date: /home/issatay/Desktop/unitree_ws/install/unitree_hg/include/unitree_hg/unitree_hg/msg/detail/hand_cmd__type_support.hpp
[0.609s] -- Up-to-date: /home/issatay/Desktop/unitree_ws/install/unitree_hg/include/unitree_hg/unitree_hg/msg/detail/hand_state__type_support.hpp
[0.609s] -- Up-to-date: /home/issatay/Desktop/unitree_ws/install/unitree_hg/include/unitree_hg/unitree_hg/msg/detail/imu_state__type_support.hpp
[0.609s] -- Up-to-date: /home/issatay/Desktop/unitree_ws/install/unitree_hg/include/unitree_hg/unitree_hg/msg/detail/motor_cmd__traits.hpp
[0.609s] -- Up-to-date: /home/issatay/Desktop/unitree_ws/install/unitree_hg/include/unitree_hg/unitree_hg/msg/detail/low_state__type_support.hpp
[0.610s] -- Up-to-date: /home/issatay/Desktop/unitree_ws/install/unitree_hg/include/unitree_hg/unitree_hg/msg/detail/main_board_state__type_support.hpp
[0.610s] -- Up-to-date: /home/issatay/Desktop/unitree_ws/install/unitree_hg/include/unitree_hg/unitree_hg/msg/detail/low_cmd__type_support.hpp
[0.610s] -- Up-to-date: /home/issatay/Desktop/unitree_ws/install/unitree_hg/include/unitree_hg/unitree_hg/msg/detail/imu_state__traits.hpp
[0.610s] -- Up-to-date: /home/issatay/Desktop/unitree_ws/install/unitree_hg/include/unitree_hg/unitree_hg/msg/detail/bms_cmd__traits.hpp
[0.610s] -- Up-to-date: /home/issatay/Desktop/unitree_ws/install/unitree_hg/include/unitree_hg/unitree_hg/msg/detail/hand_cmd__traits.hpp
[0.610s] -- Up-to-date: /home/issatay/Desktop/unitree_ws/install/unitree_hg/include/unitree_hg/unitree_hg/msg/detail/bms_cmd__builder.hpp
[0.610s] -- Up-to-date: /home/issatay/Desktop/unitree_ws/install/unitree_hg/include/unitree_hg/unitree_hg/msg/detail/main_board_state__struct.hpp
[0.610s] -- Up-to-date: /home/issatay/Desktop/unitree_ws/install/unitree_hg/include/unitree_hg/unitree_hg/msg/detail/hand_cmd__builder.hpp
[0.610s] -- Up-to-date: /home/issatay/Desktop/unitree_ws/install/unitree_hg/include/unitree_hg/unitree_hg/msg/detail/bms_state__struct.hpp
[0.611s] -- Up-to-date: /home/issatay/Desktop/unitree_ws/install/unitree_hg/include/unitree_hg/unitree_hg/msg/detail/bms_state__builder.hpp
[0.611s] -- Up-to-date: /home/issatay/Desktop/unitree_ws/install/unitree_hg/include/unitree_hg/unitree_hg/msg/detail/low_state__traits.hpp
[0.611s] -- Up-to-date: /home/issatay/Desktop/unitree_ws/install/unitree_hg/include/unitree_hg/unitree_hg/msg/detail/press_sensor_state__type_support.hpp
[0.611s] -- Up-to-date: /home/issatay/Desktop/unitree_ws/install/unitree_hg/include/unitree_hg/unitree_hg/msg/detail/low_cmd__builder.hpp
[0.611s] -- Up-to-date: /home/issatay/Desktop/unitree_ws/install/unitree_hg/include/unitree_hg/unitree_hg/msg/detail/press_sensor_state__builder.hpp
[0.633s] -- Up-to-date: /home/issatay/Desktop/unitree_ws/install/unitree_hg/include/unitree_hg/unitree_hg/msg/detail/bms_cmd__struct.hpp
[0.633s] -- Up-to-date: /home/issatay/Desktop/unitree_ws/install/unitree_hg/include/unitree_hg/unitree_hg/msg/detail/low_cmd__traits.hpp
[0.634s] -- Up-to-date: /home/issatay/Desktop/unitree_ws/install/unitree_hg/include/unitree_hg/unitree_hg/msg/detail/bms_state__type_support.hpp
[0.635s] -- Up-to-date: /home/issatay/Desktop/unitree_ws/install/unitree_hg/include/unitree_hg/unitree_hg/msg/detail/main_board_state__traits.hpp
[0.635s] -- Up-to-date: /home/issatay/Desktop/unitree_ws/install/unitree_hg/include/unitree_hg/unitree_hg/msg/detail/hand_state__builder.hpp
[0.635s] -- Up-to-date: /home/issatay/Desktop/unitree_ws/install/unitree_hg/include/unitree_hg/unitree_hg/msg/detail/motor_state__struct.hpp
[0.635s] -- Up-to-date: /home/issatay/Desktop/unitree_ws/install/unitree_hg/include/unitree_hg/unitree_hg/msg/detail/hand_state__traits.hpp
[0.635s] -- Up-to-date: /home/issatay/Desktop/unitree_ws/install/unitree_hg/include/unitree_hg/unitree_hg/msg/detail/motor_cmd__struct.hpp
[0.635s] -- Up-to-date: /home/issatay/Desktop/unitree_ws/install/unitree_hg/include/unitree_hg/unitree_hg/msg/detail/low_state__builder.hpp
[0.636s] -- Up-to-date: /home/issatay/Desktop/unitree_ws/install/unitree_hg/include/unitree_hg/unitree_hg/msg/detail/imu_state__struct.hpp
[0.636s] -- Up-to-date: /home/issatay/Desktop/unitree_ws/install/unitree_hg/include/unitree_hg/unitree_hg/msg/detail/low_cmd__struct.hpp
[0.636s] -- Up-to-date: /home/issatay/Desktop/unitree_ws/install/unitree_hg/include/unitree_hg/unitree_hg/msg/detail/hand_state__struct.hpp
[0.636s] -- Up-to-date: /home/issatay/Desktop/unitree_ws/install/unitree_hg/include/unitree_hg/unitree_hg/msg/detail/press_sensor_state__traits.hpp
[0.636s] -- Up-to-date: /home/issatay/Desktop/unitree_ws/install/unitree_hg/include/unitree_hg/unitree_hg/msg/detail/motor_state__type_support.hpp
[0.636s] -- Up-to-date: /home/issatay/Desktop/unitree_ws/install/unitree_hg/include/unitree_hg/unitree_hg/msg/detail/bms_state__traits.hpp
[0.637s] -- Up-to-date: /home/issatay/Desktop/unitree_ws/install/unitree_hg/include/unitree_hg/unitree_hg/msg/detail/press_sensor_state__struct.hpp
[0.638s] -- Up-to-date: /home/issatay/Desktop/unitree_ws/install/unitree_hg/include/unitree_hg/unitree_hg/msg/detail/motor_state__traits.hpp
[0.638s] -- Up-to-date: /home/issatay/Desktop/unitree_ws/install/unitree_hg/include/unitree_hg/unitree_hg/msg/detail/low_state__struct.hpp
[0.638s] -- Up-to-date: /home/issatay/Desktop/unitree_ws/install/unitree_hg/include/unitree_hg/unitree_hg/msg/detail/imu_state__builder.hpp
[0.638s] -- Up-to-date: /home/issatay/Desktop/unitree_ws/install/unitree_hg/include/unitree_hg/unitree_hg/msg/detail/main_board_state__builder.hpp
[0.638s] -- Up-to-date: /home/issatay/Desktop/unitree_ws/install/unitree_hg/include/unitree_hg/unitree_hg/msg/detail/motor_state__builder.hpp
[0.638s] -- Up-to-date: /home/issatay/Desktop/unitree_ws/install/unitree_hg/include/unitree_hg/unitree_hg/msg/detail/hand_cmd__struct.hpp
[0.639s] -- Up-to-date: /home/issatay/Desktop/unitree_ws/install/unitree_hg/include/unitree_hg/unitree_hg/msg/imu_state.hpp
[0.639s] -- Up-to-date: /home/issatay/Desktop/unitree_ws/install/unitree_hg/include/unitree_hg/unitree_hg/msg/low_cmd.hpp
[0.639s] -- Up-to-date: /home/issatay/Desktop/unitree_ws/install/unitree_hg/include/unitree_hg/unitree_hg/msg/bms_cmd.hpp
[0.642s] -- Up-to-date: /home/issatay/Desktop/unitree_ws/install/unitree_hg/include/unitree_hg/unitree_hg/msg/main_board_state.hpp
[0.642s] -- Up-to-date: /home/issatay/Desktop/unitree_ws/install/unitree_hg/include/unitree_hg/unitree_hg/msg/low_state.hpp
[0.642s] -- Up-to-date: /home/issatay/Desktop/unitree_ws/install/unitree_hg/include/unitree_hg/unitree_hg/msg/press_sensor_state.hpp
[0.642s] -- Up-to-date: /home/issatay/Desktop/unitree_ws/install/unitree_hg/include/unitree_hg/unitree_hg/msg/motor_state.hpp
[0.642s] -- Up-to-date: /home/issatay/Desktop/unitree_ws/install/unitree_hg/include/unitree_hg/unitree_hg/msg/hand_cmd.hpp
[0.642s] -- Up-to-date: /home/issatay/Desktop/unitree_ws/install/unitree_hg/include/unitree_hg/unitree_hg/msg/motor_cmd.hpp
[0.661s] -- Up-to-date: /home/issatay/Desktop/unitree_ws/install/unitree_hg/include/unitree_hg/unitree_hg/msg/bms_state.hpp
[0.662s] -- Up-to-date: /home/issatay/Desktop/unitree_ws/install/unitree_hg/include/unitree_hg/unitree_hg
[0.663s] -- Up-to-date: /home/issatay/Desktop/unitree_ws/install/unitree_hg/include/unitree_hg/unitree_hg/msg
[0.663s] -- Up-to-date: /home/issatay/Desktop/unitree_ws/install/unitree_hg/include/unitree_hg/unitree_hg/msg/detail
[0.663s] -- Up-to-date: /home/issatay/Desktop/unitree_ws/install/unitree_hg/include/unitree_hg/unitree_hg/msg/detail/low_state__rosidl_typesupport_fastrtps_cpp.hpp
[0.663s] -- Up-to-date: /home/issatay/Desktop/unitree_ws/install/unitree_hg/include/unitree_hg/unitree_hg/msg/detail/motor_cmd__rosidl_typesupport_fastrtps_cpp.hpp
[0.663s] -- Up-to-date: /home/issatay/Desktop/unitree_ws/install/unitree_hg/include/unitree_hg/unitree_hg/msg/detail/hand_state__rosidl_typesupport_fastrtps_cpp.hpp
[0.663s] -- Up-to-date: /home/issatay/Desktop/unitree_ws/install/unitree_hg/include/unitree_hg/unitree_hg/msg/detail/hand_cmd__rosidl_typesupport_fastrtps_cpp.hpp
[0.663s] -- Up-to-date: /home/issatay/Desktop/unitree_ws/install/unitree_hg/include/unitree_hg/unitree_hg/msg/detail/dds_fastrtps
[0.663s] -- Up-to-date: /home/issatay/Desktop/unitree_ws/install/unitree_hg/include/unitree_hg/unitree_hg/msg/detail/press_sensor_state__rosidl_typesupport_fastrtps_cpp.hpp
[0.664s] -- Up-to-date: /home/issatay/Desktop/unitree_ws/install/unitree_hg/include/unitree_hg/unitree_hg/msg/detail/main_board_state__rosidl_typesupport_fastrtps_cpp.hpp
[0.664s] -- Up-to-date: /home/issatay/Desktop/unitree_ws/install/unitree_hg/include/unitree_hg/unitree_hg/msg/detail/bms_cmd__rosidl_typesupport_fastrtps_cpp.hpp
[0.664s] -- Up-to-date: /home/issatay/Desktop/unitree_ws/install/unitree_hg/include/unitree_hg/unitree_hg/msg/detail/bms_state__rosidl_typesupport_fastrtps_cpp.hpp
[0.664s] -- Up-to-date: /home/issatay/Desktop/unitree_ws/install/unitree_hg/include/unitree_hg/unitree_hg/msg/detail/low_cmd__rosidl_typesupport_fastrtps_cpp.hpp
[0.664s] -- Up-to-date: /home/issatay/Desktop/unitree_ws/install/unitree_hg/include/unitree_hg/unitree_hg/msg/detail/imu_state__rosidl_typesupport_fastrtps_cpp.hpp
[0.664s] -- Up-to-date: /home/issatay/Desktop/unitree_ws/install/unitree_hg/include/unitree_hg/unitree_hg/msg/detail/motor_state__rosidl_typesupport_fastrtps_cpp.hpp
[0.664s] -- Up-to-date: /home/issatay/Desktop/unitree_ws/install/unitree_hg/include/unitree_hg/unitree_hg/msg/rosidl_typesupport_fastrtps_cpp__visibility_control.h
[0.664s] -- Up-to-date: /home/issatay/Desktop/unitree_ws/install/unitree_hg/lib/libunitree_hg__rosidl_typesupport_fastrtps_cpp.so
[0.664s] -- Up-to-date: /home/issatay/Desktop/unitree_ws/install/unitree_hg/include/unitree_hg/unitree_hg
[0.669s] -- Up-to-date: /home/issatay/Desktop/unitree_ws/install/unitree_hg/include/unitree_hg/unitree_hg/msg
[0.669s] -- Up-to-date: /home/issatay/Desktop/unitree_ws/install/unitree_hg/include/unitree_hg/unitree_hg/msg/detail
[0.680s] -- Up-to-date: /home/issatay/Desktop/unitree_ws/install/unitree_hg/include/unitree_hg/unitree_hg/msg/detail/bms_cmd__type_support.c
[0.680s] -- Up-to-date: /home/issatay/Desktop/unitree_ws/install/unitree_hg/include/unitree_hg/unitree_hg/msg/detail/bms_state__rosidl_typesupport_introspection_c.h
[0.680s] -- Up-to-date: /home/issatay/Desktop/unitree_ws/install/unitree_hg/include/unitree_hg/unitree_hg/msg/detail/hand_cmd__type_support.c
[0.681s] -- Up-to-date: /home/issatay/Desktop/unitree_ws/install/unitree_hg/include/unitree_hg/unitree_hg/msg/detail/press_sensor_state__type_support.c
[0.681s] -- Up-to-date: /home/issatay/Desktop/unitree_ws/install/unitree_hg/include/unitree_hg/unitree_hg/msg/detail/main_board_state__rosidl_typesupport_introspection_c.h
[0.681s] -- Up-to-date: /home/issatay/Desktop/unitree_ws/install/unitree_hg/include/unitree_hg/unitree_hg/msg/detail/hand_cmd__rosidl_typesupport_introspection_c.h
[0.681s] -- Up-to-date: /home/issatay/Desktop/unitree_ws/install/unitree_hg/include/unitree_hg/unitree_hg/msg/detail/bms_state__type_support.c
[0.681s] -- Up-to-date: /home/issatay/Desktop/unitree_ws/install/unitree_hg/include/unitree_hg/unitree_hg/msg/detail/imu_state__type_support.c
[0.683s] -- Up-to-date: /home/issatay/Desktop/unitree_ws/install/unitree_hg/include/unitree_hg/unitree_hg/msg/detail/motor_cmd__rosidl_typesupport_introspection_c.h
[0.684s] -- Up-to-date: /home/issatay/Desktop/unitree_ws/install/unitree_hg/include/unitree_hg/unitree_hg/msg/detail/hand_state__rosidl_typesupport_introspection_c.h
[0.684s] -- Up-to-date: /home/issatay/Desktop/unitree_ws/install/unitree_hg/include/unitree_hg/unitree_hg/msg/detail/motor_state__rosidl_typesupport_introspection_c.h
[0.684s] -- Up-to-date: /home/issatay/Desktop/unitree_ws/install/unitree_hg/include/unitree_hg/unitree_hg/msg/detail/bms_cmd__rosidl_typesupport_introspection_c.h
[0.685s] -- Up-to-date: /home/issatay/Desktop/unitree_ws/install/unitree_hg/include/unitree_hg/unitree_hg/msg/detail/low_cmd__rosidl_typesupport_introspection_c.h
[0.685s] -- Up-to-date: /home/issatay/Desktop/unitree_ws/install/unitree_hg/include/unitree_hg/unitree_hg/msg/detail/low_state__rosidl_typesupport_introspection_c.h
[0.685s] -- Up-to-date: /home/issatay/Desktop/unitree_ws/install/unitree_hg/include/unitree_hg/unitree_hg/msg/detail/motor_cmd__type_support.c
[0.685s] -- Up-to-date: /home/issatay/Desktop/unitree_ws/install/unitree_hg/include/unitree_hg/unitree_hg/msg/detail/motor_state__type_support.c
[0.686s] -- Up-to-date: /home/issatay/Desktop/unitree_ws/install/unitree_hg/include/unitree_hg/unitree_hg/msg/detail/imu_state__rosidl_typesupport_introspection_c.h
[0.686s] -- Up-to-date: /home/issatay/Desktop/unitree_ws/install/unitree_hg/include/unitree_hg/unitree_hg/msg/detail/low_state__type_support.c
[0.686s] -- Up-to-date: /home/issatay/Desktop/unitree_ws/install/unitree_hg/include/unitree_hg/unitree_hg/msg/detail/hand_state__type_support.c
[0.686s] -- Up-to-date: /home/issatay/Desktop/unitree_ws/install/unitree_hg/include/unitree_hg/unitree_hg/msg/detail/press_sensor_state__rosidl_typesupport_introspection_c.h
[0.686s] -- Up-to-date: /home/issatay/Desktop/unitree_ws/install/unitree_hg/include/unitree_hg/unitree_hg/msg/detail/low_cmd__type_support.c
[0.686s] -- Up-to-date: /home/issatay/Desktop/unitree_ws/install/unitree_hg/include/unitree_hg/unitree_hg/msg/detail/main_board_state__type_support.c
[0.686s] -- Up-to-date: /home/issatay/Desktop/unitree_ws/install/unitree_hg/include/unitree_hg/unitree_hg/msg/rosidl_typesupport_introspection_c__visibility_control.h
[0.694s] -- Up-to-date: /home/issatay/Desktop/unitree_ws/install/unitree_hg/lib/libunitree_hg__rosidl_typesupport_introspection_c.so
[0.694s] -- Up-to-date: /home/issatay/Desktop/unitree_ws/install/unitree_hg/lib/libunitree_hg__rosidl_typesupport_c.so
[0.696s] -- Up-to-date: /home/issatay/Desktop/unitree_ws/install/unitree_hg/include/unitree_hg/unitree_hg
[0.698s] -- Up-to-date: /home/issatay/Desktop/unitree_ws/install/unitree_hg/include/unitree_hg/unitree_hg/msg
[0.699s] -- Up-to-date: /home/issatay/Desktop/unitree_ws/install/unitree_hg/include/unitree_hg/unitree_hg/msg/detail
[0.699s] -- Up-to-date: /home/issatay/Desktop/unitree_ws/install/unitree_hg/include/unitree_hg/unitree_hg/msg/detail/motor_state__type_support.cpp
[0.701s] -- Up-to-date: /home/issatay/Desktop/unitree_ws/install/unitree_hg/include/unitree_hg/unitree_hg/msg/detail/bms_state__rosidl_typesupport_introspection_cpp.hpp
[0.707s] -- Up-to-date: /home/issatay/Desktop/unitree_ws/install/unitree_hg/include/unitree_hg/unitree_hg/msg/detail/main_board_state__rosidl_typesupport_introspection_cpp.hpp
[0.708s] -- Up-to-date: /home/issatay/Desktop/unitree_ws/install/unitree_hg/include/unitree_hg/unitree_hg/msg/detail/hand_cmd__rosidl_typesupport_introspection_cpp.hpp
[0.708s] -- Up-to-date: /home/issatay/Desktop/unitree_ws/install/unitree_hg/include/unitree_hg/unitree_hg/msg/detail/low_cmd__type_support.cpp
[0.709s] -- Up-to-date: /home/issatay/Desktop/unitree_ws/install/unitree_hg/include/unitree_hg/unitree_hg/msg/detail/low_cmd__rosidl_typesupport_introspection_cpp.hpp
[0.709s] -- Up-to-date: /home/issatay/Desktop/unitree_ws/install/unitree_hg/include/unitree_hg/unitree_hg/msg/detail/low_state__type_support.cpp
[0.709s] -- Up-to-date: /home/issatay/Desktop/unitree_ws/install/unitree_hg/include/unitree_hg/unitree_hg/msg/detail/motor_cmd__rosidl_typesupport_introspection_cpp.hpp
[0.709s] -- Up-to-date: /home/issatay/Desktop/unitree_ws/install/unitree_hg/include/unitree_hg/unitree_hg/msg/detail/main_board_state__type_support.cpp
[0.709s] -- Up-to-date: /home/issatay/Desktop/unitree_ws/install/unitree_hg/include/unitree_hg/unitree_hg/msg/detail/press_sensor_state__type_support.cpp
[0.709s] -- Up-to-date: /home/issatay/Desktop/unitree_ws/install/unitree_hg/include/unitree_hg/unitree_hg/msg/detail/low_state__rosidl_typesupport_introspection_cpp.hpp
[0.709s] -- Up-to-date: /home/issatay/Desktop/unitree_ws/install/unitree_hg/include/unitree_hg/unitree_hg/msg/detail/imu_state__rosidl_typesupport_introspection_cpp.hpp
[0.709s] -- Up-to-date: /home/issatay/Desktop/unitree_ws/install/unitree_hg/include/unitree_hg/unitree_hg/msg/detail/imu_state__type_support.cpp
[0.709s] -- Up-to-date: /home/issatay/Desktop/unitree_ws/install/unitree_hg/include/unitree_hg/unitree_hg/msg/detail/motor_state__rosidl_typesupport_introspection_cpp.hpp
[0.709s] -- Up-to-date: /home/issatay/Desktop/unitree_ws/install/unitree_hg/include/unitree_hg/unitree_hg/msg/detail/motor_cmd__type_support.cpp
[0.709s] -- Up-to-date: /home/issatay/Desktop/unitree_ws/install/unitree_hg/include/unitree_hg/unitree_hg/msg/detail/hand_state__type_support.cpp
[0.709s] -- Up-to-date: /home/issatay/Desktop/unitree_ws/install/unitree_hg/include/unitree_hg/unitree_hg/msg/detail/bms_cmd__rosidl_typesupport_introspection_cpp.hpp
[0.709s] -- Up-to-date: /home/issatay/Desktop/unitree_ws/install/unitree_hg/include/unitree_hg/unitree_hg/msg/detail/hand_state__rosidl_typesupport_introspection_cpp.hpp
[0.710s] -- Up-to-date: /home/issatay/Desktop/unitree_ws/install/unitree_hg/include/unitree_hg/unitree_hg/msg/detail/bms_cmd__type_support.cpp
[0.710s] -- Up-to-date: /home/issatay/Desktop/unitree_ws/install/unitree_hg/include/unitree_hg/unitree_hg/msg/detail/press_sensor_state__rosidl_typesupport_introspection_cpp.hpp
[0.710s] -- Up-to-date: /home/issatay/Desktop/unitree_ws/install/unitree_hg/include/unitree_hg/unitree_hg/msg/detail/bms_state__type_support.cpp
[0.710s] -- Up-to-date: /home/issatay/Desktop/unitree_ws/install/unitree_hg/include/unitree_hg/unitree_hg/msg/detail/hand_cmd__type_support.cpp
[0.710s] -- Up-to-date: /home/issatay/Desktop/unitree_ws/install/unitree_hg/lib/libunitree_hg__rosidl_typesupport_introspection_cpp.so
[0.712s] -- Up-to-date: /home/issatay/Desktop/unitree_ws/install/unitree_hg/lib/libunitree_hg__rosidl_typesupport_cpp.so
[0.717s] -- Up-to-date: /home/issatay/Desktop/unitree_ws/install/unitree_hg/share/unitree_hg/environment/pythonpath.sh
[0.718s] -- Up-to-date: /home/issatay/Desktop/unitree_ws/install/unitree_hg/share/unitree_hg/environment/pythonpath.dsv
[0.718s] -- Up-to-date: /home/issatay/Desktop/unitree_ws/install/unitree_hg/local/lib/python3.10/dist-packages/unitree_hg-0.0.0-py3.10.egg-info
[0.718s] -- Installing: /home/issatay/Desktop/unitree_ws/install/unitree_hg/local/lib/python3.10/dist-packages/unitree_hg-0.0.0-py3.10.egg-info/SOURCES.txt
[0.718s] -- Installing: /home/issatay/Desktop/unitree_ws/install/unitree_hg/local/lib/python3.10/dist-packages/unitree_hg-0.0.0-py3.10.egg-info/dependency_links.txt
[0.718s] -- Installing: /home/issatay/Desktop/unitree_ws/install/unitree_hg/local/lib/python3.10/dist-packages/unitree_hg-0.0.0-py3.10.egg-info/top_level.txt
[0.718s] -- Installing: /home/issatay/Desktop/unitree_ws/install/unitree_hg/local/lib/python3.10/dist-packages/unitree_hg-0.0.0-py3.10.egg-info/PKG-INFO
[0.718s] -- Up-to-date: /home/issatay/Desktop/unitree_ws/install/unitree_hg/local/lib/python3.10/dist-packages/unitree_hg
[0.718s] -- Up-to-date: /home/issatay/Desktop/unitree_ws/install/unitree_hg/local/lib/python3.10/dist-packages/unitree_hg/msg
[0.718s] -- Up-to-date: /home/issatay/Desktop/unitree_ws/install/unitree_hg/local/lib/python3.10/dist-packages/unitree_hg/msg/_press_sensor_state.py
[0.718s] -- Up-to-date: /home/issatay/Desktop/unitree_ws/install/unitree_hg/local/lib/python3.10/dist-packages/unitree_hg/msg/_hand_cmd.py
[0.718s] -- Up-to-date: /home/issatay/Desktop/unitree_ws/install/unitree_hg/local/lib/python3.10/dist-packages/unitree_hg/msg/_low_state.py
[0.719s] -- Up-to-date: /home/issatay/Desktop/unitree_ws/install/unitree_hg/local/lib/python3.10/dist-packages/unitree_hg/msg/_imu_state.py
[0.719s] -- Up-to-date: /home/issatay/Desktop/unitree_ws/install/unitree_hg/local/lib/python3.10/dist-packages/unitree_hg/msg/_low_cmd_s.c
[0.723s] -- Up-to-date: /home/issatay/Desktop/unitree_ws/install/unitree_hg/local/lib/python3.10/dist-packages/unitree_hg/msg/_press_sensor_state_s.c
[0.723s] -- Up-to-date: /home/issatay/Desktop/unitree_ws/install/unitree_hg/local/lib/python3.10/dist-packages/unitree_hg/msg/_bms_state_s.c
[0.723s] -- Up-to-date: /home/issatay/Desktop/unitree_ws/install/unitree_hg/local/lib/python3.10/dist-packages/unitree_hg/msg/_bms_cmd.py
[0.723s] -- Up-to-date: /home/issatay/Desktop/unitree_ws/install/unitree_hg/local/lib/python3.10/dist-packages/unitree_hg/msg/_bms_cmd_s.c
[0.723s] -- Up-to-date: /home/issatay/Desktop/unitree_ws/install/unitree_hg/local/lib/python3.10/dist-packages/unitree_hg/msg/_hand_cmd_s.c
[0.723s] -- Up-to-date: /home/issatay/Desktop/unitree_ws/install/unitree_hg/local/lib/python3.10/dist-packages/unitree_hg/msg/_low_cmd.py
[0.733s] -- Up-to-date: /home/issatay/Desktop/unitree_ws/install/unitree_hg/local/lib/python3.10/dist-packages/unitree_hg/msg/_low_state_s.c
[0.738s] -- Up-to-date: /home/issatay/Desktop/unitree_ws/install/unitree_hg/local/lib/python3.10/dist-packages/unitree_hg/msg/_imu_state_s.c
[0.738s] -- Up-to-date: /home/issatay/Desktop/unitree_ws/install/unitree_hg/local/lib/python3.10/dist-packages/unitree_hg/msg/_hand_state_s.c
[0.738s] -- Up-to-date: /home/issatay/Desktop/unitree_ws/install/unitree_hg/local/lib/python3.10/dist-packages/unitree_hg/msg/_motor_state.py
[0.738s] -- Up-to-date: /home/issatay/Desktop/unitree_ws/install/unitree_hg/local/lib/python3.10/dist-packages/unitree_hg/msg/_bms_state.py
[0.738s] -- Up-to-date: /home/issatay/Desktop/unitree_ws/install/unitree_hg/local/lib/python3.10/dist-packages/unitree_hg/msg/_main_board_state_s.c
[0.739s] -- Up-to-date: /home/issatay/Desktop/unitree_ws/install/unitree_hg/local/lib/python3.10/dist-packages/unitree_hg/msg/_hand_state.py
[0.739s] -- Up-to-date: /home/issatay/Desktop/unitree_ws/install/unitree_hg/local/lib/python3.10/dist-packages/unitree_hg/msg/__init__.py
[0.739s] -- Up-to-date: /home/issatay/Desktop/unitree_ws/install/unitree_hg/local/lib/python3.10/dist-packages/unitree_hg/msg/_motor_cmd_s.c
[0.739s] -- Up-to-date: /home/issatay/Desktop/unitree_ws/install/unitree_hg/local/lib/python3.10/dist-packages/unitree_hg/msg/_main_board_state.py
[0.740s] -- Up-to-date: /home/issatay/Desktop/unitree_ws/install/unitree_hg/local/lib/python3.10/dist-packages/unitree_hg/msg/_motor_state_s.c
[0.740s] -- Up-to-date: /home/issatay/Desktop/unitree_ws/install/unitree_hg/local/lib/python3.10/dist-packages/unitree_hg/msg/_motor_cmd.py
[0.742s] -- Up-to-date: /home/issatay/Desktop/unitree_ws/install/unitree_hg/local/lib/python3.10/dist-packages/unitree_hg/_unitree_hg_s.ep.rosidl_typesupport_introspection_c.c
[0.743s] -- Up-to-date: /home/issatay/Desktop/unitree_ws/install/unitree_hg/local/lib/python3.10/dist-packages/unitree_hg/_unitree_hg_s.ep.rosidl_typesupport_fastrtps_c.c
[0.743s] -- Up-to-date: /home/issatay/Desktop/unitree_ws/install/unitree_hg/local/lib/python3.10/dist-packages/unitree_hg/unitree_hg_s__rosidl_typesupport_introspection_c.cpython-310-x86_64-linux-gnu.so
[0.743s] -- Up-to-date: /home/issatay/Desktop/unitree_ws/install/unitree_hg/local/lib/python3.10/dist-packages/unitree_hg/unitree_hg_s__rosidl_typesupport_c.cpython-310-x86_64-linux-gnu.so
[0.743s] -- Up-to-date: /home/issatay/Desktop/unitree_ws/install/unitree_hg/local/lib/python3.10/dist-packages/unitree_hg/_unitree_hg_s.ep.rosidl_typesupport_c.c
[0.743s] -- Up-to-date: /home/issatay/Desktop/unitree_ws/install/unitree_hg/local/lib/python3.10/dist-packages/unitree_hg/libunitree_hg__rosidl_generator_py.so
[0.743s] -- Up-to-date: /home/issatay/Desktop/unitree_ws/install/unitree_hg/local/lib/python3.10/dist-packages/unitree_hg/unitree_hg_s__rosidl_typesupport_fastrtps_c.cpython-310-x86_64-linux-gnu.so
[0.743s] -- Up-to-date: /home/issatay/Desktop/unitree_ws/install/unitree_hg/local/lib/python3.10/dist-packages/unitree_hg/__init__.py
[0.794s] Listing '/home/issatay/Desktop/unitree_ws/install/unitree_hg/local/lib/python3.10/dist-packages/unitree_hg'...
[0.794s] Listing '/home/issatay/Desktop/unitree_ws/install/unitree_hg/local/lib/python3.10/dist-packages/unitree_hg/msg'...
[0.795s] -- Up-to-date: /home/issatay/Desktop/unitree_ws/install/unitree_hg/local/lib/python3.10/dist-packages/unitree_hg/unitree_hg_s__rosidl_typesupport_fastrtps_c.cpython-310-x86_64-linux-gnu.so
[0.795s] -- Up-to-date: /home/issatay/Desktop/unitree_ws/install/unitree_hg/local/lib/python3.10/dist-packages/unitree_hg/unitree_hg_s__rosidl_typesupport_introspection_c.cpython-310-x86_64-linux-gnu.so
[0.795s] -- Up-to-date: /home/issatay/Desktop/unitree_ws/install/unitree_hg/local/lib/python3.10/dist-packages/unitree_hg/unitree_hg_s__rosidl_typesupport_c.cpython-310-x86_64-linux-gnu.so
[0.795s] -- Up-to-date: /home/issatay/Desktop/unitree_ws/install/unitree_hg/lib/libunitree_hg__rosidl_generator_py.so
[0.795s] -- Up-to-date: /home/issatay/Desktop/unitree_ws/install/unitree_hg/share/unitree_hg/msg/BmsCmd.idl
[0.795s] -- Up-to-date: /home/issatay/Desktop/unitree_ws/install/unitree_hg/share/unitree_hg/msg/BmsState.idl
[0.795s] -- Up-to-date: /home/issatay/Desktop/unitree_ws/install/unitree_hg/share/unitree_hg/msg/HandCmd.idl
[0.796s] -- Up-to-date: /home/issatay/Desktop/unitree_ws/install/unitree_hg/share/unitree_hg/msg/HandState.idl
[0.796s] -- Up-to-date: /home/issatay/Desktop/unitree_ws/install/unitree_hg/share/unitree_hg/msg/IMUState.idl
[0.796s] -- Up-to-date: /home/issatay/Desktop/unitree_ws/install/unitree_hg/share/unitree_hg/msg/LowCmd.idl
[0.796s] -- Up-to-date: /home/issatay/Desktop/unitree_ws/install/unitree_hg/share/unitree_hg/msg/LowState.idl
[0.796s] -- Up-to-date: /home/issatay/Desktop/unitree_ws/install/unitree_hg/share/unitree_hg/msg/MainBoardState.idl
[0.796s] -- Up-to-date: /home/issatay/Desktop/unitree_ws/install/unitree_hg/share/unitree_hg/msg/MotorCmd.idl
[0.796s] -- Up-to-date: /home/issatay/Desktop/unitree_ws/install/unitree_hg/share/unitree_hg/msg/MotorState.idl
[0.797s] -- Up-to-date: /home/issatay/Desktop/unitree_ws/install/unitree_hg/share/unitree_hg/msg/PressSensorState.idl
[0.797s] -- Up-to-date: /home/issatay/Desktop/unitree_ws/install/unitree_hg/share/unitree_hg/msg/BmsCmd.msg
[0.799s] -- Up-to-date: /home/issatay/Desktop/unitree_ws/install/unitree_hg/share/unitree_hg/msg/BmsState.msg
[0.799s] -- Up-to-date: /home/issatay/Desktop/unitree_ws/install/unitree_hg/share/unitree_hg/msg/HandCmd.msg
[0.799s] -- Up-to-date: /home/issatay/Desktop/unitree_ws/install/unitree_hg/share/unitree_hg/msg/HandState.msg
[0.799s] -- Up-to-date: /home/issatay/Desktop/unitree_ws/install/unitree_hg/share/unitree_hg/msg/IMUState.msg
[0.799s] -- Up-to-date: /home/issatay/Desktop/unitree_ws/install/unitree_hg/share/unitree_hg/msg/LowCmd.msg
[0.799s] -- Up-to-date: /home/issatay/Desktop/unitree_ws/install/unitree_hg/share/unitree_hg/msg/LowState.msg
[0.799s] -- Up-to-date: /home/issatay/Desktop/unitree_ws/install/unitree_hg/share/unitree_hg/msg/MainBoardState.msg
[0.799s] -- Up-to-date: /home/issatay/Desktop/unitree_ws/install/unitree_hg/share/unitree_hg/msg/MotorCmd.msg
[0.799s] -- Up-to-date: /home/issatay/Desktop/unitree_ws/install/unitree_hg/share/unitree_hg/msg/MotorState.msg
[0.799s] -- Up-to-date: /home/issatay/Desktop/unitree_ws/install/unitree_hg/share/unitree_hg/msg/PressSensorState.msg
[0.799s] -- Up-to-date: /home/issatay/Desktop/unitree_ws/install/unitree_hg/share/unitree_hg/msg/dds_connext
[0.799s] -- Up-to-date: /home/issatay/Desktop/unitree_ws/install/unitree_hg/share/unitree_hg/msg/dds_connext/BmsCmd_.idl
[0.799s] -- Up-to-date: /home/issatay/Desktop/unitree_ws/install/unitree_hg/share/unitree_hg/msg/dds_connext/HandCmd_.idl
[0.799s] -- Up-to-date: /home/issatay/Desktop/unitree_ws/install/unitree_hg/share/unitree_hg/msg/dds_connext/PressSensorState_.idl
[0.799s] -- Up-to-date: /home/issatay/Desktop/unitree_ws/install/unitree_hg/share/unitree_hg/msg/dds_connext/LowCmd_.idl
[0.800s] -- Up-to-date: /home/issatay/Desktop/unitree_ws/install/unitree_hg/share/unitree_hg/msg/dds_connext/BmsState_.idl
[0.800s] -- Up-to-date: /home/issatay/Desktop/unitree_ws/install/unitree_hg/share/unitree_hg/msg/dds_connext/MotorCmd_.idl
[0.800s] -- Up-to-date: /home/issatay/Desktop/unitree_ws/install/unitree_hg/share/unitree_hg/msg/dds_connext/MainBoardState_.idl
[0.800s] -- Up-to-date: /home/issatay/Desktop/unitree_ws/install/unitree_hg/share/unitree_hg/msg/dds_connext/MotorState_.idl
[0.800s] -- Up-to-date: /home/issatay/Desktop/unitree_ws/install/unitree_hg/share/unitree_hg/msg/dds_connext/HandState_.idl
[0.800s] -- Up-to-date: /home/issatay/Desktop/unitree_ws/install/unitree_hg/share/unitree_hg/msg/dds_connext/LowState_.idl
[0.800s] -- Up-to-date: /home/issatay/Desktop/unitree_ws/install/unitree_hg/share/unitree_hg/msg/dds_connext/IMUState_.idl
[0.800s] -- Up-to-date: /home/issatay/Desktop/unitree_ws/install/unitree_hg/share/ament_index/resource_index/package_run_dependencies/unitree_hg
[0.801s] -- Up-to-date: /home/issatay/Desktop/unitree_ws/install/unitree_hg/share/ament_index/resource_index/parent_prefix_path/unitree_hg
[0.801s] -- Up-to-date: /home/issatay/Desktop/unitree_ws/install/unitree_hg/share/unitree_hg/environment/ament_prefix_path.sh
[0.801s] -- Up-to-date: /home/issatay/Desktop/unitree_ws/install/unitree_hg/share/unitree_hg/environment/ament_prefix_path.dsv
[0.801s] -- Up-to-date: /home/issatay/Desktop/unitree_ws/install/unitree_hg/share/unitree_hg/environment/path.sh
[0.801s] -- Up-to-date: /home/issatay/Desktop/unitree_ws/install/unitree_hg/share/unitree_hg/environment/path.dsv
[0.801s] -- Up-to-date: /home/issatay/Desktop/unitree_ws/install/unitree_hg/share/unitree_hg/local_setup.bash
[0.801s] -- Up-to-date: /home/issatay/Desktop/unitree_ws/install/unitree_hg/share/unitree_hg/local_setup.sh
[0.801s] -- Up-to-date: /home/issatay/Desktop/unitree_ws/install/unitree_hg/share/unitree_hg/local_setup.zsh
[0.801s] -- Up-to-date: /home/issatay/Desktop/unitree_ws/install/unitree_hg/share/unitree_hg/local_setup.dsv
[0.801s] -- Installing: /home/issatay/Desktop/unitree_ws/install/unitree_hg/share/unitree_hg/package.dsv
[0.801s] -- Up-to-date: /home/issatay/Desktop/unitree_ws/install/unitree_hg/share/ament_index/resource_index/packages/unitree_hg
[0.801s] -- Up-to-date: /home/issatay/Desktop/unitree_ws/install/unitree_hg/share/unitree_hg/cmake/export_unitree_hg__rosidl_generator_cExport.cmake
[0.801s] -- Up-to-date: /home/issatay/Desktop/unitree_ws/install/unitree_hg/share/unitree_hg/cmake/export_unitree_hg__rosidl_generator_cExport-noconfig.cmake
[0.801s] -- Up-to-date: /home/issatay/Desktop/unitree_ws/install/unitree_hg/share/unitree_hg/cmake/export_unitree_hg__rosidl_typesupport_fastrtps_cExport.cmake
[0.801s] -- Up-to-date: /home/issatay/Desktop/unitree_ws/install/unitree_hg/share/unitree_hg/cmake/export_unitree_hg__rosidl_typesupport_fastrtps_cExport-noconfig.cmake
[0.802s] -- Up-to-date: /home/issatay/Desktop/unitree_ws/install/unitree_hg/share/unitree_hg/cmake/export_unitree_hg__rosidl_generator_cppExport.cmake
[0.802s] -- Up-to-date: /home/issatay/Desktop/unitree_ws/install/unitree_hg/share/unitree_hg/cmake/export_unitree_hg__rosidl_typesupport_fastrtps_cppExport.cmake
[0.802s] -- Up-to-date: /home/issatay/Desktop/unitree_ws/install/unitree_hg/share/unitree_hg/cmake/export_unitree_hg__rosidl_typesupport_fastrtps_cppExport-noconfig.cmake
[0.802s] -- Up-to-date: /home/issatay/Desktop/unitree_ws/install/unitree_hg/share/unitree_hg/cmake/unitree_hg__rosidl_typesupport_introspection_cExport.cmake
[0.802s] -- Up-to-date: /home/issatay/Desktop/unitree_ws/install/unitree_hg/share/unitree_hg/cmake/unitree_hg__rosidl_typesupport_introspection_cExport-noconfig.cmake
[0.802s] -- Up-to-date: /home/issatay/Desktop/unitree_ws/install/unitree_hg/share/unitree_hg/cmake/unitree_hg__rosidl_typesupport_cExport.cmake
[0.802s] -- Up-to-date: /home/issatay/Desktop/unitree_ws/install/unitree_hg/share/unitree_hg/cmake/unitree_hg__rosidl_typesupport_cExport-noconfig.cmake
[0.804s] -- Up-to-date: /home/issatay/Desktop/unitree_ws/install/unitree_hg/share/unitree_hg/cmake/unitree_hg__rosidl_typesupport_introspection_cppExport.cmake
[0.804s] -- Up-to-date: /home/issatay/Desktop/unitree_ws/install/unitree_hg/share/unitree_hg/cmake/unitree_hg__rosidl_typesupport_introspection_cppExport-noconfig.cmake
[0.804s] -- Up-to-date: /home/issatay/Desktop/unitree_ws/install/unitree_hg/share/unitree_hg/cmake/unitree_hg__rosidl_typesupport_cppExport.cmake
[0.804s] -- Up-to-date: /home/issatay/Desktop/unitree_ws/install/unitree_hg/share/unitree_hg/cmake/unitree_hg__rosidl_typesupport_cppExport-noconfig.cmake
[0.804s] -- Up-to-date: /home/issatay/Desktop/unitree_ws/install/unitree_hg/share/unitree_hg/cmake/export_unitree_hg__rosidl_generator_pyExport.cmake
[0.804s] -- Up-to-date: /home/issatay/Desktop/unitree_ws/install/unitree_hg/share/unitree_hg/cmake/export_unitree_hg__rosidl_generator_pyExport-noconfig.cmake
[0.805s] -- Up-to-date: /home/issatay/Desktop/unitree_ws/install/unitree_hg/share/unitree_hg/cmake/rosidl_cmake-extras.cmake
[0.805s] -- Up-to-date: /home/issatay/Desktop/unitree_ws/install/unitree_hg/share/unitree_hg/cmake/ament_cmake_export_dependencies-extras.cmake
[0.806s] -- Up-to-date: /home/issatay/Desktop/unitree_ws/install/unitree_hg/share/unitree_hg/cmake/ament_cmake_export_include_directories-extras.cmake
[0.806s] -- Up-to-date: /home/issatay/Desktop/unitree_ws/install/unitree_hg/share/unitree_hg/cmake/ament_cmake_export_libraries-extras.cmake
[0.806s] -- Up-to-date: /home/issatay/Desktop/unitree_ws/install/unitree_hg/share/unitree_hg/cmake/ament_cmake_export_targets-extras.cmake
[0.806s] -- Up-to-date: /home/issatay/Desktop/unitree_ws/install/unitree_hg/share/unitree_hg/cmake/rosidl_cmake_export_typesupport_targets-extras.cmake
[0.806s] -- Up-to-date: /home/issatay/Desktop/unitree_ws/install/unitree_hg/share/unitree_hg/cmake/rosidl_cmake_export_typesupport_libraries-extras.cmake
[0.807s] -- Up-to-date: /home/issatay/Desktop/unitree_ws/install/unitree_hg/share/unitree_hg/cmake/unitree_hgConfig.cmake
[0.807s] -- Up-to-date: /home/issatay/Desktop/unitree_ws/install/unitree_hg/share/unitree_hg/cmake/unitree_hgConfig-version.cmake
[0.807s] -- Up-to-date: /home/issatay/Desktop/unitree_ws/install/unitree_hg/share/unitree_hg/package.xml
[0.808s] Invoked command in '/home/issatay/Desktop/unitree_ws/build/unitree_hg' returned '0': CMAKE_PREFIX_PATH=${CMAKE_PREFIX_PATH}:/home/issatay/Desktop/unitree_ws/install/g1_gz_spawn:/home/issatay/Desktop/unitree_ws/install/g1_bringup:/opt/ros/humble /usr/bin/cmake --install /home/issatay/Desktop/unitree_ws/build/unitree_hg
