[0.029s] Invoking command in '/home/issatay/Desktop/unitree_ws/build/unitree_go': CMAKE_PREFIX_PATH=${CMAKE_PREFIX_PATH}:/home/issatay/Desktop/unitree_ws/install/g1_gz_spawn:/home/issatay/Desktop/unitree_ws/install/g1_bringup:/opt/ros/humble /usr/bin/cmake --build /home/issatay/Desktop/unitree_ws/build/unitree_go -- -j16 -l16
[0.556s] [35m[1mConsolidate compiler generated dependencies of target unitree_go__rosidl_generator_c[0m
[0.556s] [  0%] Built target unitree_go__dds_connext_idl
[0.557s] [  0%] Built target unitree_go__cpp
[0.557s] [  0%] Built target ament_cmake_python_copy_unitree_go
[0.557s] [ 12%] Built target unitree_go__rosidl_generator_c
[0.557s] [35m[1mConsolidate compiler generated dependencies of target unitree_go__rosidl_typesupport_introspection_cpp[0m
[0.557s] [35m[1mConsolidate compiler generated dependencies of target unitree_go__rosidl_typesupport_cpp[0m
[0.557s] [35m[1mConsolidate compiler generated dependencies of target unitree_go__rosidl_typesupport_fastrtps_cpp[0m
[0.557s] [35m[1mConsolidate compiler generated dependencies of target unitree_go__rosidl_typesupport_introspection_c[0m
[0.557s] [35m[1mConsolidate compiler generated dependencies of target unitree_go__rosidl_typesupport_c[0m
[0.557s] [35m[1mConsolidate compiler generated dependencies of target unitree_go__rosidl_typesupport_fastrtps_c[0m
[0.557s] [ 49%] Built target unitree_go__rosidl_typesupport_introspection_c
[0.557s] [ 49%] Built target unitree_go__rosidl_typesupport_c
[0.557s] [ 49%] Built target unitree_go__rosidl_typesupport_fastrtps_cpp
[0.557s] [ 62%] Built target unitree_go__rosidl_typesupport_introspection_cpp
[0.557s] [ 75%] Built target unitree_go__rosidl_typesupport_cpp
[0.557s] [ 87%] Built target unitree_go__rosidl_typesupport_fastrtps_c
[0.557s] [ 87%] Built target unitree_go
[0.557s] [ 88%] Built target unitree_go__py
[0.557s] [35m[1mConsolidate compiler generated dependencies of target unitree_go__rosidl_generator_py[0m
[0.557s] [100%] Built target unitree_go__rosidl_generator_py
[0.558s] [35m[1mConsolidate compiler generated dependencies of target unitree_go__rosidl_typesupport_introspection_c__pyext[0m
[0.558s] [35m[1mConsolidate compiler generated dependencies of target unitree_go__rosidl_typesupport_c__pyext[0m
[0.558s] [35m[1mConsolidate compiler generated dependencies of target unitree_go__rosidl_typesupport_fastrtps_c__pyext[0m
[0.558s] [100%] Built target unitree_go__rosidl_typesupport_fastrtps_c__pyext
[0.558s] [100%] Built target unitree_go__rosidl_typesupport_introspection_c__pyext
[0.558s] [100%] Built target unitree_go__rosidl_typesupport_c__pyext
[0.558s] running egg_info
[0.558s] writing unitree_go.egg-info/PKG-INFO
[0.558s] writing dependency_links to unitree_go.egg-info/dependency_links.txt
[0.558s] writing top-level names to unitree_go.egg-info/top_level.txt
[0.558s] reading manifest file 'unitree_go.egg-info/SOURCES.txt'
[0.558s] writing manifest file 'unitree_go.egg-info/SOURCES.txt'
[0.558s] [100%] Built target ament_cmake_python_build_unitree_go_egg
[0.570s] Invoked command in '/home/issatay/Desktop/unitree_ws/build/unitree_go' returned '0': CMAKE_PREFIX_PATH=${CMAKE_PREFIX_PATH}:/home/issatay/Desktop/unitree_ws/install/g1_gz_spawn:/home/issatay/Desktop/unitree_ws/install/g1_bringup:/opt/ros/humble /usr/bin/cmake --build /home/issatay/Desktop/unitree_ws/build/unitree_go -- -j16 -l16
[0.571s] Invoking command in '/home/issatay/Desktop/unitree_ws/build/unitree_go': CMAKE_PREFIX_PATH=${CMAKE_PREFIX_PATH}:/home/issatay/Desktop/unitree_ws/install/g1_gz_spawn:/home/issatay/Desktop/unitree_ws/install/g1_bringup:/opt/ros/humble /usr/bin/cmake --install /home/issatay/Desktop/unitree_ws/build/unitree_go
[0.604s] -- Install configuration: ""
[0.615s] -- Up-to-date: /home/issatay/Desktop/unitree_ws/install/unitree_go/share/ament_index/resource_index/rosidl_interfaces/unitree_go
[0.615s] -- Up-to-date: /home/issatay/Desktop/unitree_ws/install/unitree_go/include/unitree_go/unitree_go
[0.616s] -- Up-to-date: /home/issatay/Desktop/unitree_ws/install/unitree_go/include/unitree_go/unitree_go/msg
[0.616s] -- Up-to-date: /home/issatay/Desktop/unitree_ws/install/unitree_go/include/unitree_go/unitree_go/msg/audio_data.h
[0.616s] -- Up-to-date: /home/issatay/Desktop/unitree_ws/install/unitree_go/include/unitree_go/unitree_go/msg/rosidl_generator_c__visibility_control.h
[0.625s] -- Up-to-date: /home/issatay/Desktop/unitree_ws/install/unitree_go/include/unitree_go/unitree_go/msg/motor_state.h
[0.625s] -- Up-to-date: /home/issatay/Desktop/unitree_ws/install/unitree_go/include/unitree_go/unitree_go/msg/motor_cmd.h
[0.625s] -- Up-to-date: /home/issatay/Desktop/unitree_ws/install/unitree_go/include/unitree_go/unitree_go/msg/low_cmd.h
[0.625s] -- Up-to-date: /home/issatay/Desktop/unitree_ws/install/unitree_go/include/unitree_go/unitree_go/msg/sport_mode_state.h
[0.626s] -- Up-to-date: /home/issatay/Desktop/unitree_ws/install/unitree_go/include/unitree_go/unitree_go/msg/imu_state.h
[0.626s] -- Up-to-date: /home/issatay/Desktop/unitree_ws/install/unitree_go/include/unitree_go/unitree_go/msg/detail
[0.626s] -- Up-to-date: /home/issatay/Desktop/unitree_ws/install/unitree_go/include/unitree_go/unitree_go/msg/detail/audio_data__struct.h
[0.626s] -- Up-to-date: /home/issatay/Desktop/unitree_ws/install/unitree_go/include/unitree_go/unitree_go/msg/detail/height_map__type_support.h
[0.626s] -- Up-to-date: /home/issatay/Desktop/unitree_ws/install/unitree_go/include/unitree_go/unitree_go/msg/detail/sport_mode_state__functions.h
[0.626s] -- Up-to-date: /home/issatay/Desktop/unitree_ws/install/unitree_go/include/unitree_go/unitree_go/msg/detail/uwb_switch__type_support.h
[0.626s] -- Up-to-date: /home/issatay/Desktop/unitree_ws/install/unitree_go/include/unitree_go/unitree_go/msg/detail/lidar_state__type_support.h
[0.626s] -- Up-to-date: /home/issatay/Desktop/unitree_ws/install/unitree_go/include/unitree_go/unitree_go/msg/detail/low_cmd__struct.h
[0.629s] -- Up-to-date: /home/issatay/Desktop/unitree_ws/install/unitree_go/include/unitree_go/unitree_go/msg/detail/sport_mode_cmd__functions.h
[0.629s] -- Up-to-date: /home/issatay/Desktop/unitree_ws/install/unitree_go/include/unitree_go/unitree_go/msg/detail/sport_mode_state__functions.c
[0.629s] -- Up-to-date: /home/issatay/Desktop/unitree_ws/install/unitree_go/include/unitree_go/unitree_go/msg/detail/low_state__functions.c
[0.629s] -- Up-to-date: /home/issatay/Desktop/unitree_ws/install/unitree_go/include/unitree_go/unitree_go/msg/detail/motor_cmds__struct.h
[0.629s] -- Up-to-date: /home/issatay/Desktop/unitree_ws/install/unitree_go/include/unitree_go/unitree_go/msg/detail/low_cmd__type_support.h
[0.632s] -- Up-to-date: /home/issatay/Desktop/unitree_ws/install/unitree_go/include/unitree_go/unitree_go/msg/detail/motor_cmds__functions.c
[0.633s] -- Up-to-date: /home/issatay/Desktop/unitree_ws/install/unitree_go/include/unitree_go/unitree_go/msg/detail/sport_mode_cmd__type_support.h
[0.634s] -- Up-to-date: /home/issatay/Desktop/unitree_ws/install/unitree_go/include/unitree_go/unitree_go/msg/detail/low_state__functions.h
[0.646s] -- Up-to-date: /home/issatay/Desktop/unitree_ws/install/unitree_go/include/unitree_go/unitree_go/msg/detail/bms_cmd__functions.c
[0.646s] -- Up-to-date: /home/issatay/Desktop/unitree_ws/install/unitree_go/include/unitree_go/unitree_go/msg/detail/imu_state__functions.c
[0.646s] -- Up-to-date: /home/issatay/Desktop/unitree_ws/install/unitree_go/include/unitree_go/unitree_go/msg/detail/audio_data__type_support.h
[0.646s] -- Up-to-date: /home/issatay/Desktop/unitree_ws/install/unitree_go/include/unitree_go/unitree_go/msg/detail/height_map__functions.h
[0.646s] -- Up-to-date: /home/issatay/Desktop/unitree_ws/install/unitree_go/include/unitree_go/unitree_go/msg/detail/height_map__struct.h
[0.646s] -- Up-to-date: /home/issatay/Desktop/unitree_ws/install/unitree_go/include/unitree_go/unitree_go/msg/detail/motor_cmds__functions.h
[0.646s] -- Up-to-date: /home/issatay/Desktop/unitree_ws/install/unitree_go/include/unitree_go/unitree_go/msg/detail/motor_states__functions.c
[0.655s] -- Up-to-date: /home/issatay/Desktop/unitree_ws/install/unitree_go/include/unitree_go/unitree_go/msg/detail/audio_data__functions.h
[0.657s] -- Up-to-date: /home/issatay/Desktop/unitree_ws/install/unitree_go/include/unitree_go/unitree_go/msg/detail/motor_state__functions.c
[0.672s] -- Up-to-date: /home/issatay/Desktop/unitree_ws/install/unitree_go/include/unitree_go/unitree_go/msg/detail/sport_mode_state__type_support.h
[0.672s] -- Up-to-date: /home/issatay/Desktop/unitree_ws/install/unitree_go/include/unitree_go/unitree_go/msg/detail/imu_state__type_support.h
[0.673s] -- Up-to-date: /home/issatay/Desktop/unitree_ws/install/unitree_go/include/unitree_go/unitree_go/msg/detail/low_cmd__functions.c
[0.674s] -- Up-to-date: /home/issatay/Desktop/unitree_ws/install/unitree_go/include/unitree_go/unitree_go/msg/detail/go2_front_video_data__functions.c
[0.675s] -- Up-to-date: /home/issatay/Desktop/unitree_ws/install/unitree_go/include/unitree_go/unitree_go/msg/detail/time_spec__struct.h
[0.675s] -- Up-to-date: /home/issatay/Desktop/unitree_ws/install/unitree_go/include/unitree_go/unitree_go/msg/detail/lidar_state__functions.h
[0.675s] -- Up-to-date: /home/issatay/Desktop/unitree_ws/install/unitree_go/include/unitree_go/unitree_go/msg/detail/path_point__functions.h
[0.675s] -- Up-to-date: /home/issatay/Desktop/unitree_ws/install/unitree_go/include/unitree_go/unitree_go/msg/detail/error__functions.c
[0.675s] -- Up-to-date: /home/issatay/Desktop/unitree_ws/install/unitree_go/include/unitree_go/unitree_go/msg/detail/path_point__functions.c
[0.675s] -- Up-to-date: /home/issatay/Desktop/unitree_ws/install/unitree_go/include/unitree_go/unitree_go/msg/detail/bms_cmd__type_support.h
[0.675s] -- Up-to-date: /home/issatay/Desktop/unitree_ws/install/unitree_go/include/unitree_go/unitree_go/msg/detail/bms_cmd__struct.h
[0.675s] -- Up-to-date: /home/issatay/Desktop/unitree_ws/install/unitree_go/include/unitree_go/unitree_go/msg/detail/low_state__type_support.h
[0.675s] -- Up-to-date: /home/issatay/Desktop/unitree_ws/install/unitree_go/include/unitree_go/unitree_go/msg/detail/motor_cmd__type_support.h
[0.676s] -- Up-to-date: /home/issatay/Desktop/unitree_ws/install/unitree_go/include/unitree_go/unitree_go/msg/detail/uwb_state__struct.h
[0.676s] -- Up-to-date: /home/issatay/Desktop/unitree_ws/install/unitree_go/include/unitree_go/unitree_go/msg/detail/path_point__struct.h
[0.676s] -- Up-to-date: /home/issatay/Desktop/unitree_ws/install/unitree_go/include/unitree_go/unitree_go/msg/detail/res__functions.h
[0.677s] -- Up-to-date: /home/issatay/Desktop/unitree_ws/install/unitree_go/include/unitree_go/unitree_go/msg/detail/error__type_support.h
[0.677s] -- Up-to-date: /home/issatay/Desktop/unitree_ws/install/unitree_go/include/unitree_go/unitree_go/msg/detail/uwb_switch__functions.h
[0.678s] -- Up-to-date: /home/issatay/Desktop/unitree_ws/install/unitree_go/include/unitree_go/unitree_go/msg/detail/lidar_state__functions.c
[0.678s] -- Up-to-date: /home/issatay/Desktop/unitree_ws/install/unitree_go/include/unitree_go/unitree_go/msg/detail/wireless_controller__struct.h
[0.678s] -- Up-to-date: /home/issatay/Desktop/unitree_ws/install/unitree_go/include/unitree_go/unitree_go/msg/detail/req__functions.c
[0.678s] -- Up-to-date: /home/issatay/Desktop/unitree_ws/install/unitree_go/include/unitree_go/unitree_go/msg/detail/uwb_state__type_support.h
[0.678s] -- Up-to-date: /home/issatay/Desktop/unitree_ws/install/unitree_go/include/unitree_go/unitree_go/msg/detail/motor_state__struct.h
[0.678s] -- Up-to-date: /home/issatay/Desktop/unitree_ws/install/unitree_go/include/unitree_go/unitree_go/msg/detail/interface_config__struct.h
[0.678s] -- Up-to-date: /home/issatay/Desktop/unitree_ws/install/unitree_go/include/unitree_go/unitree_go/msg/detail/sport_mode_state__struct.h
[0.678s] -- Up-to-date: /home/issatay/Desktop/unitree_ws/install/unitree_go/include/unitree_go/unitree_go/msg/detail/bms_state__functions.h
[0.682s] -- Up-to-date: /home/issatay/Desktop/unitree_ws/install/unitree_go/include/unitree_go/unitree_go/msg/detail/low_cmd__functions.h
[0.682s] -- Up-to-date: /home/issatay/Desktop/unitree_ws/install/unitree_go/include/unitree_go/unitree_go/msg/detail/time_spec__type_support.h
[0.682s] -- Up-to-date: /home/issatay/Desktop/unitree_ws/install/unitree_go/include/unitree_go/unitree_go/msg/detail/req__struct.h
[0.683s] -- Up-to-date: /home/issatay/Desktop/unitree_ws/install/unitree_go/include/unitree_go/unitree_go/msg/detail/go2_front_video_data__functions.h
[0.688s] -- Up-to-date: /home/issatay/Desktop/unitree_ws/install/unitree_go/include/unitree_go/unitree_go/msg/detail/uwb_state__functions.h
[0.688s] -- Up-to-date: /home/issatay/Desktop/unitree_ws/install/unitree_go/include/unitree_go/unitree_go/msg/detail/lidar_state__struct.h
[0.688s] -- Up-to-date: /home/issatay/Desktop/unitree_ws/install/unitree_go/include/unitree_go/unitree_go/msg/detail/bms_state__struct.h
[0.688s] -- Up-to-date: /home/issatay/Desktop/unitree_ws/install/unitree_go/include/unitree_go/unitree_go/msg/detail/uwb_switch__functions.c
[0.688s] -- Up-to-date: /home/issatay/Desktop/unitree_ws/install/unitree_go/include/unitree_go/unitree_go/msg/detail/motor_state__functions.h
[0.689s] -- Up-to-date: /home/issatay/Desktop/unitree_ws/install/unitree_go/include/unitree_go/unitree_go/msg/detail/interface_config__type_support.h
[0.690s] -- Up-to-date: /home/issatay/Desktop/unitree_ws/install/unitree_go/include/unitree_go/unitree_go/msg/detail/bms_cmd__functions.h
[0.690s] -- Up-to-date: /home/issatay/Desktop/unitree_ws/install/unitree_go/include/unitree_go/unitree_go/msg/detail/res__functions.c
[0.690s] -- Up-to-date: /home/issatay/Desktop/unitree_ws/install/unitree_go/include/unitree_go/unitree_go/msg/detail/height_map__functions.c
[0.690s] -- Up-to-date: /home/issatay/Desktop/unitree_ws/install/unitree_go/include/unitree_go/unitree_go/msg/detail/interface_config__functions.h
[0.690s] -- Up-to-date: /home/issatay/Desktop/unitree_ws/install/unitree_go/include/unitree_go/unitree_go/msg/detail/motor_states__type_support.h
[0.690s] -- Up-to-date: /home/issatay/Desktop/unitree_ws/install/unitree_go/include/unitree_go/unitree_go/msg/detail/error__functions.h
[0.690s] -- Up-to-date: /home/issatay/Desktop/unitree_ws/install/unitree_go/include/unitree_go/unitree_go/msg/detail/low_state__struct.h
[0.691s] -- Up-to-date: /home/issatay/Desktop/unitree_ws/install/unitree_go/include/unitree_go/unitree_go/msg/detail/sport_mode_cmd__functions.c
[0.691s] -- Up-to-date: /home/issatay/Desktop/unitree_ws/install/unitree_go/include/unitree_go/unitree_go/msg/detail/imu_state__struct.h
[0.691s] -- Up-to-date: /home/issatay/Desktop/unitree_ws/install/unitree_go/include/unitree_go/unitree_go/msg/detail/motor_cmd__functions.h
[0.691s] -- Up-to-date: /home/issatay/Desktop/unitree_ws/install/unitree_go/include/unitree_go/unitree_go/msg/detail/wireless_controller__functions.c
[0.691s] -- Up-to-date: /home/issatay/Desktop/unitree_ws/install/unitree_go/include/unitree_go/unitree_go/msg/detail/audio_data__functions.c
[0.691s] -- Up-to-date: /home/issatay/Desktop/unitree_ws/install/unitree_go/include/unitree_go/unitree_go/msg/detail/bms_state__functions.c
[0.691s] -- Up-to-date: /home/issatay/Desktop/unitree_ws/install/unitree_go/include/unitree_go/unitree_go/msg/detail/path_point__type_support.h
[0.692s] -- Up-to-date: /home/issatay/Desktop/unitree_ws/install/unitree_go/include/unitree_go/unitree_go/msg/detail/go2_front_video_data__type_support.h
[0.692s] -- Up-to-date: /home/issatay/Desktop/unitree_ws/install/unitree_go/include/unitree_go/unitree_go/msg/detail/motor_states__functions.h
[0.692s] -- Up-to-date: /home/issatay/Desktop/unitree_ws/install/unitree_go/include/unitree_go/unitree_go/msg/detail/sport_mode_cmd__struct.h
[0.695s] -- Up-to-date: /home/issatay/Desktop/unitree_ws/install/unitree_go/include/unitree_go/unitree_go/msg/detail/motor_states__struct.h
[0.695s] -- Up-to-date: /home/issatay/Desktop/unitree_ws/install/unitree_go/include/unitree_go/unitree_go/msg/detail/imu_state__functions.h
[0.696s] -- Up-to-date: /home/issatay/Desktop/unitree_ws/install/unitree_go/include/unitree_go/unitree_go/msg/detail/uwb_switch__struct.h
[0.696s] -- Up-to-date: /home/issatay/Desktop/unitree_ws/install/unitree_go/include/unitree_go/unitree_go/msg/detail/motor_cmd__functions.c
[0.696s] -- Up-to-date: /home/issatay/Desktop/unitree_ws/install/unitree_go/include/unitree_go/unitree_go/msg/detail/bms_state__type_support.h
[0.697s] -- Up-to-date: /home/issatay/Desktop/unitree_ws/install/unitree_go/include/unitree_go/unitree_go/msg/detail/motor_cmd__struct.h
[0.697s] -- Up-to-date: /home/issatay/Desktop/unitree_ws/install/unitree_go/include/unitree_go/unitree_go/msg/detail/go2_front_video_data__struct.h
[0.697s] -- Up-to-date: /home/issatay/Desktop/unitree_ws/install/unitree_go/include/unitree_go/unitree_go/msg/detail/wireless_controller__type_support.h
[0.697s] -- Up-to-date: /home/issatay/Desktop/unitree_ws/install/unitree_go/include/unitree_go/unitree_go/msg/detail/motor_state__type_support.h
[0.697s] -- Up-to-date: /home/issatay/Desktop/unitree_ws/install/unitree_go/include/unitree_go/unitree_go/msg/detail/req__type_support.h
[0.697s] -- Up-to-date: /home/issatay/Desktop/unitree_ws/install/unitree_go/include/unitree_go/unitree_go/msg/detail/motor_cmds__type_support.h
[0.697s] -- Up-to-date: /home/issatay/Desktop/unitree_ws/install/unitree_go/include/unitree_go/unitree_go/msg/detail/uwb_state__functions.c
[0.697s] -- Up-to-date: /home/issatay/Desktop/unitree_ws/install/unitree_go/include/unitree_go/unitree_go/msg/detail/res__struct.h
[0.698s] -- Up-to-date: /home/issatay/Desktop/unitree_ws/install/unitree_go/include/unitree_go/unitree_go/msg/detail/time_spec__functions.c
[0.698s] -- Up-to-date: /home/issatay/Desktop/unitree_ws/install/unitree_go/include/unitree_go/unitree_go/msg/detail/req__functions.h
[0.699s] -- Up-to-date: /home/issatay/Desktop/unitree_ws/install/unitree_go/include/unitree_go/unitree_go/msg/detail/error__struct.h
[0.701s] -- Up-to-date: /home/issatay/Desktop/unitree_ws/install/unitree_go/include/unitree_go/unitree_go/msg/detail/interface_config__functions.c
[0.701s] -- Up-to-date: /home/issatay/Desktop/unitree_ws/install/unitree_go/include/unitree_go/unitree_go/msg/detail/res__type_support.h
[0.701s] -- Up-to-date: /home/issatay/Desktop/unitree_ws/install/unitree_go/include/unitree_go/unitree_go/msg/detail/time_spec__functions.h
[0.701s] -- Up-to-date: /home/issatay/Desktop/unitree_ws/install/unitree_go/include/unitree_go/unitree_go/msg/detail/wireless_controller__functions.h
[0.701s] -- Up-to-date: /home/issatay/Desktop/unitree_ws/install/unitree_go/include/unitree_go/unitree_go/msg/req.h
[0.701s] -- Up-to-date: /home/issatay/Desktop/unitree_ws/install/unitree_go/include/unitree_go/unitree_go/msg/lidar_state.h
[0.702s] -- Up-to-date: /home/issatay/Desktop/unitree_ws/install/unitree_go/include/unitree_go/unitree_go/msg/go2_front_video_data.h
[0.708s] -- Up-to-date: /home/issatay/Desktop/unitree_ws/install/unitree_go/include/unitree_go/unitree_go/msg/bms_state.h
[0.709s] -- Up-to-date: /home/issatay/Desktop/unitree_ws/install/unitree_go/include/unitree_go/unitree_go/msg/path_point.h
[0.709s] -- Up-to-date: /home/issatay/Desktop/unitree_ws/install/unitree_go/include/unitree_go/unitree_go/msg/uwb_state.h
[0.709s] -- Up-to-date: /home/issatay/Desktop/unitree_ws/install/unitree_go/include/unitree_go/unitree_go/msg/error.h
[0.709s] -- Up-to-date: /home/issatay/Desktop/unitree_ws/install/unitree_go/include/unitree_go/unitree_go/msg/interface_config.h
[0.709s] -- Up-to-date: /home/issatay/Desktop/unitree_ws/install/unitree_go/include/unitree_go/unitree_go/msg/motor_states.h
[0.709s] -- Up-to-date: /home/issatay/Desktop/unitree_ws/install/unitree_go/include/unitree_go/unitree_go/msg/height_map.h
[0.709s] -- Up-to-date: /home/issatay/Desktop/unitree_ws/install/unitree_go/include/unitree_go/unitree_go/msg/bms_cmd.h
[0.709s] -- Up-to-date: /home/issatay/Desktop/unitree_ws/install/unitree_go/include/unitree_go/unitree_go/msg/sport_mode_cmd.h
[0.709s] -- Up-to-date: /home/issatay/Desktop/unitree_ws/install/unitree_go/include/unitree_go/unitree_go/msg/wireless_controller.h
[0.709s] -- Up-to-date: /home/issatay/Desktop/unitree_ws/install/unitree_go/include/unitree_go/unitree_go/msg/uwb_switch.h
[0.709s] -- Up-to-date: /home/issatay/Desktop/unitree_ws/install/unitree_go/include/unitree_go/unitree_go/msg/time_spec.h
[0.710s] -- Up-to-date: /home/issatay/Desktop/unitree_ws/install/unitree_go/include/unitree_go/unitree_go/msg/low_state.h
[0.710s] -- Up-to-date: /home/issatay/Desktop/unitree_ws/install/unitree_go/include/unitree_go/unitree_go/msg/motor_cmds.h
[0.710s] -- Up-to-date: /home/issatay/Desktop/unitree_ws/install/unitree_go/include/unitree_go/unitree_go/msg/res.h
[0.710s] -- Up-to-date: /home/issatay/Desktop/unitree_ws/install/unitree_go/share/unitree_go/environment/library_path.sh
[0.710s] -- Up-to-date: /home/issatay/Desktop/unitree_ws/install/unitree_go/share/unitree_go/environment/library_path.dsv
[0.711s] -- Up-to-date: /home/issatay/Desktop/unitree_ws/install/unitree_go/lib/libunitree_go__rosidl_generator_c.so
[0.719s] -- Up-to-date: /home/issatay/Desktop/unitree_ws/install/unitree_go/include/unitree_go/unitree_go
[0.719s] -- Up-to-date: /home/issatay/Desktop/unitree_ws/install/unitree_go/include/unitree_go/unitree_go/msg
[0.719s] -- Up-to-date: /home/issatay/Desktop/unitree_ws/install/unitree_go/include/unitree_go/unitree_go/msg/detail
[0.719s] -- Up-to-date: /home/issatay/Desktop/unitree_ws/install/unitree_go/include/unitree_go/unitree_go/msg/detail/motor_state__rosidl_typesupport_fastrtps_c.h
[0.720s] -- Up-to-date: /home/issatay/Desktop/unitree_ws/install/unitree_go/include/unitree_go/unitree_go/msg/detail/low_cmd__rosidl_typesupport_fastrtps_c.h
[0.720s] -- Up-to-date: /home/issatay/Desktop/unitree_ws/install/unitree_go/include/unitree_go/unitree_go/msg/detail/bms_cmd__rosidl_typesupport_fastrtps_c.h
[0.720s] -- Up-to-date: /home/issatay/Desktop/unitree_ws/install/unitree_go/include/unitree_go/unitree_go/msg/detail/uwb_state__rosidl_typesupport_fastrtps_c.h
[0.723s] -- Up-to-date: /home/issatay/Desktop/unitree_ws/install/unitree_go/include/unitree_go/unitree_go/msg/detail/imu_state__rosidl_typesupport_fastrtps_c.h
[0.724s] -- Up-to-date: /home/issatay/Desktop/unitree_ws/install/unitree_go/include/unitree_go/unitree_go/msg/detail/motor_states__rosidl_typesupport_fastrtps_c.h
[0.725s] -- Up-to-date: /home/issatay/Desktop/unitree_ws/install/unitree_go/include/unitree_go/unitree_go/msg/detail/motor_cmds__rosidl_typesupport_fastrtps_c.h
[0.725s] -- Up-to-date: /home/issatay/Desktop/unitree_ws/install/unitree_go/include/unitree_go/unitree_go/msg/detail/bms_state__rosidl_typesupport_fastrtps_c.h
[0.725s] -- Up-to-date: /home/issatay/Desktop/unitree_ws/install/unitree_go/include/unitree_go/unitree_go/msg/detail/res__rosidl_typesupport_fastrtps_c.h
[0.725s] -- Up-to-date: /home/issatay/Desktop/unitree_ws/install/unitree_go/include/unitree_go/unitree_go/msg/detail/path_point__rosidl_typesupport_fastrtps_c.h
[0.725s] -- Up-to-date: /home/issatay/Desktop/unitree_ws/install/unitree_go/include/unitree_go/unitree_go/msg/detail/uwb_switch__rosidl_typesupport_fastrtps_c.h
[0.725s] -- Up-to-date: /home/issatay/Desktop/unitree_ws/install/unitree_go/include/unitree_go/unitree_go/msg/detail/sport_mode_state__rosidl_typesupport_fastrtps_c.h
[0.725s] -- Up-to-date: /home/issatay/Desktop/unitree_ws/install/unitree_go/include/unitree_go/unitree_go/msg/detail/error__rosidl_typesupport_fastrtps_c.h
[0.726s] -- Up-to-date: /home/issatay/Desktop/unitree_ws/install/unitree_go/include/unitree_go/unitree_go/msg/detail/wireless_controller__rosidl_typesupport_fastrtps_c.h
[0.726s] -- Up-to-date: /home/issatay/Desktop/unitree_ws/install/unitree_go/include/unitree_go/unitree_go/msg/detail/audio_data__rosidl_typesupport_fastrtps_c.h
[0.726s] -- Up-to-date: /home/issatay/Desktop/unitree_ws/install/unitree_go/include/unitree_go/unitree_go/msg/detail/motor_cmd__rosidl_typesupport_fastrtps_c.h
[0.727s] -- Up-to-date: /home/issatay/Desktop/unitree_ws/install/unitree_go/include/unitree_go/unitree_go/msg/detail/height_map__rosidl_typesupport_fastrtps_c.h
[0.727s] -- Up-to-date: /home/issatay/Desktop/unitree_ws/install/unitree_go/include/unitree_go/unitree_go/msg/detail/interface_config__rosidl_typesupport_fastrtps_c.h
[0.727s] -- Up-to-date: /home/issatay/Desktop/unitree_ws/install/unitree_go/include/unitree_go/unitree_go/msg/detail/req__rosidl_typesupport_fastrtps_c.h
[0.729s] -- Up-to-date: /home/issatay/Desktop/unitree_ws/install/unitree_go/include/unitree_go/unitree_go/msg/detail/time_spec__rosidl_typesupport_fastrtps_c.h
[0.729s] -- Up-to-date: /home/issatay/Desktop/unitree_ws/install/unitree_go/include/unitree_go/unitree_go/msg/detail/low_state__rosidl_typesupport_fastrtps_c.h
[0.729s] -- Up-to-date: /home/issatay/Desktop/unitree_ws/install/unitree_go/include/unitree_go/unitree_go/msg/detail/sport_mode_cmd__rosidl_typesupport_fastrtps_c.h
[0.729s] -- Up-to-date: /home/issatay/Desktop/unitree_ws/install/unitree_go/include/unitree_go/unitree_go/msg/detail/go2_front_video_data__rosidl_typesupport_fastrtps_c.h
[0.729s] -- Up-to-date: /home/issatay/Desktop/unitree_ws/install/unitree_go/include/unitree_go/unitree_go/msg/detail/lidar_state__rosidl_typesupport_fastrtps_c.h
[0.729s] -- Up-to-date: /home/issatay/Desktop/unitree_ws/install/unitree_go/include/unitree_go/unitree_go/msg/rosidl_typesupport_fastrtps_c__visibility_control.h
[0.729s] -- Up-to-date: /home/issatay/Desktop/unitree_ws/install/unitree_go/lib/libunitree_go__rosidl_typesupport_fastrtps_c.so
[0.732s] -- Up-to-date: /home/issatay/Desktop/unitree_ws/install/unitree_go/include/unitree_go/unitree_go
[0.734s] -- Up-to-date: /home/issatay/Desktop/unitree_ws/install/unitree_go/include/unitree_go/unitree_go/msg
[0.735s] -- Up-to-date: /home/issatay/Desktop/unitree_ws/install/unitree_go/include/unitree_go/unitree_go/msg/rosidl_generator_cpp__visibility_control.hpp
[0.735s] -- Up-to-date: /home/issatay/Desktop/unitree_ws/install/unitree_go/include/unitree_go/unitree_go/msg/detail
[0.735s] -- Up-to-date: /home/issatay/Desktop/unitree_ws/install/unitree_go/include/unitree_go/unitree_go/msg/detail/audio_data__builder.hpp
[0.735s] -- Up-to-date: /home/issatay/Desktop/unitree_ws/install/unitree_go/include/unitree_go/unitree_go/msg/detail/error__struct.hpp
[0.735s] -- Up-to-date: /home/issatay/Desktop/unitree_ws/install/unitree_go/include/unitree_go/unitree_go/msg/detail/time_spec__builder.hpp
[0.735s] -- Up-to-date: /home/issatay/Desktop/unitree_ws/install/unitree_go/include/unitree_go/unitree_go/msg/detail/height_map__struct.hpp
[0.735s] -- Up-to-date: /home/issatay/Desktop/unitree_ws/install/unitree_go/include/unitree_go/unitree_go/msg/detail/error__traits.hpp
[0.736s] -- Up-to-date: /home/issatay/Desktop/unitree_ws/install/unitree_go/include/unitree_go/unitree_go/msg/detail/motor_cmd__type_support.hpp
[0.736s] -- Up-to-date: /home/issatay/Desktop/unitree_ws/install/unitree_go/include/unitree_go/unitree_go/msg/detail/motor_states__type_support.hpp
[0.756s] -- Up-to-date: /home/issatay/Desktop/unitree_ws/install/unitree_go/include/unitree_go/unitree_go/msg/detail/motor_cmds__type_support.hpp
[0.756s] -- Up-to-date: /home/issatay/Desktop/unitree_ws/install/unitree_go/include/unitree_go/unitree_go/msg/detail/height_map__traits.hpp
[0.757s] -- Up-to-date: /home/issatay/Desktop/unitree_ws/install/unitree_go/include/unitree_go/unitree_go/msg/detail/bms_cmd__type_support.hpp
[0.757s] -- Up-to-date: /home/issatay/Desktop/unitree_ws/install/unitree_go/include/unitree_go/unitree_go/msg/detail/uwb_state__struct.hpp
[0.757s] -- Up-to-date: /home/issatay/Desktop/unitree_ws/install/unitree_go/include/unitree_go/unitree_go/msg/detail/res__type_support.hpp
[0.757s] -- Up-to-date: /home/issatay/Desktop/unitree_ws/install/unitree_go/include/unitree_go/unitree_go/msg/detail/path_point__builder.hpp
[0.757s] -- Up-to-date: /home/issatay/Desktop/unitree_ws/install/unitree_go/include/unitree_go/unitree_go/msg/detail/interface_config__type_support.hpp
[0.757s] -- Up-to-date: /home/issatay/Desktop/unitree_ws/install/unitree_go/include/unitree_go/unitree_go/msg/detail/motor_cmd__builder.hpp
[0.757s] -- Up-to-date: /home/issatay/Desktop/unitree_ws/install/unitree_go/include/unitree_go/unitree_go/msg/detail/uwb_switch__struct.hpp
[0.757s] -- Up-to-date: /home/issatay/Desktop/unitree_ws/install/unitree_go/include/unitree_go/unitree_go/msg/detail/res__traits.hpp
[0.757s] -- Up-to-date: /home/issatay/Desktop/unitree_ws/install/unitree_go/include/unitree_go/unitree_go/msg/detail/sport_mode_state__builder.hpp
[0.757s] -- Up-to-date: /home/issatay/Desktop/unitree_ws/install/unitree_go/include/unitree_go/unitree_go/msg/detail/interface_config__struct.hpp
[0.757s] -- Up-to-date: /home/issatay/Desktop/unitree_ws/install/unitree_go/include/unitree_go/unitree_go/msg/detail/res__builder.hpp
[0.758s] -- Up-to-date: /home/issatay/Desktop/unitree_ws/install/unitree_go/include/unitree_go/unitree_go/msg/detail/imu_state__type_support.hpp
[0.758s] -- Up-to-date: /home/issatay/Desktop/unitree_ws/install/unitree_go/include/unitree_go/unitree_go/msg/detail/motor_cmd__traits.hpp
[0.758s] -- Up-to-date: /home/issatay/Desktop/unitree_ws/install/unitree_go/include/unitree_go/unitree_go/msg/detail/audio_data__traits.hpp
[0.758s] -- Up-to-date: /home/issatay/Desktop/unitree_ws/install/unitree_go/include/unitree_go/unitree_go/msg/detail/sport_mode_state__traits.hpp
[0.758s] -- Up-to-date: /home/issatay/Desktop/unitree_ws/install/unitree_go/include/unitree_go/unitree_go/msg/detail/interface_config__traits.hpp
[0.758s] -- Up-to-date: /home/issatay/Desktop/unitree_ws/install/unitree_go/include/unitree_go/unitree_go/msg/detail/low_state__type_support.hpp
[0.758s] -- Up-to-date: /home/issatay/Desktop/unitree_ws/install/unitree_go/include/unitree_go/unitree_go/msg/detail/req__struct.hpp
[0.758s] -- Up-to-date: /home/issatay/Desktop/unitree_ws/install/unitree_go/include/unitree_go/unitree_go/msg/detail/height_map__builder.hpp
[0.759s] -- Up-to-date: /home/issatay/Desktop/unitree_ws/install/unitree_go/include/unitree_go/unitree_go/msg/detail/res__struct.hpp
[0.759s] -- Up-to-date: /home/issatay/Desktop/unitree_ws/install/unitree_go/include/unitree_go/unitree_go/msg/detail/error__builder.hpp
[0.759s] -- Up-to-date: /home/issatay/Desktop/unitree_ws/install/unitree_go/include/unitree_go/unitree_go/msg/detail/low_cmd__type_support.hpp
[0.759s] -- Up-to-date: /home/issatay/Desktop/unitree_ws/install/unitree_go/include/unitree_go/unitree_go/msg/detail/imu_state__traits.hpp
[0.759s] -- Up-to-date: /home/issatay/Desktop/unitree_ws/install/unitree_go/include/unitree_go/unitree_go/msg/detail/bms_cmd__traits.hpp
[0.759s] -- Up-to-date: /home/issatay/Desktop/unitree_ws/install/unitree_go/include/unitree_go/unitree_go/msg/detail/bms_cmd__builder.hpp
[0.760s] -- Up-to-date: /home/issatay/Desktop/unitree_ws/install/unitree_go/include/unitree_go/unitree_go/msg/detail/path_point__traits.hpp
[0.761s] -- Up-to-date: /home/issatay/Desktop/unitree_ws/install/unitree_go/include/unitree_go/unitree_go/msg/detail/wireless_controller__builder.hpp
[0.761s] -- Up-to-date: /home/issatay/Desktop/unitree_ws/install/unitree_go/include/unitree_go/unitree_go/msg/detail/go2_front_video_data__builder.hpp
[0.761s] -- Up-to-date: /home/issatay/Desktop/unitree_ws/install/unitree_go/include/unitree_go/unitree_go/msg/detail/sport_mode_state__struct.hpp
[0.762s] -- Up-to-date: /home/issatay/Desktop/unitree_ws/install/unitree_go/include/unitree_go/unitree_go/msg/detail/wireless_controller__traits.hpp
[0.762s] -- Up-to-date: /home/issatay/Desktop/unitree_ws/install/unitree_go/include/unitree_go/unitree_go/msg/detail/uwb_switch__type_support.hpp
[0.762s] -- Up-to-date: /home/issatay/Desktop/unitree_ws/install/unitree_go/include/unitree_go/unitree_go/msg/detail/bms_state__struct.hpp
[0.762s] -- Up-to-date: /home/issatay/Desktop/unitree_ws/install/unitree_go/include/unitree_go/unitree_go/msg/detail/uwb_switch__builder.hpp
[0.762s] -- Up-to-date: /home/issatay/Desktop/unitree_ws/install/unitree_go/include/unitree_go/unitree_go/msg/detail/wireless_controller__type_support.hpp
[0.763s] -- Up-to-date: /home/issatay/Desktop/unitree_ws/install/unitree_go/include/unitree_go/unitree_go/msg/detail/bms_state__builder.hpp
[0.763s] -- Up-to-date: /home/issatay/Desktop/unitree_ws/install/unitree_go/include/unitree_go/unitree_go/msg/detail/height_map__type_support.hpp
[0.763s] -- Up-to-date: /home/issatay/Desktop/unitree_ws/install/unitree_go/include/unitree_go/unitree_go/msg/detail/low_state__traits.hpp
[0.763s] -- Up-to-date: /home/issatay/Desktop/unitree_ws/install/unitree_go/include/unitree_go/unitree_go/msg/detail/wireless_controller__struct.hpp
[0.763s] -- Up-to-date: /home/issatay/Desktop/unitree_ws/install/unitree_go/include/unitree_go/unitree_go/msg/detail/low_cmd__builder.hpp
[0.763s] -- Up-to-date: /home/issatay/Desktop/unitree_ws/install/unitree_go/include/unitree_go/unitree_go/msg/detail/motor_cmds__traits.hpp
[0.763s] -- Up-to-date: /home/issatay/Desktop/unitree_ws/install/unitree_go/include/unitree_go/unitree_go/msg/detail/bms_cmd__struct.hpp
[0.763s] -- Up-to-date: /home/issatay/Desktop/unitree_ws/install/unitree_go/include/unitree_go/unitree_go/msg/detail/low_cmd__traits.hpp
[0.764s] -- Up-to-date: /home/issatay/Desktop/unitree_ws/install/unitree_go/include/unitree_go/unitree_go/msg/detail/time_spec__traits.hpp
[0.764s] -- Up-to-date: /home/issatay/Desktop/unitree_ws/install/unitree_go/include/unitree_go/unitree_go/msg/detail/sport_mode_cmd__struct.hpp
[0.764s] -- Up-to-date: /home/issatay/Desktop/unitree_ws/install/unitree_go/include/unitree_go/unitree_go/msg/detail/sport_mode_cmd__type_support.hpp
[0.764s] -- Up-to-date: /home/issatay/Desktop/unitree_ws/install/unitree_go/include/unitree_go/unitree_go/msg/detail/lidar_state__struct.hpp
[0.764s] -- Up-to-date: /home/issatay/Desktop/unitree_ws/install/unitree_go/include/unitree_go/unitree_go/msg/detail/bms_state__type_support.hpp
[0.764s] -- Up-to-date: /home/issatay/Desktop/unitree_ws/install/unitree_go/include/unitree_go/unitree_go/msg/detail/motor_state__struct.hpp
[0.764s] -- Up-to-date: /home/issatay/Desktop/unitree_ws/install/unitree_go/include/unitree_go/unitree_go/msg/detail/uwb_state__builder.hpp
[0.764s] -- Up-to-date: /home/issatay/Desktop/unitree_ws/install/unitree_go/include/unitree_go/unitree_go/msg/detail/error__type_support.hpp
[0.764s] -- Up-to-date: /home/issatay/Desktop/unitree_ws/install/unitree_go/include/unitree_go/unitree_go/msg/detail/motor_states__builder.hpp
[0.764s] -- Up-to-date: /home/issatay/Desktop/unitree_ws/install/unitree_go/include/unitree_go/unitree_go/msg/detail/motor_cmd__struct.hpp
[0.764s] -- Up-to-date: /home/issatay/Desktop/unitree_ws/install/unitree_go/include/unitree_go/unitree_go/msg/detail/audio_data__type_support.hpp
[0.765s] -- Up-to-date: /home/issatay/Desktop/unitree_ws/install/unitree_go/include/unitree_go/unitree_go/msg/detail/lidar_state__type_support.hpp
[0.765s] -- Up-to-date: /home/issatay/Desktop/unitree_ws/install/unitree_go/include/unitree_go/unitree_go/msg/detail/low_state__builder.hpp
[0.765s] -- Up-to-date: /home/issatay/Desktop/unitree_ws/install/unitree_go/include/unitree_go/unitree_go/msg/detail/go2_front_video_data__traits.hpp
[0.765s] -- Up-to-date: /home/issatay/Desktop/unitree_ws/install/unitree_go/include/unitree_go/unitree_go/msg/detail/imu_state__struct.hpp
[0.765s] -- Up-to-date: /home/issatay/Desktop/unitree_ws/install/unitree_go/include/unitree_go/unitree_go/msg/detail/low_cmd__struct.hpp
[0.765s] -- Up-to-date: /home/issatay/Desktop/unitree_ws/install/unitree_go/include/unitree_go/unitree_go/msg/detail/interface_config__builder.hpp
[0.765s] -- Up-to-date: /home/issatay/Desktop/unitree_ws/install/unitree_go/include/unitree_go/unitree_go/msg/detail/audio_data__struct.hpp
[0.766s] -- Up-to-date: /home/issatay/Desktop/unitree_ws/install/unitree_go/include/unitree_go/unitree_go/msg/detail/time_spec__struct.hpp
[0.767s] -- Up-to-date: /home/issatay/Desktop/unitree_ws/install/unitree_go/include/unitree_go/unitree_go/msg/detail/req__traits.hpp
[0.767s] -- Up-to-date: /home/issatay/Desktop/unitree_ws/install/unitree_go/include/unitree_go/unitree_go/msg/detail/path_point__type_support.hpp
[0.767s] -- Up-to-date: /home/issatay/Desktop/unitree_ws/install/unitree_go/include/unitree_go/unitree_go/msg/detail/uwb_state__type_support.hpp
[0.767s] -- Up-to-date: /home/issatay/Desktop/unitree_ws/install/unitree_go/include/unitree_go/unitree_go/msg/detail/sport_mode_state__type_support.hpp
[0.767s] -- Up-to-date: /home/issatay/Desktop/unitree_ws/install/unitree_go/include/unitree_go/unitree_go/msg/detail/motor_state__type_support.hpp
[0.768s] -- Up-to-date: /home/issatay/Desktop/unitree_ws/install/unitree_go/include/unitree_go/unitree_go/msg/detail/bms_state__traits.hpp
[0.768s] -- Up-to-date: /home/issatay/Desktop/unitree_ws/install/unitree_go/include/unitree_go/unitree_go/msg/detail/uwb_state__traits.hpp
[0.768s] -- Up-to-date: /home/issatay/Desktop/unitree_ws/install/unitree_go/include/unitree_go/unitree_go/msg/detail/sport_mode_cmd__builder.hpp
[0.768s] -- Up-to-date: /home/issatay/Desktop/unitree_ws/install/unitree_go/include/unitree_go/unitree_go/msg/detail/motor_state__traits.hpp
[0.769s] -- Up-to-date: /home/issatay/Desktop/unitree_ws/install/unitree_go/include/unitree_go/unitree_go/msg/detail/sport_mode_cmd__traits.hpp
[0.769s] -- Up-to-date: /home/issatay/Desktop/unitree_ws/install/unitree_go/include/unitree_go/unitree_go/msg/detail/low_state__struct.hpp
[0.769s] -- Up-to-date: /home/issatay/Desktop/unitree_ws/install/unitree_go/include/unitree_go/unitree_go/msg/detail/lidar_state__traits.hpp
[0.769s] -- Up-to-date: /home/issatay/Desktop/unitree_ws/install/unitree_go/include/unitree_go/unitree_go/msg/detail/lidar_state__builder.hpp
[0.769s] -- Up-to-date: /home/issatay/Desktop/unitree_ws/install/unitree_go/include/unitree_go/unitree_go/msg/detail/uwb_switch__traits.hpp
[0.769s] -- Up-to-date: /home/issatay/Desktop/unitree_ws/install/unitree_go/include/unitree_go/unitree_go/msg/detail/imu_state__builder.hpp
[0.770s] -- Up-to-date: /home/issatay/Desktop/unitree_ws/install/unitree_go/include/unitree_go/unitree_go/msg/detail/time_spec__type_support.hpp
[0.770s] -- Up-to-date: /home/issatay/Desktop/unitree_ws/install/unitree_go/include/unitree_go/unitree_go/msg/detail/motor_states__traits.hpp
[0.770s] -- Up-to-date: /home/issatay/Desktop/unitree_ws/install/unitree_go/include/unitree_go/unitree_go/msg/detail/go2_front_video_data__type_support.hpp
[0.770s] -- Up-to-date: /home/issatay/Desktop/unitree_ws/install/unitree_go/include/unitree_go/unitree_go/msg/detail/req__type_support.hpp
[0.771s] -- Up-to-date: /home/issatay/Desktop/unitree_ws/install/unitree_go/include/unitree_go/unitree_go/msg/detail/motor_cmds__builder.hpp
[0.771s] -- Up-to-date: /home/issatay/Desktop/unitree_ws/install/unitree_go/include/unitree_go/unitree_go/msg/detail/motor_state__builder.hpp
[0.771s] -- Up-to-date: /home/issatay/Desktop/unitree_ws/install/unitree_go/include/unitree_go/unitree_go/msg/detail/motor_states__struct.hpp
[0.771s] -- Up-to-date: /home/issatay/Desktop/unitree_ws/install/unitree_go/include/unitree_go/unitree_go/msg/detail/req__builder.hpp
[0.771s] -- Up-to-date: /home/issatay/Desktop/unitree_ws/install/unitree_go/include/unitree_go/unitree_go/msg/detail/go2_front_video_data__struct.hpp
[0.771s] -- Up-to-date: /home/issatay/Desktop/unitree_ws/install/unitree_go/include/unitree_go/unitree_go/msg/detail/path_point__struct.hpp
[0.772s] -- Up-to-date: /home/issatay/Desktop/unitree_ws/install/unitree_go/include/unitree_go/unitree_go/msg/detail/motor_cmds__struct.hpp
[0.772s] -- Up-to-date: /home/issatay/Desktop/unitree_ws/install/unitree_go/include/unitree_go/unitree_go/msg/imu_state.hpp
[0.772s] -- Up-to-date: /home/issatay/Desktop/unitree_ws/install/unitree_go/include/unitree_go/unitree_go/msg/sport_mode_state.hpp
[0.772s] -- Up-to-date: /home/issatay/Desktop/unitree_ws/install/unitree_go/include/unitree_go/unitree_go/msg/low_cmd.hpp
[0.772s] -- Up-to-date: /home/issatay/Desktop/unitree_ws/install/unitree_go/include/unitree_go/unitree_go/msg/height_map.hpp
[0.772s] -- Up-to-date: /home/issatay/Desktop/unitree_ws/install/unitree_go/include/unitree_go/unitree_go/msg/bms_cmd.hpp
[0.772s] -- Up-to-date: /home/issatay/Desktop/unitree_ws/install/unitree_go/include/unitree_go/unitree_go/msg/go2_front_video_data.hpp
[0.772s] -- Up-to-date: /home/issatay/Desktop/unitree_ws/install/unitree_go/include/unitree_go/unitree_go/msg/time_spec.hpp
[0.772s] -- Up-to-date: /home/issatay/Desktop/unitree_ws/install/unitree_go/include/unitree_go/unitree_go/msg/low_state.hpp
[0.772s] -- Up-to-date: /home/issatay/Desktop/unitree_ws/install/unitree_go/include/unitree_go/unitree_go/msg/res.hpp
[0.773s] -- Up-to-date: /home/issatay/Desktop/unitree_ws/install/unitree_go/include/unitree_go/unitree_go/msg/motor_state.hpp
[0.773s] -- Up-to-date: /home/issatay/Desktop/unitree_ws/install/unitree_go/include/unitree_go/unitree_go/msg/interface_config.hpp
[0.773s] -- Up-to-date: /home/issatay/Desktop/unitree_ws/install/unitree_go/include/unitree_go/unitree_go/msg/uwb_state.hpp
[0.773s] -- Up-to-date: /home/issatay/Desktop/unitree_ws/install/unitree_go/include/unitree_go/unitree_go/msg/path_point.hpp
[0.773s] -- Up-to-date: /home/issatay/Desktop/unitree_ws/install/unitree_go/include/unitree_go/unitree_go/msg/sport_mode_cmd.hpp
[0.773s] -- Up-to-date: /home/issatay/Desktop/unitree_ws/install/unitree_go/include/unitree_go/unitree_go/msg/req.hpp
[0.773s] -- Up-to-date: /home/issatay/Desktop/unitree_ws/install/unitree_go/include/unitree_go/unitree_go/msg/motor_cmd.hpp
[0.773s] -- Up-to-date: /home/issatay/Desktop/unitree_ws/install/unitree_go/include/unitree_go/unitree_go/msg/lidar_state.hpp
[0.773s] -- Up-to-date: /home/issatay/Desktop/unitree_ws/install/unitree_go/include/unitree_go/unitree_go/msg/error.hpp
[0.773s] -- Up-to-date: /home/issatay/Desktop/unitree_ws/install/unitree_go/include/unitree_go/unitree_go/msg/uwb_switch.hpp
[0.773s] -- Up-to-date: /home/issatay/Desktop/unitree_ws/install/unitree_go/include/unitree_go/unitree_go/msg/audio_data.hpp
[0.773s] -- Up-to-date: /home/issatay/Desktop/unitree_ws/install/unitree_go/include/unitree_go/unitree_go/msg/motor_states.hpp
[0.773s] -- Up-to-date: /home/issatay/Desktop/unitree_ws/install/unitree_go/include/unitree_go/unitree_go/msg/wireless_controller.hpp
[0.773s] -- Up-to-date: /home/issatay/Desktop/unitree_ws/install/unitree_go/include/unitree_go/unitree_go/msg/bms_state.hpp
[0.773s] -- Up-to-date: /home/issatay/Desktop/unitree_ws/install/unitree_go/include/unitree_go/unitree_go/msg/motor_cmds.hpp
[0.774s] -- Up-to-date: /home/issatay/Desktop/unitree_ws/install/unitree_go/include/unitree_go/unitree_go
[0.774s] -- Up-to-date: /home/issatay/Desktop/unitree_ws/install/unitree_go/include/unitree_go/unitree_go/msg
[0.774s] -- Up-to-date: /home/issatay/Desktop/unitree_ws/install/unitree_go/include/unitree_go/unitree_go/msg/detail
[0.774s] -- Up-to-date: /home/issatay/Desktop/unitree_ws/install/unitree_go/include/unitree_go/unitree_go/msg/detail/low_state__rosidl_typesupport_fastrtps_cpp.hpp
[0.774s] -- Up-to-date: /home/issatay/Desktop/unitree_ws/install/unitree_go/include/unitree_go/unitree_go/msg/detail/error__rosidl_typesupport_fastrtps_cpp.hpp
[0.775s] -- Up-to-date: /home/issatay/Desktop/unitree_ws/install/unitree_go/include/unitree_go/unitree_go/msg/detail/sport_mode_state__rosidl_typesupport_fastrtps_cpp.hpp
[0.775s] -- Up-to-date: /home/issatay/Desktop/unitree_ws/install/unitree_go/include/unitree_go/unitree_go/msg/detail/uwb_state__rosidl_typesupport_fastrtps_cpp.hpp
[0.775s] -- Up-to-date: /home/issatay/Desktop/unitree_ws/install/unitree_go/include/unitree_go/unitree_go/msg/detail/wireless_controller__rosidl_typesupport_fastrtps_cpp.hpp
[0.775s] -- Up-to-date: /home/issatay/Desktop/unitree_ws/install/unitree_go/include/unitree_go/unitree_go/msg/detail/req__rosidl_typesupport_fastrtps_cpp.hpp
[0.775s] -- Up-to-date: /home/issatay/Desktop/unitree_ws/install/unitree_go/include/unitree_go/unitree_go/msg/detail/height_map__rosidl_typesupport_fastrtps_cpp.hpp
[0.775s] -- Up-to-date: /home/issatay/Desktop/unitree_ws/install/unitree_go/include/unitree_go/unitree_go/msg/detail/motor_cmd__rosidl_typesupport_fastrtps_cpp.hpp
[0.775s] -- Up-to-date: /home/issatay/Desktop/unitree_ws/install/unitree_go/include/unitree_go/unitree_go/msg/detail/path_point__rosidl_typesupport_fastrtps_cpp.hpp
[0.776s] -- Up-to-date: /home/issatay/Desktop/unitree_ws/install/unitree_go/include/unitree_go/unitree_go/msg/detail/audio_data__rosidl_typesupport_fastrtps_cpp.hpp
[0.776s] -- Up-to-date: /home/issatay/Desktop/unitree_ws/install/unitree_go/include/unitree_go/unitree_go/msg/detail/go2_front_video_data__rosidl_typesupport_fastrtps_cpp.hpp
[0.776s] -- Up-to-date: /home/issatay/Desktop/unitree_ws/install/unitree_go/include/unitree_go/unitree_go/msg/detail/interface_config__rosidl_typesupport_fastrtps_cpp.hpp
[0.776s] -- Up-to-date: /home/issatay/Desktop/unitree_ws/install/unitree_go/include/unitree_go/unitree_go/msg/detail/motor_cmds__rosidl_typesupport_fastrtps_cpp.hpp
[0.776s] -- Up-to-date: /home/issatay/Desktop/unitree_ws/install/unitree_go/include/unitree_go/unitree_go/msg/detail/time_spec__rosidl_typesupport_fastrtps_cpp.hpp
[0.776s] -- Up-to-date: /home/issatay/Desktop/unitree_ws/install/unitree_go/include/unitree_go/unitree_go/msg/detail/dds_fastrtps
[0.776s] -- Up-to-date: /home/issatay/Desktop/unitree_ws/install/unitree_go/include/unitree_go/unitree_go/msg/detail/motor_states__rosidl_typesupport_fastrtps_cpp.hpp
[0.776s] -- Up-to-date: /home/issatay/Desktop/unitree_ws/install/unitree_go/include/unitree_go/unitree_go/msg/detail/bms_cmd__rosidl_typesupport_fastrtps_cpp.hpp
[0.776s] -- Up-to-date: /home/issatay/Desktop/unitree_ws/install/unitree_go/include/unitree_go/unitree_go/msg/detail/lidar_state__rosidl_typesupport_fastrtps_cpp.hpp
[0.777s] -- Up-to-date: /home/issatay/Desktop/unitree_ws/install/unitree_go/include/unitree_go/unitree_go/msg/detail/bms_state__rosidl_typesupport_fastrtps_cpp.hpp
[0.777s] -- Up-to-date: /home/issatay/Desktop/unitree_ws/install/unitree_go/include/unitree_go/unitree_go/msg/detail/low_cmd__rosidl_typesupport_fastrtps_cpp.hpp
[0.777s] -- Up-to-date: /home/issatay/Desktop/unitree_ws/install/unitree_go/include/unitree_go/unitree_go/msg/detail/res__rosidl_typesupport_fastrtps_cpp.hpp
[0.777s] -- Up-to-date: /home/issatay/Desktop/unitree_ws/install/unitree_go/include/unitree_go/unitree_go/msg/detail/uwb_switch__rosidl_typesupport_fastrtps_cpp.hpp
[0.777s] -- Up-to-date: /home/issatay/Desktop/unitree_ws/install/unitree_go/include/unitree_go/unitree_go/msg/detail/imu_state__rosidl_typesupport_fastrtps_cpp.hpp
[0.777s] -- Up-to-date: /home/issatay/Desktop/unitree_ws/install/unitree_go/include/unitree_go/unitree_go/msg/detail/motor_state__rosidl_typesupport_fastrtps_cpp.hpp
[0.777s] -- Up-to-date: /home/issatay/Desktop/unitree_ws/install/unitree_go/include/unitree_go/unitree_go/msg/detail/sport_mode_cmd__rosidl_typesupport_fastrtps_cpp.hpp
[0.777s] -- Up-to-date: /home/issatay/Desktop/unitree_ws/install/unitree_go/include/unitree_go/unitree_go/msg/rosidl_typesupport_fastrtps_cpp__visibility_control.h
[0.777s] -- Up-to-date: /home/issatay/Desktop/unitree_ws/install/unitree_go/lib/libunitree_go__rosidl_typesupport_fastrtps_cpp.so
[0.777s] -- Up-to-date: /home/issatay/Desktop/unitree_ws/install/unitree_go/include/unitree_go/unitree_go
[0.777s] -- Up-to-date: /home/issatay/Desktop/unitree_ws/install/unitree_go/include/unitree_go/unitree_go/msg
[0.778s] -- Up-to-date: /home/issatay/Desktop/unitree_ws/install/unitree_go/include/unitree_go/unitree_go/msg/detail
[0.778s] -- Up-to-date: /home/issatay/Desktop/unitree_ws/install/unitree_go/include/unitree_go/unitree_go/msg/detail/bms_cmd__type_support.c
[0.778s] -- Up-to-date: /home/issatay/Desktop/unitree_ws/install/unitree_go/include/unitree_go/unitree_go/msg/detail/sport_mode_cmd__type_support.c
[0.778s] -- Up-to-date: /home/issatay/Desktop/unitree_ws/install/unitree_go/include/unitree_go/unitree_go/msg/detail/sport_mode_state__type_support.c
[0.778s] -- Up-to-date: /home/issatay/Desktop/unitree_ws/install/unitree_go/include/unitree_go/unitree_go/msg/detail/bms_state__rosidl_typesupport_introspection_c.h
[0.779s] -- Up-to-date: /home/issatay/Desktop/unitree_ws/install/unitree_go/include/unitree_go/unitree_go/msg/detail/res__rosidl_typesupport_introspection_c.h
[0.779s] -- Up-to-date: /home/issatay/Desktop/unitree_ws/install/unitree_go/include/unitree_go/unitree_go/msg/detail/req__type_support.c
[0.779s] -- Up-to-date: /home/issatay/Desktop/unitree_ws/install/unitree_go/include/unitree_go/unitree_go/msg/detail/uwb_switch__rosidl_typesupport_introspection_c.h
[0.779s] -- Up-to-date: /home/issatay/Desktop/unitree_ws/install/unitree_go/include/unitree_go/unitree_go/msg/detail/go2_front_video_data__rosidl_typesupport_introspection_c.h
[0.780s] -- Up-to-date: /home/issatay/Desktop/unitree_ws/install/unitree_go/include/unitree_go/unitree_go/msg/detail/bms_state__type_support.c
[0.780s] -- Up-to-date: /home/issatay/Desktop/unitree_ws/install/unitree_go/include/unitree_go/unitree_go/msg/detail/motor_states__rosidl_typesupport_introspection_c.h
[0.780s] -- Up-to-date: /home/issatay/Desktop/unitree_ws/install/unitree_go/include/unitree_go/unitree_go/msg/detail/imu_state__type_support.c
[0.780s] -- Up-to-date: /home/issatay/Desktop/unitree_ws/install/unitree_go/include/unitree_go/unitree_go/msg/detail/height_map__type_support.c
[0.780s] -- Up-to-date: /home/issatay/Desktop/unitree_ws/install/unitree_go/include/unitree_go/unitree_go/msg/detail/audio_data__type_support.c
[0.780s] -- Up-to-date: /home/issatay/Desktop/unitree_ws/install/unitree_go/include/unitree_go/unitree_go/msg/detail/motor_cmd__rosidl_typesupport_introspection_c.h
[0.780s] -- Up-to-date: /home/issatay/Desktop/unitree_ws/install/unitree_go/include/unitree_go/unitree_go/msg/detail/path_point__type_support.c
[0.781s] -- Up-to-date: /home/issatay/Desktop/unitree_ws/install/unitree_go/include/unitree_go/unitree_go/msg/detail/height_map__rosidl_typesupport_introspection_c.h
[0.781s] -- Up-to-date: /home/issatay/Desktop/unitree_ws/install/unitree_go/include/unitree_go/unitree_go/msg/detail/lidar_state__rosidl_typesupport_introspection_c.h
[0.781s] -- Up-to-date: /home/issatay/Desktop/unitree_ws/install/unitree_go/include/unitree_go/unitree_go/msg/detail/motor_cmds__type_support.c
[0.781s] -- Up-to-date: /home/issatay/Desktop/unitree_ws/install/unitree_go/include/unitree_go/unitree_go/msg/detail/interface_config__type_support.c
[0.781s] -- Up-to-date: /home/issatay/Desktop/unitree_ws/install/unitree_go/include/unitree_go/unitree_go/msg/detail/uwb_state__rosidl_typesupport_introspection_c.h
[0.782s] -- Up-to-date: /home/issatay/Desktop/unitree_ws/install/unitree_go/include/unitree_go/unitree_go/msg/detail/uwb_state__type_support.c
[0.782s] -- Up-to-date: /home/issatay/Desktop/unitree_ws/install/unitree_go/include/unitree_go/unitree_go/msg/detail/motor_state__rosidl_typesupport_introspection_c.h
[0.782s] -- Up-to-date: /home/issatay/Desktop/unitree_ws/install/unitree_go/include/unitree_go/unitree_go/msg/detail/bms_cmd__rosidl_typesupport_introspection_c.h
[0.782s] -- Up-to-date: /home/issatay/Desktop/unitree_ws/install/unitree_go/include/unitree_go/unitree_go/msg/detail/res__type_support.c
[0.783s] -- Up-to-date: /home/issatay/Desktop/unitree_ws/install/unitree_go/include/unitree_go/unitree_go/msg/detail/time_spec__type_support.c
[0.783s] -- Up-to-date: /home/issatay/Desktop/unitree_ws/install/unitree_go/include/unitree_go/unitree_go/msg/detail/interface_config__rosidl_typesupport_introspection_c.h
[0.783s] -- Up-to-date: /home/issatay/Desktop/unitree_ws/install/unitree_go/include/unitree_go/unitree_go/msg/detail/low_cmd__rosidl_typesupport_introspection_c.h
[0.783s] -- Up-to-date: /home/issatay/Desktop/unitree_ws/install/unitree_go/include/unitree_go/unitree_go/msg/detail/error__type_support.c
[0.783s] -- Up-to-date: /home/issatay/Desktop/unitree_ws/install/unitree_go/include/unitree_go/unitree_go/msg/detail/motor_states__type_support.c
[0.783s] -- Up-to-date: /home/issatay/Desktop/unitree_ws/install/unitree_go/include/unitree_go/unitree_go/msg/detail/low_state__rosidl_typesupport_introspection_c.h
[0.783s] -- Up-to-date: /home/issatay/Desktop/unitree_ws/install/unitree_go/include/unitree_go/unitree_go/msg/detail/lidar_state__type_support.c
[0.783s] -- Up-to-date: /home/issatay/Desktop/unitree_ws/install/unitree_go/include/unitree_go/unitree_go/msg/detail/motor_cmd__type_support.c
[0.783s] -- Up-to-date: /home/issatay/Desktop/unitree_ws/install/unitree_go/include/unitree_go/unitree_go/msg/detail/motor_state__type_support.c
[0.783s] -- Up-to-date: /home/issatay/Desktop/unitree_ws/install/unitree_go/include/unitree_go/unitree_go/msg/detail/imu_state__rosidl_typesupport_introspection_c.h
[0.783s] -- Up-to-date: /home/issatay/Desktop/unitree_ws/install/unitree_go/include/unitree_go/unitree_go/msg/detail/error__rosidl_typesupport_introspection_c.h
[0.783s] -- Up-to-date: /home/issatay/Desktop/unitree_ws/install/unitree_go/include/unitree_go/unitree_go/msg/detail/req__rosidl_typesupport_introspection_c.h
[0.783s] -- Up-to-date: /home/issatay/Desktop/unitree_ws/install/unitree_go/include/unitree_go/unitree_go/msg/detail/sport_mode_cmd__rosidl_typesupport_introspection_c.h
[0.784s] -- Up-to-date: /home/issatay/Desktop/unitree_ws/install/unitree_go/include/unitree_go/unitree_go/msg/detail/go2_front_video_data__type_support.c
[0.784s] -- Up-to-date: /home/issatay/Desktop/unitree_ws/install/unitree_go/include/unitree_go/unitree_go/msg/detail/low_state__type_support.c
[0.784s] -- Up-to-date: /home/issatay/Desktop/unitree_ws/install/unitree_go/include/unitree_go/unitree_go/msg/detail/sport_mode_state__rosidl_typesupport_introspection_c.h
[0.784s] -- Up-to-date: /home/issatay/Desktop/unitree_ws/install/unitree_go/include/unitree_go/unitree_go/msg/detail/wireless_controller__type_support.c
[0.784s] -- Up-to-date: /home/issatay/Desktop/unitree_ws/install/unitree_go/include/unitree_go/unitree_go/msg/detail/path_point__rosidl_typesupport_introspection_c.h
[0.784s] -- Up-to-date: /home/issatay/Desktop/unitree_ws/install/unitree_go/include/unitree_go/unitree_go/msg/detail/wireless_controller__rosidl_typesupport_introspection_c.h
[0.784s] -- Up-to-date: /home/issatay/Desktop/unitree_ws/install/unitree_go/include/unitree_go/unitree_go/msg/detail/time_spec__rosidl_typesupport_introspection_c.h
[0.784s] -- Up-to-date: /home/issatay/Desktop/unitree_ws/install/unitree_go/include/unitree_go/unitree_go/msg/detail/audio_data__rosidl_typesupport_introspection_c.h
[0.784s] -- Up-to-date: /home/issatay/Desktop/unitree_ws/install/unitree_go/include/unitree_go/unitree_go/msg/detail/low_cmd__type_support.c
[0.784s] -- Up-to-date: /home/issatay/Desktop/unitree_ws/install/unitree_go/include/unitree_go/unitree_go/msg/detail/uwb_switch__type_support.c
[0.784s] -- Up-to-date: /home/issatay/Desktop/unitree_ws/install/unitree_go/include/unitree_go/unitree_go/msg/detail/motor_cmds__rosidl_typesupport_introspection_c.h
[0.784s] -- Up-to-date: /home/issatay/Desktop/unitree_ws/install/unitree_go/include/unitree_go/unitree_go/msg/rosidl_typesupport_introspection_c__visibility_control.h
[0.785s] -- Up-to-date: /home/issatay/Desktop/unitree_ws/install/unitree_go/lib/libunitree_go__rosidl_typesupport_introspection_c.so
[0.785s] -- Up-to-date: /home/issatay/Desktop/unitree_ws/install/unitree_go/lib/libunitree_go__rosidl_typesupport_c.so
[0.785s] -- Up-to-date: /home/issatay/Desktop/unitree_ws/install/unitree_go/include/unitree_go/unitree_go
[0.785s] -- Up-to-date: /home/issatay/Desktop/unitree_ws/install/unitree_go/include/unitree_go/unitree_go/msg
[0.785s] -- Up-to-date: /home/issatay/Desktop/unitree_ws/install/unitree_go/include/unitree_go/unitree_go/msg/detail
[0.785s] -- Up-to-date: /home/issatay/Desktop/unitree_ws/install/unitree_go/include/unitree_go/unitree_go/msg/detail/sport_mode_state__rosidl_typesupport_introspection_cpp.hpp
[0.785s] -- Up-to-date: /home/issatay/Desktop/unitree_ws/install/unitree_go/include/unitree_go/unitree_go/msg/detail/motor_cmds__type_support.cpp
[0.785s] -- Up-to-date: /home/issatay/Desktop/unitree_ws/install/unitree_go/include/unitree_go/unitree_go/msg/detail/uwb_switch__type_support.cpp
[0.785s] -- Up-to-date: /home/issatay/Desktop/unitree_ws/install/unitree_go/include/unitree_go/unitree_go/msg/detail/interface_config__type_support.cpp
[0.785s] -- Up-to-date: /home/issatay/Desktop/unitree_ws/install/unitree_go/include/unitree_go/unitree_go/msg/detail/motor_state__type_support.cpp
[0.786s] -- Up-to-date: /home/issatay/Desktop/unitree_ws/install/unitree_go/include/unitree_go/unitree_go/msg/detail/error__type_support.cpp
[0.786s] -- Up-to-date: /home/issatay/Desktop/unitree_ws/install/unitree_go/include/unitree_go/unitree_go/msg/detail/motor_cmds__rosidl_typesupport_introspection_cpp.hpp
[0.786s] -- Up-to-date: /home/issatay/Desktop/unitree_ws/install/unitree_go/include/unitree_go/unitree_go/msg/detail/bms_state__rosidl_typesupport_introspection_cpp.hpp
[0.786s] -- Up-to-date: /home/issatay/Desktop/unitree_ws/install/unitree_go/include/unitree_go/unitree_go/msg/detail/wireless_controller__type_support.cpp
[0.786s] -- Up-to-date: /home/issatay/Desktop/unitree_ws/install/unitree_go/include/unitree_go/unitree_go/msg/detail/sport_mode_cmd__rosidl_typesupport_introspection_cpp.hpp
[0.786s] -- Up-to-date: /home/issatay/Desktop/unitree_ws/install/unitree_go/include/unitree_go/unitree_go/msg/detail/motor_states__rosidl_typesupport_introspection_cpp.hpp
[0.786s] -- Up-to-date: /home/issatay/Desktop/unitree_ws/install/unitree_go/include/unitree_go/unitree_go/msg/detail/uwb_state__type_support.cpp
[0.787s] -- Up-to-date: /home/issatay/Desktop/unitree_ws/install/unitree_go/include/unitree_go/unitree_go/msg/detail/height_map__type_support.cpp
[0.787s] -- Up-to-date: /home/issatay/Desktop/unitree_ws/install/unitree_go/include/unitree_go/unitree_go/msg/detail/sport_mode_cmd__type_support.cpp
[0.787s] -- Up-to-date: /home/issatay/Desktop/unitree_ws/install/unitree_go/include/unitree_go/unitree_go/msg/detail/low_cmd__type_support.cpp
[0.787s] -- Up-to-date: /home/issatay/Desktop/unitree_ws/install/unitree_go/include/unitree_go/unitree_go/msg/detail/low_cmd__rosidl_typesupport_introspection_cpp.hpp
[0.787s] -- Up-to-date: /home/issatay/Desktop/unitree_ws/install/unitree_go/include/unitree_go/unitree_go/msg/detail/res__type_support.cpp
[0.787s] -- Up-to-date: /home/issatay/Desktop/unitree_ws/install/unitree_go/include/unitree_go/unitree_go/msg/detail/low_state__type_support.cpp
[0.787s] -- Up-to-date: /home/issatay/Desktop/unitree_ws/install/unitree_go/include/unitree_go/unitree_go/msg/detail/error__rosidl_typesupport_introspection_cpp.hpp
[0.787s] -- Up-to-date: /home/issatay/Desktop/unitree_ws/install/unitree_go/include/unitree_go/unitree_go/msg/detail/motor_cmd__rosidl_typesupport_introspection_cpp.hpp
[0.787s] -- Up-to-date: /home/issatay/Desktop/unitree_ws/install/unitree_go/include/unitree_go/unitree_go/msg/detail/res__rosidl_typesupport_introspection_cpp.hpp
[0.787s] -- Up-to-date: /home/issatay/Desktop/unitree_ws/install/unitree_go/include/unitree_go/unitree_go/msg/detail/audio_data__type_support.cpp
[0.787s] -- Up-to-date: /home/issatay/Desktop/unitree_ws/install/unitree_go/include/unitree_go/unitree_go/msg/detail/time_spec__rosidl_typesupport_introspection_cpp.hpp
[0.787s] -- Up-to-date: /home/issatay/Desktop/unitree_ws/install/unitree_go/include/unitree_go/unitree_go/msg/detail/time_spec__type_support.cpp
[0.787s] -- Up-to-date: /home/issatay/Desktop/unitree_ws/install/unitree_go/include/unitree_go/unitree_go/msg/detail/req__type_support.cpp
[0.788s] -- Up-to-date: /home/issatay/Desktop/unitree_ws/install/unitree_go/include/unitree_go/unitree_go/msg/detail/path_point__type_support.cpp
[0.788s] -- Up-to-date: /home/issatay/Desktop/unitree_ws/install/unitree_go/include/unitree_go/unitree_go/msg/detail/low_state__rosidl_typesupport_introspection_cpp.hpp
[0.788s] -- Up-to-date: /home/issatay/Desktop/unitree_ws/install/unitree_go/include/unitree_go/unitree_go/msg/detail/path_point__rosidl_typesupport_introspection_cpp.hpp
[0.788s] -- Up-to-date: /home/issatay/Desktop/unitree_ws/install/unitree_go/include/unitree_go/unitree_go/msg/detail/imu_state__rosidl_typesupport_introspection_cpp.hpp
[0.788s] -- Up-to-date: /home/issatay/Desktop/unitree_ws/install/unitree_go/include/unitree_go/unitree_go/msg/detail/imu_state__type_support.cpp
[0.788s] -- Up-to-date: /home/issatay/Desktop/unitree_ws/install/unitree_go/include/unitree_go/unitree_go/msg/detail/interface_config__rosidl_typesupport_introspection_cpp.hpp
[0.788s] -- Up-to-date: /home/issatay/Desktop/unitree_ws/install/unitree_go/include/unitree_go/unitree_go/msg/detail/motor_state__rosidl_typesupport_introspection_cpp.hpp
[0.788s] -- Up-to-date: /home/issatay/Desktop/unitree_ws/install/unitree_go/include/unitree_go/unitree_go/msg/detail/go2_front_video_data__rosidl_typesupport_introspection_cpp.hpp
[0.788s] -- Up-to-date: /home/issatay/Desktop/unitree_ws/install/unitree_go/include/unitree_go/unitree_go/msg/detail/motor_cmd__type_support.cpp
[0.788s] -- Up-to-date: /home/issatay/Desktop/unitree_ws/install/unitree_go/include/unitree_go/unitree_go/msg/detail/uwb_state__rosidl_typesupport_introspection_cpp.hpp
[0.789s] -- Up-to-date: /home/issatay/Desktop/unitree_ws/install/unitree_go/include/unitree_go/unitree_go/msg/detail/bms_cmd__rosidl_typesupport_introspection_cpp.hpp
[0.789s] -- Up-to-date: /home/issatay/Desktop/unitree_ws/install/unitree_go/include/unitree_go/unitree_go/msg/detail/motor_states__type_support.cpp
[0.789s] -- Up-to-date: /home/issatay/Desktop/unitree_ws/install/unitree_go/include/unitree_go/unitree_go/msg/detail/go2_front_video_data__type_support.cpp
[0.789s] -- Up-to-date: /home/issatay/Desktop/unitree_ws/install/unitree_go/include/unitree_go/unitree_go/msg/detail/height_map__rosidl_typesupport_introspection_cpp.hpp
[0.789s] -- Up-to-date: /home/issatay/Desktop/unitree_ws/install/unitree_go/include/unitree_go/unitree_go/msg/detail/lidar_state__rosidl_typesupport_introspection_cpp.hpp
[0.789s] -- Up-to-date: /home/issatay/Desktop/unitree_ws/install/unitree_go/include/unitree_go/unitree_go/msg/detail/lidar_state__type_support.cpp
[0.789s] -- Up-to-date: /home/issatay/Desktop/unitree_ws/install/unitree_go/include/unitree_go/unitree_go/msg/detail/req__rosidl_typesupport_introspection_cpp.hpp
[0.789s] -- Up-to-date: /home/issatay/Desktop/unitree_ws/install/unitree_go/include/unitree_go/unitree_go/msg/detail/bms_cmd__type_support.cpp
[0.789s] -- Up-to-date: /home/issatay/Desktop/unitree_ws/install/unitree_go/include/unitree_go/unitree_go/msg/detail/uwb_switch__rosidl_typesupport_introspection_cpp.hpp
[0.789s] -- Up-to-date: /home/issatay/Desktop/unitree_ws/install/unitree_go/include/unitree_go/unitree_go/msg/detail/sport_mode_state__type_support.cpp
[0.790s] -- Up-to-date: /home/issatay/Desktop/unitree_ws/install/unitree_go/include/unitree_go/unitree_go/msg/detail/bms_state__type_support.cpp
[0.790s] -- Up-to-date: /home/issatay/Desktop/unitree_ws/install/unitree_go/include/unitree_go/unitree_go/msg/detail/wireless_controller__rosidl_typesupport_introspection_cpp.hpp
[0.790s] -- Up-to-date: /home/issatay/Desktop/unitree_ws/install/unitree_go/include/unitree_go/unitree_go/msg/detail/audio_data__rosidl_typesupport_introspection_cpp.hpp
[0.790s] -- Up-to-date: /home/issatay/Desktop/unitree_ws/install/unitree_go/lib/libunitree_go__rosidl_typesupport_introspection_cpp.so
[0.790s] -- Up-to-date: /home/issatay/Desktop/unitree_ws/install/unitree_go/lib/libunitree_go__rosidl_typesupport_cpp.so
[0.790s] -- Up-to-date: /home/issatay/Desktop/unitree_ws/install/unitree_go/share/unitree_go/environment/pythonpath.sh
[0.790s] -- Up-to-date: /home/issatay/Desktop/unitree_ws/install/unitree_go/share/unitree_go/environment/pythonpath.dsv
[0.790s] -- Up-to-date: /home/issatay/Desktop/unitree_ws/install/unitree_go/local/lib/python3.10/dist-packages/unitree_go-0.0.0-py3.10.egg-info
[0.790s] -- Installing: /home/issatay/Desktop/unitree_ws/install/unitree_go/local/lib/python3.10/dist-packages/unitree_go-0.0.0-py3.10.egg-info/SOURCES.txt
[0.790s] -- Installing: /home/issatay/Desktop/unitree_ws/install/unitree_go/local/lib/python3.10/dist-packages/unitree_go-0.0.0-py3.10.egg-info/dependency_links.txt
[0.790s] -- Installing: /home/issatay/Desktop/unitree_ws/install/unitree_go/local/lib/python3.10/dist-packages/unitree_go-0.0.0-py3.10.egg-info/top_level.txt
[0.791s] -- Installing: /home/issatay/Desktop/unitree_ws/install/unitree_go/local/lib/python3.10/dist-packages/unitree_go-0.0.0-py3.10.egg-info/PKG-INFO
[0.791s] -- Up-to-date: /home/issatay/Desktop/unitree_ws/install/unitree_go/local/lib/python3.10/dist-packages/unitree_go
[0.791s] -- Up-to-date: /home/issatay/Desktop/unitree_ws/install/unitree_go/local/lib/python3.10/dist-packages/unitree_go/msg
[0.791s] -- Up-to-date: /home/issatay/Desktop/unitree_ws/install/unitree_go/local/lib/python3.10/dist-packages/unitree_go/msg/_time_spec.py
[0.791s] -- Up-to-date: /home/issatay/Desktop/unitree_ws/install/unitree_go/local/lib/python3.10/dist-packages/unitree_go/msg/_audio_data.py
[0.791s] -- Up-to-date: /home/issatay/Desktop/unitree_ws/install/unitree_go/local/lib/python3.10/dist-packages/unitree_go/msg/_height_map_s.c
[0.791s] -- Up-to-date: /home/issatay/Desktop/unitree_ws/install/unitree_go/local/lib/python3.10/dist-packages/unitree_go/msg/_motor_states.py
[0.791s] -- Up-to-date: /home/issatay/Desktop/unitree_ws/install/unitree_go/local/lib/python3.10/dist-packages/unitree_go/msg/_time_spec_s.c
[0.791s] -- Up-to-date: /home/issatay/Desktop/unitree_ws/install/unitree_go/local/lib/python3.10/dist-packages/unitree_go/msg/_go2_front_video_data.py
[0.791s] -- Up-to-date: /home/issatay/Desktop/unitree_ws/install/unitree_go/local/lib/python3.10/dist-packages/unitree_go/msg/_low_state.py
[0.791s] -- Up-to-date: /home/issatay/Desktop/unitree_ws/install/unitree_go/local/lib/python3.10/dist-packages/unitree_go/msg/_req_s.c
[0.791s] -- Up-to-date: /home/issatay/Desktop/unitree_ws/install/unitree_go/local/lib/python3.10/dist-packages/unitree_go/msg/_imu_state.py
[0.791s] -- Up-to-date: /home/issatay/Desktop/unitree_ws/install/unitree_go/local/lib/python3.10/dist-packages/unitree_go/msg/_path_point.py
[0.792s] -- Up-to-date: /home/issatay/Desktop/unitree_ws/install/unitree_go/local/lib/python3.10/dist-packages/unitree_go/msg/_uwb_switch.py
[0.792s] -- Up-to-date: /home/issatay/Desktop/unitree_ws/install/unitree_go/local/lib/python3.10/dist-packages/unitree_go/msg/_uwb_switch_s.c
[0.792s] -- Up-to-date: /home/issatay/Desktop/unitree_ws/install/unitree_go/local/lib/python3.10/dist-packages/unitree_go/msg/_low_cmd_s.c
[0.792s] -- Up-to-date: /home/issatay/Desktop/unitree_ws/install/unitree_go/local/lib/python3.10/dist-packages/unitree_go/msg/_bms_state_s.c
[0.792s] -- Up-to-date: /home/issatay/Desktop/unitree_ws/install/unitree_go/local/lib/python3.10/dist-packages/unitree_go/msg/_motor_cmds.py
[0.792s] -- Up-to-date: /home/issatay/Desktop/unitree_ws/install/unitree_go/local/lib/python3.10/dist-packages/unitree_go/msg/_bms_cmd.py
[0.792s] -- Up-to-date: /home/issatay/Desktop/unitree_ws/install/unitree_go/local/lib/python3.10/dist-packages/unitree_go/msg/_bms_cmd_s.c
[0.792s] -- Up-to-date: /home/issatay/Desktop/unitree_ws/install/unitree_go/local/lib/python3.10/dist-packages/unitree_go/msg/_interface_config.py
[0.793s] -- Up-to-date: /home/issatay/Desktop/unitree_ws/install/unitree_go/local/lib/python3.10/dist-packages/unitree_go/msg/_sport_mode_state.py
[0.793s] -- Up-to-date: /home/issatay/Desktop/unitree_ws/install/unitree_go/local/lib/python3.10/dist-packages/unitree_go/msg/_low_cmd.py
[0.793s] -- Up-to-date: /home/issatay/Desktop/unitree_ws/install/unitree_go/local/lib/python3.10/dist-packages/unitree_go/msg/_sport_mode_cmd_s.c
[0.793s] -- Up-to-date: /home/issatay/Desktop/unitree_ws/install/unitree_go/local/lib/python3.10/dist-packages/unitree_go/msg/_low_state_s.c
[0.793s] -- Up-to-date: /home/issatay/Desktop/unitree_ws/install/unitree_go/local/lib/python3.10/dist-packages/unitree_go/msg/_imu_state_s.c
[0.793s] -- Up-to-date: /home/issatay/Desktop/unitree_ws/install/unitree_go/local/lib/python3.10/dist-packages/unitree_go/msg/_uwb_state.py
[0.793s] -- Up-to-date: /home/issatay/Desktop/unitree_ws/install/unitree_go/local/lib/python3.10/dist-packages/unitree_go/msg/_lidar_state.py
[0.794s] -- Up-to-date: /home/issatay/Desktop/unitree_ws/install/unitree_go/local/lib/python3.10/dist-packages/unitree_go/msg/_go2_front_video_data_s.c
[0.794s] -- Up-to-date: /home/issatay/Desktop/unitree_ws/install/unitree_go/local/lib/python3.10/dist-packages/unitree_go/msg/_sport_mode_cmd.py
[0.794s] -- Up-to-date: /home/issatay/Desktop/unitree_ws/install/unitree_go/local/lib/python3.10/dist-packages/unitree_go/msg/_motor_state.py
[0.794s] -- Up-to-date: /home/issatay/Desktop/unitree_ws/install/unitree_go/local/lib/python3.10/dist-packages/unitree_go/msg/_wireless_controller_s.c
[0.794s] -- Up-to-date: /home/issatay/Desktop/unitree_ws/install/unitree_go/local/lib/python3.10/dist-packages/unitree_go/msg/_sport_mode_state_s.c
[0.794s] -- Up-to-date: /home/issatay/Desktop/unitree_ws/install/unitree_go/local/lib/python3.10/dist-packages/unitree_go/msg/_wireless_controller.py
[0.794s] -- Up-to-date: /home/issatay/Desktop/unitree_ws/install/unitree_go/local/lib/python3.10/dist-packages/unitree_go/msg/_bms_state.py
[0.794s] -- Up-to-date: /home/issatay/Desktop/unitree_ws/install/unitree_go/local/lib/python3.10/dist-packages/unitree_go/msg/_audio_data_s.c
[0.794s] -- Up-to-date: /home/issatay/Desktop/unitree_ws/install/unitree_go/local/lib/python3.10/dist-packages/unitree_go/msg/_height_map.py
[0.794s] -- Up-to-date: /home/issatay/Desktop/unitree_ws/install/unitree_go/local/lib/python3.10/dist-packages/unitree_go/msg/_error.py
[0.794s] -- Up-to-date: /home/issatay/Desktop/unitree_ws/install/unitree_go/local/lib/python3.10/dist-packages/unitree_go/msg/_error_s.c
[0.795s] -- Up-to-date: /home/issatay/Desktop/unitree_ws/install/unitree_go/local/lib/python3.10/dist-packages/unitree_go/msg/_motor_states_s.c
[0.795s] -- Up-to-date: /home/issatay/Desktop/unitree_ws/install/unitree_go/local/lib/python3.10/dist-packages/unitree_go/msg/_res.py
[0.795s] -- Up-to-date: /home/issatay/Desktop/unitree_ws/install/unitree_go/local/lib/python3.10/dist-packages/unitree_go/msg/_motor_cmds_s.c
[0.795s] -- Up-to-date: /home/issatay/Desktop/unitree_ws/install/unitree_go/local/lib/python3.10/dist-packages/unitree_go/msg/_path_point_s.c
[0.795s] -- Up-to-date: /home/issatay/Desktop/unitree_ws/install/unitree_go/local/lib/python3.10/dist-packages/unitree_go/msg/__init__.py
[0.795s] -- Up-to-date: /home/issatay/Desktop/unitree_ws/install/unitree_go/local/lib/python3.10/dist-packages/unitree_go/msg/_motor_cmd_s.c
[0.795s] -- Up-to-date: /home/issatay/Desktop/unitree_ws/install/unitree_go/local/lib/python3.10/dist-packages/unitree_go/msg/_interface_config_s.c
[0.795s] -- Up-to-date: /home/issatay/Desktop/unitree_ws/install/unitree_go/local/lib/python3.10/dist-packages/unitree_go/msg/_req.py
[0.795s] -- Up-to-date: /home/issatay/Desktop/unitree_ws/install/unitree_go/local/lib/python3.10/dist-packages/unitree_go/msg/_motor_state_s.c
[0.795s] -- Up-to-date: /home/issatay/Desktop/unitree_ws/install/unitree_go/local/lib/python3.10/dist-packages/unitree_go/msg/_lidar_state_s.c
[0.795s] -- Up-to-date: /home/issatay/Desktop/unitree_ws/install/unitree_go/local/lib/python3.10/dist-packages/unitree_go/msg/_uwb_state_s.c
[0.795s] -- Up-to-date: /home/issatay/Desktop/unitree_ws/install/unitree_go/local/lib/python3.10/dist-packages/unitree_go/msg/_motor_cmd.py
[0.796s] -- Up-to-date: /home/issatay/Desktop/unitree_ws/install/unitree_go/local/lib/python3.10/dist-packages/unitree_go/msg/_res_s.c
[0.796s] -- Up-to-date: /home/issatay/Desktop/unitree_ws/install/unitree_go/local/lib/python3.10/dist-packages/unitree_go/unitree_go_s__rosidl_typesupport_fastrtps_c.cpython-310-x86_64-linux-gnu.so
[0.796s] -- Up-to-date: /home/issatay/Desktop/unitree_ws/install/unitree_go/local/lib/python3.10/dist-packages/unitree_go/libunitree_go__rosidl_generator_py.so
[0.796s] -- Up-to-date: /home/issatay/Desktop/unitree_ws/install/unitree_go/local/lib/python3.10/dist-packages/unitree_go/_unitree_go_s.ep.rosidl_typesupport_introspection_c.c
[0.796s] -- Up-to-date: /home/issatay/Desktop/unitree_ws/install/unitree_go/local/lib/python3.10/dist-packages/unitree_go/unitree_go_s__rosidl_typesupport_introspection_c.cpython-310-x86_64-linux-gnu.so
[0.796s] -- Up-to-date: /home/issatay/Desktop/unitree_ws/install/unitree_go/local/lib/python3.10/dist-packages/unitree_go/unitree_go_s__rosidl_typesupport_c.cpython-310-x86_64-linux-gnu.so
[0.796s] -- Up-to-date: /home/issatay/Desktop/unitree_ws/install/unitree_go/local/lib/python3.10/dist-packages/unitree_go/_unitree_go_s.ep.rosidl_typesupport_fastrtps_c.c
[0.796s] -- Up-to-date: /home/issatay/Desktop/unitree_ws/install/unitree_go/local/lib/python3.10/dist-packages/unitree_go/_unitree_go_s.ep.rosidl_typesupport_c.c
[0.796s] -- Up-to-date: /home/issatay/Desktop/unitree_ws/install/unitree_go/local/lib/python3.10/dist-packages/unitree_go/__init__.py
[0.806s] Listing '/home/issatay/Desktop/unitree_ws/install/unitree_go/local/lib/python3.10/dist-packages/unitree_go'...
[0.807s] Listing '/home/issatay/Desktop/unitree_ws/install/unitree_go/local/lib/python3.10/dist-packages/unitree_go/msg'...
[0.812s] -- Up-to-date: /home/issatay/Desktop/unitree_ws/install/unitree_go/local/lib/python3.10/dist-packages/unitree_go/unitree_go_s__rosidl_typesupport_fastrtps_c.cpython-310-x86_64-linux-gnu.so
[0.812s] -- Up-to-date: /home/issatay/Desktop/unitree_ws/install/unitree_go/local/lib/python3.10/dist-packages/unitree_go/unitree_go_s__rosidl_typesupport_introspection_c.cpython-310-x86_64-linux-gnu.so
[0.812s] -- Up-to-date: /home/issatay/Desktop/unitree_ws/install/unitree_go/local/lib/python3.10/dist-packages/unitree_go/unitree_go_s__rosidl_typesupport_c.cpython-310-x86_64-linux-gnu.so
[0.812s] -- Up-to-date: /home/issatay/Desktop/unitree_ws/install/unitree_go/lib/libunitree_go__rosidl_generator_py.so
[0.813s] -- Up-to-date: /home/issatay/Desktop/unitree_ws/install/unitree_go/share/unitree_go/msg/AudioData.idl
[0.813s] -- Up-to-date: /home/issatay/Desktop/unitree_ws/install/unitree_go/share/unitree_go/msg/BmsCmd.idl
[0.813s] -- Up-to-date: /home/issatay/Desktop/unitree_ws/install/unitree_go/share/unitree_go/msg/BmsState.idl
[0.813s] -- Up-to-date: /home/issatay/Desktop/unitree_ws/install/unitree_go/share/unitree_go/msg/Error.idl
[0.814s] -- Up-to-date: /home/issatay/Desktop/unitree_ws/install/unitree_go/share/unitree_go/msg/Go2FrontVideoData.idl
[0.814s] -- Up-to-date: /home/issatay/Desktop/unitree_ws/install/unitree_go/share/unitree_go/msg/HeightMap.idl
[0.814s] -- Up-to-date: /home/issatay/Desktop/unitree_ws/install/unitree_go/share/unitree_go/msg/IMUState.idl
[0.814s] -- Up-to-date: /home/issatay/Desktop/unitree_ws/install/unitree_go/share/unitree_go/msg/InterfaceConfig.idl
[0.814s] -- Up-to-date: /home/issatay/Desktop/unitree_ws/install/unitree_go/share/unitree_go/msg/LidarState.idl
[0.814s] -- Up-to-date: /home/issatay/Desktop/unitree_ws/install/unitree_go/share/unitree_go/msg/LowCmd.idl
[0.814s] -- Up-to-date: /home/issatay/Desktop/unitree_ws/install/unitree_go/share/unitree_go/msg/LowState.idl
[0.814s] -- Up-to-date: /home/issatay/Desktop/unitree_ws/install/unitree_go/share/unitree_go/msg/MotorCmd.idl
[0.814s] -- Up-to-date: /home/issatay/Desktop/unitree_ws/install/unitree_go/share/unitree_go/msg/MotorCmds.idl
[0.814s] -- Up-to-date: /home/issatay/Desktop/unitree_ws/install/unitree_go/share/unitree_go/msg/MotorState.idl
[0.815s] -- Up-to-date: /home/issatay/Desktop/unitree_ws/install/unitree_go/share/unitree_go/msg/MotorStates.idl
[0.816s] -- Up-to-date: /home/issatay/Desktop/unitree_ws/install/unitree_go/share/unitree_go/msg/PathPoint.idl
[0.816s] -- Up-to-date: /home/issatay/Desktop/unitree_ws/install/unitree_go/share/unitree_go/msg/Req.idl
[0.816s] -- Up-to-date: /home/issatay/Desktop/unitree_ws/install/unitree_go/share/unitree_go/msg/Res.idl
[0.816s] -- Up-to-date: /home/issatay/Desktop/unitree_ws/install/unitree_go/share/unitree_go/msg/SportModeCmd.idl
[0.816s] -- Up-to-date: /home/issatay/Desktop/unitree_ws/install/unitree_go/share/unitree_go/msg/SportModeState.idl
[0.817s] -- Up-to-date: /home/issatay/Desktop/unitree_ws/install/unitree_go/share/unitree_go/msg/TimeSpec.idl
[0.817s] -- Up-to-date: /home/issatay/Desktop/unitree_ws/install/unitree_go/share/unitree_go/msg/UwbState.idl
[0.817s] -- Up-to-date: /home/issatay/Desktop/unitree_ws/install/unitree_go/share/unitree_go/msg/UwbSwitch.idl
[0.817s] -- Up-to-date: /home/issatay/Desktop/unitree_ws/install/unitree_go/share/unitree_go/msg/WirelessController.idl
[0.817s] -- Up-to-date: /home/issatay/Desktop/unitree_ws/install/unitree_go/share/unitree_go/msg/AudioData.msg
[0.817s] -- Up-to-date: /home/issatay/Desktop/unitree_ws/install/unitree_go/share/unitree_go/msg/BmsCmd.msg
[0.817s] -- Up-to-date: /home/issatay/Desktop/unitree_ws/install/unitree_go/share/unitree_go/msg/BmsState.msg
[0.817s] -- Up-to-date: /home/issatay/Desktop/unitree_ws/install/unitree_go/share/unitree_go/msg/Error.msg
[0.817s] -- Up-to-date: /home/issatay/Desktop/unitree_ws/install/unitree_go/share/unitree_go/msg/Go2FrontVideoData.msg
[0.817s] -- Up-to-date: /home/issatay/Desktop/unitree_ws/install/unitree_go/share/unitree_go/msg/HeightMap.msg
[0.817s] -- Up-to-date: /home/issatay/Desktop/unitree_ws/install/unitree_go/share/unitree_go/msg/IMUState.msg
[0.817s] -- Up-to-date: /home/issatay/Desktop/unitree_ws/install/unitree_go/share/unitree_go/msg/InterfaceConfig.msg
[0.817s] -- Up-to-date: /home/issatay/Desktop/unitree_ws/install/unitree_go/share/unitree_go/msg/LidarState.msg
[0.817s] -- Up-to-date: /home/issatay/Desktop/unitree_ws/install/unitree_go/share/unitree_go/msg/LowCmd.msg
[0.818s] -- Up-to-date: /home/issatay/Desktop/unitree_ws/install/unitree_go/share/unitree_go/msg/LowState.msg
[0.818s] -- Up-to-date: /home/issatay/Desktop/unitree_ws/install/unitree_go/share/unitree_go/msg/MotorCmd.msg
[0.818s] -- Up-to-date: /home/issatay/Desktop/unitree_ws/install/unitree_go/share/unitree_go/msg/MotorCmds.msg
[0.818s] -- Up-to-date: /home/issatay/Desktop/unitree_ws/install/unitree_go/share/unitree_go/msg/MotorState.msg
[0.818s] -- Up-to-date: /home/issatay/Desktop/unitree_ws/install/unitree_go/share/unitree_go/msg/MotorStates.msg
[0.818s] -- Up-to-date: /home/issatay/Desktop/unitree_ws/install/unitree_go/share/unitree_go/msg/PathPoint.msg
[0.818s] -- Up-to-date: /home/issatay/Desktop/unitree_ws/install/unitree_go/share/unitree_go/msg/Req.msg
[0.819s] -- Up-to-date: /home/issatay/Desktop/unitree_ws/install/unitree_go/share/unitree_go/msg/Res.msg
[0.819s] -- Up-to-date: /home/issatay/Desktop/unitree_ws/install/unitree_go/share/unitree_go/msg/SportModeCmd.msg
[0.819s] -- Up-to-date: /home/issatay/Desktop/unitree_ws/install/unitree_go/share/unitree_go/msg/SportModeState.msg
[0.819s] -- Up-to-date: /home/issatay/Desktop/unitree_ws/install/unitree_go/share/unitree_go/msg/TimeSpec.msg
[0.819s] -- Up-to-date: /home/issatay/Desktop/unitree_ws/install/unitree_go/share/unitree_go/msg/UwbState.msg
[0.819s] -- Up-to-date: /home/issatay/Desktop/unitree_ws/install/unitree_go/share/unitree_go/msg/UwbSwitch.msg
[0.819s] -- Up-to-date: /home/issatay/Desktop/unitree_ws/install/unitree_go/share/unitree_go/msg/WirelessController.msg
[0.819s] -- Up-to-date: /home/issatay/Desktop/unitree_ws/install/unitree_go/share/unitree_go/msg/dds_connext
[0.819s] -- Up-to-date: /home/issatay/Desktop/unitree_ws/install/unitree_go/share/unitree_go/msg/dds_connext/BmsCmd_.idl
[0.819s] -- Up-to-date: /home/issatay/Desktop/unitree_ws/install/unitree_go/share/unitree_go/msg/dds_connext/PathPoint_.idl
[0.819s] -- Up-to-date: /home/issatay/Desktop/unitree_ws/install/unitree_go/share/unitree_go/msg/dds_connext/Error_.idl
[0.819s] -- Up-to-date: /home/issatay/Desktop/unitree_ws/install/unitree_go/share/unitree_go/msg/dds_connext/LowCmd_.idl
[0.819s] -- Up-to-date: /home/issatay/Desktop/unitree_ws/install/unitree_go/share/unitree_go/msg/dds_connext/BmsState_.idl
[0.819s] -- Up-to-date: /home/issatay/Desktop/unitree_ws/install/unitree_go/share/unitree_go/msg/dds_connext/LidarState_.idl
[0.819s] -- Up-to-date: /home/issatay/Desktop/unitree_ws/install/unitree_go/share/unitree_go/msg/dds_connext/AudioData_.idl
[0.820s] -- Up-to-date: /home/issatay/Desktop/unitree_ws/install/unitree_go/share/unitree_go/msg/dds_connext/SportModeState_.idl
[0.820s] -- Up-to-date: /home/issatay/Desktop/unitree_ws/install/unitree_go/share/unitree_go/msg/dds_connext/MotorCmd_.idl
[0.820s] -- Up-to-date: /home/issatay/Desktop/unitree_ws/install/unitree_go/share/unitree_go/msg/dds_connext/UwbState_.idl
[0.820s] -- Up-to-date: /home/issatay/Desktop/unitree_ws/install/unitree_go/share/unitree_go/msg/dds_connext/InterfaceConfig_.idl
[0.820s] -- Up-to-date: /home/issatay/Desktop/unitree_ws/install/unitree_go/share/unitree_go/msg/dds_connext/WirelessController_.idl
[0.820s] -- Up-to-date: /home/issatay/Desktop/unitree_ws/install/unitree_go/share/unitree_go/msg/dds_connext/HeightMap_.idl
[0.820s] -- Up-to-date: /home/issatay/Desktop/unitree_ws/install/unitree_go/share/unitree_go/msg/dds_connext/MotorCmds_.idl
[0.820s] -- Up-to-date: /home/issatay/Desktop/unitree_ws/install/unitree_go/share/unitree_go/msg/dds_connext/Go2FrontVideoData_.idl
[0.820s] -- Up-to-date: /home/issatay/Desktop/unitree_ws/install/unitree_go/share/unitree_go/msg/dds_connext/Res_.idl
[0.820s] -- Up-to-date: /home/issatay/Desktop/unitree_ws/install/unitree_go/share/unitree_go/msg/dds_connext/Req_.idl
[0.820s] -- Up-to-date: /home/issatay/Desktop/unitree_ws/install/unitree_go/share/unitree_go/msg/dds_connext/MotorState_.idl
[0.820s] -- Up-to-date: /home/issatay/Desktop/unitree_ws/install/unitree_go/share/unitree_go/msg/dds_connext/TimeSpec_.idl
[0.820s] -- Up-to-date: /home/issatay/Desktop/unitree_ws/install/unitree_go/share/unitree_go/msg/dds_connext/UwbSwitch_.idl
[0.820s] -- Up-to-date: /home/issatay/Desktop/unitree_ws/install/unitree_go/share/unitree_go/msg/dds_connext/MotorStates_.idl
[0.820s] -- Up-to-date: /home/issatay/Desktop/unitree_ws/install/unitree_go/share/unitree_go/msg/dds_connext/LowState_.idl
[0.820s] -- Up-to-date: /home/issatay/Desktop/unitree_ws/install/unitree_go/share/unitree_go/msg/dds_connext/IMUState_.idl
[0.820s] -- Up-to-date: /home/issatay/Desktop/unitree_ws/install/unitree_go/share/unitree_go/msg/dds_connext/SportModeCmd_.idl
[0.820s] -- Up-to-date: /home/issatay/Desktop/unitree_ws/install/unitree_go/share/ament_index/resource_index/package_run_dependencies/unitree_go
[0.820s] -- Up-to-date: /home/issatay/Desktop/unitree_ws/install/unitree_go/share/ament_index/resource_index/parent_prefix_path/unitree_go
[0.820s] -- Up-to-date: /home/issatay/Desktop/unitree_ws/install/unitree_go/share/unitree_go/environment/ament_prefix_path.sh
[0.821s] -- Up-to-date: /home/issatay/Desktop/unitree_ws/install/unitree_go/share/unitree_go/environment/ament_prefix_path.dsv
[0.821s] -- Up-to-date: /home/issatay/Desktop/unitree_ws/install/unitree_go/share/unitree_go/environment/path.sh
[0.821s] -- Up-to-date: /home/issatay/Desktop/unitree_ws/install/unitree_go/share/unitree_go/environment/path.dsv
[0.821s] -- Up-to-date: /home/issatay/Desktop/unitree_ws/install/unitree_go/share/unitree_go/local_setup.bash
[0.821s] -- Up-to-date: /home/issatay/Desktop/unitree_ws/install/unitree_go/share/unitree_go/local_setup.sh
[0.821s] -- Up-to-date: /home/issatay/Desktop/unitree_ws/install/unitree_go/share/unitree_go/local_setup.zsh
[0.821s] -- Up-to-date: /home/issatay/Desktop/unitree_ws/install/unitree_go/share/unitree_go/local_setup.dsv
[0.821s] -- Installing: /home/issatay/Desktop/unitree_ws/install/unitree_go/share/unitree_go/package.dsv
[0.821s] -- Up-to-date: /home/issatay/Desktop/unitree_ws/install/unitree_go/share/ament_index/resource_index/packages/unitree_go
[0.821s] -- Up-to-date: /home/issatay/Desktop/unitree_ws/install/unitree_go/share/unitree_go/cmake/export_unitree_go__rosidl_generator_cExport.cmake
[0.821s] -- Up-to-date: /home/issatay/Desktop/unitree_ws/install/unitree_go/share/unitree_go/cmake/export_unitree_go__rosidl_generator_cExport-noconfig.cmake
[0.821s] -- Up-to-date: /home/issatay/Desktop/unitree_ws/install/unitree_go/share/unitree_go/cmake/export_unitree_go__rosidl_typesupport_fastrtps_cExport.cmake
[0.821s] -- Up-to-date: /home/issatay/Desktop/unitree_ws/install/unitree_go/share/unitree_go/cmake/export_unitree_go__rosidl_typesupport_fastrtps_cExport-noconfig.cmake
[0.822s] -- Up-to-date: /home/issatay/Desktop/unitree_ws/install/unitree_go/share/unitree_go/cmake/export_unitree_go__rosidl_generator_cppExport.cmake
[0.822s] -- Up-to-date: /home/issatay/Desktop/unitree_ws/install/unitree_go/share/unitree_go/cmake/export_unitree_go__rosidl_typesupport_fastrtps_cppExport.cmake
[0.822s] -- Up-to-date: /home/issatay/Desktop/unitree_ws/install/unitree_go/share/unitree_go/cmake/export_unitree_go__rosidl_typesupport_fastrtps_cppExport-noconfig.cmake
[0.822s] -- Up-to-date: /home/issatay/Desktop/unitree_ws/install/unitree_go/share/unitree_go/cmake/unitree_go__rosidl_typesupport_introspection_cExport.cmake
[0.822s] -- Up-to-date: /home/issatay/Desktop/unitree_ws/install/unitree_go/share/unitree_go/cmake/unitree_go__rosidl_typesupport_introspection_cExport-noconfig.cmake
[0.822s] -- Up-to-date: /home/issatay/Desktop/unitree_ws/install/unitree_go/share/unitree_go/cmake/unitree_go__rosidl_typesupport_cExport.cmake
[0.822s] -- Up-to-date: /home/issatay/Desktop/unitree_ws/install/unitree_go/share/unitree_go/cmake/unitree_go__rosidl_typesupport_cExport-noconfig.cmake
[0.822s] -- Up-to-date: /home/issatay/Desktop/unitree_ws/install/unitree_go/share/unitree_go/cmake/unitree_go__rosidl_typesupport_introspection_cppExport.cmake
[0.822s] -- Up-to-date: /home/issatay/Desktop/unitree_ws/install/unitree_go/share/unitree_go/cmake/unitree_go__rosidl_typesupport_introspection_cppExport-noconfig.cmake
[0.822s] -- Up-to-date: /home/issatay/Desktop/unitree_ws/install/unitree_go/share/unitree_go/cmake/unitree_go__rosidl_typesupport_cppExport.cmake
[0.822s] -- Up-to-date: /home/issatay/Desktop/unitree_ws/install/unitree_go/share/unitree_go/cmake/unitree_go__rosidl_typesupport_cppExport-noconfig.cmake
[0.822s] -- Up-to-date: /home/issatay/Desktop/unitree_ws/install/unitree_go/share/unitree_go/cmake/export_unitree_go__rosidl_generator_pyExport.cmake
[0.822s] -- Up-to-date: /home/issatay/Desktop/unitree_ws/install/unitree_go/share/unitree_go/cmake/export_unitree_go__rosidl_generator_pyExport-noconfig.cmake
[0.822s] -- Up-to-date: /home/issatay/Desktop/unitree_ws/install/unitree_go/share/unitree_go/cmake/rosidl_cmake-extras.cmake
[0.822s] -- Up-to-date: /home/issatay/Desktop/unitree_ws/install/unitree_go/share/unitree_go/cmake/ament_cmake_export_dependencies-extras.cmake
[0.822s] -- Up-to-date: /home/issatay/Desktop/unitree_ws/install/unitree_go/share/unitree_go/cmake/ament_cmake_export_include_directories-extras.cmake
[0.822s] -- Up-to-date: /home/issatay/Desktop/unitree_ws/install/unitree_go/share/unitree_go/cmake/ament_cmake_export_libraries-extras.cmake
[0.822s] -- Up-to-date: /home/issatay/Desktop/unitree_ws/install/unitree_go/share/unitree_go/cmake/ament_cmake_export_targets-extras.cmake
[0.822s] -- Up-to-date: /home/issatay/Desktop/unitree_ws/install/unitree_go/share/unitree_go/cmake/rosidl_cmake_export_typesupport_targets-extras.cmake
[0.822s] -- Up-to-date: /home/issatay/Desktop/unitree_ws/install/unitree_go/share/unitree_go/cmake/rosidl_cmake_export_typesupport_libraries-extras.cmake
[0.823s] -- Up-to-date: /home/issatay/Desktop/unitree_ws/install/unitree_go/share/unitree_go/cmake/unitree_goConfig.cmake
[0.823s] -- Up-to-date: /home/issatay/Desktop/unitree_ws/install/unitree_go/share/unitree_go/cmake/unitree_goConfig-version.cmake
[0.823s] -- Up-to-date: /home/issatay/Desktop/unitree_ws/install/unitree_go/share/unitree_go/package.xml
[0.826s] Invoked command in '/home/issatay/Desktop/unitree_ws/build/unitree_go' returned '0': CMAKE_PREFIX_PATH=${CMAKE_PREFIX_PATH}:/home/issatay/Desktop/unitree_ws/install/g1_gz_spawn:/home/issatay/Desktop/unitree_ws/install/g1_bringup:/opt/ros/humble /usr/bin/cmake --install /home/issatay/Desktop/unitree_ws/build/unitree_go
