[1.025s] Invoking command in '/home/issatay/Desktop/unitree_ws/src/g1_bringup': PYTHONPATH=/home/issatay/Desktop/unitree_ws/build/g1_bringup/prefix_override:/usr/lib/python3/dist-packages/colcon_core/task/python/colcon_distutils_commands:/home/issatay/Desktop/unitree_ws/install/g1_bringup/lib/python3.10/site-packages:${PYTHONPATH} /usr/bin/python3 -W ignore:setup.py install is deprecated -W ignore:easy_install command is deprecated setup.py egg_info --egg-base ../../build/g1_bringup build --build-base /home/issatay/Desktop/unitree_ws/build/g1_bringup/build install --record /home/issatay/Desktop/unitree_ws/build/g1_bringup/install.log --single-version-externally-managed install_data
[1.220s] running egg_info
[1.220s] writing ../../build/g1_bringup/g1_bringup.egg-info/PKG-INFO
[1.220s] writing dependency_links to ../../build/g1_bringup/g1_bringup.egg-info/dependency_links.txt
[1.221s] writing entry points to ../../build/g1_bringup/g1_bringup.egg-info/entry_points.txt
[1.221s] writing requirements to ../../build/g1_bringup/g1_bringup.egg-info/requires.txt
[1.221s] writing top-level names to ../../build/g1_bringup/g1_bringup.egg-info/top_level.txt
[1.223s] reading manifest file '../../build/g1_bringup/g1_bringup.egg-info/SOURCES.txt'
[1.223s] writing manifest file '../../build/g1_bringup/g1_bringup.egg-info/SOURCES.txt'
[1.224s] running build
[1.224s] running build_py
[1.224s] running install
[1.224s] running install_lib
[1.225s] running install_data
[1.225s] running install_egg_info
[1.226s] removing '/home/issatay/Desktop/unitree_ws/install/g1_bringup/lib/python3.10/site-packages/g1_bringup-0.0.0-py3.10.egg-info' (and everything under it)
[1.227s] Copying ../../build/g1_bringup/g1_bringup.egg-info to /home/issatay/Desktop/unitree_ws/install/g1_bringup/lib/python3.10/site-packages/g1_bringup-0.0.0-py3.10.egg-info
[1.228s] running install_scripts
[1.244s] writing list of installed files to '/home/issatay/Desktop/unitree_ws/build/g1_bringup/install.log'
[1.270s] Invoked command in '/home/issatay/Desktop/unitree_ws/src/g1_bringup' returned '0': PYTHONPATH=/home/issatay/Desktop/unitree_ws/build/g1_bringup/prefix_override:/usr/lib/python3/dist-packages/colcon_core/task/python/colcon_distutils_commands:/home/issatay/Desktop/unitree_ws/install/g1_bringup/lib/python3.10/site-packages:${PYTHONPATH} /usr/bin/python3 -W ignore:setup.py install is deprecated -W ignore:easy_install command is deprecated setup.py egg_info --egg-base ../../build/g1_bringup build --build-base /home/issatay/Desktop/unitree_ws/build/g1_bringup/build install --record /home/issatay/Desktop/unitree_ws/build/g1_bringup/install.log --single-version-externally-managed install_data
