[0.747s] Invoking command in '/home/issatay/Desktop/unitree_ws/build/unitree_sdk2': /usr/bin/cmake --build /home/issatay/Desktop/unitree_ws/build/unitree_sdk2 -- -j16 -l16
[0.851s] [  4%] Built target test_publisher
[0.853s] [  6%] Built target advanced_gamepad
[0.857s] [  9%] Built target state_machine_example
[0.858s] [ 13%] Built target test_subscriber
[0.858s] [ 18%] Built target go2_robot_state_client
[0.859s] [ 21%] Built target go2_vui_client
[0.859s] [ 16%] Built target test_jsonize
[0.860s] [ 24%] Built target go2_video_client
[0.865s] [ 27%] Built target go2_low_level
[0.865s] [ 29%] Built target go2_stand_example
[0.866s] [ 32%] Built target go2_sport_client
[0.867s] [ 35%] Built target b2_sport_client
[0.874s] [ 37%] Built target h1_low_level_example
[0.875s] [ 40%] Built target b2_stand_example
[0.876s] [ 43%] Built target h1_loco_client
[0.883s] [ 45%] Built target h1_27dof_example
[0.932s] [ 48%] Built target h1_2_ankle_track
[0.937s] [ 51%] Built target g1_arm5_sdk_dds_example
[0.938s] [ 54%] Built target h1_arm_sdk_dds_example
[0.946s] [ 56%] Built target g1_audio_client_example
[0.947s] [ 59%] Built target h1_2_arm_sdk_dds_example
[0.953s] [ 62%] Built target g1_arm7_sdk_dds_example
[0.955s] [ 64%] Built target g1_loco_client
[0.955s] [ 67%] Built target g1_ankle_swing_example
[0.961s] [ 70%] Built target g1_dual_arm_example
[0.963s] [ 74%] Built target g1_arm_action_example
[0.963s] [ 75%] Built target g1_dex3_example
[0.969s] [ 78%] Built target g1_agv_client_example
[0.980s] [ 81%] Built target g1_termination
[0.981s] [ 83%] Built target go2w_sport_client
[1.004s] [ 86%] Built target b2w_sport_client
[1.004s] [ 89%] Built target go2w_stand_example
[1.008s] [ 94%] Built target b2w_stand_example
[1.008s] [ 94%] Built target a2_sport_client
[1.010s] [ 97%] Built target a2_sport_state
[1.010s] [100%] Built target a2_audio_client_example
