[0.701s] Invoking command in '/home/issatay/Desktop/unitree_ws/build/unitree_sdk2': /usr/bin/cmake --build /home/issatay/Desktop/unitree_ws/build/unitree_sdk2 -- -j16 -l16
[0.819s] [  4%] Built target test_publisher
[0.820s] [  6%] Built target go2_stand_example
[0.820s] [ 13%] Built target go2_sport_client
[0.820s] [ 13%] Built target test_subscriber
[0.820s] [ 16%] Built target go2_low_level
[0.831s] [ 18%] Built target test_jsonize
[0.832s] [ 21%] Built target state_machine_example
[0.833s] [ 27%] Built target advanced_gamepad
[0.834s] [ 28%] Built target go2_robot_state_client
[0.836s] [ 29%] Built target go2_video_client
[0.836s] [ 35%] Built target b2_sport_client
[0.836s] [ 37%] Built target h1_low_level_example
[0.837s] [ 40%] Built target go2_vui_client
[0.839s] [ 32%] Built target h1_27dof_example
[0.842s] [ 43%] Built target h1_loco_client
[0.844s] [ 45%] Built target b2_stand_example
[0.880s] [ 48%] Built target h1_2_ankle_track
[0.893s] [ 51%] Built target g1_loco_client
[0.895s] [ 54%] Built target h1_2_arm_sdk_dds_example
[0.903s] [ 56%] Built target g1_ankle_swing_example
[0.908s] [ 59%] Built target g1_arm7_sdk_dds_example
[0.910s] [ 62%] Built target g1_arm5_sdk_dds_example
[0.913s] [ 64%] Built target h1_arm_sdk_dds_example
[0.914s] [ 67%] Built target g1_audio_client_example
[0.916s] [ 70%] Built target g1_dex3_example
[0.917s] [ 72%] Built target g1_dual_arm_example
[0.919s] [ 75%] Built target g1_arm_action_example
[0.921s] [ 78%] Built target g1_agv_client_example
[0.921s] [ 81%] Built target go2w_sport_client
[0.923s] [ 86%] Built target go2w_stand_example
[0.923s] [ 86%] Built target b2w_sport_client
[0.925s] [ 89%] Built target g1_termination
[0.949s] [ 91%] Built target a2_sport_state
[0.950s] [ 94%] Built target a2_sport_client
[0.950s] [ 97%] Built target b2w_stand_example
[0.953s] [100%] Built target a2_audio_client_example
