[0.699s] Invoking command in '/home/issatay/Desktop/unitree_ws/build/unitree_sdk2': /usr/bin/cmake --build /home/issatay/Desktop/unitree_ws/build/unitree_sdk2 -- -j16 -l16
[0.796s] [  5%] Built target test_publisher
[0.796s] [  8%] Built target test_subscriber
[0.806s] [ 10%] Built target advanced_gamepad
[0.807s] [ 13%] Built target test_jsonize
[0.808s] [ 16%] Built target state_machine_example
[0.808s] [ 18%] Built target go2_video_client
[0.808s] [ 21%] Built target go2_robot_state_client
[0.819s] [ 28%] Built target go2_low_level
[0.819s] [ 28%] Built target go2_sport_client
[0.820s] [ 31%] Built target h1_loco_client
[0.820s] [ 33%] Built target go2_stand_example
[0.820s] [ 35%] Built target go2_vui_client
[0.823s] [ 37%] Built target h1_low_level_example
[0.825s] [ 40%] Built target b2_sport_client
[0.827s] [ 43%] Built target b2_stand_example
[0.831s] [ 45%] Built target h1_27dof_example
[0.867s] [ 48%] Built target h1_2_ankle_track
[0.867s] [ 51%] Built target h1_2_arm_sdk_dds_example
[0.869s] [ 54%] Built target h1_arm_sdk_dds_example
[0.871s] [ 56%] Built target g1_loco_client
[0.873s] [ 60%] Built target g1_arm5_sdk_dds_example
[0.873s] [ 62%] Built target g1_arm7_sdk_dds_example
[0.878s] [ 64%] Built target g1_ankle_swing_example
[0.890s] [ 67%] Built target g1_audio_client_example
[0.891s] [ 70%] Built target g1_dex3_example
[0.907s] [ 72%] Built target g1_arm_action_example
[0.908s] [ 77%] Built target g1_dual_arm_example
[0.909s] [ 78%] Built target g1_termination
[0.914s] [ 81%] Built target g1_agv_client_example
[0.921s] [ 83%] Built target go2w_sport_client
[0.927s] [ 89%] Built target a2_sport_client
[0.927s] [ 89%] Built target b2w_sport_client
[0.931s] [ 91%] Built target go2w_stand_example
[0.932s] [ 94%] Built target b2w_stand_example
[0.934s] [ 97%] Built target a2_sport_state
[0.935s] [100%] Built target a2_audio_client_example
