[2.501s] Invoking command in '/home/issatay/Desktop/unitree_ws/build/g1_bringup': PYTHONPATH=/home/issatay/Desktop/unitree_ws/build/g1_bringup/prefix_override:/usr/lib/python3/dist-packages/colcon_core/task/python/colcon_distutils_commands:/home/issatay/Desktop/unitree_ws/install/g1_bringup/lib/python3.10/site-packages:${PYTHONPATH} /usr/bin/python3 -W ignore:setup.py install is deprecated -W ignore:easy_install command is deprecated setup.py develop --uninstall --editable --build-directory /home/issatay/Desktop/unitree_ws/build/g1_bringup/build
[3.740s] running develop
[4.985s] Removing /home/issatay/Desktop/unitree_ws/install/g1_bringup/lib/python3.10/site-packages/g1-bringup.egg-link (link to .)
[5.454s] Invoked command in '/home/issatay/Desktop/unitree_ws/build/g1_bringup' returned '0': PYTHONPATH=/home/issatay/Desktop/unitree_ws/build/g1_bringup/prefix_override:/usr/lib/python3/dist-packages/colcon_core/task/python/colcon_distutils_commands:/home/issatay/Desktop/unitree_ws/install/g1_bringup/lib/python3.10/site-packages:${PYTHONPATH} /usr/bin/python3 -W ignore:setup.py install is deprecated -W ignore:easy_install command is deprecated setup.py develop --uninstall --editable --build-directory /home/issatay/Desktop/unitree_ws/build/g1_bringup/build
[5.469s] Invoking command in '/home/issatay/Desktop/unitree_ws/src/g1_bringup': PYTHONPATH=/home/issatay/Desktop/unitree_ws/build/g1_bringup/prefix_override:/usr/lib/python3/dist-packages/colcon_core/task/python/colcon_distutils_commands:/home/issatay/Desktop/unitree_ws/install/g1_bringup/lib/python3.10/site-packages:${PYTHONPATH} /usr/bin/python3 -W ignore:setup.py install is deprecated -W ignore:easy_install command is deprecated setup.py egg_info --egg-base ../../build/g1_bringup build --build-base /home/issatay/Desktop/unitree_ws/build/g1_bringup/build install --record /home/issatay/Desktop/unitree_ws/build/g1_bringup/install.log --single-version-externally-managed install_data --force
[7.529s] running egg_info
[7.533s] writing ../../build/g1_bringup/g1_bringup.egg-info/PKG-INFO
[7.540s] writing dependency_links to ../../build/g1_bringup/g1_bringup.egg-info/dependency_links.txt
[7.542s] writing entry points to ../../build/g1_bringup/g1_bringup.egg-info/entry_points.txt
[7.542s] writing requirements to ../../build/g1_bringup/g1_bringup.egg-info/requires.txt
[7.543s] writing top-level names to ../../build/g1_bringup/g1_bringup.egg-info/top_level.txt
[7.551s] reading manifest file '../../build/g1_bringup/g1_bringup.egg-info/SOURCES.txt'
[7.566s] writing manifest file '../../build/g1_bringup/g1_bringup.egg-info/SOURCES.txt'
[7.578s] running build
[7.578s] running build_py
[7.579s] copying g1_bringup/__init__.py -> /home/issatay/Desktop/unitree_ws/build/g1_bringup/build/lib/g1_bringup
[7.579s] running install
[7.579s] running install_lib
[7.581s] creating /home/issatay/Desktop/unitree_ws/install/g1_bringup/lib/python3.10/site-packages/g1_bringup
[7.582s] copying /home/issatay/Desktop/unitree_ws/build/g1_bringup/build/lib/g1_bringup/__init__.py -> /home/issatay/Desktop/unitree_ws/install/g1_bringup/lib/python3.10/site-packages/g1_bringup
[7.583s] byte-compiling /home/issatay/Desktop/unitree_ws/install/g1_bringup/lib/python3.10/site-packages/g1_bringup/__init__.py to __init__.cpython-310.pyc
[7.604s] running install_data
[7.604s] copying resource/g1_bringup -> /home/issatay/Desktop/unitree_ws/install/g1_bringup/share/ament_index/resource_index/packages
[7.605s] copying package.xml -> /home/issatay/Desktop/unitree_ws/install/g1_bringup/share/g1_bringup
[7.605s] running install_egg_info
[7.613s] Copying ../../build/g1_bringup/g1_bringup.egg-info to /home/issatay/Desktop/unitree_ws/install/g1_bringup/lib/python3.10/site-packages/g1_bringup-0.0.0-py3.10.egg-info
[7.619s] running install_scripts
[7.753s] writing list of installed files to '/home/issatay/Desktop/unitree_ws/build/g1_bringup/install.log'
