[0.102s] DEBUG:colcon:Command line arguments: ['/usr/bin/colcon', 'build', '--symlink-install']
[0.102s] DEBUG:colcon:Parsed command line arguments: Namespace(log_base=None, log_level=None, verb_name='build', build_base='build', install_base='install', merge_install=False, symlink_install=True, test_result_base=None, continue_on_error=False, executor='parallel', parallel_workers=16, event_handlers=None, ignore_user_meta=False, metas=['./colcon.meta'], base_paths=['.'], packages_ignore=None, packages_ignore_regex=None, paths=None, packages_up_to=None, packages_up_to_regex=None, packages_above=None, packages_above_and_dependencies=None, packages_above_depth=None, packages_select_by_dep=None, packages_skip_by_dep=None, packages_skip_up_to=None, packages_select_build_failed=False, packages_skip_build_finished=False, packages_select_test_failures=False, packages_skip_test_passed=False, packages_select=None, packages_skip=None, packages_select_regex=None, packages_skip_regex=None, packages_start=None, packages_end=None, allow_overriding=[], cmake_args=None, cmake_target=None, cmake_target_skip_unavailable=False, cmake_clean_cache=False, cmake_clean_first=False, cmake_force_configure=False, ament_cmake_args=None, catkin_cmake_args=None, catkin_skip_building_tests=False, mixin_files=None, mixin=None, verb_parser=<colcon_mixin.mixin.mixin_argument.MixinArgumentDecorator object at 0x742fcc06ef20>, verb_extension=<colcon_core.verb.build.BuildVerb object at 0x742fcc06ea70>, main=<bound method BuildVerb.main of <colcon_core.verb.build.BuildVerb object at 0x742fcc06ea70>>, mixin_verb=('build',))
[0.275s] Level 1:colcon.colcon_core.package_discovery:discover_packages(colcon_meta) check parameters
[0.275s] Level 1:colcon.colcon_core.package_discovery:discover_packages(recursive) check parameters
[0.275s] Level 1:colcon.colcon_core.package_discovery:discover_packages(ignore) check parameters
[0.276s] Level 1:colcon.colcon_core.package_discovery:discover_packages(path) check parameters
[0.276s] Level 1:colcon.colcon_core.package_discovery:discover_packages(colcon_meta) discover
[0.276s] Level 1:colcon.colcon_core.package_discovery:discover_packages(recursive) discover
[0.276s] INFO:colcon.colcon_core.package_discovery:Crawling recursively for packages in '/home/issatay/Desktop/unitree_ws'
[0.276s] Level 1:colcon.colcon_core.package_identification:_identify(.) by extensions ['ignore', 'ignore_ament_install']
[0.276s] Level 1:colcon.colcon_core.package_identification:_identify(.) by extension 'ignore'
[0.276s] Level 1:colcon.colcon_core.package_identification:_identify(.) by extension 'ignore_ament_install'
[0.276s] Level 1:colcon.colcon_core.package_identification:_identify(.) by extensions ['colcon_pkg']
[0.276s] Level 1:colcon.colcon_core.package_identification:_identify(.) by extension 'colcon_pkg'
[0.276s] Level 1:colcon.colcon_core.package_identification:_identify(.) by extensions ['colcon_meta']
[0.276s] Level 1:colcon.colcon_core.package_identification:_identify(.) by extension 'colcon_meta'
[0.276s] Level 1:colcon.colcon_core.package_identification:_identify(.) by extensions ['ros']
[0.276s] Level 1:colcon.colcon_core.package_identification:_identify(.) by extension 'ros'
[0.285s] Level 1:colcon.colcon_core.package_identification:_identify(.) by extensions ['cmake', 'python']
[0.285s] Level 1:colcon.colcon_core.package_identification:_identify(.) by extension 'cmake'
[0.285s] Level 1:colcon.colcon_core.package_identification:_identify(.) by extension 'python'
[0.285s] Level 1:colcon.colcon_core.package_identification:_identify(.) by extensions ['python_setup_py']
[0.285s] Level 1:colcon.colcon_core.package_identification:_identify(.) by extension 'python_setup_py'
[0.285s] Level 1:colcon.colcon_core.package_identification:_identify(build) by extensions ['ignore', 'ignore_ament_install']
[0.285s] Level 1:colcon.colcon_core.package_identification:_identify(build) by extension 'ignore'
[0.285s] Level 1:colcon.colcon_core.package_identification:_identify(build) ignored
[0.285s] Level 1:colcon.colcon_core.package_identification:_identify(g1_control) by extensions ['ignore', 'ignore_ament_install']
[0.285s] Level 1:colcon.colcon_core.package_identification:_identify(g1_control) by extension 'ignore'
[0.285s] Level 1:colcon.colcon_core.package_identification:_identify(g1_control) by extension 'ignore_ament_install'
[0.285s] Level 1:colcon.colcon_core.package_identification:_identify(g1_control) by extensions ['colcon_pkg']
[0.285s] Level 1:colcon.colcon_core.package_identification:_identify(g1_control) by extension 'colcon_pkg'
[0.285s] Level 1:colcon.colcon_core.package_identification:_identify(g1_control) by extensions ['colcon_meta']
[0.285s] Level 1:colcon.colcon_core.package_identification:_identify(g1_control) by extension 'colcon_meta'
[0.285s] Level 1:colcon.colcon_core.package_identification:_identify(g1_control) by extensions ['ros']
[0.285s] Level 1:colcon.colcon_core.package_identification:_identify(g1_control) by extension 'ros'
[0.285s] Level 1:colcon.colcon_core.package_identification:_identify(g1_control) by extensions ['cmake', 'python']
[0.285s] Level 1:colcon.colcon_core.package_identification:_identify(g1_control) by extension 'cmake'
[0.285s] Level 1:colcon.colcon_core.package_identification:_identify(g1_control) by extension 'python'
[0.285s] Level 1:colcon.colcon_core.package_identification:_identify(g1_control) by extensions ['python_setup_py']
[0.285s] Level 1:colcon.colcon_core.package_identification:_identify(g1_control) by extension 'python_setup_py'
[0.285s] Level 1:colcon.colcon_core.package_identification:_identify(g1_control/config) by extensions ['ignore', 'ignore_ament_install']
[0.286s] Level 1:colcon.colcon_core.package_identification:_identify(g1_control/config) by extension 'ignore'
[0.286s] Level 1:colcon.colcon_core.package_identification:_identify(g1_control/config) by extension 'ignore_ament_install'
[0.286s] Level 1:colcon.colcon_core.package_identification:_identify(g1_control/config) by extensions ['colcon_pkg']
[0.286s] Level 1:colcon.colcon_core.package_identification:_identify(g1_control/config) by extension 'colcon_pkg'
[0.286s] Level 1:colcon.colcon_core.package_identification:_identify(g1_control/config) by extensions ['colcon_meta']
[0.286s] Level 1:colcon.colcon_core.package_identification:_identify(g1_control/config) by extension 'colcon_meta'
[0.286s] Level 1:colcon.colcon_core.package_identification:_identify(g1_control/config) by extensions ['ros']
[0.286s] Level 1:colcon.colcon_core.package_identification:_identify(g1_control/config) by extension 'ros'
[0.286s] Level 1:colcon.colcon_core.package_identification:_identify(g1_control/config) by extensions ['cmake', 'python']
[0.286s] Level 1:colcon.colcon_core.package_identification:_identify(g1_control/config) by extension 'cmake'
[0.286s] Level 1:colcon.colcon_core.package_identification:_identify(g1_control/config) by extension 'python'
[0.286s] Level 1:colcon.colcon_core.package_identification:_identify(g1_control/config) by extensions ['python_setup_py']
[0.286s] Level 1:colcon.colcon_core.package_identification:_identify(g1_control/config) by extension 'python_setup_py'
[0.286s] Level 1:colcon.colcon_core.package_identification:_identify(install) by extensions ['ignore', 'ignore_ament_install']
[0.286s] Level 1:colcon.colcon_core.package_identification:_identify(install) by extension 'ignore'
[0.286s] Level 1:colcon.colcon_core.package_identification:_identify(install) ignored
[0.286s] Level 1:colcon.colcon_core.package_identification:_identify(log) by extensions ['ignore', 'ignore_ament_install']
[0.286s] Level 1:colcon.colcon_core.package_identification:_identify(log) by extension 'ignore'
[0.286s] Level 1:colcon.colcon_core.package_identification:_identify(log) ignored
[0.286s] Level 1:colcon.colcon_core.package_identification:_identify(src) by extensions ['ignore', 'ignore_ament_install']
[0.286s] Level 1:colcon.colcon_core.package_identification:_identify(src) by extension 'ignore'
[0.286s] Level 1:colcon.colcon_core.package_identification:_identify(src) by extension 'ignore_ament_install'
[0.286s] Level 1:colcon.colcon_core.package_identification:_identify(src) by extensions ['colcon_pkg']
[0.286s] Level 1:colcon.colcon_core.package_identification:_identify(src) by extension 'colcon_pkg'
[0.286s] Level 1:colcon.colcon_core.package_identification:_identify(src) by extensions ['colcon_meta']
[0.286s] Level 1:colcon.colcon_core.package_identification:_identify(src) by extension 'colcon_meta'
[0.287s] Level 1:colcon.colcon_core.package_identification:_identify(src) by extensions ['ros']
[0.287s] Level 1:colcon.colcon_core.package_identification:_identify(src) by extension 'ros'
[0.287s] Level 1:colcon.colcon_core.package_identification:_identify(src) by extensions ['cmake', 'python']
[0.287s] Level 1:colcon.colcon_core.package_identification:_identify(src) by extension 'cmake'
[0.287s] Level 1:colcon.colcon_core.package_identification:_identify(src) by extension 'python'
[0.287s] Level 1:colcon.colcon_core.package_identification:_identify(src) by extensions ['python_setup_py']
[0.287s] Level 1:colcon.colcon_core.package_identification:_identify(src) by extension 'python_setup_py'
[0.287s] Level 1:colcon.colcon_core.package_identification:_identify(src/g1_bringup) by extensions ['ignore', 'ignore_ament_install']
[0.287s] Level 1:colcon.colcon_core.package_identification:_identify(src/g1_bringup) by extension 'ignore'
[0.287s] Level 1:colcon.colcon_core.package_identification:_identify(src/g1_bringup) by extension 'ignore_ament_install'
[0.287s] Level 1:colcon.colcon_core.package_identification:_identify(src/g1_bringup) by extensions ['colcon_pkg']
[0.287s] Level 1:colcon.colcon_core.package_identification:_identify(src/g1_bringup) by extension 'colcon_pkg'
[0.287s] Level 1:colcon.colcon_core.package_identification:_identify(src/g1_bringup) by extensions ['colcon_meta']
[0.287s] Level 1:colcon.colcon_core.package_identification:_identify(src/g1_bringup) by extension 'colcon_meta'
[0.287s] Level 1:colcon.colcon_core.package_identification:_identify(src/g1_bringup) by extensions ['ros']
[0.287s] Level 1:colcon.colcon_core.package_identification:_identify(src/g1_bringup) by extension 'ros'
[0.289s] DEBUG:colcon.colcon_core.package_identification:Package 'src/g1_bringup' with type 'ros.ament_python' and name 'g1_bringup'
[0.289s] Level 1:colcon.colcon_core.package_identification:_identify(src/g1_description) by extensions ['ignore', 'ignore_ament_install']
[0.289s] Level 1:colcon.colcon_core.package_identification:_identify(src/g1_description) by extension 'ignore'
[0.290s] Level 1:colcon.colcon_core.package_identification:_identify(src/g1_description) by extension 'ignore_ament_install'
[0.290s] Level 1:colcon.colcon_core.package_identification:_identify(src/g1_description) by extensions ['colcon_pkg']
[0.290s] Level 1:colcon.colcon_core.package_identification:_identify(src/g1_description) by extension 'colcon_pkg'
[0.290s] Level 1:colcon.colcon_core.package_identification:_identify(src/g1_description) by extensions ['colcon_meta']
[0.290s] Level 1:colcon.colcon_core.package_identification:_identify(src/g1_description) by extension 'colcon_meta'
[0.290s] Level 1:colcon.colcon_core.package_identification:_identify(src/g1_description) by extensions ['ros']
[0.290s] Level 1:colcon.colcon_core.package_identification:_identify(src/g1_description) by extension 'ros'
[0.300s] DEBUG:colcon.colcon_core.package_identification:Package 'src/g1_description' with type 'ros.ament_cmake' and name 'g1_description'
[0.300s] Level 1:colcon.colcon_core.package_identification:_identify(src/g1_gz_spawn) by extensions ['ignore', 'ignore_ament_install']
[0.300s] Level 1:colcon.colcon_core.package_identification:_identify(src/g1_gz_spawn) by extension 'ignore'
[0.300s] Level 1:colcon.colcon_core.package_identification:_identify(src/g1_gz_spawn) by extension 'ignore_ament_install'
[0.300s] Level 1:colcon.colcon_core.package_identification:_identify(src/g1_gz_spawn) by extensions ['colcon_pkg']
[0.300s] Level 1:colcon.colcon_core.package_identification:_identify(src/g1_gz_spawn) by extension 'colcon_pkg'
[0.300s] Level 1:colcon.colcon_core.package_identification:_identify(src/g1_gz_spawn) by extensions ['colcon_meta']
[0.300s] Level 1:colcon.colcon_core.package_identification:_identify(src/g1_gz_spawn) by extension 'colcon_meta'
[0.300s] Level 1:colcon.colcon_core.package_identification:_identify(src/g1_gz_spawn) by extensions ['ros']
[0.300s] Level 1:colcon.colcon_core.package_identification:_identify(src/g1_gz_spawn) by extension 'ros'
[0.301s] DEBUG:colcon.colcon_core.package_identification:Package 'src/g1_gz_spawn' with type 'ros.ament_python' and name 'g1_gz_spawn'
[0.301s] Level 1:colcon.colcon_core.package_identification:_identify(src/unitree_ros2) by extensions ['ignore', 'ignore_ament_install']
[0.301s] Level 1:colcon.colcon_core.package_identification:_identify(src/unitree_ros2) by extension 'ignore'
[0.301s] Level 1:colcon.colcon_core.package_identification:_identify(src/unitree_ros2) by extension 'ignore_ament_install'
[0.301s] Level 1:colcon.colcon_core.package_identification:_identify(src/unitree_ros2) by extensions ['colcon_pkg']
[0.301s] Level 1:colcon.colcon_core.package_identification:_identify(src/unitree_ros2) by extension 'colcon_pkg'
[0.301s] Level 1:colcon.colcon_core.package_identification:_identify(src/unitree_ros2) by extensions ['colcon_meta']
[0.301s] Level 1:colcon.colcon_core.package_identification:_identify(src/unitree_ros2) by extension 'colcon_meta'
[0.301s] Level 1:colcon.colcon_core.package_identification:_identify(src/unitree_ros2) by extensions ['ros']
[0.301s] Level 1:colcon.colcon_core.package_identification:_identify(src/unitree_ros2) by extension 'ros'
[0.301s] Level 1:colcon.colcon_core.package_identification:_identify(src/unitree_ros2) by extensions ['cmake', 'python']
[0.301s] Level 1:colcon.colcon_core.package_identification:_identify(src/unitree_ros2) by extension 'cmake'
[0.301s] Level 1:colcon.colcon_core.package_identification:_identify(src/unitree_ros2) by extension 'python'
[0.302s] Level 1:colcon.colcon_core.package_identification:_identify(src/unitree_ros2) by extensions ['python_setup_py']
[0.302s] Level 1:colcon.colcon_core.package_identification:_identify(src/unitree_ros2) by extension 'python_setup_py'
[0.302s] Level 1:colcon.colcon_core.package_identification:_identify(src/unitree_ros2/cyclonedds_ws) by extensions ['ignore', 'ignore_ament_install']
[0.302s] Level 1:colcon.colcon_core.package_identification:_identify(src/unitree_ros2/cyclonedds_ws) by extension 'ignore'
[0.302s] Level 1:colcon.colcon_core.package_identification:_identify(src/unitree_ros2/cyclonedds_ws) by extension 'ignore_ament_install'
[0.302s] Level 1:colcon.colcon_core.package_identification:_identify(src/unitree_ros2/cyclonedds_ws) by extensions ['colcon_pkg']
[0.302s] Level 1:colcon.colcon_core.package_identification:_identify(src/unitree_ros2/cyclonedds_ws) by extension 'colcon_pkg'
[0.302s] Level 1:colcon.colcon_core.package_identification:_identify(src/unitree_ros2/cyclonedds_ws) by extensions ['colcon_meta']
[0.302s] Level 1:colcon.colcon_core.package_identification:_identify(src/unitree_ros2/cyclonedds_ws) by extension 'colcon_meta'
[0.302s] Level 1:colcon.colcon_core.package_identification:_identify(src/unitree_ros2/cyclonedds_ws) by extensions ['ros']
[0.302s] Level 1:colcon.colcon_core.package_identification:_identify(src/unitree_ros2/cyclonedds_ws) by extension 'ros'
[0.302s] Level 1:colcon.colcon_core.package_identification:_identify(src/unitree_ros2/cyclonedds_ws) by extensions ['cmake', 'python']
[0.302s] Level 1:colcon.colcon_core.package_identification:_identify(src/unitree_ros2/cyclonedds_ws) by extension 'cmake'
[0.302s] Level 1:colcon.colcon_core.package_identification:_identify(src/unitree_ros2/cyclonedds_ws) by extension 'python'
[0.302s] Level 1:colcon.colcon_core.package_identification:_identify(src/unitree_ros2/cyclonedds_ws) by extensions ['python_setup_py']
[0.302s] Level 1:colcon.colcon_core.package_identification:_identify(src/unitree_ros2/cyclonedds_ws) by extension 'python_setup_py'
[0.302s] Level 1:colcon.colcon_core.package_identification:_identify(src/unitree_ros2/cyclonedds_ws/build) by extensions ['ignore', 'ignore_ament_install']
[0.302s] Level 1:colcon.colcon_core.package_identification:_identify(src/unitree_ros2/cyclonedds_ws/build) by extension 'ignore'
[0.302s] Level 1:colcon.colcon_core.package_identification:_identify(src/unitree_ros2/cyclonedds_ws/build) ignored
[0.302s] Level 1:colcon.colcon_core.package_identification:_identify(src/unitree_ros2/cyclonedds_ws/install) by extensions ['ignore', 'ignore_ament_install']
[0.302s] Level 1:colcon.colcon_core.package_identification:_identify(src/unitree_ros2/cyclonedds_ws/install) by extension 'ignore'
[0.302s] Level 1:colcon.colcon_core.package_identification:_identify(src/unitree_ros2/cyclonedds_ws/install) ignored
[0.302s] Level 1:colcon.colcon_core.package_identification:_identify(src/unitree_ros2/cyclonedds_ws/log) by extensions ['ignore', 'ignore_ament_install']
[0.303s] Level 1:colcon.colcon_core.package_identification:_identify(src/unitree_ros2/cyclonedds_ws/log) by extension 'ignore'
[0.303s] Level 1:colcon.colcon_core.package_identification:_identify(src/unitree_ros2/cyclonedds_ws/log) ignored
[0.303s] Level 1:colcon.colcon_core.package_identification:_identify(src/unitree_ros2/cyclonedds_ws/src) by extensions ['ignore', 'ignore_ament_install']
[0.303s] Level 1:colcon.colcon_core.package_identification:_identify(src/unitree_ros2/cyclonedds_ws/src) by extension 'ignore'
[0.303s] Level 1:colcon.colcon_core.package_identification:_identify(src/unitree_ros2/cyclonedds_ws/src) by extension 'ignore_ament_install'
[0.303s] Level 1:colcon.colcon_core.package_identification:_identify(src/unitree_ros2/cyclonedds_ws/src) by extensions ['colcon_pkg']
[0.303s] Level 1:colcon.colcon_core.package_identification:_identify(src/unitree_ros2/cyclonedds_ws/src) by extension 'colcon_pkg'
[0.303s] Level 1:colcon.colcon_core.package_identification:_identify(src/unitree_ros2/cyclonedds_ws/src) by extensions ['colcon_meta']
[0.303s] Level 1:colcon.colcon_core.package_identification:_identify(src/unitree_ros2/cyclonedds_ws/src) by extension 'colcon_meta'
[0.303s] Level 1:colcon.colcon_core.package_identification:_identify(src/unitree_ros2/cyclonedds_ws/src) by extensions ['ros']
[0.303s] Level 1:colcon.colcon_core.package_identification:_identify(src/unitree_ros2/cyclonedds_ws/src) by extension 'ros'
[0.303s] Level 1:colcon.colcon_core.package_identification:_identify(src/unitree_ros2/cyclonedds_ws/src) by extensions ['cmake', 'python']
[0.303s] Level 1:colcon.colcon_core.package_identification:_identify(src/unitree_ros2/cyclonedds_ws/src) by extension 'cmake'
[0.303s] Level 1:colcon.colcon_core.package_identification:_identify(src/unitree_ros2/cyclonedds_ws/src) by extension 'python'
[0.303s] Level 1:colcon.colcon_core.package_identification:_identify(src/unitree_ros2/cyclonedds_ws/src) by extensions ['python_setup_py']
[0.303s] Level 1:colcon.colcon_core.package_identification:_identify(src/unitree_ros2/cyclonedds_ws/src) by extension 'python_setup_py'
[0.303s] Level 1:colcon.colcon_core.package_identification:_identify(src/unitree_ros2/cyclonedds_ws/src/unitree) by extensions ['ignore', 'ignore_ament_install']
[0.303s] Level 1:colcon.colcon_core.package_identification:_identify(src/unitree_ros2/cyclonedds_ws/src/unitree) by extension 'ignore'
[0.303s] Level 1:colcon.colcon_core.package_identification:_identify(src/unitree_ros2/cyclonedds_ws/src/unitree) by extension 'ignore_ament_install'
[0.303s] Level 1:colcon.colcon_core.package_identification:_identify(src/unitree_ros2/cyclonedds_ws/src/unitree) by extensions ['colcon_pkg']
[0.303s] Level 1:colcon.colcon_core.package_identification:_identify(src/unitree_ros2/cyclonedds_ws/src/unitree) by extension 'colcon_pkg'
[0.303s] Level 1:colcon.colcon_core.package_identification:_identify(src/unitree_ros2/cyclonedds_ws/src/unitree) by extensions ['colcon_meta']
[0.303s] Level 1:colcon.colcon_core.package_identification:_identify(src/unitree_ros2/cyclonedds_ws/src/unitree) by extension 'colcon_meta'
[0.303s] Level 1:colcon.colcon_core.package_identification:_identify(src/unitree_ros2/cyclonedds_ws/src/unitree) by extensions ['ros']
[0.303s] Level 1:colcon.colcon_core.package_identification:_identify(src/unitree_ros2/cyclonedds_ws/src/unitree) by extension 'ros'
[0.303s] Level 1:colcon.colcon_core.package_identification:_identify(src/unitree_ros2/cyclonedds_ws/src/unitree) by extensions ['cmake', 'python']
[0.303s] Level 1:colcon.colcon_core.package_identification:_identify(src/unitree_ros2/cyclonedds_ws/src/unitree) by extension 'cmake'
[0.304s] Level 1:colcon.colcon_core.package_identification:_identify(src/unitree_ros2/cyclonedds_ws/src/unitree) by extension 'python'
[0.304s] Level 1:colcon.colcon_core.package_identification:_identify(src/unitree_ros2/cyclonedds_ws/src/unitree) by extensions ['python_setup_py']
[0.304s] Level 1:colcon.colcon_core.package_identification:_identify(src/unitree_ros2/cyclonedds_ws/src/unitree) by extension 'python_setup_py'
[0.304s] Level 1:colcon.colcon_core.package_identification:_identify(src/unitree_ros2/cyclonedds_ws/src/unitree/unitree_api) by extensions ['ignore', 'ignore_ament_install']
[0.304s] Level 1:colcon.colcon_core.package_identification:_identify(src/unitree_ros2/cyclonedds_ws/src/unitree/unitree_api) by extension 'ignore'
[0.304s] Level 1:colcon.colcon_core.package_identification:_identify(src/unitree_ros2/cyclonedds_ws/src/unitree/unitree_api) by extension 'ignore_ament_install'
[0.304s] Level 1:colcon.colcon_core.package_identification:_identify(src/unitree_ros2/cyclonedds_ws/src/unitree/unitree_api) by extensions ['colcon_pkg']
[0.304s] Level 1:colcon.colcon_core.package_identification:_identify(src/unitree_ros2/cyclonedds_ws/src/unitree/unitree_api) by extension 'colcon_pkg'
[0.304s] Level 1:colcon.colcon_core.package_identification:_identify(src/unitree_ros2/cyclonedds_ws/src/unitree/unitree_api) by extensions ['colcon_meta']
[0.304s] Level 1:colcon.colcon_core.package_identification:_identify(src/unitree_ros2/cyclonedds_ws/src/unitree/unitree_api) by extension 'colcon_meta'
[0.304s] Level 1:colcon.colcon_core.package_identification:_identify(src/unitree_ros2/cyclonedds_ws/src/unitree/unitree_api) by extensions ['ros']
[0.304s] Level 1:colcon.colcon_core.package_identification:_identify(src/unitree_ros2/cyclonedds_ws/src/unitree/unitree_api) by extension 'ros'
[0.304s] DEBUG:colcon.colcon_core.package_identification:Package 'src/unitree_ros2/cyclonedds_ws/src/unitree/unitree_api' with type 'ros.ament_cmake' and name 'unitree_api'
[0.305s] Level 1:colcon.colcon_core.package_identification:_identify(src/unitree_ros2/cyclonedds_ws/src/unitree/unitree_go) by extensions ['ignore', 'ignore_ament_install']
[0.305s] Level 1:colcon.colcon_core.package_identification:_identify(src/unitree_ros2/cyclonedds_ws/src/unitree/unitree_go) by extension 'ignore'
[0.305s] Level 1:colcon.colcon_core.package_identification:_identify(src/unitree_ros2/cyclonedds_ws/src/unitree/unitree_go) by extension 'ignore_ament_install'
[0.305s] Level 1:colcon.colcon_core.package_identification:_identify(src/unitree_ros2/cyclonedds_ws/src/unitree/unitree_go) by extensions ['colcon_pkg']
[0.305s] Level 1:colcon.colcon_core.package_identification:_identify(src/unitree_ros2/cyclonedds_ws/src/unitree/unitree_go) by extension 'colcon_pkg'
[0.305s] Level 1:colcon.colcon_core.package_identification:_identify(src/unitree_ros2/cyclonedds_ws/src/unitree/unitree_go) by extensions ['colcon_meta']
[0.305s] Level 1:colcon.colcon_core.package_identification:_identify(src/unitree_ros2/cyclonedds_ws/src/unitree/unitree_go) by extension 'colcon_meta'
[0.305s] Level 1:colcon.colcon_core.package_identification:_identify(src/unitree_ros2/cyclonedds_ws/src/unitree/unitree_go) by extensions ['ros']
[0.305s] Level 1:colcon.colcon_core.package_identification:_identify(src/unitree_ros2/cyclonedds_ws/src/unitree/unitree_go) by extension 'ros'
[0.305s] DEBUG:colcon.colcon_core.package_identification:Package 'src/unitree_ros2/cyclonedds_ws/src/unitree/unitree_go' with type 'ros.ament_cmake' and name 'unitree_go'
[0.305s] Level 1:colcon.colcon_core.package_identification:_identify(src/unitree_ros2/cyclonedds_ws/src/unitree/unitree_hg) by extensions ['ignore', 'ignore_ament_install']
[0.305s] Level 1:colcon.colcon_core.package_identification:_identify(src/unitree_ros2/cyclonedds_ws/src/unitree/unitree_hg) by extension 'ignore'
[0.305s] Level 1:colcon.colcon_core.package_identification:_identify(src/unitree_ros2/cyclonedds_ws/src/unitree/unitree_hg) by extension 'ignore_ament_install'
[0.306s] Level 1:colcon.colcon_core.package_identification:_identify(src/unitree_ros2/cyclonedds_ws/src/unitree/unitree_hg) by extensions ['colcon_pkg']
[0.306s] Level 1:colcon.colcon_core.package_identification:_identify(src/unitree_ros2/cyclonedds_ws/src/unitree/unitree_hg) by extension 'colcon_pkg'
[0.306s] Level 1:colcon.colcon_core.package_identification:_identify(src/unitree_ros2/cyclonedds_ws/src/unitree/unitree_hg) by extensions ['colcon_meta']
[0.306s] Level 1:colcon.colcon_core.package_identification:_identify(src/unitree_ros2/cyclonedds_ws/src/unitree/unitree_hg) by extension 'colcon_meta'
[0.306s] Level 1:colcon.colcon_core.package_identification:_identify(src/unitree_ros2/cyclonedds_ws/src/unitree/unitree_hg) by extensions ['ros']
[0.306s] Level 1:colcon.colcon_core.package_identification:_identify(src/unitree_ros2/cyclonedds_ws/src/unitree/unitree_hg) by extension 'ros'
[0.306s] DEBUG:colcon.colcon_core.package_identification:Package 'src/unitree_ros2/cyclonedds_ws/src/unitree/unitree_hg' with type 'ros.ament_cmake' and name 'unitree_hg'
[0.306s] Level 1:colcon.colcon_core.package_identification:_identify(src/unitree_ros2/docs) by extensions ['ignore', 'ignore_ament_install']
[0.306s] Level 1:colcon.colcon_core.package_identification:_identify(src/unitree_ros2/docs) by extension 'ignore'
[0.306s] Level 1:colcon.colcon_core.package_identification:_identify(src/unitree_ros2/docs) by extension 'ignore_ament_install'
[0.306s] Level 1:colcon.colcon_core.package_identification:_identify(src/unitree_ros2/docs) by extensions ['colcon_pkg']
[0.306s] Level 1:colcon.colcon_core.package_identification:_identify(src/unitree_ros2/docs) by extension 'colcon_pkg'
[0.306s] Level 1:colcon.colcon_core.package_identification:_identify(src/unitree_ros2/docs) by extensions ['colcon_meta']
[0.307s] Level 1:colcon.colcon_core.package_identification:_identify(src/unitree_ros2/docs) by extension 'colcon_meta'
[0.307s] Level 1:colcon.colcon_core.package_identification:_identify(src/unitree_ros2/docs) by extensions ['ros']
[0.307s] Level 1:colcon.colcon_core.package_identification:_identify(src/unitree_ros2/docs) by extension 'ros'
[0.307s] Level 1:colcon.colcon_core.package_identification:_identify(src/unitree_ros2/docs) by extensions ['cmake', 'python']
[0.307s] Level 1:colcon.colcon_core.package_identification:_identify(src/unitree_ros2/docs) by extension 'cmake'
[0.307s] Level 1:colcon.colcon_core.package_identification:_identify(src/unitree_ros2/docs) by extension 'python'
[0.307s] Level 1:colcon.colcon_core.package_identification:_identify(src/unitree_ros2/docs) by extensions ['python_setup_py']
[0.307s] Level 1:colcon.colcon_core.package_identification:_identify(src/unitree_ros2/docs) by extension 'python_setup_py'
[0.307s] Level 1:colcon.colcon_core.package_identification:_identify(src/unitree_ros2/docs/image) by extensions ['ignore', 'ignore_ament_install']
[0.307s] Level 1:colcon.colcon_core.package_identification:_identify(src/unitree_ros2/docs/image) by extension 'ignore'
[0.307s] Level 1:colcon.colcon_core.package_identification:_identify(src/unitree_ros2/docs/image) by extension 'ignore_ament_install'
[0.307s] Level 1:colcon.colcon_core.package_identification:_identify(src/unitree_ros2/docs/image) by extensions ['colcon_pkg']
[0.307s] Level 1:colcon.colcon_core.package_identification:_identify(src/unitree_ros2/docs/image) by extension 'colcon_pkg'
[0.307s] Level 1:colcon.colcon_core.package_identification:_identify(src/unitree_ros2/docs/image) by extensions ['colcon_meta']
[0.307s] Level 1:colcon.colcon_core.package_identification:_identify(src/unitree_ros2/docs/image) by extension 'colcon_meta'
[0.307s] Level 1:colcon.colcon_core.package_identification:_identify(src/unitree_ros2/docs/image) by extensions ['ros']
[0.307s] Level 1:colcon.colcon_core.package_identification:_identify(src/unitree_ros2/docs/image) by extension 'ros'
[0.307s] Level 1:colcon.colcon_core.package_identification:_identify(src/unitree_ros2/docs/image) by extensions ['cmake', 'python']
[0.307s] Level 1:colcon.colcon_core.package_identification:_identify(src/unitree_ros2/docs/image) by extension 'cmake'
[0.307s] Level 1:colcon.colcon_core.package_identification:_identify(src/unitree_ros2/docs/image) by extension 'python'
[0.307s] Level 1:colcon.colcon_core.package_identification:_identify(src/unitree_ros2/docs/image) by extensions ['python_setup_py']
[0.307s] Level 1:colcon.colcon_core.package_identification:_identify(src/unitree_ros2/docs/image) by extension 'python_setup_py'
[0.307s] Level 1:colcon.colcon_core.package_identification:_identify(src/unitree_ros2/example) by extensions ['ignore', 'ignore_ament_install']
[0.307s] Level 1:colcon.colcon_core.package_identification:_identify(src/unitree_ros2/example) by extension 'ignore'
[0.307s] Level 1:colcon.colcon_core.package_identification:_identify(src/unitree_ros2/example) by extension 'ignore_ament_install'
[0.307s] Level 1:colcon.colcon_core.package_identification:_identify(src/unitree_ros2/example) by extensions ['colcon_pkg']
[0.307s] Level 1:colcon.colcon_core.package_identification:_identify(src/unitree_ros2/example) by extension 'colcon_pkg'
[0.308s] Level 1:colcon.colcon_core.package_identification:_identify(src/unitree_ros2/example) by extensions ['colcon_meta']
[0.308s] Level 1:colcon.colcon_core.package_identification:_identify(src/unitree_ros2/example) by extension 'colcon_meta'
[0.308s] Level 1:colcon.colcon_core.package_identification:_identify(src/unitree_ros2/example) by extensions ['ros']
[0.308s] Level 1:colcon.colcon_core.package_identification:_identify(src/unitree_ros2/example) by extension 'ros'
[0.308s] Level 1:colcon.colcon_core.package_identification:_identify(src/unitree_ros2/example) by extensions ['cmake', 'python']
[0.308s] Level 1:colcon.colcon_core.package_identification:_identify(src/unitree_ros2/example) by extension 'cmake'
[0.308s] Level 1:colcon.colcon_core.package_identification:_identify(src/unitree_ros2/example) by extension 'python'
[0.308s] Level 1:colcon.colcon_core.package_identification:_identify(src/unitree_ros2/example) by extensions ['python_setup_py']
[0.308s] Level 1:colcon.colcon_core.package_identification:_identify(src/unitree_ros2/example) by extension 'python_setup_py'
[0.308s] Level 1:colcon.colcon_core.package_identification:_identify(src/unitree_ros2/example/src) by extensions ['ignore', 'ignore_ament_install']
[0.308s] Level 1:colcon.colcon_core.package_identification:_identify(src/unitree_ros2/example/src) by extension 'ignore'
[0.308s] Level 1:colcon.colcon_core.package_identification:_identify(src/unitree_ros2/example/src) by extension 'ignore_ament_install'
[0.308s] Level 1:colcon.colcon_core.package_identification:_identify(src/unitree_ros2/example/src) by extensions ['colcon_pkg']
[0.308s] Level 1:colcon.colcon_core.package_identification:_identify(src/unitree_ros2/example/src) by extension 'colcon_pkg'
[0.308s] Level 1:colcon.colcon_core.package_identification:_identify(src/unitree_ros2/example/src) by extensions ['colcon_meta']
[0.308s] Level 1:colcon.colcon_core.package_identification:_identify(src/unitree_ros2/example/src) by extension 'colcon_meta'
[0.308s] Level 1:colcon.colcon_core.package_identification:_identify(src/unitree_ros2/example/src) by extensions ['ros']
[0.308s] Level 1:colcon.colcon_core.package_identification:_identify(src/unitree_ros2/example/src) by extension 'ros'
[0.309s] DEBUG:colcon.colcon_core.package_identification:Package 'src/unitree_ros2/example/src' with type 'ros.ament_cmake' and name 'unitree_ros2_example'
[0.309s] Level 1:colcon.colcon_core.package_identification:_identify(src/unitree_sdk2) by extensions ['ignore', 'ignore_ament_install']
[0.309s] Level 1:colcon.colcon_core.package_identification:_identify(src/unitree_sdk2) by extension 'ignore'
[0.309s] Level 1:colcon.colcon_core.package_identification:_identify(src/unitree_sdk2) by extension 'ignore_ament_install'
[0.309s] Level 1:colcon.colcon_core.package_identification:_identify(src/unitree_sdk2) by extensions ['colcon_pkg']
[0.309s] Level 1:colcon.colcon_core.package_identification:_identify(src/unitree_sdk2) by extension 'colcon_pkg'
[0.309s] Level 1:colcon.colcon_core.package_identification:_identify(src/unitree_sdk2) by extensions ['colcon_meta']
[0.309s] Level 1:colcon.colcon_core.package_identification:_identify(src/unitree_sdk2) by extension 'colcon_meta'
[0.309s] Level 1:colcon.colcon_core.package_identification:_identify(src/unitree_sdk2) by extensions ['ros']
[0.309s] Level 1:colcon.colcon_core.package_identification:_identify(src/unitree_sdk2) by extension 'ros'
[0.309s] Level 1:colcon.colcon_core.package_identification:_identify(src/unitree_sdk2) by extensions ['cmake', 'python']
[0.309s] Level 1:colcon.colcon_core.package_identification:_identify(src/unitree_sdk2) by extension 'cmake'
[0.315s] Level 1:colcon.colcon_core.package_identification:_identify(src/unitree_sdk2) by extension 'python'
[0.315s] DEBUG:colcon.colcon_core.package_identification:Package 'src/unitree_sdk2' with type 'cmake' and name 'unitree_sdk2'
[0.315s] Level 1:colcon.colcon_core.package_identification:_identify(tmp) by extensions ['ignore', 'ignore_ament_install']
[0.315s] Level 1:colcon.colcon_core.package_identification:_identify(tmp) by extension 'ignore'
[0.315s] Level 1:colcon.colcon_core.package_identification:_identify(tmp) by extension 'ignore_ament_install'
[0.315s] Level 1:colcon.colcon_core.package_identification:_identify(tmp) by extensions ['colcon_pkg']
[0.315s] Level 1:colcon.colcon_core.package_identification:_identify(tmp) by extension 'colcon_pkg'
[0.315s] Level 1:colcon.colcon_core.package_identification:_identify(tmp) by extensions ['colcon_meta']
[0.315s] Level 1:colcon.colcon_core.package_identification:_identify(tmp) by extension 'colcon_meta'
[0.315s] Level 1:colcon.colcon_core.package_identification:_identify(tmp) by extensions ['ros']
[0.315s] Level 1:colcon.colcon_core.package_identification:_identify(tmp) by extension 'ros'
[0.315s] Level 1:colcon.colcon_core.package_identification:_identify(tmp) by extensions ['cmake', 'python']
[0.315s] Level 1:colcon.colcon_core.package_identification:_identify(tmp) by extension 'cmake'
[0.315s] Level 1:colcon.colcon_core.package_identification:_identify(tmp) by extension 'python'
[0.315s] Level 1:colcon.colcon_core.package_identification:_identify(tmp) by extensions ['python_setup_py']
[0.315s] Level 1:colcon.colcon_core.package_identification:_identify(tmp) by extension 'python_setup_py'
[0.315s] Level 1:colcon.colcon_core.package_discovery:discover_packages(recursive) using defaults
[0.315s] Level 1:colcon.colcon_core.package_discovery:discover_packages(ignore) discover
[0.316s] Level 1:colcon.colcon_core.package_discovery:discover_packages(ignore) using defaults
[0.316s] Level 1:colcon.colcon_core.package_discovery:discover_packages(path) discover
[0.316s] Level 1:colcon.colcon_core.package_discovery:discover_packages(path) using defaults
[0.340s] Level 1:colcon.colcon_core.package_discovery:discover_packages(prefix_path) check parameters
[0.340s] Level 1:colcon.colcon_core.package_discovery:discover_packages(prefix_path) discover
[0.343s] DEBUG:colcon.colcon_installed_package_information.package_discovery:Found 294 installed packages in /opt/ros/humble
[0.344s] Level 1:colcon.colcon_core.package_discovery:discover_packages(prefix_path) using defaults
[0.370s] Level 5:colcon.colcon_core.verb:set package 'g1_bringup' build argument 'cmake_args' from command line to 'None'
[0.370s] Level 5:colcon.colcon_core.verb:set package 'g1_bringup' build argument 'cmake_target' from command line to 'None'
[0.370s] Level 5:colcon.colcon_core.verb:set package 'g1_bringup' build argument 'cmake_target_skip_unavailable' from command line to 'False'
[0.370s] Level 5:colcon.colcon_core.verb:set package 'g1_bringup' build argument 'cmake_clean_cache' from command line to 'False'
[0.370s] Level 5:colcon.colcon_core.verb:set package 'g1_bringup' build argument 'cmake_clean_first' from command line to 'False'
[0.370s] Level 5:colcon.colcon_core.verb:set package 'g1_bringup' build argument 'cmake_force_configure' from command line to 'False'
[0.370s] Level 5:colcon.colcon_core.verb:set package 'g1_bringup' build argument 'ament_cmake_args' from command line to 'None'
[0.370s] Level 5:colcon.colcon_core.verb:set package 'g1_bringup' build argument 'catkin_cmake_args' from command line to 'None'
[0.370s] Level 5:colcon.colcon_core.verb:set package 'g1_bringup' build argument 'catkin_skip_building_tests' from command line to 'False'
[0.370s] DEBUG:colcon.colcon_core.verb:Building package 'g1_bringup' with the following arguments: {'ament_cmake_args': None, 'build_base': '/home/issatay/Desktop/unitree_ws/build/g1_bringup', 'catkin_cmake_args': None, 'catkin_skip_building_tests': False, 'cmake_args': None, 'cmake_clean_cache': False, 'cmake_clean_first': False, 'cmake_force_configure': False, 'cmake_target': None, 'cmake_target_skip_unavailable': False, 'install_base': '/home/issatay/Desktop/unitree_ws/install/g1_bringup', 'merge_install': False, 'path': '/home/issatay/Desktop/unitree_ws/src/g1_bringup', 'symlink_install': True, 'test_result_base': None}
[0.370s] Level 5:colcon.colcon_core.verb:set package 'g1_description' build argument 'cmake_args' from command line to 'None'
[0.370s] Level 5:colcon.colcon_core.verb:set package 'g1_description' build argument 'cmake_target' from command line to 'None'
[0.370s] Level 5:colcon.colcon_core.verb:set package 'g1_description' build argument 'cmake_target_skip_unavailable' from command line to 'False'
[0.370s] Level 5:colcon.colcon_core.verb:set package 'g1_description' build argument 'cmake_clean_cache' from command line to 'False'
[0.370s] Level 5:colcon.colcon_core.verb:set package 'g1_description' build argument 'cmake_clean_first' from command line to 'False'
[0.370s] Level 5:colcon.colcon_core.verb:set package 'g1_description' build argument 'cmake_force_configure' from command line to 'False'
[0.370s] Level 5:colcon.colcon_core.verb:set package 'g1_description' build argument 'ament_cmake_args' from command line to 'None'
[0.370s] Level 5:colcon.colcon_core.verb:set package 'g1_description' build argument 'catkin_cmake_args' from command line to 'None'
[0.370s] Level 5:colcon.colcon_core.verb:set package 'g1_description' build argument 'catkin_skip_building_tests' from command line to 'False'
[0.370s] DEBUG:colcon.colcon_core.verb:Building package 'g1_description' with the following arguments: {'ament_cmake_args': None, 'build_base': '/home/issatay/Desktop/unitree_ws/build/g1_description', 'catkin_cmake_args': None, 'catkin_skip_building_tests': False, 'cmake_args': None, 'cmake_clean_cache': False, 'cmake_clean_first': False, 'cmake_force_configure': False, 'cmake_target': None, 'cmake_target_skip_unavailable': False, 'install_base': '/home/issatay/Desktop/unitree_ws/install/g1_description', 'merge_install': False, 'path': '/home/issatay/Desktop/unitree_ws/src/g1_description', 'symlink_install': True, 'test_result_base': None}
[0.370s] Level 5:colcon.colcon_core.verb:set package 'g1_gz_spawn' build argument 'cmake_args' from command line to 'None'
[0.370s] Level 5:colcon.colcon_core.verb:set package 'g1_gz_spawn' build argument 'cmake_target' from command line to 'None'
[0.370s] Level 5:colcon.colcon_core.verb:set package 'g1_gz_spawn' build argument 'cmake_target_skip_unavailable' from command line to 'False'
[0.370s] Level 5:colcon.colcon_core.verb:set package 'g1_gz_spawn' build argument 'cmake_clean_cache' from command line to 'False'
[0.370s] Level 5:colcon.colcon_core.verb:set package 'g1_gz_spawn' build argument 'cmake_clean_first' from command line to 'False'
[0.370s] Level 5:colcon.colcon_core.verb:set package 'g1_gz_spawn' build argument 'cmake_force_configure' from command line to 'False'
[0.370s] Level 5:colcon.colcon_core.verb:set package 'g1_gz_spawn' build argument 'ament_cmake_args' from command line to 'None'
[0.371s] Level 5:colcon.colcon_core.verb:set package 'g1_gz_spawn' build argument 'catkin_cmake_args' from command line to 'None'
[0.371s] Level 5:colcon.colcon_core.verb:set package 'g1_gz_spawn' build argument 'catkin_skip_building_tests' from command line to 'False'
[0.371s] DEBUG:colcon.colcon_core.verb:Building package 'g1_gz_spawn' with the following arguments: {'ament_cmake_args': None, 'build_base': '/home/issatay/Desktop/unitree_ws/build/g1_gz_spawn', 'catkin_cmake_args': None, 'catkin_skip_building_tests': False, 'cmake_args': None, 'cmake_clean_cache': False, 'cmake_clean_first': False, 'cmake_force_configure': False, 'cmake_target': None, 'cmake_target_skip_unavailable': False, 'install_base': '/home/issatay/Desktop/unitree_ws/install/g1_gz_spawn', 'merge_install': False, 'path': '/home/issatay/Desktop/unitree_ws/src/g1_gz_spawn', 'symlink_install': True, 'test_result_base': None}
[0.371s] Level 5:colcon.colcon_core.verb:set package 'unitree_api' build argument 'cmake_args' from command line to 'None'
[0.371s] Level 5:colcon.colcon_core.verb:set package 'unitree_api' build argument 'cmake_target' from command line to 'None'
[0.371s] Level 5:colcon.colcon_core.verb:set package 'unitree_api' build argument 'cmake_target_skip_unavailable' from command line to 'False'
[0.371s] Level 5:colcon.colcon_core.verb:set package 'unitree_api' build argument 'cmake_clean_cache' from command line to 'False'
[0.371s] Level 5:colcon.colcon_core.verb:set package 'unitree_api' build argument 'cmake_clean_first' from command line to 'False'
[0.371s] Level 5:colcon.colcon_core.verb:set package 'unitree_api' build argument 'cmake_force_configure' from command line to 'False'
[0.371s] Level 5:colcon.colcon_core.verb:set package 'unitree_api' build argument 'ament_cmake_args' from command line to 'None'
[0.371s] Level 5:colcon.colcon_core.verb:set package 'unitree_api' build argument 'catkin_cmake_args' from command line to 'None'
[0.371s] Level 5:colcon.colcon_core.verb:set package 'unitree_api' build argument 'catkin_skip_building_tests' from command line to 'False'
[0.371s] DEBUG:colcon.colcon_core.verb:Building package 'unitree_api' with the following arguments: {'ament_cmake_args': None, 'build_base': '/home/issatay/Desktop/unitree_ws/build/unitree_api', 'catkin_cmake_args': None, 'catkin_skip_building_tests': False, 'cmake_args': None, 'cmake_clean_cache': False, 'cmake_clean_first': False, 'cmake_force_configure': False, 'cmake_target': None, 'cmake_target_skip_unavailable': False, 'install_base': '/home/issatay/Desktop/unitree_ws/install/unitree_api', 'merge_install': False, 'path': '/home/issatay/Desktop/unitree_ws/src/unitree_ros2/cyclonedds_ws/src/unitree/unitree_api', 'symlink_install': True, 'test_result_base': None}
[0.371s] Level 5:colcon.colcon_core.verb:set package 'unitree_go' build argument 'cmake_args' from command line to 'None'
[0.371s] Level 5:colcon.colcon_core.verb:set package 'unitree_go' build argument 'cmake_target' from command line to 'None'
[0.371s] Level 5:colcon.colcon_core.verb:set package 'unitree_go' build argument 'cmake_target_skip_unavailable' from command line to 'False'
[0.371s] Level 5:colcon.colcon_core.verb:set package 'unitree_go' build argument 'cmake_clean_cache' from command line to 'False'
[0.371s] Level 5:colcon.colcon_core.verb:set package 'unitree_go' build argument 'cmake_clean_first' from command line to 'False'
[0.371s] Level 5:colcon.colcon_core.verb:set package 'unitree_go' build argument 'cmake_force_configure' from command line to 'False'
[0.371s] Level 5:colcon.colcon_core.verb:set package 'unitree_go' build argument 'ament_cmake_args' from command line to 'None'
[0.371s] Level 5:colcon.colcon_core.verb:set package 'unitree_go' build argument 'catkin_cmake_args' from command line to 'None'
[0.371s] Level 5:colcon.colcon_core.verb:set package 'unitree_go' build argument 'catkin_skip_building_tests' from command line to 'False'
[0.371s] DEBUG:colcon.colcon_core.verb:Building package 'unitree_go' with the following arguments: {'ament_cmake_args': None, 'build_base': '/home/issatay/Desktop/unitree_ws/build/unitree_go', 'catkin_cmake_args': None, 'catkin_skip_building_tests': False, 'cmake_args': None, 'cmake_clean_cache': False, 'cmake_clean_first': False, 'cmake_force_configure': False, 'cmake_target': None, 'cmake_target_skip_unavailable': False, 'install_base': '/home/issatay/Desktop/unitree_ws/install/unitree_go', 'merge_install': False, 'path': '/home/issatay/Desktop/unitree_ws/src/unitree_ros2/cyclonedds_ws/src/unitree/unitree_go', 'symlink_install': True, 'test_result_base': None}
[0.372s] Level 5:colcon.colcon_core.verb:set package 'unitree_hg' build argument 'cmake_args' from command line to 'None'
[0.372s] Level 5:colcon.colcon_core.verb:set package 'unitree_hg' build argument 'cmake_target' from command line to 'None'
[0.372s] Level 5:colcon.colcon_core.verb:set package 'unitree_hg' build argument 'cmake_target_skip_unavailable' from command line to 'False'
[0.372s] Level 5:colcon.colcon_core.verb:set package 'unitree_hg' build argument 'cmake_clean_cache' from command line to 'False'
[0.372s] Level 5:colcon.colcon_core.verb:set package 'unitree_hg' build argument 'cmake_clean_first' from command line to 'False'
[0.372s] Level 5:colcon.colcon_core.verb:set package 'unitree_hg' build argument 'cmake_force_configure' from command line to 'False'
[0.372s] Level 5:colcon.colcon_core.verb:set package 'unitree_hg' build argument 'ament_cmake_args' from command line to 'None'
[0.372s] Level 5:colcon.colcon_core.verb:set package 'unitree_hg' build argument 'catkin_cmake_args' from command line to 'None'
[0.372s] Level 5:colcon.colcon_core.verb:set package 'unitree_hg' build argument 'catkin_skip_building_tests' from command line to 'False'
[0.372s] DEBUG:colcon.colcon_core.verb:Building package 'unitree_hg' with the following arguments: {'ament_cmake_args': None, 'build_base': '/home/issatay/Desktop/unitree_ws/build/unitree_hg', 'catkin_cmake_args': None, 'catkin_skip_building_tests': False, 'cmake_args': None, 'cmake_clean_cache': False, 'cmake_clean_first': False, 'cmake_force_configure': False, 'cmake_target': None, 'cmake_target_skip_unavailable': False, 'install_base': '/home/issatay/Desktop/unitree_ws/install/unitree_hg', 'merge_install': False, 'path': '/home/issatay/Desktop/unitree_ws/src/unitree_ros2/cyclonedds_ws/src/unitree/unitree_hg', 'symlink_install': True, 'test_result_base': None}
[0.372s] Level 5:colcon.colcon_core.verb:set package 'unitree_sdk2' build argument 'cmake_args' from command line to 'None'
[0.372s] Level 5:colcon.colcon_core.verb:set package 'unitree_sdk2' build argument 'cmake_target' from command line to 'None'
[0.372s] Level 5:colcon.colcon_core.verb:set package 'unitree_sdk2' build argument 'cmake_target_skip_unavailable' from command line to 'False'
[0.372s] Level 5:colcon.colcon_core.verb:set package 'unitree_sdk2' build argument 'cmake_clean_cache' from command line to 'False'
[0.372s] Level 5:colcon.colcon_core.verb:set package 'unitree_sdk2' build argument 'cmake_clean_first' from command line to 'False'
[0.372s] Level 5:colcon.colcon_core.verb:set package 'unitree_sdk2' build argument 'cmake_force_configure' from command line to 'False'
[0.372s] Level 5:colcon.colcon_core.verb:set package 'unitree_sdk2' build argument 'ament_cmake_args' from command line to 'None'
[0.372s] Level 5:colcon.colcon_core.verb:set package 'unitree_sdk2' build argument 'catkin_cmake_args' from command line to 'None'
[0.372s] Level 5:colcon.colcon_core.verb:set package 'unitree_sdk2' build argument 'catkin_skip_building_tests' from command line to 'False'
[0.372s] DEBUG:colcon.colcon_core.verb:Building package 'unitree_sdk2' with the following arguments: {'ament_cmake_args': None, 'build_base': '/home/issatay/Desktop/unitree_ws/build/unitree_sdk2', 'catkin_cmake_args': None, 'catkin_skip_building_tests': False, 'cmake_args': None, 'cmake_clean_cache': False, 'cmake_clean_first': False, 'cmake_force_configure': False, 'cmake_target': None, 'cmake_target_skip_unavailable': False, 'install_base': '/home/issatay/Desktop/unitree_ws/install/unitree_sdk2', 'merge_install': False, 'path': '/home/issatay/Desktop/unitree_ws/src/unitree_sdk2', 'symlink_install': True, 'test_result_base': None}
[0.372s] Level 5:colcon.colcon_core.verb:set package 'unitree_ros2_example' build argument 'cmake_args' from command line to 'None'
[0.372s] Level 5:colcon.colcon_core.verb:set package 'unitree_ros2_example' build argument 'cmake_target' from command line to 'None'
[0.372s] Level 5:colcon.colcon_core.verb:set package 'unitree_ros2_example' build argument 'cmake_target_skip_unavailable' from command line to 'False'
[0.372s] Level 5:colcon.colcon_core.verb:set package 'unitree_ros2_example' build argument 'cmake_clean_cache' from command line to 'False'
[0.372s] Level 5:colcon.colcon_core.verb:set package 'unitree_ros2_example' build argument 'cmake_clean_first' from command line to 'False'
[0.372s] Level 5:colcon.colcon_core.verb:set package 'unitree_ros2_example' build argument 'cmake_force_configure' from command line to 'False'
[0.372s] Level 5:colcon.colcon_core.verb:set package 'unitree_ros2_example' build argument 'ament_cmake_args' from command line to 'None'
[0.372s] Level 5:colcon.colcon_core.verb:set package 'unitree_ros2_example' build argument 'catkin_cmake_args' from command line to 'None'
[0.372s] Level 5:colcon.colcon_core.verb:set package 'unitree_ros2_example' build argument 'catkin_skip_building_tests' from command line to 'False'
[0.372s] DEBUG:colcon.colcon_core.verb:Building package 'unitree_ros2_example' with the following arguments: {'ament_cmake_args': None, 'build_base': '/home/issatay/Desktop/unitree_ws/build/unitree_ros2_example', 'catkin_cmake_args': None, 'catkin_skip_building_tests': False, 'cmake_args': None, 'cmake_clean_cache': False, 'cmake_clean_first': False, 'cmake_force_configure': False, 'cmake_target': None, 'cmake_target_skip_unavailable': False, 'install_base': '/home/issatay/Desktop/unitree_ws/install/unitree_ros2_example', 'merge_install': False, 'path': '/home/issatay/Desktop/unitree_ws/src/unitree_ros2/example/src', 'symlink_install': True, 'test_result_base': None}
[0.373s] INFO:colcon.colcon_core.executor:Executing jobs using 'parallel' executor
[0.373s] DEBUG:colcon.colcon_parallel_executor.executor.parallel:run_until_complete
[0.374s] INFO:colcon.colcon_ros.task.ament_cmake.build:Building ROS package in '/home/issatay/Desktop/unitree_ws/src/unitree_ros2/cyclonedds_ws/src/unitree/unitree_api' with build type 'ament_cmake'
[0.374s] INFO:colcon.colcon_cmake.task.cmake.build:Building CMake package in '/home/issatay/Desktop/unitree_ws/src/unitree_ros2/cyclonedds_ws/src/unitree/unitree_api'
[0.377s] INFO:colcon.colcon_core.plugin_system:Skipping extension 'colcon_core.shell.bat': Not used on non-Windows systems
[0.377s] INFO:colcon.colcon_core.shell:Skip shell extension 'powershell' for command environment: Not usable outside of PowerShell
[0.377s] DEBUG:colcon.colcon_core.shell:Skip shell extension 'dsv' for command environment
[0.380s] INFO:colcon.colcon_ros.task.ament_cmake.build:Building ROS package in '/home/issatay/Desktop/unitree_ws/src/unitree_ros2/cyclonedds_ws/src/unitree/unitree_go' with build type 'ament_cmake'
[0.380s] INFO:colcon.colcon_cmake.task.cmake.build:Building CMake package in '/home/issatay/Desktop/unitree_ws/src/unitree_ros2/cyclonedds_ws/src/unitree/unitree_go'
[0.380s] INFO:colcon.colcon_core.shell:Skip shell extension 'powershell' for command environment: Not usable outside of PowerShell
[0.380s] DEBUG:colcon.colcon_core.shell:Skip shell extension 'dsv' for command environment
[0.382s] INFO:colcon.colcon_ros.task.ament_cmake.build:Building ROS package in '/home/issatay/Desktop/unitree_ws/src/unitree_ros2/cyclonedds_ws/src/unitree/unitree_hg' with build type 'ament_cmake'
[0.382s] INFO:colcon.colcon_cmake.task.cmake.build:Building CMake package in '/home/issatay/Desktop/unitree_ws/src/unitree_ros2/cyclonedds_ws/src/unitree/unitree_hg'
[0.382s] INFO:colcon.colcon_core.shell:Skip shell extension 'powershell' for command environment: Not usable outside of PowerShell
[0.382s] DEBUG:colcon.colcon_core.shell:Skip shell extension 'dsv' for command environment
[0.384s] INFO:colcon.colcon_ros.task.ament_python.build:Building ROS package in '/home/issatay/Desktop/unitree_ws/src/g1_bringup' with build type 'ament_python'
[0.384s] Level 1:colcon.colcon_core.shell:create_environment_hook('g1_bringup', 'ament_prefix_path')
[0.384s] INFO:colcon.colcon_core.shell:Creating environment hook '/home/issatay/Desktop/unitree_ws/install/g1_bringup/share/g1_bringup/hook/ament_prefix_path.ps1'
[0.385s] INFO:colcon.colcon_core.shell:Creating environment descriptor '/home/issatay/Desktop/unitree_ws/install/g1_bringup/share/g1_bringup/hook/ament_prefix_path.dsv'
[0.385s] INFO:colcon.colcon_core.shell:Creating environment hook '/home/issatay/Desktop/unitree_ws/install/g1_bringup/share/g1_bringup/hook/ament_prefix_path.sh'
[0.386s] INFO:colcon.colcon_core.shell:Skip shell extension 'powershell' for command environment: Not usable outside of PowerShell
[0.386s] DEBUG:colcon.colcon_core.shell:Skip shell extension 'dsv' for command environment
[0.388s] INFO:colcon.colcon_ros.task.ament_cmake.build:Building ROS package in '/home/issatay/Desktop/unitree_ws/src/g1_description' with build type 'ament_cmake'
[0.388s] INFO:colcon.colcon_cmake.task.cmake.build:Building CMake package in '/home/issatay/Desktop/unitree_ws/src/g1_description'
[0.388s] INFO:colcon.colcon_core.shell:Skip shell extension 'powershell' for command environment: Not usable outside of PowerShell
[0.388s] DEBUG:colcon.colcon_core.shell:Skip shell extension 'dsv' for command environment
[0.390s] INFO:colcon.colcon_ros.task.ament_python.build:Building ROS package in '/home/issatay/Desktop/unitree_ws/src/g1_gz_spawn' with build type 'ament_python'
[0.390s] Level 1:colcon.colcon_core.shell:create_environment_hook('g1_gz_spawn', 'ament_prefix_path')
[0.390s] INFO:colcon.colcon_core.shell:Creating environment hook '/home/issatay/Desktop/unitree_ws/install/g1_gz_spawn/share/g1_gz_spawn/hook/ament_prefix_path.ps1'
[0.391s] INFO:colcon.colcon_core.shell:Creating environment descriptor '/home/issatay/Desktop/unitree_ws/install/g1_gz_spawn/share/g1_gz_spawn/hook/ament_prefix_path.dsv'
[0.391s] INFO:colcon.colcon_core.shell:Creating environment hook '/home/issatay/Desktop/unitree_ws/install/g1_gz_spawn/share/g1_gz_spawn/hook/ament_prefix_path.sh'
[0.391s] INFO:colcon.colcon_core.shell:Skip shell extension 'powershell' for command environment: Not usable outside of PowerShell
[0.391s] DEBUG:colcon.colcon_core.shell:Skip shell extension 'dsv' for command environment
[0.393s] INFO:colcon.colcon_cmake.task.cmake.build:Building CMake package in '/home/issatay/Desktop/unitree_ws/src/unitree_sdk2'
[0.393s] INFO:colcon.colcon_core.shell:Skip shell extension 'powershell' for command environment: Not usable outside of PowerShell
[0.393s] DEBUG:colcon.colcon_core.shell:Skip shell extension 'dsv' for command environment
[0.399s] DEBUG:colcon.colcon_core.event_handler.log_command:Invoking command in '/home/issatay/Desktop/unitree_ws/build/unitree_api': CMAKE_PREFIX_PATH=/opt/ros/humble /usr/bin/cmake /home/issatay/Desktop/unitree_ws/src/unitree_ros2/cyclonedds_ws/src/unitree/unitree_api -DAMENT_CMAKE_SYMLINK_INSTALL=1 -DCMAKE_INSTALL_PREFIX=/home/issatay/Desktop/unitree_ws/install/unitree_api
[0.401s] DEBUG:colcon.colcon_core.event_handler.log_command:Invoking command in '/home/issatay/Desktop/unitree_ws/build/unitree_go': CMAKE_PREFIX_PATH=/opt/ros/humble /usr/bin/cmake /home/issatay/Desktop/unitree_ws/src/unitree_ros2/cyclonedds_ws/src/unitree/unitree_go -DAMENT_CMAKE_SYMLINK_INSTALL=1 -DCMAKE_INSTALL_PREFIX=/home/issatay/Desktop/unitree_ws/install/unitree_go
[0.403s] DEBUG:colcon.colcon_core.event_handler.log_command:Invoking command in '/home/issatay/Desktop/unitree_ws/build/unitree_hg': CMAKE_PREFIX_PATH=/opt/ros/humble /usr/bin/cmake /home/issatay/Desktop/unitree_ws/src/unitree_ros2/cyclonedds_ws/src/unitree/unitree_hg -DAMENT_CMAKE_SYMLINK_INSTALL=1 -DCMAKE_INSTALL_PREFIX=/home/issatay/Desktop/unitree_ws/install/unitree_hg
[0.603s] INFO:colcon.colcon_core.task.python.build:Building Python package in '/home/issatay/Desktop/unitree_ws/src/g1_bringup'
[0.603s] INFO:colcon.colcon_core.shell:Skip shell extension 'powershell' for command environment: Not usable outside of PowerShell
[0.603s] DEBUG:colcon.colcon_core.shell:Skip shell extension 'dsv' for command environment
[0.609s] DEBUG:colcon.colcon_core.event_handler.log_command:Invoking command in '/home/issatay/Desktop/unitree_ws/build/g1_description': CMAKE_PREFIX_PATH=/opt/ros/humble /usr/bin/cmake /home/issatay/Desktop/unitree_ws/src/g1_description -DAMENT_CMAKE_SYMLINK_INSTALL=1 -DCMAKE_INSTALL_PREFIX=/home/issatay/Desktop/unitree_ws/install/g1_description
[0.821s] INFO:colcon.colcon_core.task.python.build:Building Python package in '/home/issatay/Desktop/unitree_ws/src/g1_gz_spawn'
[0.821s] INFO:colcon.colcon_core.shell:Skip shell extension 'powershell' for command environment: Not usable outside of PowerShell
[0.821s] DEBUG:colcon.colcon_core.shell:Skip shell extension 'dsv' for command environment
[0.833s] DEBUG:colcon.colcon_core.event_handler.log_command:Invoking command in '/home/issatay/Desktop/unitree_ws/build/unitree_sdk2': /usr/bin/cmake --build /home/issatay/Desktop/unitree_ws/build/unitree_sdk2 -- -j16 -l16
[0.833s] DEBUG:colcon.colcon_core.event_handler.log_command:Invoked command in '/home/issatay/Desktop/unitree_ws/build/g1_description' returned '0': CMAKE_PREFIX_PATH=/opt/ros/humble /usr/bin/cmake /home/issatay/Desktop/unitree_ws/src/g1_description -DAMENT_CMAKE_SYMLINK_INSTALL=1 -DCMAKE_INSTALL_PREFIX=/home/issatay/Desktop/unitree_ws/install/g1_description
[0.833s] DEBUG:colcon.colcon_core.event_handler.log_command:Invoking command in '/home/issatay/Desktop/unitree_ws/build/g1_description': CMAKE_PREFIX_PATH=/opt/ros/humble /usr/bin/cmake --build /home/issatay/Desktop/unitree_ws/build/g1_description -- -j16 -l16
[0.882s] DEBUG:colcon.colcon_core.event_handler.log_command:Invoked command in '/home/issatay/Desktop/unitree_ws/build/g1_description' returned '0': CMAKE_PREFIX_PATH=/opt/ros/humble /usr/bin/cmake --build /home/issatay/Desktop/unitree_ws/build/g1_description -- -j16 -l16
[0.905s] DEBUG:colcon.colcon_core.event_handler.log_command:Invoking command in '/home/issatay/Desktop/unitree_ws/build/g1_description': CMAKE_PREFIX_PATH=/opt/ros/humble /usr/bin/cmake --install /home/issatay/Desktop/unitree_ws/build/g1_description
[1.053s] DEBUG:colcon.colcon_core.event_handler.log_command:Invoked command in '/home/issatay/Desktop/unitree_ws/build/unitree_sdk2' returned '0': /usr/bin/cmake --build /home/issatay/Desktop/unitree_ws/build/unitree_sdk2 -- -j16 -l16
[1.056s] DEBUG:colcon.colcon_core.event_handler.log_command:Invoking command in '/home/issatay/Desktop/unitree_ws/build/unitree_sdk2': /usr/bin/cmake --install /home/issatay/Desktop/unitree_ws/build/unitree_sdk2
[1.102s] Level 1:colcon.colcon_core.environment:create_environment_scripts_only(unitree_sdk2)
[1.119s] Level 1:colcon.colcon_core.environment:checking '/home/issatay/Desktop/unitree_ws/install/unitree_sdk2' for CMake module files
[1.121s] Level 1:colcon.colcon_core.environment:checking '/home/issatay/Desktop/unitree_ws/install/unitree_sdk2' for CMake config files
[1.137s] DEBUG:colcon.colcon_core.event_handler.log_command:Invoked command in '/home/issatay/Desktop/unitree_ws/build/unitree_sdk2' returned '0': /usr/bin/cmake --install /home/issatay/Desktop/unitree_ws/build/unitree_sdk2
[1.139s] Level 1:colcon.colcon_core.shell:create_environment_hook('unitree_sdk2', 'cmake_prefix_path')
[1.140s] INFO:colcon.colcon_core.shell:Creating environment hook '/home/issatay/Desktop/unitree_ws/install/unitree_sdk2/share/unitree_sdk2/hook/cmake_prefix_path.ps1'
[1.141s] INFO:colcon.colcon_core.shell:Creating environment descriptor '/home/issatay/Desktop/unitree_ws/install/unitree_sdk2/share/unitree_sdk2/hook/cmake_prefix_path.dsv'
[1.141s] INFO:colcon.colcon_core.shell:Creating environment hook '/home/issatay/Desktop/unitree_ws/install/unitree_sdk2/share/unitree_sdk2/hook/cmake_prefix_path.sh'
[1.142s] Level 1:colcon.colcon_core.environment:checking '/home/issatay/Desktop/unitree_ws/install/unitree_sdk2/lib'
[1.142s] Level 1:colcon.colcon_core.shell:create_environment_hook('unitree_sdk2', 'ld_library_path_lib')
[1.142s] INFO:colcon.colcon_core.shell:Creating environment hook '/home/issatay/Desktop/unitree_ws/install/unitree_sdk2/share/unitree_sdk2/hook/ld_library_path_lib.ps1'
[1.143s] INFO:colcon.colcon_core.shell:Creating environment descriptor '/home/issatay/Desktop/unitree_ws/install/unitree_sdk2/share/unitree_sdk2/hook/ld_library_path_lib.dsv'
[1.143s] INFO:colcon.colcon_core.shell:Creating environment hook '/home/issatay/Desktop/unitree_ws/install/unitree_sdk2/share/unitree_sdk2/hook/ld_library_path_lib.sh'
[1.144s] Level 1:colcon.colcon_core.environment:checking '/home/issatay/Desktop/unitree_ws/install/unitree_sdk2/bin'
[1.144s] Level 1:colcon.colcon_core.environment:checking '/home/issatay/Desktop/unitree_ws/install/unitree_sdk2/lib/pkgconfig/unitree_sdk2.pc'
[1.144s] Level 1:colcon.colcon_core.environment:checking '/home/issatay/Desktop/unitree_ws/install/unitree_sdk2/lib/python3.10/site-packages'
[1.144s] Level 1:colcon.colcon_core.environment:checking '/home/issatay/Desktop/unitree_ws/install/unitree_sdk2/bin'
[1.144s] INFO:colcon.colcon_core.shell:Creating package script '/home/issatay/Desktop/unitree_ws/install/unitree_sdk2/share/unitree_sdk2/package.ps1'
[1.145s] INFO:colcon.colcon_core.shell:Creating package descriptor '/home/issatay/Desktop/unitree_ws/install/unitree_sdk2/share/unitree_sdk2/package.dsv'
[1.146s] INFO:colcon.colcon_core.shell:Creating package script '/home/issatay/Desktop/unitree_ws/install/unitree_sdk2/share/unitree_sdk2/package.sh'
[1.147s] INFO:colcon.colcon_core.shell:Creating package script '/home/issatay/Desktop/unitree_ws/install/unitree_sdk2/share/unitree_sdk2/package.bash'
[1.148s] INFO:colcon.colcon_core.shell:Creating package script '/home/issatay/Desktop/unitree_ws/install/unitree_sdk2/share/unitree_sdk2/package.zsh'
[1.149s] Level 1:colcon.colcon_core.environment:create_file_with_runtime_dependencies(/home/issatay/Desktop/unitree_ws/install/unitree_sdk2/share/colcon-core/packages/unitree_sdk2)
[1.346s] DEBUG:colcon.colcon_core.task.python.build:While undoing a previous installation files outside the Python library path are being ignored: /home/issatay/Desktop/unitree_ws/install/g1_bringup/share/ament_index/resource_index/packages/g1_bringup
[1.346s] DEBUG:colcon.colcon_core.task.python.build:While undoing a previous installation files outside the Python library path are being ignored: /home/issatay/Desktop/unitree_ws/install/g1_bringup/share/g1_bringup/package.xml
[1.349s] DEBUG:colcon.colcon_core.event_handler.log_command:Invoking command in '/home/issatay/Desktop/unitree_ws/build/g1_bringup': PYTHONPATH=/home/issatay/Desktop/unitree_ws/build/g1_bringup/prefix_override:/usr/lib/python3/dist-packages/colcon_core/task/python/colcon_distutils_commands:/home/issatay/Desktop/unitree_ws/install/g1_bringup/lib/python3.10/site-packages:${PYTHONPATH} /usr/bin/python3 -W ignore:setup.py install is deprecated -W ignore:easy_install command is deprecated setup.py develop --editable --build-directory /home/issatay/Desktop/unitree_ws/build/g1_bringup/build --no-deps symlink_data --force
[1.349s] DEBUG:colcon.colcon_core.task.python.build:While undoing a previous installation files outside the Python library path are being ignored: /home/issatay/Desktop/unitree_ws/install/g1_gz_spawn/share/ament_index/resource_index/packages/g1_gz_spawn
[1.349s] DEBUG:colcon.colcon_core.task.python.build:While undoing a previous installation files outside the Python library path are being ignored: /home/issatay/Desktop/unitree_ws/install/g1_gz_spawn/share/g1_gz_spawn/package.xml
[1.349s] DEBUG:colcon.colcon_core.task.python.build:While undoing a previous installation files outside the Python library path are being ignored: /home/issatay/Desktop/unitree_ws/install/g1_gz_spawn/share/g1_gz_spawn/launch/spawn_g1.launch.py
[1.349s] DEBUG:colcon.colcon_core.task.python.build:While undoing a previous installation files outside the Python library path are being ignored: /home/issatay/Desktop/unitree_ws/install/g1_gz_spawn/share/g1_gz_spawn/launch/spawn_g1_with_box.launch.py
[1.349s] DEBUG:colcon.colcon_core.task.python.build:While undoing a previous installation files outside the Python library path are being ignored: /home/issatay/Desktop/unitree_ws/install/g1_gz_spawn/share/g1_gz_spawn/worlds/room_4x4.sdf
[1.350s] DEBUG:colcon.colcon_core.task.python.build:While undoing a previous installation files outside the Python library path are being ignored: /home/issatay/Desktop/unitree_ws/install/g1_gz_spawn/share/g1_gz_spawn/scripts/publish_box_pose.py
[1.350s] DEBUG:colcon.colcon_core.task.python.build:While undoing a previous installation files outside the Python library path are being ignored: /home/issatay/Desktop/unitree_ws/install/g1_gz_spawn/share/g1_gz_spawn/models/box.sdf
[1.353s] DEBUG:colcon.colcon_core.event_handler.log_command:Invoking command in '/home/issatay/Desktop/unitree_ws/build/g1_gz_spawn': PYTHONPATH=/home/issatay/Desktop/unitree_ws/build/g1_gz_spawn/prefix_override:/usr/lib/python3/dist-packages/colcon_core/task/python/colcon_distutils_commands:/home/issatay/Desktop/unitree_ws/install/g1_gz_spawn/lib/python3.10/site-packages:${PYTHONPATH} /usr/bin/python3 -W ignore:setup.py install is deprecated -W ignore:easy_install command is deprecated setup.py develop --editable --build-directory /home/issatay/Desktop/unitree_ws/build/g1_gz_spawn/build --no-deps symlink_data --force
[1.562s] Level 1:colcon.colcon_core.environment:create_environment_scripts_only(g1_description)
[1.562s] Level 1:colcon.colcon_core.environment:checking '/home/issatay/Desktop/unitree_ws/install/g1_description' for CMake module files
[1.563s] DEBUG:colcon.colcon_core.event_handler.log_command:Invoked command in '/home/issatay/Desktop/unitree_ws/build/g1_description' returned '0': CMAKE_PREFIX_PATH=/opt/ros/humble /usr/bin/cmake --install /home/issatay/Desktop/unitree_ws/build/g1_description
[1.563s] Level 1:colcon.colcon_core.environment:checking '/home/issatay/Desktop/unitree_ws/install/g1_description' for CMake config files
[1.564s] Level 1:colcon.colcon_core.shell:create_environment_hook('g1_description', 'cmake_prefix_path')
[1.565s] INFO:colcon.colcon_core.shell:Creating environment hook '/home/issatay/Desktop/unitree_ws/install/g1_description/share/g1_description/hook/cmake_prefix_path.ps1'
[1.565s] INFO:colcon.colcon_core.shell:Creating environment descriptor '/home/issatay/Desktop/unitree_ws/install/g1_description/share/g1_description/hook/cmake_prefix_path.dsv'
[1.566s] INFO:colcon.colcon_core.shell:Creating environment hook '/home/issatay/Desktop/unitree_ws/install/g1_description/share/g1_description/hook/cmake_prefix_path.sh'
[1.566s] Level 1:colcon.colcon_core.environment:checking '/home/issatay/Desktop/unitree_ws/install/g1_description/bin'
[1.566s] Level 1:colcon.colcon_core.environment:checking '/home/issatay/Desktop/unitree_ws/install/g1_description/lib/pkgconfig/g1_description.pc'
[1.567s] Level 1:colcon.colcon_core.environment:checking '/home/issatay/Desktop/unitree_ws/install/g1_description/lib/python3.10/site-packages'
[1.567s] Level 1:colcon.colcon_core.environment:checking '/home/issatay/Desktop/unitree_ws/install/g1_description/bin'
[1.567s] INFO:colcon.colcon_core.shell:Creating package script '/home/issatay/Desktop/unitree_ws/install/g1_description/share/g1_description/package.ps1'
[1.568s] INFO:colcon.colcon_core.shell:Creating package descriptor '/home/issatay/Desktop/unitree_ws/install/g1_description/share/g1_description/package.dsv'
[1.568s] INFO:colcon.colcon_core.shell:Creating package script '/home/issatay/Desktop/unitree_ws/install/g1_description/share/g1_description/package.sh'
[1.569s] INFO:colcon.colcon_core.shell:Creating package script '/home/issatay/Desktop/unitree_ws/install/g1_description/share/g1_description/package.bash'
[1.569s] INFO:colcon.colcon_core.shell:Creating package script '/home/issatay/Desktop/unitree_ws/install/g1_description/share/g1_description/package.zsh'
[1.569s] Level 1:colcon.colcon_core.environment:create_file_with_runtime_dependencies(/home/issatay/Desktop/unitree_ws/install/g1_description/share/colcon-core/packages/g1_description)
[1.570s] Level 1:colcon.colcon_core.environment:create_environment_scripts_only(g1_description)
[1.570s] Level 1:colcon.colcon_core.environment:checking '/home/issatay/Desktop/unitree_ws/install/g1_description' for CMake module files
[1.571s] Level 1:colcon.colcon_core.environment:checking '/home/issatay/Desktop/unitree_ws/install/g1_description' for CMake config files
[1.571s] Level 1:colcon.colcon_core.shell:create_environment_hook('g1_description', 'cmake_prefix_path')
[1.572s] INFO:colcon.colcon_core.shell:Creating environment hook '/home/issatay/Desktop/unitree_ws/install/g1_description/share/g1_description/hook/cmake_prefix_path.ps1'
[1.572s] INFO:colcon.colcon_core.shell:Creating environment descriptor '/home/issatay/Desktop/unitree_ws/install/g1_description/share/g1_description/hook/cmake_prefix_path.dsv'
[1.572s] INFO:colcon.colcon_core.shell:Creating environment hook '/home/issatay/Desktop/unitree_ws/install/g1_description/share/g1_description/hook/cmake_prefix_path.sh'
[1.573s] Level 1:colcon.colcon_core.environment:checking '/home/issatay/Desktop/unitree_ws/install/g1_description/bin'
[1.573s] Level 1:colcon.colcon_core.environment:checking '/home/issatay/Desktop/unitree_ws/install/g1_description/lib/pkgconfig/g1_description.pc'
[1.573s] Level 1:colcon.colcon_core.environment:checking '/home/issatay/Desktop/unitree_ws/install/g1_description/lib/python3.10/site-packages'
[1.573s] Level 1:colcon.colcon_core.environment:checking '/home/issatay/Desktop/unitree_ws/install/g1_description/bin'
[1.574s] INFO:colcon.colcon_core.shell:Creating package script '/home/issatay/Desktop/unitree_ws/install/g1_description/share/g1_description/package.ps1'
[1.575s] INFO:colcon.colcon_core.shell:Creating package descriptor '/home/issatay/Desktop/unitree_ws/install/g1_description/share/g1_description/package.dsv'
[1.575s] INFO:colcon.colcon_core.shell:Creating package script '/home/issatay/Desktop/unitree_ws/install/g1_description/share/g1_description/package.sh'
[1.576s] INFO:colcon.colcon_core.shell:Creating package script '/home/issatay/Desktop/unitree_ws/install/g1_description/share/g1_description/package.bash'
[1.576s] INFO:colcon.colcon_core.shell:Creating package script '/home/issatay/Desktop/unitree_ws/install/g1_description/share/g1_description/package.zsh'
[1.577s] Level 1:colcon.colcon_core.environment:create_file_with_runtime_dependencies(/home/issatay/Desktop/unitree_ws/install/g1_description/share/colcon-core/packages/g1_description)
[1.750s] DEBUG:colcon.colcon_core.event_handler.log_command:Invoked command in '/home/issatay/Desktop/unitree_ws/build/unitree_api' returned '0': CMAKE_PREFIX_PATH=/opt/ros/humble /usr/bin/cmake /home/issatay/Desktop/unitree_ws/src/unitree_ros2/cyclonedds_ws/src/unitree/unitree_api -DAMENT_CMAKE_SYMLINK_INSTALL=1 -DCMAKE_INSTALL_PREFIX=/home/issatay/Desktop/unitree_ws/install/unitree_api
[1.752s] DEBUG:colcon.colcon_core.event_handler.log_command:Invoking command in '/home/issatay/Desktop/unitree_ws/build/unitree_api': CMAKE_PREFIX_PATH=/opt/ros/humble /usr/bin/cmake --build /home/issatay/Desktop/unitree_ws/build/unitree_api -- -j16 -l16
[1.758s] Level 1:colcon.colcon_core.shell:create_environment_hook('g1_bringup', 'pythonpath_develop')
[1.758s] INFO:colcon.colcon_core.shell:Creating environment hook '/home/issatay/Desktop/unitree_ws/build/g1_bringup/share/g1_bringup/hook/pythonpath_develop.ps1'
[1.759s] DEBUG:colcon.colcon_core.event_handler.log_command:Invoked command in '/home/issatay/Desktop/unitree_ws/build/g1_bringup' returned '0': PYTHONPATH=/home/issatay/Desktop/unitree_ws/build/g1_bringup/prefix_override:/usr/lib/python3/dist-packages/colcon_core/task/python/colcon_distutils_commands:/home/issatay/Desktop/unitree_ws/install/g1_bringup/lib/python3.10/site-packages:${PYTHONPATH} /usr/bin/python3 -W ignore:setup.py install is deprecated -W ignore:easy_install command is deprecated setup.py develop --editable --build-directory /home/issatay/Desktop/unitree_ws/build/g1_bringup/build --no-deps symlink_data --force
[1.759s] INFO:colcon.colcon_core.shell:Creating environment descriptor '/home/issatay/Desktop/unitree_ws/build/g1_bringup/share/g1_bringup/hook/pythonpath_develop.dsv'
[1.760s] INFO:colcon.colcon_core.shell:Creating environment hook '/home/issatay/Desktop/unitree_ws/build/g1_bringup/share/g1_bringup/hook/pythonpath_develop.sh'
[1.760s] Level 1:colcon.colcon_core.environment:checking '/home/issatay/Desktop/unitree_ws/install/g1_bringup' for CMake module files
[1.761s] Level 1:colcon.colcon_core.environment:checking '/home/issatay/Desktop/unitree_ws/install/g1_bringup' for CMake config files
[1.761s] Level 1:colcon.colcon_core.environment:checking '/home/issatay/Desktop/unitree_ws/install/g1_bringup/lib'
[1.762s] Level 1:colcon.colcon_core.environment:checking '/home/issatay/Desktop/unitree_ws/install/g1_bringup/bin'
[1.762s] Level 1:colcon.colcon_core.environment:checking '/home/issatay/Desktop/unitree_ws/install/g1_bringup/lib/pkgconfig/g1_bringup.pc'
[1.762s] Level 1:colcon.colcon_core.environment:checking '/home/issatay/Desktop/unitree_ws/install/g1_bringup/lib/python3.10/site-packages'
[1.762s] Level 1:colcon.colcon_core.shell:create_environment_hook('g1_bringup', 'pythonpath')
[1.762s] INFO:colcon.colcon_core.shell:Creating environment hook '/home/issatay/Desktop/unitree_ws/install/g1_bringup/share/g1_bringup/hook/pythonpath.ps1'
[1.763s] INFO:colcon.colcon_core.shell:Creating environment descriptor '/home/issatay/Desktop/unitree_ws/install/g1_bringup/share/g1_bringup/hook/pythonpath.dsv'
[1.763s] INFO:colcon.colcon_core.shell:Creating environment hook '/home/issatay/Desktop/unitree_ws/install/g1_bringup/share/g1_bringup/hook/pythonpath.sh'
[1.764s] Level 1:colcon.colcon_core.environment:checking '/home/issatay/Desktop/unitree_ws/install/g1_bringup/bin'
[1.764s] Level 1:colcon.colcon_core.environment:create_environment_scripts_only(g1_bringup)
[1.764s] INFO:colcon.colcon_core.shell:Creating package script '/home/issatay/Desktop/unitree_ws/install/g1_bringup/share/g1_bringup/package.ps1'
[1.765s] INFO:colcon.colcon_core.shell:Creating package descriptor '/home/issatay/Desktop/unitree_ws/install/g1_bringup/share/g1_bringup/package.dsv'
[1.765s] INFO:colcon.colcon_core.shell:Creating package script '/home/issatay/Desktop/unitree_ws/install/g1_bringup/share/g1_bringup/package.sh'
[1.765s] INFO:colcon.colcon_core.shell:Creating package script '/home/issatay/Desktop/unitree_ws/install/g1_bringup/share/g1_bringup/package.bash'
[1.766s] INFO:colcon.colcon_core.shell:Creating package script '/home/issatay/Desktop/unitree_ws/install/g1_bringup/share/g1_bringup/package.zsh'
[1.766s] Level 1:colcon.colcon_core.environment:create_file_with_runtime_dependencies(/home/issatay/Desktop/unitree_ws/install/g1_bringup/share/colcon-core/packages/g1_bringup)
[1.768s] DEBUG:colcon.colcon_core.event_handler.log_command:Invoked command in '/home/issatay/Desktop/unitree_ws/build/g1_gz_spawn' returned '1': PYTHONPATH=/home/issatay/Desktop/unitree_ws/build/g1_gz_spawn/prefix_override:/usr/lib/python3/dist-packages/colcon_core/task/python/colcon_distutils_commands:/home/issatay/Desktop/unitree_ws/install/g1_gz_spawn/lib/python3.10/site-packages:${PYTHONPATH} /usr/bin/python3 -W ignore:setup.py install is deprecated -W ignore:easy_install command is deprecated setup.py develop --editable --build-directory /home/issatay/Desktop/unitree_ws/build/g1_gz_spawn/build --no-deps symlink_data --force
[1.769s] DEBUG:colcon.colcon_core.event_handler.log_command:Invoked command in '/home/issatay/Desktop/unitree_ws/build/unitree_hg' returned '0': CMAKE_PREFIX_PATH=/opt/ros/humble /usr/bin/cmake /home/issatay/Desktop/unitree_ws/src/unitree_ros2/cyclonedds_ws/src/unitree/unitree_hg -DAMENT_CMAKE_SYMLINK_INSTALL=1 -DCMAKE_INSTALL_PREFIX=/home/issatay/Desktop/unitree_ws/install/unitree_hg
[1.769s] DEBUG:colcon.colcon_core.event_handler.log_command:Invoking command in '/home/issatay/Desktop/unitree_ws/build/unitree_hg': CMAKE_PREFIX_PATH=/opt/ros/humble /usr/bin/cmake --build /home/issatay/Desktop/unitree_ws/build/unitree_hg -- -j16 -l16
[1.875s] DEBUG:colcon.colcon_parallel_executor.executor.parallel:closing loop
[1.875s] DEBUG:colcon.colcon_parallel_executor.executor.parallel:loop closed
[1.875s] DEBUG:colcon.colcon_parallel_executor.executor.parallel:run_until_complete finished with '1'
[1.875s] DEBUG:colcon.colcon_core.event_reactor:joining thread
[1.881s] INFO:colcon.colcon_core.plugin_system:Skipping extension 'colcon_notification.desktop_notification.terminal_notifier': Not used on non-Darwin systems
[1.881s] INFO:colcon.colcon_core.plugin_system:Skipping extension 'colcon_notification.desktop_notification.win32': Not used on non-Windows systems
[1.881s] INFO:colcon.colcon_notification.desktop_notification:Sending desktop notification using 'notify2'
[1.890s] DEBUG:colcon.colcon_core.event_reactor:joined thread
[1.890s] INFO:colcon.colcon_core.shell:Creating prefix script '/home/issatay/Desktop/unitree_ws/install/local_setup.ps1'
[1.892s] INFO:colcon.colcon_core.shell:Creating prefix util module '/home/issatay/Desktop/unitree_ws/install/_local_setup_util_ps1.py'
[1.894s] INFO:colcon.colcon_core.shell:Creating prefix chain script '/home/issatay/Desktop/unitree_ws/install/setup.ps1'
[1.894s] INFO:colcon.colcon_core.shell:Creating prefix script '/home/issatay/Desktop/unitree_ws/install/local_setup.sh'
[1.895s] INFO:colcon.colcon_core.shell:Creating prefix util module '/home/issatay/Desktop/unitree_ws/install/_local_setup_util_sh.py'
[1.895s] INFO:colcon.colcon_core.shell:Creating prefix chain script '/home/issatay/Desktop/unitree_ws/install/setup.sh'
[1.896s] INFO:colcon.colcon_core.shell:Creating prefix script '/home/issatay/Desktop/unitree_ws/install/local_setup.bash'
[1.897s] INFO:colcon.colcon_core.shell:Creating prefix chain script '/home/issatay/Desktop/unitree_ws/install/setup.bash'
[1.898s] INFO:colcon.colcon_core.shell:Creating prefix script '/home/issatay/Desktop/unitree_ws/install/local_setup.zsh'
[1.898s] INFO:colcon.colcon_core.shell:Creating prefix chain script '/home/issatay/Desktop/unitree_ws/install/setup.zsh'
