[0.017s] Invoking command in '/home/issatay/Desktop/unitree_ws/build/g1_description': CMAKE_PREFIX_PATH=${CMAKE_PREFIX_PATH}:/home/issatay/Desktop/unitree_ws/install/g1_gz_spawn:/home/issatay/Desktop/unitree_ws/install/g1_bringup:/opt/ros/humble /usr/bin/cmake /home/issatay/Desktop/unitree_ws/src/g1_description -DCMAKE_INSTALL_PREFIX=/home/issatay/Desktop/unitree_ws/install/g1_description
[0.032s] -- Found ament_cmake: 1.3.12 (/opt/ros/humble/share/ament_cmake/cmake)
[0.168s] -- Override CMake install command with custom implementation using symlinks instead of copying resources
[0.250s] -- Configuring done
[0.253s] -- Generating done
[0.255s] -- Build files have been written to: /home/issatay/Desktop/unitree_ws/build/g1_description
[0.320s] Invoked command in '/home/issatay/Desktop/unitree_ws/build/g1_description' returned '0': CMAKE_PREFIX_PATH=${CMAKE_PREFIX_PATH}:/home/issatay/Desktop/unitree_ws/install/g1_gz_spawn:/home/issatay/Desktop/unitree_ws/install/g1_bringup:/opt/ros/humble /usr/bin/cmake /home/issatay/Desktop/unitree_ws/src/g1_description -DCMAKE_INSTALL_PREFIX=/home/issatay/Desktop/unitree_ws/install/g1_description
[0.322s] Invoking command in '/home/issatay/Desktop/unitree_ws/build/g1_description': CMAKE_PREFIX_PATH=${CMAKE_PREFIX_PATH}:/home/issatay/Desktop/unitree_ws/install/g1_gz_spawn:/home/issatay/Desktop/unitree_ws/install/g1_bringup:/opt/ros/humble /usr/bin/cmake --build /home/issatay/Desktop/unitree_ws/build/g1_description -- -j16 -l16
[0.373s] Invoked command in '/home/issatay/Desktop/unitree_ws/build/g1_description' returned '0': CMAKE_PREFIX_PATH=${CMAKE_PREFIX_PATH}:/home/issatay/Desktop/unitree_ws/install/g1_gz_spawn:/home/issatay/Desktop/unitree_ws/install/g1_bringup:/opt/ros/humble /usr/bin/cmake --build /home/issatay/Desktop/unitree_ws/build/g1_description -- -j16 -l16
[0.387s] Invoking command in '/home/issatay/Desktop/unitree_ws/build/g1_description': CMAKE_PREFIX_PATH=${CMAKE_PREFIX_PATH}:/home/issatay/Desktop/unitree_ws/install/g1_gz_spawn:/home/issatay/Desktop/unitree_ws/install/g1_bringup:/opt/ros/humble /usr/bin/cmake --install /home/issatay/Desktop/unitree_ws/build/g1_description
[0.397s] -- Install configuration: ""
[0.398s] -- Execute custom install script
[0.398s] -- Up-to-date symlink: /home/issatay/Desktop/unitree_ws/install/g1_description/share/g1_description/launch/check_joint.rviz
[0.398s] -- Up-to-date symlink: /home/issatay/Desktop/unitree_ws/install/g1_description/share/g1_description/launch/display.launch
[0.399s] -- Up-to-date symlink: /home/issatay/Desktop/unitree_ws/install/g1_description/share/g1_description/launch/gazebo.launch
[0.399s] -- Up-to-date symlink: /home/issatay/Desktop/unitree_ws/install/g1_description/share/g1_description/meshes/head_link.STL
[0.399s] -- Up-to-date symlink: /home/issatay/Desktop/unitree_ws/install/g1_description/share/g1_description/meshes/left_ankle_pitch_link.STL
[0.400s] -- Up-to-date symlink: /home/issatay/Desktop/unitree_ws/install/g1_description/share/g1_description/meshes/left_ankle_roll_link.STL
[0.400s] -- Up-to-date symlink: /home/issatay/Desktop/unitree_ws/install/g1_description/share/g1_description/meshes/left_elbow_link.STL
[0.400s] -- Up-to-date symlink: /home/issatay/Desktop/unitree_ws/install/g1_description/share/g1_description/meshes/left_hip_pitch_link.STL
[0.400s] -- Up-to-date symlink: /home/issatay/Desktop/unitree_ws/install/g1_description/share/g1_description/meshes/left_hip_roll_link.STL
[0.400s] -- Up-to-date symlink: /home/issatay/Desktop/unitree_ws/install/g1_description/share/g1_description/meshes/left_hip_yaw_link.STL
[0.400s] -- Up-to-date symlink: /home/issatay/Desktop/unitree_ws/install/g1_description/share/g1_description/meshes/left_knee_link.STL
[0.401s] -- Up-to-date symlink: /home/issatay/Desktop/unitree_ws/install/g1_description/share/g1_description/meshes/left_rubber_hand.STL
[0.401s] -- Up-to-date symlink: /home/issatay/Desktop/unitree_ws/install/g1_description/share/g1_description/meshes/left_shoulder_pitch_link.STL
[0.401s] -- Up-to-date symlink: /home/issatay/Desktop/unitree_ws/install/g1_description/share/g1_description/meshes/left_shoulder_roll_link.STL
[0.401s] -- Up-to-date symlink: /home/issatay/Desktop/unitree_ws/install/g1_description/share/g1_description/meshes/left_shoulder_yaw_link.STL
[0.402s] -- Up-to-date symlink: /home/issatay/Desktop/unitree_ws/install/g1_description/share/g1_description/meshes/left_wrist_pitch_link.STL
[0.402s] -- Up-to-date symlink: /home/issatay/Desktop/unitree_ws/install/g1_description/share/g1_description/meshes/left_wrist_roll_link.STL
[0.402s] -- Up-to-date symlink: /home/issatay/Desktop/unitree_ws/install/g1_description/share/g1_description/meshes/left_wrist_roll_rubber_hand.STL
[0.402s] -- Up-to-date symlink: /home/issatay/Desktop/unitree_ws/install/g1_description/share/g1_description/meshes/left_wrist_yaw_link.STL
[0.402s] -- Up-to-date symlink: /home/issatay/Desktop/unitree_ws/install/g1_description/share/g1_description/meshes/logo_link.STL
[0.402s] -- Up-to-date symlink: /home/issatay/Desktop/unitree_ws/install/g1_description/share/g1_description/meshes/pelvis.STL
[0.402s] -- Up-to-date symlink: /home/issatay/Desktop/unitree_ws/install/g1_description/share/g1_description/meshes/pelvis_contour_link.STL
[0.402s] -- Up-to-date symlink: /home/issatay/Desktop/unitree_ws/install/g1_description/share/g1_description/meshes/right_ankle_pitch_link.STL
[0.402s] -- Up-to-date symlink: /home/issatay/Desktop/unitree_ws/install/g1_description/share/g1_description/meshes/right_ankle_roll_link.STL
[0.402s] -- Up-to-date symlink: /home/issatay/Desktop/unitree_ws/install/g1_description/share/g1_description/meshes/right_elbow_link.STL
[0.402s] -- Up-to-date symlink: /home/issatay/Desktop/unitree_ws/install/g1_description/share/g1_description/meshes/right_hip_pitch_link.STL
[0.402s] -- Up-to-date symlink: /home/issatay/Desktop/unitree_ws/install/g1_description/share/g1_description/meshes/right_hip_roll_link.STL
[0.402s] -- Up-to-date symlink: /home/issatay/Desktop/unitree_ws/install/g1_description/share/g1_description/meshes/right_hip_yaw_link.STL
[0.403s] -- Up-to-date symlink: /home/issatay/Desktop/unitree_ws/install/g1_description/share/g1_description/meshes/right_knee_link.STL
[0.403s] -- Up-to-date symlink: /home/issatay/Desktop/unitree_ws/install/g1_description/share/g1_description/meshes/right_rubber_hand.STL
[0.403s] -- Up-to-date symlink: /home/issatay/Desktop/unitree_ws/install/g1_description/share/g1_description/meshes/right_shoulder_pitch_link.STL
[0.403s] -- Up-to-date symlink: /home/issatay/Desktop/unitree_ws/install/g1_description/share/g1_description/meshes/right_shoulder_roll_link.STL
[0.403s] -- Up-to-date symlink: /home/issatay/Desktop/unitree_ws/install/g1_description/share/g1_description/meshes/right_shoulder_yaw_link.STL
[0.403s] -- Up-to-date symlink: /home/issatay/Desktop/unitree_ws/install/g1_description/share/g1_description/meshes/right_wrist_pitch_link.STL
[0.403s] -- Up-to-date symlink: /home/issatay/Desktop/unitree_ws/install/g1_description/share/g1_description/meshes/right_wrist_roll_link.STL
[0.403s] -- Up-to-date symlink: /home/issatay/Desktop/unitree_ws/install/g1_description/share/g1_description/meshes/right_wrist_roll_rubber_hand.STL
[0.403s] -- Up-to-date symlink: /home/issatay/Desktop/unitree_ws/install/g1_description/share/g1_description/meshes/right_wrist_yaw_link.STL
[0.404s] -- Up-to-date symlink: /home/issatay/Desktop/unitree_ws/install/g1_description/share/g1_description/meshes/torso_link.STL
[0.404s] -- Up-to-date symlink: /home/issatay/Desktop/unitree_ws/install/g1_description/share/g1_description/meshes/waist_roll_link.STL
[0.404s] -- Up-to-date symlink: /home/issatay/Desktop/unitree_ws/install/g1_description/share/g1_description/meshes/waist_support_link.STL
[0.404s] -- Up-to-date symlink: /home/issatay/Desktop/unitree_ws/install/g1_description/share/g1_description/meshes/waist_yaw_link.STL
[0.404s] -- Up-to-date symlink: /home/issatay/Desktop/unitree_ws/install/g1_description/share/g1_description/rsdf/left_ankle_link.rsdf
[0.405s] -- Up-to-date symlink: /home/issatay/Desktop/unitree_ws/install/g1_description/share/g1_description/rsdf/right_ankle_link.rsdf
[0.405s] -- Up-to-date symlink: /home/issatay/Desktop/unitree_ws/install/g1_description/share/g1_description/urdf/g1_23dof.urdf
[0.405s] -- Symlinking: /home/issatay/Desktop/unitree_ws/install/g1_description/share/g1_description/urdf/g1_23dof_control.urdf
[0.417s] -- Up-to-date symlink: /home/issatay/Desktop/unitree_ws/install/g1_description/share/g1_description/urdf/g1_29dof.urdf
[0.417s] -- Up-to-date symlink: /home/issatay/Desktop/unitree_ws/install/g1_description/share/ament_index/resource_index/package_run_dependencies/g1_description
[0.417s] -- Up-to-date symlink: /home/issatay/Desktop/unitree_ws/install/g1_description/share/ament_index/resource_index/parent_prefix_path/g1_description
[0.417s] -- Up-to-date symlink: /home/issatay/Desktop/unitree_ws/install/g1_description/share/g1_description/environment/ament_prefix_path.sh
[0.418s] -- Up-to-date symlink: /home/issatay/Desktop/unitree_ws/install/g1_description/share/g1_description/environment/ament_prefix_path.dsv
[0.418s] -- Up-to-date symlink: /home/issatay/Desktop/unitree_ws/install/g1_description/share/g1_description/environment/path.sh
[0.418s] -- Up-to-date symlink: /home/issatay/Desktop/unitree_ws/install/g1_description/share/g1_description/environment/path.dsv
[0.418s] -- Up-to-date symlink: /home/issatay/Desktop/unitree_ws/install/g1_description/share/g1_description/local_setup.bash
[0.418s] -- Up-to-date symlink: /home/issatay/Desktop/unitree_ws/install/g1_description/share/g1_description/local_setup.sh
[0.418s] -- Up-to-date symlink: /home/issatay/Desktop/unitree_ws/install/g1_description/share/g1_description/local_setup.zsh
[0.418s] -- Up-to-date symlink: /home/issatay/Desktop/unitree_ws/install/g1_description/share/g1_description/local_setup.dsv
[0.419s] -- Symlinking: /home/issatay/Desktop/unitree_ws/install/g1_description/share/g1_description/package.dsv
[0.431s] -- Up-to-date symlink: /home/issatay/Desktop/unitree_ws/install/g1_description/share/ament_index/resource_index/packages/g1_description
[0.431s] -- Up-to-date symlink: /home/issatay/Desktop/unitree_ws/install/g1_description/share/g1_description/cmake/g1_description_INSTALL_PREFIX.cmake
[0.431s] -- Up-to-date symlink: /home/issatay/Desktop/unitree_ws/install/g1_description/share/g1_description/cmake/g1_descriptionConfig.cmake
[0.432s] -- Up-to-date symlink: /home/issatay/Desktop/unitree_ws/install/g1_description/share/g1_description/cmake/g1_descriptionConfig-version.cmake
[0.432s] -- Up-to-date symlink: /home/issatay/Desktop/unitree_ws/install/g1_description/share/g1_description/package.xml
[0.434s] Invoked command in '/home/issatay/Desktop/unitree_ws/build/g1_description' returned '0': CMAKE_PREFIX_PATH=${CMAKE_PREFIX_PATH}:/home/issatay/Desktop/unitree_ws/install/g1_gz_spawn:/home/issatay/Desktop/unitree_ws/install/g1_bringup:/opt/ros/humble /usr/bin/cmake --install /home/issatay/Desktop/unitree_ws/build/g1_description
