[35m[1mConsolidate compiler generated dependencies of target read_low_state[0m
[35m[1mConsolidate compiler generated dependencies of target read_low_state_hg[0m
[35m[1mConsolidate compiler generated dependencies of target low_level_ctrl_hg[0m
[35m[1mConsolidate compiler generated dependencies of target read_wireless_controller[0m
[35m[1mConsolidate compiler generated dependencies of target read_motion_state[0m
[35m[1mConsolidate compiler generated dependencies of target go2_stand_example[0m
[35m[1mConsolidate compiler generated dependencies of target go2_sport_client[0m
[35m[1mConsolidate compiler generated dependencies of target g1_low_level_example[0m
[35m[1mConsolidate compiler generated dependencies of target low_level_ctrl[0m
[35m[1mConsolidate compiler generated dependencies of target go2_robot_state_client[0m
[35m[1mConsolidate compiler generated dependencies of target g1_dex3_example[0m
[35m[1mConsolidate compiler generated dependencies of target g1_arm_sdk_dds_example[0m
[35m[1mConsolidate compiler generated dependencies of target g1_arm_action_example[0m
[35m[1mConsolidate compiler generated dependencies of target g1_loco_client_example[0m
[35m[1mConsolidate compiler generated dependencies of target g1_ankle_swing_example[0m
[35m[1mConsolidate compiler generated dependencies of target g1_audio_client_example[0m
[ 13%] Built target read_low_state
[ 13%] Built target read_wireless_controller
[ 13%] Built target read_motion_state
[ 13%] Built target read_low_state_hg
[ 18%] Built target go2_stand_example
[ 29%] Built target low_level_ctrl
[ 29%] Built target go2_sport_client
[ 39%] Built target go2_robot_state_client
[ 39%] Built target low_level_ctrl_hg
[ 44%] Built target g1_dex3_example
[ 50%] Built target g1_low_level_example
[ 55%] Built target g1_arm_sdk_dds_example
[ 60%] Built target g1_arm_action_example
[ 65%] Built target g1_loco_client_example
[ 72%] Built target g1_audio_client_example
[ 74%] Built target g1_ankle_swing_example
[35m[1mConsolidate compiler generated dependencies of target b2w_stand_example[0m
[35m[1mConsolidate compiler generated dependencies of target b2w_sport_client[0m
[35m[1mConsolidate compiler generated dependencies of target b2_sport_client[0m
[35m[1mConsolidate compiler generated dependencies of target b2_stand_example[0m
[35m[1mConsolidate compiler generated dependencies of target g1_dual_arm_example[0m
[ 84%] Built target b2w_sport_client
[ 84%] Built target b2w_stand_example
[ 94%] Built target g1_dual_arm_example
[ 94%] Built target b2_sport_client
[100%] Built target b2_stand_example
-- Install configuration: ""
-- Up-to-date: /home/issatay/Desktop/unitree_ws/install/unitree_ros2_example/bin/low_level_ctrl
-- Up-to-date: /home/issatay/Desktop/unitree_ws/install/unitree_ros2_example/bin/low_level_ctrl_hg
-- Up-to-date: /home/issatay/Desktop/unitree_ws/install/unitree_ros2_example/bin/g1_low_level_example
-- Up-to-date: /home/issatay/Desktop/unitree_ws/install/unitree_ros2_example/bin/read_low_state
-- Up-to-date: /home/issatay/Desktop/unitree_ws/install/unitree_ros2_example/bin/read_low_state_hg
-- Up-to-date: /home/issatay/Desktop/unitree_ws/install/unitree_ros2_example/bin/read_motion_state
-- Up-to-date: /home/issatay/Desktop/unitree_ws/install/unitree_ros2_example/bin/read_wireless_controller
-- Up-to-date: /home/issatay/Desktop/unitree_ws/install/unitree_ros2_example/bin/go2_sport_client
-- Up-to-date: /home/issatay/Desktop/unitree_ws/install/unitree_ros2_example/bin/go2_stand_example
-- Up-to-date: /home/issatay/Desktop/unitree_ws/install/unitree_ros2_example/bin/go2_robot_state_client
-- Up-to-date: /home/issatay/Desktop/unitree_ws/install/unitree_ros2_example/bin/g1_arm_sdk_dds_example
-- Up-to-date: /home/issatay/Desktop/unitree_ws/install/unitree_ros2_example/bin/g1_arm_action_example
-- Up-to-date: /home/issatay/Desktop/unitree_ws/install/unitree_ros2_example/bin/g1_dex3_example
-- Up-to-date: /home/issatay/Desktop/unitree_ws/install/unitree_ros2_example/bin/g1_loco_client_example
-- Up-to-date: /home/issatay/Desktop/unitree_ws/install/unitree_ros2_example/bin/g1_ankle_swing_example
-- Up-to-date: /home/issatay/Desktop/unitree_ws/install/unitree_ros2_example/bin/g1_dual_arm_example
-- Up-to-date: /home/issatay/Desktop/unitree_ws/install/unitree_ros2_example/bin/g1_audio_client_example
-- Up-to-date: /home/issatay/Desktop/unitree_ws/install/unitree_ros2_example/share/ament_index/resource_index/package_run_dependencies/unitree_ros2_example
-- Up-to-date: /home/issatay/Desktop/unitree_ws/install/unitree_ros2_example/share/ament_index/resource_index/parent_prefix_path/unitree_ros2_example
-- Up-to-date: /home/issatay/Desktop/unitree_ws/install/unitree_ros2_example/share/unitree_ros2_example/environment/ament_prefix_path.sh
-- Up-to-date: /home/issatay/Desktop/unitree_ws/install/unitree_ros2_example/share/unitree_ros2_example/environment/ament_prefix_path.dsv
-- Up-to-date: /home/issatay/Desktop/unitree_ws/install/unitree_ros2_example/share/unitree_ros2_example/environment/path.sh
-- Up-to-date: /home/issatay/Desktop/unitree_ws/install/unitree_ros2_example/share/unitree_ros2_example/environment/path.dsv
-- Up-to-date: /home/issatay/Desktop/unitree_ws/install/unitree_ros2_example/share/unitree_ros2_example/local_setup.bash
-- Up-to-date: /home/issatay/Desktop/unitree_ws/install/unitree_ros2_example/share/unitree_ros2_example/local_setup.sh
-- Up-to-date: /home/issatay/Desktop/unitree_ws/install/unitree_ros2_example/share/unitree_ros2_example/local_setup.zsh
-- Up-to-date: /home/issatay/Desktop/unitree_ws/install/unitree_ros2_example/share/unitree_ros2_example/local_setup.dsv
-- Installing: /home/issatay/Desktop/unitree_ws/install/unitree_ros2_example/share/unitree_ros2_example/package.dsv
-- Up-to-date: /home/issatay/Desktop/unitree_ws/install/unitree_ros2_example/share/ament_index/resource_index/packages/unitree_ros2_example
-- Up-to-date: /home/issatay/Desktop/unitree_ws/install/unitree_ros2_example/share/unitree_ros2_example/cmake/unitree_ros2_exampleConfig.cmake
-- Up-to-date: /home/issatay/Desktop/unitree_ws/install/unitree_ros2_example/share/unitree_ros2_example/cmake/unitree_ros2_exampleConfig-version.cmake
-- Up-to-date: /home/issatay/Desktop/unitree_ws/install/unitree_ros2_example/share/unitree_ros2_example/package.xml
