[0.017s] Invoking command in '/home/issatay/Desktop/unitree_ws/build/unitree_ros2_example': CMAKE_PREFIX_PATH=/home/issatay/Desktop/unitree_ws/install/unitree_hg:/home/issatay/Desktop/unitree_ws/install/unitree_go:/home/issatay/Desktop/unitree_ws/install/unitree_api:/home/issatay/Desktop/unitree_ws/install/unitree_ros2_example:/home/issatay/Desktop/unitree_ws/install/g1_description:/home/issatay/Desktop/unitree_ws/install/unitree_sdk2:/home/issatay/Desktop/unitree_ws/install/g1_gz_spawn:/home/issatay/Desktop/unitree_ws/install/g1_bringup:/opt/ros/humble /usr/bin/cmake --build /home/issatay/Desktop/unitree_ws/build/unitree_ros2_example -- -j16 -l16
[0.118s] [35m[1mConsolidate compiler generated dependencies of target read_low_state[0m
[0.118s] [35m[1mConsolidate compiler generated dependencies of target read_low_state_hg[0m
[0.118s] [35m[1mConsolidate compiler generated dependencies of target low_level_ctrl_hg[0m
[0.119s] [35m[1mConsolidate compiler generated dependencies of target read_wireless_controller[0m
[0.119s] [35m[1mConsolidate compiler generated dependencies of target read_motion_state[0m
[0.119s] [35m[1mConsolidate compiler generated dependencies of target go2_stand_example[0m
[0.119s] [35m[1mConsolidate compiler generated dependencies of target go2_sport_client[0m
[0.119s] [35m[1mConsolidate compiler generated dependencies of target g1_low_level_example[0m
[0.119s] [35m[1mConsolidate compiler generated dependencies of target low_level_ctrl[0m
[0.119s] [35m[1mConsolidate compiler generated dependencies of target go2_robot_state_client[0m
[0.119s] [35m[1mConsolidate compiler generated dependencies of target g1_dex3_example[0m
[0.119s] [35m[1mConsolidate compiler generated dependencies of target g1_arm_sdk_dds_example[0m
[0.119s] [35m[1mConsolidate compiler generated dependencies of target g1_arm_action_example[0m
[0.119s] [35m[1mConsolidate compiler generated dependencies of target g1_loco_client_example[0m
[0.119s] [35m[1mConsolidate compiler generated dependencies of target g1_ankle_swing_example[0m
[0.120s] [35m[1mConsolidate compiler generated dependencies of target g1_audio_client_example[0m
[0.120s] [ 13%] Built target read_low_state
[0.120s] [ 13%] Built target read_wireless_controller
[0.120s] [ 13%] Built target read_motion_state
[0.120s] [ 13%] Built target read_low_state_hg
[0.121s] [ 18%] Built target go2_stand_example
[0.121s] [ 29%] Built target low_level_ctrl
[0.121s] [ 29%] Built target go2_sport_client
[0.122s] [ 39%] Built target go2_robot_state_client
[0.122s] [ 39%] Built target low_level_ctrl_hg
[0.122s] [ 44%] Built target g1_dex3_example
[0.122s] [ 50%] Built target g1_low_level_example
[0.127s] [ 55%] Built target g1_arm_sdk_dds_example
[0.127s] [ 60%] Built target g1_arm_action_example
[0.127s] [ 65%] Built target g1_loco_client_example
[0.128s] [ 72%] Built target g1_audio_client_example
[0.128s] [ 74%] Built target g1_ankle_swing_example
[0.131s] [35m[1mConsolidate compiler generated dependencies of target b2w_stand_example[0m
[0.131s] [35m[1mConsolidate compiler generated dependencies of target b2w_sport_client[0m
[0.134s] [35m[1mConsolidate compiler generated dependencies of target b2_sport_client[0m
[0.134s] [35m[1mConsolidate compiler generated dependencies of target b2_stand_example[0m
[0.134s] [35m[1mConsolidate compiler generated dependencies of target g1_dual_arm_example[0m
[0.159s] [ 84%] Built target b2w_sport_client
[0.159s] [ 84%] Built target b2w_stand_example
[0.160s] [ 94%] Built target g1_dual_arm_example
[0.160s] [ 94%] Built target b2_sport_client
[0.162s] [100%] Built target b2_stand_example
[0.179s] Invoked command in '/home/issatay/Desktop/unitree_ws/build/unitree_ros2_example' returned '0': CMAKE_PREFIX_PATH=/home/issatay/Desktop/unitree_ws/install/unitree_hg:/home/issatay/Desktop/unitree_ws/install/unitree_go:/home/issatay/Desktop/unitree_ws/install/unitree_api:/home/issatay/Desktop/unitree_ws/install/unitree_ros2_example:/home/issatay/Desktop/unitree_ws/install/g1_description:/home/issatay/Desktop/unitree_ws/install/unitree_sdk2:/home/issatay/Desktop/unitree_ws/install/g1_gz_spawn:/home/issatay/Desktop/unitree_ws/install/g1_bringup:/opt/ros/humble /usr/bin/cmake --build /home/issatay/Desktop/unitree_ws/build/unitree_ros2_example -- -j16 -l16
[0.181s] Invoking command in '/home/issatay/Desktop/unitree_ws/build/unitree_ros2_example': CMAKE_PREFIX_PATH=/home/issatay/Desktop/unitree_ws/install/unitree_hg:/home/issatay/Desktop/unitree_ws/install/unitree_go:/home/issatay/Desktop/unitree_ws/install/unitree_api:/home/issatay/Desktop/unitree_ws/install/unitree_ros2_example:/home/issatay/Desktop/unitree_ws/install/g1_description:/home/issatay/Desktop/unitree_ws/install/unitree_sdk2:/home/issatay/Desktop/unitree_ws/install/g1_gz_spawn:/home/issatay/Desktop/unitree_ws/install/g1_bringup:/opt/ros/humble /usr/bin/cmake --install /home/issatay/Desktop/unitree_ws/build/unitree_ros2_example
[0.190s] -- Install configuration: ""
[0.191s] -- Up-to-date: /home/issatay/Desktop/unitree_ws/install/unitree_ros2_example/bin/low_level_ctrl
[0.191s] -- Up-to-date: /home/issatay/Desktop/unitree_ws/install/unitree_ros2_example/bin/low_level_ctrl_hg
[0.191s] -- Up-to-date: /home/issatay/Desktop/unitree_ws/install/unitree_ros2_example/bin/g1_low_level_example
[0.191s] -- Up-to-date: /home/issatay/Desktop/unitree_ws/install/unitree_ros2_example/bin/read_low_state
[0.191s] -- Up-to-date: /home/issatay/Desktop/unitree_ws/install/unitree_ros2_example/bin/read_low_state_hg
[0.192s] -- Up-to-date: /home/issatay/Desktop/unitree_ws/install/unitree_ros2_example/bin/read_motion_state
[0.192s] -- Up-to-date: /home/issatay/Desktop/unitree_ws/install/unitree_ros2_example/bin/read_wireless_controller
[0.192s] -- Up-to-date: /home/issatay/Desktop/unitree_ws/install/unitree_ros2_example/bin/go2_sport_client
[0.193s] -- Up-to-date: /home/issatay/Desktop/unitree_ws/install/unitree_ros2_example/bin/go2_stand_example
[0.193s] -- Up-to-date: /home/issatay/Desktop/unitree_ws/install/unitree_ros2_example/bin/go2_robot_state_client
[0.194s] -- Up-to-date: /home/issatay/Desktop/unitree_ws/install/unitree_ros2_example/bin/g1_arm_sdk_dds_example
[0.194s] -- Up-to-date: /home/issatay/Desktop/unitree_ws/install/unitree_ros2_example/bin/g1_arm_action_example
[0.195s] -- Up-to-date: /home/issatay/Desktop/unitree_ws/install/unitree_ros2_example/bin/g1_dex3_example
[0.195s] -- Up-to-date: /home/issatay/Desktop/unitree_ws/install/unitree_ros2_example/bin/g1_loco_client_example
[0.196s] -- Up-to-date: /home/issatay/Desktop/unitree_ws/install/unitree_ros2_example/bin/g1_ankle_swing_example
[0.196s] -- Up-to-date: /home/issatay/Desktop/unitree_ws/install/unitree_ros2_example/bin/g1_dual_arm_example
[0.198s] -- Up-to-date: /home/issatay/Desktop/unitree_ws/install/unitree_ros2_example/bin/g1_audio_client_example
[0.198s] -- Up-to-date: /home/issatay/Desktop/unitree_ws/install/unitree_ros2_example/share/ament_index/resource_index/package_run_dependencies/unitree_ros2_example
[0.198s] -- Up-to-date: /home/issatay/Desktop/unitree_ws/install/unitree_ros2_example/share/ament_index/resource_index/parent_prefix_path/unitree_ros2_example
[0.198s] -- Up-to-date: /home/issatay/Desktop/unitree_ws/install/unitree_ros2_example/share/unitree_ros2_example/environment/ament_prefix_path.sh
[0.198s] -- Up-to-date: /home/issatay/Desktop/unitree_ws/install/unitree_ros2_example/share/unitree_ros2_example/environment/ament_prefix_path.dsv
[0.198s] -- Up-to-date: /home/issatay/Desktop/unitree_ws/install/unitree_ros2_example/share/unitree_ros2_example/environment/path.sh
[0.198s] -- Up-to-date: /home/issatay/Desktop/unitree_ws/install/unitree_ros2_example/share/unitree_ros2_example/environment/path.dsv
[0.199s] -- Up-to-date: /home/issatay/Desktop/unitree_ws/install/unitree_ros2_example/share/unitree_ros2_example/local_setup.bash
[0.199s] -- Up-to-date: /home/issatay/Desktop/unitree_ws/install/unitree_ros2_example/share/unitree_ros2_example/local_setup.sh
[0.199s] -- Up-to-date: /home/issatay/Desktop/unitree_ws/install/unitree_ros2_example/share/unitree_ros2_example/local_setup.zsh
[0.199s] -- Up-to-date: /home/issatay/Desktop/unitree_ws/install/unitree_ros2_example/share/unitree_ros2_example/local_setup.dsv
[0.199s] -- Installing: /home/issatay/Desktop/unitree_ws/install/unitree_ros2_example/share/unitree_ros2_example/package.dsv
[0.199s] -- Up-to-date: /home/issatay/Desktop/unitree_ws/install/unitree_ros2_example/share/ament_index/resource_index/packages/unitree_ros2_example
[0.199s] -- Up-to-date: /home/issatay/Desktop/unitree_ws/install/unitree_ros2_example/share/unitree_ros2_example/cmake/unitree_ros2_exampleConfig.cmake
[0.199s] -- Up-to-date: /home/issatay/Desktop/unitree_ws/install/unitree_ros2_example/share/unitree_ros2_example/cmake/unitree_ros2_exampleConfig-version.cmake
[0.200s] -- Up-to-date: /home/issatay/Desktop/unitree_ws/install/unitree_ros2_example/share/unitree_ros2_example/package.xml
[0.200s] Invoked command in '/home/issatay/Desktop/unitree_ws/build/unitree_ros2_example' returned '0': CMAKE_PREFIX_PATH=/home/issatay/Desktop/unitree_ws/install/unitree_hg:/home/issatay/Desktop/unitree_ws/install/unitree_go:/home/issatay/Desktop/unitree_ws/install/unitree_api:/home/issatay/Desktop/unitree_ws/install/unitree_ros2_example:/home/issatay/Desktop/unitree_ws/install/g1_description:/home/issatay/Desktop/unitree_ws/install/unitree_sdk2:/home/issatay/Desktop/unitree_ws/install/g1_gz_spawn:/home/issatay/Desktop/unitree_ws/install/g1_bringup:/opt/ros/humble /usr/bin/cmake --install /home/issatay/Desktop/unitree_ws/build/unitree_ros2_example
