[0.220s] Invoking command in '/home/issatay/Desktop/unitree_ws/build/g1_description': CMAKE_PREFIX_PATH=/opt/ros/humble /usr/bin/cmake /home/issatay/Desktop/unitree_ws/src/g1_description -DAMENT_CMAKE_SYMLINK_INSTALL=1 -DCMAKE_INSTALL_PREFIX=/home/issatay/Desktop/unitree_ws/install/g1_description
[0.441s] -- Found ament_cmake: 1.3.12 (/opt/ros/humble/share/ament_cmake/cmake)
[0.441s] -- Override CMake install command with custom implementation using symlinks instead of copying resources
[0.441s] -- Configuring done
[0.441s] -- Generating done
[0.441s] -- Build files have been written to: /home/issatay/Desktop/unitree_ws/build/g1_description
[0.445s] Invoked command in '/home/issatay/Desktop/unitree_ws/build/g1_description' returned '0': CMAKE_PREFIX_PATH=/opt/ros/humble /usr/bin/cmake /home/issatay/Desktop/unitree_ws/src/g1_description -DAMENT_CMAKE_SYMLINK_INSTALL=1 -DCMAKE_INSTALL_PREFIX=/home/issatay/Desktop/unitree_ws/install/g1_description
[0.445s] Invoking command in '/home/issatay/Desktop/unitree_ws/build/g1_description': CMAKE_PREFIX_PATH=/opt/ros/humble /usr/bin/cmake --build /home/issatay/Desktop/unitree_ws/build/g1_description -- -j16 -l16
[0.494s] Invoked command in '/home/issatay/Desktop/unitree_ws/build/g1_description' returned '0': CMAKE_PREFIX_PATH=/opt/ros/humble /usr/bin/cmake --build /home/issatay/Desktop/unitree_ws/build/g1_description -- -j16 -l16
[0.516s] Invoking command in '/home/issatay/Desktop/unitree_ws/build/g1_description': CMAKE_PREFIX_PATH=/opt/ros/humble /usr/bin/cmake --install /home/issatay/Desktop/unitree_ws/build/g1_description
[0.526s] -- Install configuration: ""
[0.528s] -- Execute custom install script
[0.528s] -- Symlinking: /home/issatay/Desktop/unitree_ws/install/g1_description/share/g1_description/launch/check_joint.rviz
[0.539s] -- Symlinking: /home/issatay/Desktop/unitree_ws/install/g1_description/share/g1_description/launch/display.launch
[0.558s] -- Symlinking: /home/issatay/Desktop/unitree_ws/install/g1_description/share/g1_description/launch/gazebo.launch
[0.577s] -- Symlinking: /home/issatay/Desktop/unitree_ws/install/g1_description/share/g1_description/meshes/head_link.STL
[0.594s] -- Symlinking: /home/issatay/Desktop/unitree_ws/install/g1_description/share/g1_description/meshes/left_ankle_pitch_link.STL
[0.610s] -- Symlinking: /home/issatay/Desktop/unitree_ws/install/g1_description/share/g1_description/meshes/left_ankle_roll_link.STL
[0.621s] -- Symlinking: /home/issatay/Desktop/unitree_ws/install/g1_description/share/g1_description/meshes/left_elbow_link.STL
[0.632s] -- Symlinking: /home/issatay/Desktop/unitree_ws/install/g1_description/share/g1_description/meshes/left_hip_pitch_link.STL
[0.646s] -- Symlinking: /home/issatay/Desktop/unitree_ws/install/g1_description/share/g1_description/meshes/left_hip_roll_link.STL
[0.656s] -- Symlinking: /home/issatay/Desktop/unitree_ws/install/g1_description/share/g1_description/meshes/left_hip_yaw_link.STL
[0.668s] -- Symlinking: /home/issatay/Desktop/unitree_ws/install/g1_description/share/g1_description/meshes/left_knee_link.STL
[0.680s] -- Symlinking: /home/issatay/Desktop/unitree_ws/install/g1_description/share/g1_description/meshes/left_rubber_hand.STL
[0.711s] -- Symlinking: /home/issatay/Desktop/unitree_ws/install/g1_description/share/g1_description/meshes/left_shoulder_pitch_link.STL
[0.736s] -- Symlinking: /home/issatay/Desktop/unitree_ws/install/g1_description/share/g1_description/meshes/left_shoulder_roll_link.STL
[0.749s] -- Symlinking: /home/issatay/Desktop/unitree_ws/install/g1_description/share/g1_description/meshes/left_shoulder_yaw_link.STL
[0.749s] -- Symlinking: /home/issatay/Desktop/unitree_ws/install/g1_description/share/g1_description/meshes/left_wrist_pitch_link.STL
[0.749s] -- Symlinking: /home/issatay/Desktop/unitree_ws/install/g1_description/share/g1_description/meshes/left_wrist_roll_link.STL
[0.750s] -- Symlinking: /home/issatay/Desktop/unitree_ws/install/g1_description/share/g1_description/meshes/left_wrist_roll_rubber_hand.STL
[0.750s] -- Symlinking: /home/issatay/Desktop/unitree_ws/install/g1_description/share/g1_description/meshes/left_wrist_yaw_link.STL
[0.758s] -- Symlinking: /home/issatay/Desktop/unitree_ws/install/g1_description/share/g1_description/meshes/logo_link.STL
[0.767s] -- Symlinking: /home/issatay/Desktop/unitree_ws/install/g1_description/share/g1_description/meshes/pelvis.STL
[0.777s] -- Symlinking: /home/issatay/Desktop/unitree_ws/install/g1_description/share/g1_description/meshes/pelvis_contour_link.STL
[0.786s] -- Symlinking: /home/issatay/Desktop/unitree_ws/install/g1_description/share/g1_description/meshes/right_ankle_pitch_link.STL
[0.795s] -- Symlinking: /home/issatay/Desktop/unitree_ws/install/g1_description/share/g1_description/meshes/right_ankle_roll_link.STL
[0.804s] -- Symlinking: /home/issatay/Desktop/unitree_ws/install/g1_description/share/g1_description/meshes/right_elbow_link.STL
[0.816s] -- Symlinking: /home/issatay/Desktop/unitree_ws/install/g1_description/share/g1_description/meshes/right_hip_pitch_link.STL
[0.827s] -- Symlinking: /home/issatay/Desktop/unitree_ws/install/g1_description/share/g1_description/meshes/right_hip_roll_link.STL
[0.839s] -- Symlinking: /home/issatay/Desktop/unitree_ws/install/g1_description/share/g1_description/meshes/right_hip_yaw_link.STL
[0.850s] -- Symlinking: /home/issatay/Desktop/unitree_ws/install/g1_description/share/g1_description/meshes/right_knee_link.STL
[0.861s] -- Symlinking: /home/issatay/Desktop/unitree_ws/install/g1_description/share/g1_description/meshes/right_rubber_hand.STL
[0.876s] -- Symlinking: /home/issatay/Desktop/unitree_ws/install/g1_description/share/g1_description/meshes/right_shoulder_pitch_link.STL
[0.892s] -- Symlinking: /home/issatay/Desktop/unitree_ws/install/g1_description/share/g1_description/meshes/right_shoulder_roll_link.STL
[0.904s] -- Symlinking: /home/issatay/Desktop/unitree_ws/install/g1_description/share/g1_description/meshes/right_shoulder_yaw_link.STL
[0.918s] -- Symlinking: /home/issatay/Desktop/unitree_ws/install/g1_description/share/g1_description/meshes/right_wrist_pitch_link.STL
[0.928s] -- Symlinking: /home/issatay/Desktop/unitree_ws/install/g1_description/share/g1_description/meshes/right_wrist_roll_link.STL
[0.940s] -- Symlinking: /home/issatay/Desktop/unitree_ws/install/g1_description/share/g1_description/meshes/right_wrist_roll_rubber_hand.STL
[0.950s] -- Symlinking: /home/issatay/Desktop/unitree_ws/install/g1_description/share/g1_description/meshes/right_wrist_yaw_link.STL
[0.960s] -- Symlinking: /home/issatay/Desktop/unitree_ws/install/g1_description/share/g1_description/meshes/torso_link.STL
[0.969s] -- Symlinking: /home/issatay/Desktop/unitree_ws/install/g1_description/share/g1_description/meshes/waist_roll_link.STL
[0.978s] -- Symlinking: /home/issatay/Desktop/unitree_ws/install/g1_description/share/g1_description/meshes/waist_support_link.STL
[0.986s] -- Symlinking: /home/issatay/Desktop/unitree_ws/install/g1_description/share/g1_description/meshes/waist_yaw_link.STL
[0.995s] -- Symlinking: /home/issatay/Desktop/unitree_ws/install/g1_description/share/g1_description/rsdf/left_ankle_link.rsdf
[1.004s] -- Symlinking: /home/issatay/Desktop/unitree_ws/install/g1_description/share/g1_description/rsdf/right_ankle_link.rsdf
[1.014s] -- Symlinking: /home/issatay/Desktop/unitree_ws/install/g1_description/share/g1_description/urdf/g1_23dof.urdf
[1.024s] -- Symlinking: /home/issatay/Desktop/unitree_ws/install/g1_description/share/g1_description/urdf/g1_29dof.urdf
[1.032s] -- Symlinking: /home/issatay/Desktop/unitree_ws/install/g1_description/share/ament_index/resource_index/package_run_dependencies/g1_description
[1.041s] -- Symlinking: /home/issatay/Desktop/unitree_ws/install/g1_description/share/ament_index/resource_index/parent_prefix_path/g1_description
[1.049s] -- Symlinking: /home/issatay/Desktop/unitree_ws/install/g1_description/share/g1_description/environment/ament_prefix_path.sh
[1.058s] -- Symlinking: /home/issatay/Desktop/unitree_ws/install/g1_description/share/g1_description/environment/ament_prefix_path.dsv
[1.067s] -- Symlinking: /home/issatay/Desktop/unitree_ws/install/g1_description/share/g1_description/environment/path.sh
[1.076s] -- Symlinking: /home/issatay/Desktop/unitree_ws/install/g1_description/share/g1_description/environment/path.dsv
[1.085s] -- Symlinking: /home/issatay/Desktop/unitree_ws/install/g1_description/share/g1_description/local_setup.bash
[1.094s] -- Symlinking: /home/issatay/Desktop/unitree_ws/install/g1_description/share/g1_description/local_setup.sh
[1.102s] -- Symlinking: /home/issatay/Desktop/unitree_ws/install/g1_description/share/g1_description/local_setup.zsh
[1.110s] -- Symlinking: /home/issatay/Desktop/unitree_ws/install/g1_description/share/g1_description/local_setup.dsv
[1.118s] -- Symlinking: /home/issatay/Desktop/unitree_ws/install/g1_description/share/g1_description/package.dsv
[1.126s] -- Symlinking: /home/issatay/Desktop/unitree_ws/install/g1_description/share/ament_index/resource_index/packages/g1_description
[1.135s] -- Symlinking: /home/issatay/Desktop/unitree_ws/install/g1_description/share/g1_description/cmake/g1_description_INSTALL_PREFIX.cmake
[1.144s] -- Symlinking: /home/issatay/Desktop/unitree_ws/install/g1_description/share/g1_description/cmake/g1_descriptionConfig.cmake
[1.153s] -- Symlinking: /home/issatay/Desktop/unitree_ws/install/g1_description/share/g1_description/cmake/g1_descriptionConfig-version.cmake
[1.162s] -- Symlinking: /home/issatay/Desktop/unitree_ws/install/g1_description/share/g1_description/package.xml
[1.174s] Invoked command in '/home/issatay/Desktop/unitree_ws/build/g1_description' returned '0': CMAKE_PREFIX_PATH=/opt/ros/humble /usr/bin/cmake --install /home/issatay/Desktop/unitree_ws/build/g1_description
