running egg_info
creating ../../build/g1_gz_spawn/g1_gz_spawn.egg-info
writing ../../build/g1_gz_spawn/g1_gz_spawn.egg-info/PKG-INFO
writing dependency_links to ../../build/g1_gz_spawn/g1_gz_spawn.egg-info/dependency_links.txt
writing requirements to ../../build/g1_gz_spawn/g1_gz_spawn.egg-info/requires.txt
writing top-level names to ../../build/g1_gz_spawn/g1_gz_spawn.egg-info/top_level.txt
writing manifest file '../../build/g1_gz_spawn/g1_gz_spawn.egg-info/SOURCES.txt'
reading manifest file '../../build/g1_gz_spawn/g1_gz_spawn.egg-info/SOURCES.txt'
writing manifest file '../../build/g1_gz_spawn/g1_gz_spawn.egg-info/SOURCES.txt'
running build
running build_py
creating /home/issatay/Desktop/unitree_ws/build/g1_gz_spawn/build
creating /home/issatay/Desktop/unitree_ws/build/g1_gz_spawn/build/lib
creating /home/issatay/Desktop/unitree_ws/build/g1_gz_spawn/build/lib/g1_gz_spawn
copying g1_gz_spawn/__init__.py -> /home/issatay/Desktop/unitree_ws/build/g1_gz_spawn/build/lib/g1_gz_spawn
running install
running install_lib
creating /home/issatay/Desktop/unitree_ws/install/g1_gz_spawn/lib/python3.10/site-packages/g1_gz_spawn
copying /home/issatay/Desktop/unitree_ws/build/g1_gz_spawn/build/lib/g1_gz_spawn/__init__.py -> /home/issatay/Desktop/unitree_ws/install/g1_gz_spawn/lib/python3.10/site-packages/g1_gz_spawn
byte-compiling /home/issatay/Desktop/unitree_ws/install/g1_gz_spawn/lib/python3.10/site-packages/g1_gz_spawn/__init__.py to __init__.cpython-310.pyc
running install_data
creating /home/issatay/Desktop/unitree_ws/install/g1_gz_spawn/share/ament_index
creating /home/issatay/Desktop/unitree_ws/install/g1_gz_spawn/share/ament_index/resource_index
creating /home/issatay/Desktop/unitree_ws/install/g1_gz_spawn/share/ament_index/resource_index/packages
copying resource/g1_gz_spawn -> /home/issatay/Desktop/unitree_ws/install/g1_gz_spawn/share/ament_index/resource_index/packages
copying package.xml -> /home/issatay/Desktop/unitree_ws/install/g1_gz_spawn/share/g1_gz_spawn
creating /home/issatay/Desktop/unitree_ws/install/g1_gz_spawn/share/g1_gz_spawn/launch
copying launch/spawn_g1.launch.py -> /home/issatay/Desktop/unitree_ws/install/g1_gz_spawn/share/g1_gz_spawn/launch
creating /home/issatay/Desktop/unitree_ws/install/g1_gz_spawn/share/g1_gz_spawn/worlds
copying worlds/room_4x4.sdf -> /home/issatay/Desktop/unitree_ws/install/g1_gz_spawn/share/g1_gz_spawn/worlds
running install_egg_info
Copying ../../build/g1_gz_spawn/g1_gz_spawn.egg-info to /home/issatay/Desktop/unitree_ws/install/g1_gz_spawn/lib/python3.10/site-packages/g1_gz_spawn-0.0.0-py3.10.egg-info
running install_scripts
writing list of installed files to '/home/issatay/Desktop/unitree_ws/build/g1_gz_spawn/install.log'
