[0.036s] Invoking command in '/home/issatay/Desktop/unitree_ws/build/unitree_api': CMAKE_PREFIX_PATH=/opt/ros/humble /usr/bin/cmake /home/issatay/Desktop/unitree_ws/src/unitree_ros2/cyclonedds_ws/src/unitree/unitree_api -DCMAKE_INSTALL_PREFIX=/home/issatay/Desktop/unitree_ws/install/unitree_api
[0.864s] -- Found ament_cmake: 1.3.12 (/opt/ros/humble/share/ament_cmake/cmake)
[0.866s] -- Override CMake install command with custom implementation using symlinks instead of copying resources
[0.866s] -- Found geometry_msgs: 4.9.0 (/opt/ros/humble/share/geometry_msgs/cmake)
[0.866s] -- Found rosidl_generator_c: 3.1.8 (/opt/ros/humble/share/rosidl_generator_c/cmake)
[0.867s] -- Found rosidl_adapter: 3.1.8 (/opt/ros/humble/share/rosidl_adapter/cmake)
[0.867s] -- Found rosidl_generator_cpp: 3.1.8 (/opt/ros/humble/share/rosidl_generator_cpp/cmake)
[0.867s] -- Using all available rosidl_typesupport_c: rosidl_typesupport_fastrtps_c;rosidl_typesupport_introspection_c
[0.867s] -- Using all available rosidl_typesupport_cpp: rosidl_typesupport_fastrtps_cpp;rosidl_typesupport_introspection_cpp
[0.867s] -- Found rosidl_default_generators: 1.2.0 (/opt/ros/humble/share/rosidl_default_generators/cmake)
[0.867s] -- Found rosidl_generator_dds_idl: 0.8.1 (/opt/ros/humble/share/rosidl_generator_dds_idl/cmake)
[0.891s] -- Found ament_cmake_ros: 0.10.0 (/opt/ros/humble/share/ament_cmake_ros/cmake)
[2.866s] -- Using all available rosidl_typesupport_c: rosidl_typesupport_fastrtps_c;rosidl_typesupport_introspection_c
[3.360s] -- Using all available rosidl_typesupport_cpp: rosidl_typesupport_fastrtps_cpp;rosidl_typesupport_introspection_cpp
[3.468s] -- Found python_cmake_module: 0.10.0 (/opt/ros/humble/share/python_cmake_module/cmake)
[3.561s] -- Using PYTHON_EXECUTABLE: /usr/bin/python3
[3.561s] -- Using PYTHON_INCLUDE_DIRS: /usr/include/python3.10
[3.562s] -- Using PYTHON_LIBRARIES: /usr/lib/x86_64-linux-gnu/libpython3.10.so
[3.872s] -- Found ament_lint_auto: 0.12.14 (/opt/ros/humble/share/ament_lint_auto/cmake)
[3.921s] -- Added test 'copyright' to check source files copyright and LICENSE
[3.922s] -- Added test 'lint_cmake' to check CMake code style
[3.925s] -- Added test 'xmllint' to check XML markup files
[3.933s] -- Configuring done
[4.117s] -- Generating done
[4.206s] -- Build files have been written to: /home/issatay/Desktop/unitree_ws/build/unitree_api
[4.311s] Invoked command in '/home/issatay/Desktop/unitree_ws/build/unitree_api' returned '0': CMAKE_PREFIX_PATH=/opt/ros/humble /usr/bin/cmake /home/issatay/Desktop/unitree_ws/src/unitree_ros2/cyclonedds_ws/src/unitree/unitree_api -DCMAKE_INSTALL_PREFIX=/home/issatay/Desktop/unitree_ws/install/unitree_api
[4.312s] Invoking command in '/home/issatay/Desktop/unitree_ws/build/unitree_api': CMAKE_PREFIX_PATH=/opt/ros/humble /usr/bin/cmake --build /home/issatay/Desktop/unitree_ws/build/unitree_api -- -j16 -l16
[4.617s] [  1%] Built target unitree_api__dds_connext_idl
[4.628s] failed to create symbolic link '/home/issatay/Desktop/unitree_ws/build/unitree_api/ament_cmake_python/unitree_api/unitree_api' because existing path cannot be removed: Is a directory
[4.628s] gmake[2]: *** [CMakeFiles/ament_cmake_python_symlink_unitree_api.dir/build.make:70: CMakeFiles/ament_cmake_python_symlink_unitree_api] Error 1
[4.628s] gmake[1]: *** [CMakeFiles/Makefile2:423: CMakeFiles/ament_cmake_python_symlink_unitree_api.dir/all] Error 2
[4.629s] gmake[1]: *** Waiting for unfinished jobs....
[4.754s] [35m[1mConsolidate compiler generated dependencies of target unitree_api__rosidl_generator_c[0m
[4.812s] [  2%] [32mBuilding C object CMakeFiles/unitree_api__rosidl_generator_c.dir/rosidl_generator_c/unitree_api/msg/detail/request__functions.c.o[0m
[4.821s] [  3%] [32mBuilding C object CMakeFiles/unitree_api__rosidl_generator_c.dir/rosidl_generator_c/unitree_api/msg/detail/request_identity__functions.c.o[0m
[4.849s] [  4%] [32mBuilding C object CMakeFiles/unitree_api__rosidl_generator_c.dir/rosidl_generator_c/unitree_api/msg/detail/request_policy__functions.c.o[0m
[4.864s] [  5%] [32mBuilding C object CMakeFiles/unitree_api__rosidl_generator_c.dir/rosidl_generator_c/unitree_api/msg/detail/request_header__functions.c.o[0m
[4.872s] [  6%] Built target unitree_api__cpp
[4.880s] [  7%] [32mBuilding C object CMakeFiles/unitree_api__rosidl_generator_c.dir/rosidl_generator_c/unitree_api/msg/detail/request_lease__functions.c.o[0m
[4.883s] [  9%] [32mBuilding C object CMakeFiles/unitree_api__rosidl_generator_c.dir/rosidl_generator_c/unitree_api/msg/detail/response__functions.c.o[0m
[4.884s] [ 10%] [32mBuilding C object CMakeFiles/unitree_api__rosidl_generator_c.dir/rosidl_generator_c/unitree_api/msg/detail/response_status__functions.c.o[0m
[4.896s] [ 11%] [32mBuilding C object CMakeFiles/unitree_api__rosidl_generator_c.dir/rosidl_generator_c/unitree_api/msg/detail/response_header__functions.c.o[0m
[5.351s] [ 12%] [32m[1mLinking C shared library libunitree_api__rosidl_generator_c.so[0m
[5.638s] [ 13%] Built target unitree_api__rosidl_generator_c
[5.641s] gmake: *** [Makefile:146: all] Error 2
[5.655s] Invoked command in '/home/issatay/Desktop/unitree_ws/build/unitree_api' returned '2': CMAKE_PREFIX_PATH=/opt/ros/humble /usr/bin/cmake --build /home/issatay/Desktop/unitree_ws/build/unitree_api -- -j16 -l16
