[1.042s] Invoking command in '/home/issatay/Desktop/unitree_ws/src/g1_bringup': PYTHONPATH=/home/issatay/Desktop/unitree_ws/build/g1_bringup/prefix_override:/usr/lib/python3/dist-packages/colcon_core/task/python/colcon_distutils_commands:/home/issatay/Desktop/unitree_ws/install/g1_bringup/lib/python3.10/site-packages:${PYTHONPATH} /usr/bin/python3 -W ignore:setup.py install is deprecated -W ignore:easy_install command is deprecated setup.py egg_info --egg-base ../../build/g1_bringup build --build-base /home/issatay/Desktop/unitree_ws/build/g1_bringup/build install --record /home/issatay/Desktop/unitree_ws/build/g1_bringup/install.log --single-version-externally-managed install_data
[1.367s] running egg_info
[1.370s] creating ../../build/g1_bringup/g1_bringup.egg-info
[1.370s] writing ../../build/g1_bringup/g1_bringup.egg-info/PKG-INFO
[1.373s] writing dependency_links to ../../build/g1_bringup/g1_bringup.egg-info/dependency_links.txt
[1.373s] writing entry points to ../../build/g1_bringup/g1_bringup.egg-info/entry_points.txt
[1.374s] writing requirements to ../../build/g1_bringup/g1_bringup.egg-info/requires.txt
[1.374s] writing top-level names to ../../build/g1_bringup/g1_bringup.egg-info/top_level.txt
[1.374s] writing manifest file '../../build/g1_bringup/g1_bringup.egg-info/SOURCES.txt'
[1.375s] reading manifest file '../../build/g1_bringup/g1_bringup.egg-info/SOURCES.txt'
[1.377s] writing manifest file '../../build/g1_bringup/g1_bringup.egg-info/SOURCES.txt'
[1.377s] running build
[1.378s] running build_py
[1.378s] creating /home/issatay/Desktop/unitree_ws/build/g1_bringup/build
[1.379s] creating /home/issatay/Desktop/unitree_ws/build/g1_bringup/build/lib
[1.380s] creating /home/issatay/Desktop/unitree_ws/build/g1_bringup/build/lib/g1_bringup
[1.380s] copying g1_bringup/__init__.py -> /home/issatay/Desktop/unitree_ws/build/g1_bringup/build/lib/g1_bringup
[1.380s] running install
[1.380s] running install_lib
[1.386s] creating /home/issatay/Desktop/unitree_ws/install/g1_bringup/lib/python3.10/site-packages/g1_bringup
[1.386s] copying /home/issatay/Desktop/unitree_ws/build/g1_bringup/build/lib/g1_bringup/__init__.py -> /home/issatay/Desktop/unitree_ws/install/g1_bringup/lib/python3.10/site-packages/g1_bringup
[1.390s] byte-compiling /home/issatay/Desktop/unitree_ws/install/g1_bringup/lib/python3.10/site-packages/g1_bringup/__init__.py to __init__.cpython-310.pyc
[1.390s] running install_data
[1.390s] creating /home/issatay/Desktop/unitree_ws/install/g1_bringup/share/ament_index
[1.391s] creating /home/issatay/Desktop/unitree_ws/install/g1_bringup/share/ament_index/resource_index
[1.391s] creating /home/issatay/Desktop/unitree_ws/install/g1_bringup/share/ament_index/resource_index/packages
[1.391s] copying resource/g1_bringup -> /home/issatay/Desktop/unitree_ws/install/g1_bringup/share/ament_index/resource_index/packages
[1.393s] copying package.xml -> /home/issatay/Desktop/unitree_ws/install/g1_bringup/share/g1_bringup
[1.393s] running install_egg_info
[1.393s] Copying ../../build/g1_bringup/g1_bringup.egg-info to /home/issatay/Desktop/unitree_ws/install/g1_bringup/lib/python3.10/site-packages/g1_bringup-0.0.0-py3.10.egg-info
[1.393s] running install_scripts
[1.457s] writing list of installed files to '/home/issatay/Desktop/unitree_ws/build/g1_bringup/install.log'
[1.631s] Invoked command in '/home/issatay/Desktop/unitree_ws/src/g1_bringup' returned '0': PYTHONPATH=/home/issatay/Desktop/unitree_ws/build/g1_bringup/prefix_override:/usr/lib/python3/dist-packages/colcon_core/task/python/colcon_distutils_commands:/home/issatay/Desktop/unitree_ws/install/g1_bringup/lib/python3.10/site-packages:${PYTHONPATH} /usr/bin/python3 -W ignore:setup.py install is deprecated -W ignore:easy_install command is deprecated setup.py egg_info --egg-base ../../build/g1_bringup build --build-base /home/issatay/Desktop/unitree_ws/build/g1_bringup/build install --record /home/issatay/Desktop/unitree_ws/build/g1_bringup/install.log --single-version-externally-managed install_data
