[0.030s] Invoking command in '/home/issatay/Desktop/unitree_ws/build/unitree_api': CMAKE_PREFIX_PATH=${CMAKE_PREFIX_PATH}:/home/issatay/Desktop/unitree_ws/install/g1_gz_spawn:/home/issatay/Desktop/unitree_ws/install/g1_bringup:/opt/ros/humble /usr/bin/cmake --build /home/issatay/Desktop/unitree_ws/build/unitree_api -- -j16 -l16
[0.557s] [35m[1mConsolidate compiler generated dependencies of target unitree_api__rosidl_generator_c[0m
[0.558s] [  2%] Built target unitree_api__dds_connext_idl
[0.558s] [  2%] Built target unitree_api__cpp
[0.558s] [ 13%] Built target unitree_api__rosidl_generator_c
[0.559s] [ 13%] Built target ament_cmake_python_copy_unitree_api
[0.559s] [35m[1mConsolidate compiler generated dependencies of target unitree_api__rosidl_typesupport_cpp[0m
[0.559s] [35m[1mConsolidate compiler generated dependencies of target unitree_api__rosidl_typesupport_introspection_cpp[0m
[0.559s] [35m[1mConsolidate compiler generated dependencies of target unitree_api__rosidl_typesupport_fastrtps_cpp[0m
[0.559s] [35m[1mConsolidate compiler generated dependencies of target unitree_api__rosidl_typesupport_c[0m
[0.559s] [35m[1mConsolidate compiler generated dependencies of target unitree_api__rosidl_typesupport_introspection_c[0m
[0.560s] [35m[1mConsolidate compiler generated dependencies of target unitree_api__rosidl_typesupport_fastrtps_c[0m
[0.560s] [ 25%] Built target unitree_api__rosidl_typesupport_cpp
[0.560s] [ 36%] Built target unitree_api__rosidl_typesupport_fastrtps_cpp
[0.560s] [ 55%] Built target unitree_api__rosidl_typesupport_introspection_cpp
[0.560s] [ 59%] Built target unitree_api__rosidl_typesupport_introspection_c
[0.560s] [ 70%] Built target unitree_api__rosidl_typesupport_c
[0.560s] [ 81%] Built target unitree_api__rosidl_typesupport_fastrtps_c
[0.560s] [ 81%] Built target unitree_api
[0.560s] [ 82%] Built target unitree_api__py
[0.561s] [35m[1mConsolidate compiler generated dependencies of target unitree_api__rosidl_generator_py[0m
[0.561s] [ 93%] Built target unitree_api__rosidl_generator_py
[0.561s] [35m[1mConsolidate compiler generated dependencies of target unitree_api__rosidl_typesupport_fastrtps_c__pyext[0m
[0.561s] [35m[1mConsolidate compiler generated dependencies of target unitree_api__rosidl_typesupport_introspection_c__pyext[0m
[0.561s] [35m[1mConsolidate compiler generated dependencies of target unitree_api__rosidl_typesupport_c__pyext[0m
[0.561s] [ 95%] Built target unitree_api__rosidl_typesupport_c__pyext
[0.561s] [ 97%] Built target unitree_api__rosidl_typesupport_fastrtps_c__pyext
[0.561s] [100%] Built target unitree_api__rosidl_typesupport_introspection_c__pyext
[0.561s] running egg_info
[0.561s] writing unitree_api.egg-info/PKG-INFO
[0.561s] writing dependency_links to unitree_api.egg-info/dependency_links.txt
[0.561s] writing top-level names to unitree_api.egg-info/top_level.txt
[0.561s] reading manifest file 'unitree_api.egg-info/SOURCES.txt'
[0.561s] writing manifest file 'unitree_api.egg-info/SOURCES.txt'
[0.561s] [100%] Built target ament_cmake_python_build_unitree_api_egg
[0.572s] Invoked command in '/home/issatay/Desktop/unitree_ws/build/unitree_api' returned '0': CMAKE_PREFIX_PATH=${CMAKE_PREFIX_PATH}:/home/issatay/Desktop/unitree_ws/install/g1_gz_spawn:/home/issatay/Desktop/unitree_ws/install/g1_bringup:/opt/ros/humble /usr/bin/cmake --build /home/issatay/Desktop/unitree_ws/build/unitree_api -- -j16 -l16
[0.573s] Invoking command in '/home/issatay/Desktop/unitree_ws/build/unitree_api': CMAKE_PREFIX_PATH=${CMAKE_PREFIX_PATH}:/home/issatay/Desktop/unitree_ws/install/g1_gz_spawn:/home/issatay/Desktop/unitree_ws/install/g1_bringup:/opt/ros/humble /usr/bin/cmake --install /home/issatay/Desktop/unitree_ws/build/unitree_api
[0.600s] -- Install configuration: ""
[0.600s] -- Up-to-date: /home/issatay/Desktop/unitree_ws/install/unitree_api/share/ament_index/resource_index/rosidl_interfaces/unitree_api
[0.600s] -- Up-to-date: /home/issatay/Desktop/unitree_ws/install/unitree_api/include/unitree_api/unitree_api
[0.600s] -- Up-to-date: /home/issatay/Desktop/unitree_ws/install/unitree_api/include/unitree_api/unitree_api/msg
[0.600s] -- Up-to-date: /home/issatay/Desktop/unitree_ws/install/unitree_api/include/unitree_api/unitree_api/msg/request_header.h
[0.601s] -- Up-to-date: /home/issatay/Desktop/unitree_ws/install/unitree_api/include/unitree_api/unitree_api/msg/rosidl_generator_c__visibility_control.h
[0.601s] -- Up-to-date: /home/issatay/Desktop/unitree_ws/install/unitree_api/include/unitree_api/unitree_api/msg/detail
[0.601s] -- Up-to-date: /home/issatay/Desktop/unitree_ws/install/unitree_api/include/unitree_api/unitree_api/msg/detail/response_header__struct.h
[0.601s] -- Up-to-date: /home/issatay/Desktop/unitree_ws/install/unitree_api/include/unitree_api/unitree_api/msg/detail/response__type_support.h
[0.601s] -- Up-to-date: /home/issatay/Desktop/unitree_ws/install/unitree_api/include/unitree_api/unitree_api/msg/detail/response_status__type_support.h
[0.601s] -- Up-to-date: /home/issatay/Desktop/unitree_ws/install/unitree_api/include/unitree_api/unitree_api/msg/detail/request_identity__type_support.h
[0.601s] -- Up-to-date: /home/issatay/Desktop/unitree_ws/install/unitree_api/include/unitree_api/unitree_api/msg/detail/request_lease__type_support.h
[0.601s] -- Up-to-date: /home/issatay/Desktop/unitree_ws/install/unitree_api/include/unitree_api/unitree_api/msg/detail/response_status__struct.h
[0.601s] -- Up-to-date: /home/issatay/Desktop/unitree_ws/install/unitree_api/include/unitree_api/unitree_api/msg/detail/request_lease__struct.h
[0.601s] -- Up-to-date: /home/issatay/Desktop/unitree_ws/install/unitree_api/include/unitree_api/unitree_api/msg/detail/request__struct.h
[0.601s] -- Up-to-date: /home/issatay/Desktop/unitree_ws/install/unitree_api/include/unitree_api/unitree_api/msg/detail/response_header__functions.h
[0.601s] -- Up-to-date: /home/issatay/Desktop/unitree_ws/install/unitree_api/include/unitree_api/unitree_api/msg/detail/request_policy__functions.h
[0.602s] -- Up-to-date: /home/issatay/Desktop/unitree_ws/install/unitree_api/include/unitree_api/unitree_api/msg/detail/request_identity__struct.h
[0.602s] -- Up-to-date: /home/issatay/Desktop/unitree_ws/install/unitree_api/include/unitree_api/unitree_api/msg/detail/response_status__functions.c
[0.602s] -- Up-to-date: /home/issatay/Desktop/unitree_ws/install/unitree_api/include/unitree_api/unitree_api/msg/detail/response__functions.h
[0.602s] -- Up-to-date: /home/issatay/Desktop/unitree_ws/install/unitree_api/include/unitree_api/unitree_api/msg/detail/request__functions.c
[0.602s] -- Up-to-date: /home/issatay/Desktop/unitree_ws/install/unitree_api/include/unitree_api/unitree_api/msg/detail/request_header__struct.h
[0.602s] -- Up-to-date: /home/issatay/Desktop/unitree_ws/install/unitree_api/include/unitree_api/unitree_api/msg/detail/request_policy__struct.h
[0.602s] -- Up-to-date: /home/issatay/Desktop/unitree_ws/install/unitree_api/include/unitree_api/unitree_api/msg/detail/request_lease__functions.h
[0.602s] -- Up-to-date: /home/issatay/Desktop/unitree_ws/install/unitree_api/include/unitree_api/unitree_api/msg/detail/request_identity__functions.c
[0.603s] -- Up-to-date: /home/issatay/Desktop/unitree_ws/install/unitree_api/include/unitree_api/unitree_api/msg/detail/request_header__type_support.h
[0.603s] -- Up-to-date: /home/issatay/Desktop/unitree_ws/install/unitree_api/include/unitree_api/unitree_api/msg/detail/request_policy__type_support.h
[0.603s] -- Up-to-date: /home/issatay/Desktop/unitree_ws/install/unitree_api/include/unitree_api/unitree_api/msg/detail/request__type_support.h
[0.603s] -- Up-to-date: /home/issatay/Desktop/unitree_ws/install/unitree_api/include/unitree_api/unitree_api/msg/detail/request_header__functions.c
[0.603s] -- Up-to-date: /home/issatay/Desktop/unitree_ws/install/unitree_api/include/unitree_api/unitree_api/msg/detail/response__struct.h
[0.603s] -- Up-to-date: /home/issatay/Desktop/unitree_ws/install/unitree_api/include/unitree_api/unitree_api/msg/detail/request_header__functions.h
[0.603s] -- Up-to-date: /home/issatay/Desktop/unitree_ws/install/unitree_api/include/unitree_api/unitree_api/msg/detail/response_status__functions.h
[0.603s] -- Up-to-date: /home/issatay/Desktop/unitree_ws/install/unitree_api/include/unitree_api/unitree_api/msg/detail/request__functions.h
[0.603s] -- Up-to-date: /home/issatay/Desktop/unitree_ws/install/unitree_api/include/unitree_api/unitree_api/msg/detail/request_policy__functions.c
[0.604s] -- Up-to-date: /home/issatay/Desktop/unitree_ws/install/unitree_api/include/unitree_api/unitree_api/msg/detail/request_lease__functions.c
[0.604s] -- Up-to-date: /home/issatay/Desktop/unitree_ws/install/unitree_api/include/unitree_api/unitree_api/msg/detail/request_identity__functions.h
[0.604s] -- Up-to-date: /home/issatay/Desktop/unitree_ws/install/unitree_api/include/unitree_api/unitree_api/msg/detail/response__functions.c
[0.604s] -- Up-to-date: /home/issatay/Desktop/unitree_ws/install/unitree_api/include/unitree_api/unitree_api/msg/detail/response_header__functions.c
[0.604s] -- Up-to-date: /home/issatay/Desktop/unitree_ws/install/unitree_api/include/unitree_api/unitree_api/msg/detail/response_header__type_support.h
[0.604s] -- Up-to-date: /home/issatay/Desktop/unitree_ws/install/unitree_api/include/unitree_api/unitree_api/msg/request_policy.h
[0.604s] -- Up-to-date: /home/issatay/Desktop/unitree_ws/install/unitree_api/include/unitree_api/unitree_api/msg/request_identity.h
[0.604s] -- Up-to-date: /home/issatay/Desktop/unitree_ws/install/unitree_api/include/unitree_api/unitree_api/msg/response.h
[0.604s] -- Up-to-date: /home/issatay/Desktop/unitree_ws/install/unitree_api/include/unitree_api/unitree_api/msg/request_lease.h
[0.604s] -- Up-to-date: /home/issatay/Desktop/unitree_ws/install/unitree_api/include/unitree_api/unitree_api/msg/response_status.h
[0.604s] -- Up-to-date: /home/issatay/Desktop/unitree_ws/install/unitree_api/include/unitree_api/unitree_api/msg/request.h
[0.604s] -- Up-to-date: /home/issatay/Desktop/unitree_ws/install/unitree_api/include/unitree_api/unitree_api/msg/response_header.h
[0.604s] -- Up-to-date: /home/issatay/Desktop/unitree_ws/install/unitree_api/share/unitree_api/environment/library_path.sh
[0.604s] -- Up-to-date: /home/issatay/Desktop/unitree_ws/install/unitree_api/share/unitree_api/environment/library_path.dsv
[0.604s] -- Up-to-date: /home/issatay/Desktop/unitree_ws/install/unitree_api/lib/libunitree_api__rosidl_generator_c.so
[0.606s] -- Up-to-date: /home/issatay/Desktop/unitree_ws/install/unitree_api/include/unitree_api/unitree_api
[0.609s] -- Up-to-date: /home/issatay/Desktop/unitree_ws/install/unitree_api/include/unitree_api/unitree_api/msg
[0.631s] -- Up-to-date: /home/issatay/Desktop/unitree_ws/install/unitree_api/include/unitree_api/unitree_api/msg/detail
[0.631s] -- Up-to-date: /home/issatay/Desktop/unitree_ws/install/unitree_api/include/unitree_api/unitree_api/msg/detail/response_header__rosidl_typesupport_fastrtps_c.h
[0.632s] -- Up-to-date: /home/issatay/Desktop/unitree_ws/install/unitree_api/include/unitree_api/unitree_api/msg/detail/response__rosidl_typesupport_fastrtps_c.h
[0.632s] -- Up-to-date: /home/issatay/Desktop/unitree_ws/install/unitree_api/include/unitree_api/unitree_api/msg/detail/request_policy__rosidl_typesupport_fastrtps_c.h
[0.632s] -- Up-to-date: /home/issatay/Desktop/unitree_ws/install/unitree_api/include/unitree_api/unitree_api/msg/detail/response_status__rosidl_typesupport_fastrtps_c.h
[0.632s] -- Up-to-date: /home/issatay/Desktop/unitree_ws/install/unitree_api/include/unitree_api/unitree_api/msg/detail/request_identity__rosidl_typesupport_fastrtps_c.h
[0.632s] -- Up-to-date: /home/issatay/Desktop/unitree_ws/install/unitree_api/include/unitree_api/unitree_api/msg/detail/request_header__rosidl_typesupport_fastrtps_c.h
[0.632s] -- Up-to-date: /home/issatay/Desktop/unitree_ws/install/unitree_api/include/unitree_api/unitree_api/msg/detail/request_lease__rosidl_typesupport_fastrtps_c.h
[0.632s] -- Up-to-date: /home/issatay/Desktop/unitree_ws/install/unitree_api/include/unitree_api/unitree_api/msg/detail/request__rosidl_typesupport_fastrtps_c.h
[0.632s] -- Up-to-date: /home/issatay/Desktop/unitree_ws/install/unitree_api/include/unitree_api/unitree_api/msg/rosidl_typesupport_fastrtps_c__visibility_control.h
[0.632s] -- Up-to-date: /home/issatay/Desktop/unitree_ws/install/unitree_api/lib/libunitree_api__rosidl_typesupport_fastrtps_c.so
[0.632s] -- Up-to-date: /home/issatay/Desktop/unitree_ws/install/unitree_api/include/unitree_api/unitree_api
[0.632s] -- Up-to-date: /home/issatay/Desktop/unitree_ws/install/unitree_api/include/unitree_api/unitree_api/msg
[0.633s] -- Up-to-date: /home/issatay/Desktop/unitree_ws/install/unitree_api/include/unitree_api/unitree_api/msg/response_status.hpp
[0.633s] -- Up-to-date: /home/issatay/Desktop/unitree_ws/install/unitree_api/include/unitree_api/unitree_api/msg/rosidl_generator_cpp__visibility_control.hpp
[0.633s] -- Up-to-date: /home/issatay/Desktop/unitree_ws/install/unitree_api/include/unitree_api/unitree_api/msg/detail
[0.633s] -- Up-to-date: /home/issatay/Desktop/unitree_ws/install/unitree_api/include/unitree_api/unitree_api/msg/detail/request__struct.hpp
[0.633s] -- Up-to-date: /home/issatay/Desktop/unitree_ws/install/unitree_api/include/unitree_api/unitree_api/msg/detail/request_lease__struct.hpp
[0.633s] -- Up-to-date: /home/issatay/Desktop/unitree_ws/install/unitree_api/include/unitree_api/unitree_api/msg/detail/response_header__traits.hpp
[0.633s] -- Up-to-date: /home/issatay/Desktop/unitree_ws/install/unitree_api/include/unitree_api/unitree_api/msg/detail/request__traits.hpp
[0.633s] -- Up-to-date: /home/issatay/Desktop/unitree_ws/install/unitree_api/include/unitree_api/unitree_api/msg/detail/request_policy__builder.hpp
[0.633s] -- Up-to-date: /home/issatay/Desktop/unitree_ws/install/unitree_api/include/unitree_api/unitree_api/msg/detail/response_status__traits.hpp
[0.633s] -- Up-to-date: /home/issatay/Desktop/unitree_ws/install/unitree_api/include/unitree_api/unitree_api/msg/detail/response__builder.hpp
[0.633s] -- Up-to-date: /home/issatay/Desktop/unitree_ws/install/unitree_api/include/unitree_api/unitree_api/msg/detail/request_lease__traits.hpp
[0.634s] -- Up-to-date: /home/issatay/Desktop/unitree_ws/install/unitree_api/include/unitree_api/unitree_api/msg/detail/request__builder.hpp
[0.634s] -- Up-to-date: /home/issatay/Desktop/unitree_ws/install/unitree_api/include/unitree_api/unitree_api/msg/detail/response_status__builder.hpp
[0.641s] -- Up-to-date: /home/issatay/Desktop/unitree_ws/install/unitree_api/include/unitree_api/unitree_api/msg/detail/request_header__traits.hpp
[0.641s] -- Up-to-date: /home/issatay/Desktop/unitree_ws/install/unitree_api/include/unitree_api/unitree_api/msg/detail/request_header__type_support.hpp
[0.641s] -- Up-to-date: /home/issatay/Desktop/unitree_ws/install/unitree_api/include/unitree_api/unitree_api/msg/detail/request_header__struct.hpp
[0.641s] -- Up-to-date: /home/issatay/Desktop/unitree_ws/install/unitree_api/include/unitree_api/unitree_api/msg/detail/response__type_support.hpp
[0.642s] -- Up-to-date: /home/issatay/Desktop/unitree_ws/install/unitree_api/include/unitree_api/unitree_api/msg/detail/request_header__builder.hpp
[0.662s] -- Up-to-date: /home/issatay/Desktop/unitree_ws/install/unitree_api/include/unitree_api/unitree_api/msg/detail/response_header__builder.hpp
[0.662s] -- Up-to-date: /home/issatay/Desktop/unitree_ws/install/unitree_api/include/unitree_api/unitree_api/msg/detail/request_policy__type_support.hpp
[0.663s] -- Up-to-date: /home/issatay/Desktop/unitree_ws/install/unitree_api/include/unitree_api/unitree_api/msg/detail/response__traits.hpp
[0.663s] -- Up-to-date: /home/issatay/Desktop/unitree_ws/install/unitree_api/include/unitree_api/unitree_api/msg/detail/request_identity__builder.hpp
[0.663s] -- Up-to-date: /home/issatay/Desktop/unitree_ws/install/unitree_api/include/unitree_api/unitree_api/msg/detail/request_policy__traits.hpp
[0.663s] -- Up-to-date: /home/issatay/Desktop/unitree_ws/install/unitree_api/include/unitree_api/unitree_api/msg/detail/request__type_support.hpp
[0.663s] -- Up-to-date: /home/issatay/Desktop/unitree_ws/install/unitree_api/include/unitree_api/unitree_api/msg/detail/request_policy__struct.hpp
[0.667s] -- Up-to-date: /home/issatay/Desktop/unitree_ws/install/unitree_api/include/unitree_api/unitree_api/msg/detail/response_header__struct.hpp
[0.667s] -- Up-to-date: /home/issatay/Desktop/unitree_ws/install/unitree_api/include/unitree_api/unitree_api/msg/detail/response_status__type_support.hpp
[0.668s] -- Up-to-date: /home/issatay/Desktop/unitree_ws/install/unitree_api/include/unitree_api/unitree_api/msg/detail/response_status__struct.hpp
[0.668s] -- Up-to-date: /home/issatay/Desktop/unitree_ws/install/unitree_api/include/unitree_api/unitree_api/msg/detail/request_identity__traits.hpp
[0.668s] -- Up-to-date: /home/issatay/Desktop/unitree_ws/install/unitree_api/include/unitree_api/unitree_api/msg/detail/request_lease__builder.hpp
[0.668s] -- Up-to-date: /home/issatay/Desktop/unitree_ws/install/unitree_api/include/unitree_api/unitree_api/msg/detail/response__struct.hpp
[0.669s] -- Up-to-date: /home/issatay/Desktop/unitree_ws/install/unitree_api/include/unitree_api/unitree_api/msg/detail/request_identity__struct.hpp
[0.669s] -- Up-to-date: /home/issatay/Desktop/unitree_ws/install/unitree_api/include/unitree_api/unitree_api/msg/detail/request_identity__type_support.hpp
[0.670s] -- Up-to-date: /home/issatay/Desktop/unitree_ws/install/unitree_api/include/unitree_api/unitree_api/msg/detail/request_lease__type_support.hpp
[0.670s] -- Up-to-date: /home/issatay/Desktop/unitree_ws/install/unitree_api/include/unitree_api/unitree_api/msg/detail/response_header__type_support.hpp
[0.673s] -- Up-to-date: /home/issatay/Desktop/unitree_ws/install/unitree_api/include/unitree_api/unitree_api/msg/request_header.hpp
[0.673s] -- Up-to-date: /home/issatay/Desktop/unitree_ws/install/unitree_api/include/unitree_api/unitree_api/msg/request.hpp
[0.676s] -- Up-to-date: /home/issatay/Desktop/unitree_ws/install/unitree_api/include/unitree_api/unitree_api/msg/request_identity.hpp
[0.677s] -- Up-to-date: /home/issatay/Desktop/unitree_ws/install/unitree_api/include/unitree_api/unitree_api/msg/request_lease.hpp
[0.677s] -- Up-to-date: /home/issatay/Desktop/unitree_ws/install/unitree_api/include/unitree_api/unitree_api/msg/request_policy.hpp
[0.677s] -- Up-to-date: /home/issatay/Desktop/unitree_ws/install/unitree_api/include/unitree_api/unitree_api/msg/response.hpp
[0.677s] -- Up-to-date: /home/issatay/Desktop/unitree_ws/install/unitree_api/include/unitree_api/unitree_api/msg/response_header.hpp
[0.688s] -- Up-to-date: /home/issatay/Desktop/unitree_ws/install/unitree_api/include/unitree_api/unitree_api
[0.688s] -- Up-to-date: /home/issatay/Desktop/unitree_ws/install/unitree_api/include/unitree_api/unitree_api/msg
[0.688s] -- Up-to-date: /home/issatay/Desktop/unitree_ws/install/unitree_api/include/unitree_api/unitree_api/msg/detail
[0.688s] -- Up-to-date: /home/issatay/Desktop/unitree_ws/install/unitree_api/include/unitree_api/unitree_api/msg/detail/request_policy__rosidl_typesupport_fastrtps_cpp.hpp
[0.688s] -- Up-to-date: /home/issatay/Desktop/unitree_ws/install/unitree_api/include/unitree_api/unitree_api/msg/detail/response_header__rosidl_typesupport_fastrtps_cpp.hpp
[0.688s] -- Up-to-date: /home/issatay/Desktop/unitree_ws/install/unitree_api/include/unitree_api/unitree_api/msg/detail/request_lease__rosidl_typesupport_fastrtps_cpp.hpp
[0.688s] -- Up-to-date: /home/issatay/Desktop/unitree_ws/install/unitree_api/include/unitree_api/unitree_api/msg/detail/request_identity__rosidl_typesupport_fastrtps_cpp.hpp
[0.689s] -- Up-to-date: /home/issatay/Desktop/unitree_ws/install/unitree_api/include/unitree_api/unitree_api/msg/detail/dds_fastrtps
[0.693s] -- Up-to-date: /home/issatay/Desktop/unitree_ws/install/unitree_api/include/unitree_api/unitree_api/msg/detail/request_header__rosidl_typesupport_fastrtps_cpp.hpp
[0.693s] -- Up-to-date: /home/issatay/Desktop/unitree_ws/install/unitree_api/include/unitree_api/unitree_api/msg/detail/request__rosidl_typesupport_fastrtps_cpp.hpp
[0.693s] -- Up-to-date: /home/issatay/Desktop/unitree_ws/install/unitree_api/include/unitree_api/unitree_api/msg/detail/response_status__rosidl_typesupport_fastrtps_cpp.hpp
[0.694s] -- Up-to-date: /home/issatay/Desktop/unitree_ws/install/unitree_api/include/unitree_api/unitree_api/msg/detail/response__rosidl_typesupport_fastrtps_cpp.hpp
[0.694s] -- Up-to-date: /home/issatay/Desktop/unitree_ws/install/unitree_api/include/unitree_api/unitree_api/msg/rosidl_typesupport_fastrtps_cpp__visibility_control.h
[0.695s] -- Up-to-date: /home/issatay/Desktop/unitree_ws/install/unitree_api/lib/libunitree_api__rosidl_typesupport_fastrtps_cpp.so
[0.701s] -- Up-to-date: /home/issatay/Desktop/unitree_ws/install/unitree_api/include/unitree_api/unitree_api
[0.701s] -- Up-to-date: /home/issatay/Desktop/unitree_ws/install/unitree_api/include/unitree_api/unitree_api/msg
[0.701s] -- Up-to-date: /home/issatay/Desktop/unitree_ws/install/unitree_api/include/unitree_api/unitree_api/msg/detail
[0.701s] -- Up-to-date: /home/issatay/Desktop/unitree_ws/install/unitree_api/include/unitree_api/unitree_api/msg/detail/request_policy__type_support.c
[0.701s] -- Up-to-date: /home/issatay/Desktop/unitree_ws/install/unitree_api/include/unitree_api/unitree_api/msg/detail/request_header__rosidl_typesupport_introspection_c.h
[0.702s] -- Up-to-date: /home/issatay/Desktop/unitree_ws/install/unitree_api/include/unitree_api/unitree_api/msg/detail/request_identity__rosidl_typesupport_introspection_c.h
[0.702s] -- Up-to-date: /home/issatay/Desktop/unitree_ws/install/unitree_api/include/unitree_api/unitree_api/msg/detail/request_header__type_support.c
[0.702s] -- Up-to-date: /home/issatay/Desktop/unitree_ws/install/unitree_api/include/unitree_api/unitree_api/msg/detail/request_identity__type_support.c
[0.703s] -- Up-to-date: /home/issatay/Desktop/unitree_ws/install/unitree_api/include/unitree_api/unitree_api/msg/detail/request_lease__rosidl_typesupport_introspection_c.h
[0.703s] -- Up-to-date: /home/issatay/Desktop/unitree_ws/install/unitree_api/include/unitree_api/unitree_api/msg/detail/response_header__type_support.c
[0.703s] -- Up-to-date: /home/issatay/Desktop/unitree_ws/install/unitree_api/include/unitree_api/unitree_api/msg/detail/response_status__rosidl_typesupport_introspection_c.h
[0.703s] -- Up-to-date: /home/issatay/Desktop/unitree_ws/install/unitree_api/include/unitree_api/unitree_api/msg/detail/response_status__type_support.c
[0.703s] -- Up-to-date: /home/issatay/Desktop/unitree_ws/install/unitree_api/include/unitree_api/unitree_api/msg/detail/response__rosidl_typesupport_introspection_c.h
[0.703s] -- Up-to-date: /home/issatay/Desktop/unitree_ws/install/unitree_api/include/unitree_api/unitree_api/msg/detail/request__rosidl_typesupport_introspection_c.h
[0.703s] -- Up-to-date: /home/issatay/Desktop/unitree_ws/install/unitree_api/include/unitree_api/unitree_api/msg/detail/response_header__rosidl_typesupport_introspection_c.h
[0.704s] -- Up-to-date: /home/issatay/Desktop/unitree_ws/install/unitree_api/include/unitree_api/unitree_api/msg/detail/request__type_support.c
[0.704s] -- Up-to-date: /home/issatay/Desktop/unitree_ws/install/unitree_api/include/unitree_api/unitree_api/msg/detail/request_policy__rosidl_typesupport_introspection_c.h
[0.704s] -- Up-to-date: /home/issatay/Desktop/unitree_ws/install/unitree_api/include/unitree_api/unitree_api/msg/detail/response__type_support.c
[0.704s] -- Up-to-date: /home/issatay/Desktop/unitree_ws/install/unitree_api/include/unitree_api/unitree_api/msg/detail/request_lease__type_support.c
[0.706s] -- Up-to-date: /home/issatay/Desktop/unitree_ws/install/unitree_api/include/unitree_api/unitree_api/msg/rosidl_typesupport_introspection_c__visibility_control.h
[0.715s] -- Up-to-date: /home/issatay/Desktop/unitree_ws/install/unitree_api/lib/libunitree_api__rosidl_typesupport_introspection_c.so
[0.715s] -- Up-to-date: /home/issatay/Desktop/unitree_ws/install/unitree_api/lib/libunitree_api__rosidl_typesupport_c.so
[0.715s] -- Up-to-date: /home/issatay/Desktop/unitree_ws/install/unitree_api/include/unitree_api/unitree_api
[0.715s] -- Up-to-date: /home/issatay/Desktop/unitree_ws/install/unitree_api/include/unitree_api/unitree_api/msg
[0.715s] -- Up-to-date: /home/issatay/Desktop/unitree_ws/install/unitree_api/include/unitree_api/unitree_api/msg/detail
[0.716s] -- Up-to-date: /home/issatay/Desktop/unitree_ws/install/unitree_api/include/unitree_api/unitree_api/msg/detail/response__type_support.cpp
[0.716s] -- Up-to-date: /home/issatay/Desktop/unitree_ws/install/unitree_api/include/unitree_api/unitree_api/msg/detail/request_header__type_support.cpp
[0.716s] -- Up-to-date: /home/issatay/Desktop/unitree_ws/install/unitree_api/include/unitree_api/unitree_api/msg/detail/response_status__rosidl_typesupport_introspection_cpp.hpp
[0.716s] -- Up-to-date: /home/issatay/Desktop/unitree_ws/install/unitree_api/include/unitree_api/unitree_api/msg/detail/request_identity__rosidl_typesupport_introspection_cpp.hpp
[0.716s] -- Up-to-date: /home/issatay/Desktop/unitree_ws/install/unitree_api/include/unitree_api/unitree_api/msg/detail/request_lease__rosidl_typesupport_introspection_cpp.hpp
[0.716s] -- Up-to-date: /home/issatay/Desktop/unitree_ws/install/unitree_api/include/unitree_api/unitree_api/msg/detail/request_policy__type_support.cpp
[0.716s] -- Up-to-date: /home/issatay/Desktop/unitree_ws/install/unitree_api/include/unitree_api/unitree_api/msg/detail/response__rosidl_typesupport_introspection_cpp.hpp
[0.716s] -- Up-to-date: /home/issatay/Desktop/unitree_ws/install/unitree_api/include/unitree_api/unitree_api/msg/detail/request__type_support.cpp
[0.716s] -- Up-to-date: /home/issatay/Desktop/unitree_ws/install/unitree_api/include/unitree_api/unitree_api/msg/detail/response_header__type_support.cpp
[0.716s] -- Up-to-date: /home/issatay/Desktop/unitree_ws/install/unitree_api/include/unitree_api/unitree_api/msg/detail/request_header__rosidl_typesupport_introspection_cpp.hpp
[0.716s] -- Up-to-date: /home/issatay/Desktop/unitree_ws/install/unitree_api/include/unitree_api/unitree_api/msg/detail/response_header__rosidl_typesupport_introspection_cpp.hpp
[0.717s] -- Up-to-date: /home/issatay/Desktop/unitree_ws/install/unitree_api/include/unitree_api/unitree_api/msg/detail/request_lease__type_support.cpp
[0.717s] -- Up-to-date: /home/issatay/Desktop/unitree_ws/install/unitree_api/include/unitree_api/unitree_api/msg/detail/request__rosidl_typesupport_introspection_cpp.hpp
[0.719s] -- Up-to-date: /home/issatay/Desktop/unitree_ws/install/unitree_api/include/unitree_api/unitree_api/msg/detail/request_policy__rosidl_typesupport_introspection_cpp.hpp
[0.719s] -- Up-to-date: /home/issatay/Desktop/unitree_ws/install/unitree_api/include/unitree_api/unitree_api/msg/detail/response_status__type_support.cpp
[0.720s] -- Up-to-date: /home/issatay/Desktop/unitree_ws/install/unitree_api/include/unitree_api/unitree_api/msg/detail/request_identity__type_support.cpp
[0.725s] -- Up-to-date: /home/issatay/Desktop/unitree_ws/install/unitree_api/lib/libunitree_api__rosidl_typesupport_introspection_cpp.so
[0.725s] -- Up-to-date: /home/issatay/Desktop/unitree_ws/install/unitree_api/lib/libunitree_api__rosidl_typesupport_cpp.so
[0.725s] -- Up-to-date: /home/issatay/Desktop/unitree_ws/install/unitree_api/share/unitree_api/environment/pythonpath.sh
[0.726s] -- Up-to-date: /home/issatay/Desktop/unitree_ws/install/unitree_api/share/unitree_api/environment/pythonpath.dsv
[0.726s] -- Up-to-date: /home/issatay/Desktop/unitree_ws/install/unitree_api/local/lib/python3.10/dist-packages/unitree_api-0.0.0-py3.10.egg-info
[0.726s] -- Installing: /home/issatay/Desktop/unitree_ws/install/unitree_api/local/lib/python3.10/dist-packages/unitree_api-0.0.0-py3.10.egg-info/SOURCES.txt
[0.726s] -- Installing: /home/issatay/Desktop/unitree_ws/install/unitree_api/local/lib/python3.10/dist-packages/unitree_api-0.0.0-py3.10.egg-info/dependency_links.txt
[0.727s] -- Installing: /home/issatay/Desktop/unitree_ws/install/unitree_api/local/lib/python3.10/dist-packages/unitree_api-0.0.0-py3.10.egg-info/top_level.txt
[0.727s] -- Installing: /home/issatay/Desktop/unitree_ws/install/unitree_api/local/lib/python3.10/dist-packages/unitree_api-0.0.0-py3.10.egg-info/PKG-INFO
[0.741s] -- Up-to-date: /home/issatay/Desktop/unitree_ws/install/unitree_api/local/lib/python3.10/dist-packages/unitree_api
[0.741s] -- Up-to-date: /home/issatay/Desktop/unitree_ws/install/unitree_api/local/lib/python3.10/dist-packages/unitree_api/msg
[0.741s] -- Up-to-date: /home/issatay/Desktop/unitree_ws/install/unitree_api/local/lib/python3.10/dist-packages/unitree_api/msg/_request_policy_s.c
[0.742s] -- Up-to-date: /home/issatay/Desktop/unitree_ws/install/unitree_api/local/lib/python3.10/dist-packages/unitree_api/msg/_request.py
[0.742s] -- Up-to-date: /home/issatay/Desktop/unitree_ws/install/unitree_api/local/lib/python3.10/dist-packages/unitree_api/msg/_request_identity_s.c
[0.742s] -- Up-to-date: /home/issatay/Desktop/unitree_ws/install/unitree_api/local/lib/python3.10/dist-packages/unitree_api/msg/_request_header_s.c
[0.742s] -- Up-to-date: /home/issatay/Desktop/unitree_ws/install/unitree_api/local/lib/python3.10/dist-packages/unitree_api/msg/_request_header.py
[0.742s] -- Up-to-date: /home/issatay/Desktop/unitree_ws/install/unitree_api/local/lib/python3.10/dist-packages/unitree_api/msg/_request_identity.py
[0.746s] -- Up-to-date: /home/issatay/Desktop/unitree_ws/install/unitree_api/local/lib/python3.10/dist-packages/unitree_api/msg/_response_status_s.c
[0.746s] -- Up-to-date: /home/issatay/Desktop/unitree_ws/install/unitree_api/local/lib/python3.10/dist-packages/unitree_api/msg/_response_header_s.c
[0.746s] -- Up-to-date: /home/issatay/Desktop/unitree_ws/install/unitree_api/local/lib/python3.10/dist-packages/unitree_api/msg/_response_header.py
[0.746s] -- Up-to-date: /home/issatay/Desktop/unitree_ws/install/unitree_api/local/lib/python3.10/dist-packages/unitree_api/msg/_response_s.c
[0.746s] -- Up-to-date: /home/issatay/Desktop/unitree_ws/install/unitree_api/local/lib/python3.10/dist-packages/unitree_api/msg/_request_policy.py
[0.746s] -- Up-to-date: /home/issatay/Desktop/unitree_ws/install/unitree_api/local/lib/python3.10/dist-packages/unitree_api/msg/_request_lease.py
[0.746s] -- Up-to-date: /home/issatay/Desktop/unitree_ws/install/unitree_api/local/lib/python3.10/dist-packages/unitree_api/msg/_response_status.py
[0.746s] -- Up-to-date: /home/issatay/Desktop/unitree_ws/install/unitree_api/local/lib/python3.10/dist-packages/unitree_api/msg/_request_lease_s.c
[0.746s] -- Up-to-date: /home/issatay/Desktop/unitree_ws/install/unitree_api/local/lib/python3.10/dist-packages/unitree_api/msg/__init__.py
[0.752s] -- Up-to-date: /home/issatay/Desktop/unitree_ws/install/unitree_api/local/lib/python3.10/dist-packages/unitree_api/msg/_request_s.c
[0.752s] -- Up-to-date: /home/issatay/Desktop/unitree_ws/install/unitree_api/local/lib/python3.10/dist-packages/unitree_api/msg/_response.py
[0.752s] -- Up-to-date: /home/issatay/Desktop/unitree_ws/install/unitree_api/local/lib/python3.10/dist-packages/unitree_api/unitree_api_s__rosidl_typesupport_fastrtps_c.cpython-310-x86_64-linux-gnu.so
[0.760s] -- Up-to-date: /home/issatay/Desktop/unitree_ws/install/unitree_api/local/lib/python3.10/dist-packages/unitree_api/_unitree_api_s.ep.rosidl_typesupport_fastrtps_c.c
[0.760s] -- Up-to-date: /home/issatay/Desktop/unitree_ws/install/unitree_api/local/lib/python3.10/dist-packages/unitree_api/unitree_api_s__rosidl_typesupport_introspection_c.cpython-310-x86_64-linux-gnu.so
[0.761s] -- Up-to-date: /home/issatay/Desktop/unitree_ws/install/unitree_api/local/lib/python3.10/dist-packages/unitree_api/_unitree_api_s.ep.rosidl_typesupport_c.c
[0.761s] -- Up-to-date: /home/issatay/Desktop/unitree_ws/install/unitree_api/local/lib/python3.10/dist-packages/unitree_api/unitree_api_s__rosidl_typesupport_c.cpython-310-x86_64-linux-gnu.so
[0.761s] -- Up-to-date: /home/issatay/Desktop/unitree_ws/install/unitree_api/local/lib/python3.10/dist-packages/unitree_api/_unitree_api_s.ep.rosidl_typesupport_introspection_c.c
[0.761s] -- Up-to-date: /home/issatay/Desktop/unitree_ws/install/unitree_api/local/lib/python3.10/dist-packages/unitree_api/__init__.py
[0.761s] -- Up-to-date: /home/issatay/Desktop/unitree_ws/install/unitree_api/local/lib/python3.10/dist-packages/unitree_api/libunitree_api__rosidl_generator_py.so
[0.803s] Listing '/home/issatay/Desktop/unitree_ws/install/unitree_api/local/lib/python3.10/dist-packages/unitree_api'...
[0.803s] Listing '/home/issatay/Desktop/unitree_ws/install/unitree_api/local/lib/python3.10/dist-packages/unitree_api/msg'...
[0.803s] -- Up-to-date: /home/issatay/Desktop/unitree_ws/install/unitree_api/local/lib/python3.10/dist-packages/unitree_api/unitree_api_s__rosidl_typesupport_fastrtps_c.cpython-310-x86_64-linux-gnu.so
[0.803s] -- Up-to-date: /home/issatay/Desktop/unitree_ws/install/unitree_api/local/lib/python3.10/dist-packages/unitree_api/unitree_api_s__rosidl_typesupport_introspection_c.cpython-310-x86_64-linux-gnu.so
[0.803s] -- Up-to-date: /home/issatay/Desktop/unitree_ws/install/unitree_api/local/lib/python3.10/dist-packages/unitree_api/unitree_api_s__rosidl_typesupport_c.cpython-310-x86_64-linux-gnu.so
[0.803s] -- Up-to-date: /home/issatay/Desktop/unitree_ws/install/unitree_api/lib/libunitree_api__rosidl_generator_py.so
[0.803s] -- Up-to-date: /home/issatay/Desktop/unitree_ws/install/unitree_api/share/unitree_api/msg/Request.idl
[0.803s] -- Up-to-date: /home/issatay/Desktop/unitree_ws/install/unitree_api/share/unitree_api/msg/RequestHeader.idl
[0.803s] -- Up-to-date: /home/issatay/Desktop/unitree_ws/install/unitree_api/share/unitree_api/msg/RequestIdentity.idl
[0.803s] -- Up-to-date: /home/issatay/Desktop/unitree_ws/install/unitree_api/share/unitree_api/msg/RequestLease.idl
[0.803s] -- Up-to-date: /home/issatay/Desktop/unitree_ws/install/unitree_api/share/unitree_api/msg/RequestPolicy.idl
[0.804s] -- Up-to-date: /home/issatay/Desktop/unitree_ws/install/unitree_api/share/unitree_api/msg/Response.idl
[0.804s] -- Up-to-date: /home/issatay/Desktop/unitree_ws/install/unitree_api/share/unitree_api/msg/ResponseHeader.idl
[0.805s] -- Up-to-date: /home/issatay/Desktop/unitree_ws/install/unitree_api/share/unitree_api/msg/ResponseStatus.idl
[0.805s] -- Up-to-date: /home/issatay/Desktop/unitree_ws/install/unitree_api/share/unitree_api/msg/Request.msg
[0.805s] -- Up-to-date: /home/issatay/Desktop/unitree_ws/install/unitree_api/share/unitree_api/msg/RequestHeader.msg
[0.805s] -- Up-to-date: /home/issatay/Desktop/unitree_ws/install/unitree_api/share/unitree_api/msg/RequestIdentity.msg
[0.805s] -- Up-to-date: /home/issatay/Desktop/unitree_ws/install/unitree_api/share/unitree_api/msg/RequestLease.msg
[0.805s] -- Up-to-date: /home/issatay/Desktop/unitree_ws/install/unitree_api/share/unitree_api/msg/RequestPolicy.msg
[0.805s] -- Up-to-date: /home/issatay/Desktop/unitree_ws/install/unitree_api/share/unitree_api/msg/Response.msg
[0.805s] -- Up-to-date: /home/issatay/Desktop/unitree_ws/install/unitree_api/share/unitree_api/msg/ResponseHeader.msg
[0.805s] -- Up-to-date: /home/issatay/Desktop/unitree_ws/install/unitree_api/share/unitree_api/msg/ResponseStatus.msg
[0.805s] -- Up-to-date: /home/issatay/Desktop/unitree_ws/install/unitree_api/share/unitree_api/msg/dds_connext
[0.806s] -- Up-to-date: /home/issatay/Desktop/unitree_ws/install/unitree_api/share/unitree_api/msg/dds_connext/ResponseHeader_.idl
[0.806s] -- Up-to-date: /home/issatay/Desktop/unitree_ws/install/unitree_api/share/unitree_api/msg/dds_connext/Response_.idl
[0.806s] -- Up-to-date: /home/issatay/Desktop/unitree_ws/install/unitree_api/share/unitree_api/msg/dds_connext/RequestHeader_.idl
[0.806s] -- Up-to-date: /home/issatay/Desktop/unitree_ws/install/unitree_api/share/unitree_api/msg/dds_connext/Request_.idl
[0.806s] -- Up-to-date: /home/issatay/Desktop/unitree_ws/install/unitree_api/share/unitree_api/msg/dds_connext/RequestIdentity_.idl
[0.806s] -- Up-to-date: /home/issatay/Desktop/unitree_ws/install/unitree_api/share/unitree_api/msg/dds_connext/RequestPolicy_.idl
[0.806s] -- Up-to-date: /home/issatay/Desktop/unitree_ws/install/unitree_api/share/unitree_api/msg/dds_connext/RequestLease_.idl
[0.806s] -- Up-to-date: /home/issatay/Desktop/unitree_ws/install/unitree_api/share/unitree_api/msg/dds_connext/ResponseStatus_.idl
[0.806s] -- Up-to-date: /home/issatay/Desktop/unitree_ws/install/unitree_api/share/ament_index/resource_index/package_run_dependencies/unitree_api
[0.806s] -- Up-to-date: /home/issatay/Desktop/unitree_ws/install/unitree_api/share/ament_index/resource_index/parent_prefix_path/unitree_api
[0.806s] -- Up-to-date: /home/issatay/Desktop/unitree_ws/install/unitree_api/share/unitree_api/environment/ament_prefix_path.sh
[0.806s] -- Up-to-date: /home/issatay/Desktop/unitree_ws/install/unitree_api/share/unitree_api/environment/ament_prefix_path.dsv
[0.807s] -- Up-to-date: /home/issatay/Desktop/unitree_ws/install/unitree_api/share/unitree_api/environment/path.sh
[0.807s] -- Up-to-date: /home/issatay/Desktop/unitree_ws/install/unitree_api/share/unitree_api/environment/path.dsv
[0.807s] -- Up-to-date: /home/issatay/Desktop/unitree_ws/install/unitree_api/share/unitree_api/local_setup.bash
[0.807s] -- Up-to-date: /home/issatay/Desktop/unitree_ws/install/unitree_api/share/unitree_api/local_setup.sh
[0.807s] -- Up-to-date: /home/issatay/Desktop/unitree_ws/install/unitree_api/share/unitree_api/local_setup.zsh
[0.807s] -- Up-to-date: /home/issatay/Desktop/unitree_ws/install/unitree_api/share/unitree_api/local_setup.dsv
[0.807s] -- Installing: /home/issatay/Desktop/unitree_ws/install/unitree_api/share/unitree_api/package.dsv
[0.813s] -- Up-to-date: /home/issatay/Desktop/unitree_ws/install/unitree_api/share/ament_index/resource_index/packages/unitree_api
[0.813s] -- Up-to-date: /home/issatay/Desktop/unitree_ws/install/unitree_api/share/unitree_api/cmake/export_unitree_api__rosidl_generator_cExport.cmake
[0.813s] -- Up-to-date: /home/issatay/Desktop/unitree_ws/install/unitree_api/share/unitree_api/cmake/export_unitree_api__rosidl_generator_cExport-noconfig.cmake
[0.813s] -- Up-to-date: /home/issatay/Desktop/unitree_ws/install/unitree_api/share/unitree_api/cmake/export_unitree_api__rosidl_typesupport_fastrtps_cExport.cmake
[0.813s] -- Up-to-date: /home/issatay/Desktop/unitree_ws/install/unitree_api/share/unitree_api/cmake/export_unitree_api__rosidl_typesupport_fastrtps_cExport-noconfig.cmake
[0.820s] -- Up-to-date: /home/issatay/Desktop/unitree_ws/install/unitree_api/share/unitree_api/cmake/export_unitree_api__rosidl_generator_cppExport.cmake
[0.820s] -- Up-to-date: /home/issatay/Desktop/unitree_ws/install/unitree_api/share/unitree_api/cmake/export_unitree_api__rosidl_typesupport_fastrtps_cppExport.cmake
[0.820s] -- Up-to-date: /home/issatay/Desktop/unitree_ws/install/unitree_api/share/unitree_api/cmake/export_unitree_api__rosidl_typesupport_fastrtps_cppExport-noconfig.cmake
[0.820s] -- Up-to-date: /home/issatay/Desktop/unitree_ws/install/unitree_api/share/unitree_api/cmake/unitree_api__rosidl_typesupport_introspection_cExport.cmake
[0.820s] -- Up-to-date: /home/issatay/Desktop/unitree_ws/install/unitree_api/share/unitree_api/cmake/unitree_api__rosidl_typesupport_introspection_cExport-noconfig.cmake
[0.820s] -- Up-to-date: /home/issatay/Desktop/unitree_ws/install/unitree_api/share/unitree_api/cmake/unitree_api__rosidl_typesupport_cExport.cmake
[0.820s] -- Up-to-date: /home/issatay/Desktop/unitree_ws/install/unitree_api/share/unitree_api/cmake/unitree_api__rosidl_typesupport_cExport-noconfig.cmake
[0.820s] -- Up-to-date: /home/issatay/Desktop/unitree_ws/install/unitree_api/share/unitree_api/cmake/unitree_api__rosidl_typesupport_introspection_cppExport.cmake
[0.820s] -- Up-to-date: /home/issatay/Desktop/unitree_ws/install/unitree_api/share/unitree_api/cmake/unitree_api__rosidl_typesupport_introspection_cppExport-noconfig.cmake
[0.820s] -- Up-to-date: /home/issatay/Desktop/unitree_ws/install/unitree_api/share/unitree_api/cmake/unitree_api__rosidl_typesupport_cppExport.cmake
[0.820s] -- Up-to-date: /home/issatay/Desktop/unitree_ws/install/unitree_api/share/unitree_api/cmake/unitree_api__rosidl_typesupport_cppExport-noconfig.cmake
[0.821s] -- Up-to-date: /home/issatay/Desktop/unitree_ws/install/unitree_api/share/unitree_api/cmake/export_unitree_api__rosidl_generator_pyExport.cmake
[0.821s] -- Up-to-date: /home/issatay/Desktop/unitree_ws/install/unitree_api/share/unitree_api/cmake/export_unitree_api__rosidl_generator_pyExport-noconfig.cmake
[0.821s] -- Up-to-date: /home/issatay/Desktop/unitree_ws/install/unitree_api/share/unitree_api/cmake/rosidl_cmake-extras.cmake
[0.821s] -- Up-to-date: /home/issatay/Desktop/unitree_ws/install/unitree_api/share/unitree_api/cmake/ament_cmake_export_dependencies-extras.cmake
[0.821s] -- Up-to-date: /home/issatay/Desktop/unitree_ws/install/unitree_api/share/unitree_api/cmake/ament_cmake_export_include_directories-extras.cmake
[0.821s] -- Up-to-date: /home/issatay/Desktop/unitree_ws/install/unitree_api/share/unitree_api/cmake/ament_cmake_export_libraries-extras.cmake
[0.821s] -- Up-to-date: /home/issatay/Desktop/unitree_ws/install/unitree_api/share/unitree_api/cmake/ament_cmake_export_targets-extras.cmake
[0.821s] -- Up-to-date: /home/issatay/Desktop/unitree_ws/install/unitree_api/share/unitree_api/cmake/rosidl_cmake_export_typesupport_targets-extras.cmake
[0.821s] -- Up-to-date: /home/issatay/Desktop/unitree_ws/install/unitree_api/share/unitree_api/cmake/rosidl_cmake_export_typesupport_libraries-extras.cmake
[0.821s] -- Up-to-date: /home/issatay/Desktop/unitree_ws/install/unitree_api/share/unitree_api/cmake/unitree_apiConfig.cmake
[0.821s] -- Up-to-date: /home/issatay/Desktop/unitree_ws/install/unitree_api/share/unitree_api/cmake/unitree_apiConfig-version.cmake
[0.821s] -- Up-to-date: /home/issatay/Desktop/unitree_ws/install/unitree_api/share/unitree_api/package.xml
[0.830s] Invoked command in '/home/issatay/Desktop/unitree_ws/build/unitree_api' returned '0': CMAKE_PREFIX_PATH=${CMAKE_PREFIX_PATH}:/home/issatay/Desktop/unitree_ws/install/g1_gz_spawn:/home/issatay/Desktop/unitree_ws/install/g1_bringup:/opt/ros/humble /usr/bin/cmake --install /home/issatay/Desktop/unitree_ws/build/unitree_api
