[0.033s] Invoking command in '/home/issatay/Desktop/unitree_ws/build/unitree_hg': CMAKE_PREFIX_PATH=/opt/ros/humble /usr/bin/cmake /home/issatay/Desktop/unitree_ws/src/unitree_ros2/cyclonedds_ws/src/unitree/unitree_hg -DCMAKE_INSTALL_PREFIX=/home/issatay/Desktop/unitree_ws/install/unitree_hg
[0.858s] -- Found ament_cmake: 1.3.12 (/opt/ros/humble/share/ament_cmake/cmake)
[0.858s] -- Override CMake install command with custom implementation using symlinks instead of copying resources
[0.859s] -- Found geometry_msgs: 4.9.0 (/opt/ros/humble/share/geometry_msgs/cmake)
[0.859s] -- Found rosidl_generator_c: 3.1.8 (/opt/ros/humble/share/rosidl_generator_c/cmake)
[0.859s] -- Found rosidl_adapter: 3.1.8 (/opt/ros/humble/share/rosidl_adapter/cmake)
[0.859s] -- Found rosidl_generator_cpp: 3.1.8 (/opt/ros/humble/share/rosidl_generator_cpp/cmake)
[0.859s] -- Using all available rosidl_typesupport_c: rosidl_typesupport_fastrtps_c;rosidl_typesupport_introspection_c
[0.859s] -- Using all available rosidl_typesupport_cpp: rosidl_typesupport_fastrtps_cpp;rosidl_typesupport_introspection_cpp
[0.859s] -- Found rosidl_default_generators: 1.2.0 (/opt/ros/humble/share/rosidl_default_generators/cmake)
[0.859s] -- Found rosidl_generator_dds_idl: 0.8.1 (/opt/ros/humble/share/rosidl_generator_dds_idl/cmake)
[0.859s] -- Found ament_cmake_ros: 0.10.0 (/opt/ros/humble/share/ament_cmake_ros/cmake)
[2.947s] -- Using all available rosidl_typesupport_c: rosidl_typesupport_fastrtps_c;rosidl_typesupport_introspection_c
[3.622s] -- Using all available rosidl_typesupport_cpp: rosidl_typesupport_fastrtps_cpp;rosidl_typesupport_introspection_cpp
[3.698s] -- Found python_cmake_module: 0.10.0 (/opt/ros/humble/share/python_cmake_module/cmake)
[3.783s] -- Using PYTHON_EXECUTABLE: /usr/bin/python3
[3.783s] -- Using PYTHON_INCLUDE_DIRS: /usr/include/python3.10
[3.783s] -- Using PYTHON_LIBRARIES: /usr/lib/x86_64-linux-gnu/libpython3.10.so
[4.169s] -- Found ament_lint_auto: 0.12.14 (/opt/ros/humble/share/ament_lint_auto/cmake)
[4.219s] -- Added test 'copyright' to check source files copyright and LICENSE
[4.242s] -- Added test 'lint_cmake' to check CMake code style
[4.243s] -- Added test 'xmllint' to check XML markup files
[4.248s] -- Configuring done
[4.450s] -- Generating done
[4.483s] -- Build files have been written to: /home/issatay/Desktop/unitree_ws/build/unitree_hg
[4.554s] Invoked command in '/home/issatay/Desktop/unitree_ws/build/unitree_hg' returned '0': CMAKE_PREFIX_PATH=/opt/ros/humble /usr/bin/cmake /home/issatay/Desktop/unitree_ws/src/unitree_ros2/cyclonedds_ws/src/unitree/unitree_hg -DCMAKE_INSTALL_PREFIX=/home/issatay/Desktop/unitree_ws/install/unitree_hg
[4.556s] Invoking command in '/home/issatay/Desktop/unitree_ws/build/unitree_hg': CMAKE_PREFIX_PATH=/opt/ros/humble /usr/bin/cmake --build /home/issatay/Desktop/unitree_ws/build/unitree_hg -- -j16 -l16
[4.774s] [35m[1mConsolidate compiler generated dependencies of target unitree_hg__rosidl_generator_c[0m
[4.838s] [  1%] [32mBuilding C object CMakeFiles/unitree_hg__rosidl_generator_c.dir/rosidl_generator_c/unitree_hg/msg/detail/bms_cmd__functions.c.o[0m
[4.844s] [  2%] [32mBuilding C object CMakeFiles/unitree_hg__rosidl_generator_c.dir/rosidl_generator_c/unitree_hg/msg/detail/hand_cmd__functions.c.o[0m
[4.844s] [  2%] Built target unitree_hg__cpp
[4.855s] [  3%] [32mBuilding C object CMakeFiles/unitree_hg__rosidl_generator_c.dir/rosidl_generator_c/unitree_hg/msg/detail/hand_state__functions.c.o[0m
[4.874s] [  4%] [32mBuilding C object CMakeFiles/unitree_hg__rosidl_generator_c.dir/rosidl_generator_c/unitree_hg/msg/detail/imu_state__functions.c.o[0m
[4.889s] [  5%] [32mBuilding C object CMakeFiles/unitree_hg__rosidl_generator_c.dir/rosidl_generator_c/unitree_hg/msg/detail/bms_state__functions.c.o[0m
[4.889s] [  6%] Built target unitree_hg__dds_connext_idl
[4.891s] [  7%] [32mBuilding C object CMakeFiles/unitree_hg__rosidl_generator_c.dir/rosidl_generator_c/unitree_hg/msg/detail/low_state__functions.c.o[0m
[4.892s] failed to create symbolic link '/home/issatay/Desktop/unitree_ws/build/unitree_hg/ament_cmake_python/unitree_hg/unitree_hg' because existing path cannot be removed: Is a directory
[4.896s] gmake[2]: *** [CMakeFiles/ament_cmake_python_symlink_unitree_hg.dir/build.make:70: CMakeFiles/ament_cmake_python_symlink_unitree_hg] Error 1
[4.897s] gmake[1]: *** [CMakeFiles/Makefile2:423: CMakeFiles/ament_cmake_python_symlink_unitree_hg.dir/all] Error 2
[4.897s] gmake[1]: *** Waiting for unfinished jobs....
[4.912s] [35m[1mConsolidate compiler generated dependencies of target unitree_hg__rosidl_typesupport_cpp[0m
[4.915s] [35m[1mConsolidate compiler generated dependencies of target unitree_hg__rosidl_typesupport_introspection_cpp[0m
[4.918s] [  7%] [32mBuilding C object CMakeFiles/unitree_hg__rosidl_generator_c.dir/rosidl_generator_c/unitree_hg/msg/detail/low_cmd__functions.c.o[0m
[4.927s] [  8%] [32mBuilding C object CMakeFiles/unitree_hg__rosidl_generator_c.dir/rosidl_generator_c/unitree_hg/msg/detail/main_board_state__functions.c.o[0m
[4.941s] [  9%] [32mBuilding C object CMakeFiles/unitree_hg__rosidl_generator_c.dir/rosidl_generator_c/unitree_hg/msg/detail/motor_cmd__functions.c.o[0m
[4.957s] [35m[1mConsolidate compiler generated dependencies of target unitree_hg__rosidl_typesupport_fastrtps_cpp[0m
[4.961s] [ 10%] [32mBuilding C object CMakeFiles/unitree_hg__rosidl_generator_c.dir/rosidl_generator_c/unitree_hg/msg/detail/motor_state__functions.c.o[0m
[4.978s] [ 11%] [32mBuilding C object CMakeFiles/unitree_hg__rosidl_generator_c.dir/rosidl_generator_c/unitree_hg/msg/detail/press_sensor_state__functions.c.o[0m
[5.028s] [ 12%] [32mBuilding CXX object CMakeFiles/unitree_hg__rosidl_typesupport_cpp.dir/rosidl_typesupport_cpp/unitree_hg/msg/bms_cmd__type_support.cpp.o[0m
[5.040s] [ 13%] [32mBuilding CXX object CMakeFiles/unitree_hg__rosidl_typesupport_cpp.dir/rosidl_typesupport_cpp/unitree_hg/msg/bms_state__type_support.cpp.o[0m
[5.044s] [ 13%] [32mBuilding CXX object CMakeFiles/unitree_hg__rosidl_typesupport_cpp.dir/rosidl_typesupport_cpp/unitree_hg/msg/hand_cmd__type_support.cpp.o[0m
[5.072s] [ 14%] [32mBuilding CXX object CMakeFiles/unitree_hg__rosidl_typesupport_introspection_cpp.dir/rosidl_typesupport_introspection_cpp/unitree_hg/msg/detail/bms_cmd__type_support.cpp.o[0m
[5.078s] [ 15%] [32mBuilding CXX object CMakeFiles/unitree_hg__rosidl_typesupport_fastrtps_cpp.dir/rosidl_typesupport_fastrtps_cpp/unitree_hg/msg/detail/dds_fastrtps/bms_cmd__type_support.cpp.o[0m
[5.111s] [ 16%] [32mBuilding CXX object CMakeFiles/unitree_hg__rosidl_typesupport_cpp.dir/rosidl_typesupport_cpp/unitree_hg/msg/hand_state__type_support.cpp.o[0m
[5.124s] [ 17%] [32mBuilding CXX object CMakeFiles/unitree_hg__rosidl_typesupport_cpp.dir/rosidl_typesupport_cpp/unitree_hg/msg/imu_state__type_support.cpp.o[0m
[5.199s] [ 18%] [32mBuilding CXX object CMakeFiles/unitree_hg__rosidl_typesupport_cpp.dir/rosidl_typesupport_cpp/unitree_hg/msg/low_cmd__type_support.cpp.o[0m
[5.248s] [ 19%] [32mBuilding CXX object CMakeFiles/unitree_hg__rosidl_typesupport_fastrtps_cpp.dir/rosidl_typesupport_fastrtps_cpp/unitree_hg/msg/detail/dds_fastrtps/bms_state__type_support.cpp.o[0m
[5.248s] [ 19%] [32mBuilding CXX object CMakeFiles/unitree_hg__rosidl_typesupport_fastrtps_cpp.dir/rosidl_typesupport_fastrtps_cpp/unitree_hg/msg/detail/dds_fastrtps/hand_cmd__type_support.cpp.o[0m
[5.278s] [ 20%] [32mBuilding CXX object CMakeFiles/unitree_hg__rosidl_typesupport_introspection_cpp.dir/rosidl_typesupport_introspection_cpp/unitree_hg/msg/detail/bms_state__type_support.cpp.o[0m
[5.287s] [ 21%] [32mBuilding CXX object CMakeFiles/unitree_hg__rosidl_typesupport_cpp.dir/rosidl_typesupport_cpp/unitree_hg/msg/low_state__type_support.cpp.o[0m
[5.316s] [ 21%] [32mBuilding CXX object CMakeFiles/unitree_hg__rosidl_typesupport_introspection_cpp.dir/rosidl_typesupport_introspection_cpp/unitree_hg/msg/detail/hand_cmd__type_support.cpp.o[0m
[5.319s] [ 22%] [32mBuilding CXX object CMakeFiles/unitree_hg__rosidl_typesupport_introspection_cpp.dir/rosidl_typesupport_introspection_cpp/unitree_hg/msg/detail/hand_state__type_support.cpp.o[0m
[5.322s] [ 23%] [32mBuilding CXX object CMakeFiles/unitree_hg__rosidl_typesupport_fastrtps_cpp.dir/rosidl_typesupport_fastrtps_cpp/unitree_hg/msg/detail/dds_fastrtps/hand_state__type_support.cpp.o[0m
[5.393s] [ 24%] [32m[1mLinking C shared library libunitree_hg__rosidl_generator_c.so[0m
[5.645s] [ 25%] Built target unitree_hg__rosidl_generator_c
[5.695s] [ 26%] [32mBuilding CXX object CMakeFiles/unitree_hg__rosidl_typesupport_fastrtps_cpp.dir/rosidl_typesupport_fastrtps_cpp/unitree_hg/msg/detail/dds_fastrtps/imu_state__type_support.cpp.o[0m
[5.923s] [ 27%] [32mBuilding CXX object CMakeFiles/unitree_hg__rosidl_typesupport_fastrtps_cpp.dir/rosidl_typesupport_fastrtps_cpp/unitree_hg/msg/detail/dds_fastrtps/low_cmd__type_support.cpp.o[0m
[6.708s] [ 28%] [32mBuilding CXX object CMakeFiles/unitree_hg__rosidl_typesupport_introspection_cpp.dir/rosidl_typesupport_introspection_cpp/unitree_hg/msg/detail/imu_state__type_support.cpp.o[0m
[6.815s] [ 29%] [32mBuilding CXX object CMakeFiles/unitree_hg__rosidl_typesupport_cpp.dir/rosidl_typesupport_cpp/unitree_hg/msg/main_board_state__type_support.cpp.o[0m
[6.917s] [ 30%] [32mBuilding CXX object CMakeFiles/unitree_hg__rosidl_typesupport_cpp.dir/rosidl_typesupport_cpp/unitree_hg/msg/motor_cmd__type_support.cpp.o[0m
[6.954s] [ 31%] [32mBuilding CXX object CMakeFiles/unitree_hg__rosidl_typesupport_fastrtps_cpp.dir/rosidl_typesupport_fastrtps_cpp/unitree_hg/msg/detail/dds_fastrtps/low_state__type_support.cpp.o[0m
[6.998s] [ 32%] [32mBuilding CXX object CMakeFiles/unitree_hg__rosidl_typesupport_introspection_cpp.dir/rosidl_typesupport_introspection_cpp/unitree_hg/msg/detail/low_cmd__type_support.cpp.o[0m
[7.031s] [ 33%] [32mBuilding CXX object CMakeFiles/unitree_hg__rosidl_typesupport_cpp.dir/rosidl_typesupport_cpp/unitree_hg/msg/motor_state__type_support.cpp.o[0m
[7.550s] [ 34%] [32mBuilding CXX object CMakeFiles/unitree_hg__rosidl_typesupport_fastrtps_cpp.dir/rosidl_typesupport_fastrtps_cpp/unitree_hg/msg/detail/dds_fastrtps/main_board_state__type_support.cpp.o[0m
[7.605s] [ 35%] [32mBuilding CXX object CMakeFiles/unitree_hg__rosidl_typesupport_fastrtps_cpp.dir/rosidl_typesupport_fastrtps_cpp/unitree_hg/msg/detail/dds_fastrtps/motor_cmd__type_support.cpp.o[0m
[7.726s] [ 36%] [32mBuilding CXX object CMakeFiles/unitree_hg__rosidl_typesupport_fastrtps_cpp.dir/rosidl_typesupport_fastrtps_cpp/unitree_hg/msg/detail/dds_fastrtps/motor_state__type_support.cpp.o[0m
[7.748s] [ 37%] [32mBuilding CXX object CMakeFiles/unitree_hg__rosidl_typesupport_fastrtps_cpp.dir/rosidl_typesupport_fastrtps_cpp/unitree_hg/msg/detail/dds_fastrtps/press_sensor_state__type_support.cpp.o[0m
[7.844s] [ 38%] [32mBuilding CXX object CMakeFiles/unitree_hg__rosidl_typesupport_cpp.dir/rosidl_typesupport_cpp/unitree_hg/msg/press_sensor_state__type_support.cpp.o[0m
[7.911s] [ 39%] [32mBuilding CXX object CMakeFiles/unitree_hg__rosidl_typesupport_introspection_cpp.dir/rosidl_typesupport_introspection_cpp/unitree_hg/msg/detail/low_state__type_support.cpp.o[0m
[8.023s] [ 40%] [32mBuilding CXX object CMakeFiles/unitree_hg__rosidl_typesupport_introspection_cpp.dir/rosidl_typesupport_introspection_cpp/unitree_hg/msg/detail/main_board_state__type_support.cpp.o[0m
[8.095s] [ 41%] [32mBuilding CXX object CMakeFiles/unitree_hg__rosidl_typesupport_introspection_cpp.dir/rosidl_typesupport_introspection_cpp/unitree_hg/msg/detail/motor_state__type_support.cpp.o[0m
[8.100s] [ 42%] [32mBuilding CXX object CMakeFiles/unitree_hg__rosidl_typesupport_introspection_cpp.dir/rosidl_typesupport_introspection_cpp/unitree_hg/msg/detail/motor_cmd__type_support.cpp.o[0m
[8.208s] [ 43%] [32mBuilding CXX object CMakeFiles/unitree_hg__rosidl_typesupport_introspection_cpp.dir/rosidl_typesupport_introspection_cpp/unitree_hg/msg/detail/press_sensor_state__type_support.cpp.o[0m
[8.951s] [ 44%] [32m[1mLinking CXX shared library libunitree_hg__rosidl_typesupport_cpp.so[0m
[9.153s] [ 45%] Built target unitree_hg__rosidl_typesupport_cpp
[9.555s] [ 46%] [32m[1mLinking CXX shared library libunitree_hg__rosidl_typesupport_fastrtps_cpp.so[0m
[9.721s] [ 47%] [32m[1mLinking CXX shared library libunitree_hg__rosidl_typesupport_introspection_cpp.so[0m
[9.829s] [ 48%] Built target unitree_hg__rosidl_typesupport_fastrtps_cpp
[9.965s] [ 49%] Built target unitree_hg__rosidl_typesupport_introspection_cpp
[9.971s] gmake: *** [Makefile:146: all] Error 2
