[1.040s] Invoking command in '/home/issatay/Desktop/unitree_ws/build/g1_bringup': PYTHONPATH=/home/issatay/Desktop/unitree_ws/build/g1_bringup/prefix_override:/usr/lib/python3/dist-packages/colcon_core/task/python/colcon_distutils_commands:/home/issatay/Desktop/unitree_ws/install/g1_bringup/lib/python3.10/site-packages:${PYTHONPATH} /usr/bin/python3 -W ignore:setup.py install is deprecated -W ignore:easy_install command is deprecated setup.py develop --editable --build-directory /home/issatay/Desktop/unitree_ws/build/g1_bringup/build --no-deps symlink_data --force
[1.269s] running develop
[1.407s] running egg_info
[1.407s] writing g1_bringup.egg-info/PKG-INFO
[1.407s] writing dependency_links to g1_bringup.egg-info/dependency_links.txt
[1.407s] writing entry points to g1_bringup.egg-info/entry_points.txt
[1.408s] writing requirements to g1_bringup.egg-info/requires.txt
[1.408s] writing top-level names to g1_bringup.egg-info/top_level.txt
[1.409s] reading manifest file 'g1_bringup.egg-info/SOURCES.txt'
[1.410s] writing manifest file 'g1_bringup.egg-info/SOURCES.txt'
[1.411s] running build_ext
[1.411s] Creating /home/issatay/Desktop/unitree_ws/install/g1_bringup/lib/python3.10/site-packages/g1-bringup.egg-link (link to .)
[1.412s] 
[1.412s] Installed /home/issatay/Desktop/unitree_ws/build/g1_bringup
[1.412s] running symlink_data
[1.412s] symbolically linking /home/issatay/Desktop/unitree_ws/build/g1_bringup/resource/g1_bringup -> /home/issatay/Desktop/unitree_ws/install/g1_bringup/share/ament_index/resource_index/packages
[1.412s] symbolically linking /home/issatay/Desktop/unitree_ws/build/g1_bringup/package.xml -> /home/issatay/Desktop/unitree_ws/install/g1_bringup/share/g1_bringup
[1.413s] error: [Errno 2] No such file or directory: '/home/issatay/Desktop/unitree_ws/install/g1_bringup/share/g1_bringup/launch/display_g1.launch.py'
[1.413s] creating /home/issatay/Desktop/unitree_ws/install/g1_bringup/share/g1_bringup/launch
[1.491s] Invoked command in '/home/issatay/Desktop/unitree_ws/build/g1_bringup' returned '1': PYTHONPATH=/home/issatay/Desktop/unitree_ws/build/g1_bringup/prefix_override:/usr/lib/python3/dist-packages/colcon_core/task/python/colcon_distutils_commands:/home/issatay/Desktop/unitree_ws/install/g1_bringup/lib/python3.10/site-packages:${PYTHONPATH} /usr/bin/python3 -W ignore:setup.py install is deprecated -W ignore:easy_install command is deprecated setup.py develop --editable --build-directory /home/issatay/Desktop/unitree_ws/build/g1_bringup/build --no-deps symlink_data --force
