[  4%] Built target test_publisher
[  8%] Built target test_subscriber
[ 10%] Built target go2_sport_client
[ 13%] Built target state_machine_example
[ 16%] Built target test_jsonize
[ 18%] Built target go2_robot_state_client
[ 21%] Built target go2_video_client
[ 24%] Built target advanced_gamepad
[ 27%] Built target go2_vui_client
[ 29%] Built target b2_stand_example
[ 32%] Built target go2_stand_example
[ 35%] Built target go2_low_level
[ 37%] Built target b2_sport_client
[ 40%] Built target h1_loco_client
[ 43%] Built target h1_low_level_example
[ 45%] Built target h1_27dof_example
[ 48%] Built target h1_2_arm_sdk_dds_example
[ 51%] Built target h1_arm_sdk_dds_example
[ 56%] Built target g1_arm7_sdk_dds_example
[ 56%] Built target g1_dex3_example
[ 60%] Built target g1_ankle_swing_example
[ 62%] Built target h1_2_ankle_track
[ 64%] Built target g1_audio_client_example
[ 67%] Built target g1_arm5_sdk_dds_example
[ 70%] Built target g1_loco_client
[ 72%] Built target g1_arm_action_example
[ 75%] Built target g1_dual_arm_example
[ 78%] Built target g1_termination
[ 81%] Built target g1_agv_client_example
[ 86%] Built target go2w_stand_example
[ 86%] Built target a2_sport_client
[ 89%] Built target b2w_sport_client
[ 91%] Built target b2w_stand_example
[ 94%] Built target go2w_sport_client
[ 97%] Built target a2_sport_state
[100%] Built target a2_audio_client_example
